mode: set
github.com/KyleKing/recipes/cmd/recipe_debug/main.go:13.13,18.22 3 0
github.com/KyleKing/recipes/cmd/recipe_debug/main.go:18.22,21.3 2 0
github.com/KyleKing/recipes/cmd/recipe_debug/main.go:23.2,23.20 1 0
github.com/KyleKing/recipes/cmd/recipe_debug/main.go:24.17,25.41 1 0
github.com/KyleKing/recipes/cmd/recipe_debug/main.go:26.17,27.42 1 0
github.com/KyleKing/recipes/cmd/recipe_debug/main.go:28.10,30.13 2 0
github.com/KyleKing/recipes/cmd/recipe_debug/main.go:34.19,44.2 9 0
github.com/KyleKing/recipes/cmd/recipe_debug/main.go:46.53,47.19 1 0
github.com/KyleKing/recipes/cmd/recipe_debug/main.go:47.19,51.3 3 0
github.com/KyleKing/recipes/cmd/recipe_debug/main.go:53.2,57.16 3 0
github.com/KyleKing/recipes/cmd/recipe_debug/main.go:57.16,60.3 2 0
github.com/KyleKing/recipes/cmd/recipe_debug/main.go:63.2,83.34 11 0
github.com/KyleKing/recipes/cmd/recipe_debug/main.go:83.34,85.3 1 0
github.com/KyleKing/recipes/cmd/recipe_debug/main.go:87.2,89.28 3 0
github.com/KyleKing/recipes/cmd/recipe_debug/main.go:89.28,91.3 1 0
github.com/KyleKing/recipes/cmd/recipe_debug/main.go:92.2,93.34 2 0
github.com/KyleKing/recipes/cmd/recipe_debug/main.go:93.34,95.3 1 0
github.com/KyleKing/recipes/cmd/recipe_debug/main.go:96.2,99.34 3 0
github.com/KyleKing/recipes/cmd/recipe_debug/main.go:99.34,105.33 4 0
github.com/KyleKing/recipes/cmd/recipe_debug/main.go:105.33,108.4 1 0
github.com/KyleKing/recipes/cmd/recipe_debug/main.go:111.3,113.32 3 0
github.com/KyleKing/recipes/cmd/recipe_debug/main.go:113.32,115.4 1 0
github.com/KyleKing/recipes/cmd/recipe_debug/main.go:118.2,121.33 4 0
github.com/KyleKing/recipes/cmd/recipe_debug/main.go:121.33,123.3 1 0
github.com/KyleKing/recipes/cmd/recipe_debug/main.go:124.2,125.34 2 0
github.com/KyleKing/recipes/cmd/recipe_debug/main.go:125.34,127.3 1 0
github.com/KyleKing/recipes/cmd/recipe_debug/main.go:130.54,131.19 1 0
github.com/KyleKing/recipes/cmd/recipe_debug/main.go:131.19,135.3 3 0
github.com/KyleKing/recipes/cmd/recipe_debug/main.go:138.2,148.34 3 0
github.com/KyleKing/recipes/cmd/recipe_debug/main.go:148.34,150.17 2 0
github.com/KyleKing/recipes/cmd/recipe_debug/main.go:150.17,152.12 2 0
github.com/KyleKing/recipes/cmd/recipe_debug/main.go:155.3,169.5 6 0
github.com/KyleKing/recipes/cmd/recipe_debug/main.go:173.2,174.33 2 0
github.com/KyleKing/recipes/cmd/recipe_debug/main.go:174.33,181.3 1 0
github.com/KyleKing/recipes/cmd/recipe_debug/main.go:183.2,190.33 5 0
github.com/KyleKing/recipes/cmd/recipe_debug/main.go:190.33,195.3 4 0
github.com/KyleKing/recipes/cmd/recipe_debug/main.go:198.2,199.36 2 0
github.com/KyleKing/recipes/cmd/recipe_debug/main.go:199.36,200.41 1 0
github.com/KyleKing/recipes/cmd/recipe_debug/main.go:200.41,212.38 9 0
github.com/KyleKing/recipes/cmd/recipe_debug/main.go:212.38,213.30 1 0
github.com/KyleKing/recipes/cmd/recipe_debug/main.go:213.30,215.6 1 0
github.com/KyleKing/recipes/cmd/recipe_debug/main.go:217.4,221.43 3 0
github.com/KyleKing/recipes/cmd/recipe_debug/main.go:221.43,222.35 1 0
github.com/KyleKing/recipes/cmd/recipe_debug/main.go:222.35,224.6 1 0
github.com/KyleKing/recipes/cmd/recipe_debug/main.go:226.4,244.32 13 0
github.com/KyleKing/recipes/cmd/recipe_debug/main.go:244.32,246.43 2 0
github.com/KyleKing/recipes/cmd/recipe_debug/main.go:246.43,248.6 1 0
github.com/KyleKing/recipes/cmd/recipe_debug/main.go:251.4,251.34 1 0
github.com/KyleKing/recipes/cmd/recipe_debug/main.go:251.34,253.45 2 0
github.com/KyleKing/recipes/cmd/recipe_debug/main.go:253.45,255.18 2 0
github.com/KyleKing/recipes/cmd/recipe_debug/main.go:255.18,257.7 1 0
github.com/KyleKing/recipes/cmd/recipe_debug/main.go:257.12,259.7 1 0
github.com/KyleKing/recipes/main.go:10.13,15.2 3 0
github.com/KyleKing/recipes/goServe/main.go:16.13,27.16 9 0
github.com/KyleKing/recipes/goServe/main.go:27.16,29.3 1 0
github.com/KyleKing/recipes/main.go:10.13,15.2 3 0
github.com/KyleKing/recipes/cmd/recipe_debug/main.go:13.13,18.22 3 0
github.com/KyleKing/recipes/cmd/recipe_debug/main.go:18.22,21.3 2 0
github.com/KyleKing/recipes/cmd/recipe_debug/main.go:23.2,23.20 1 0
github.com/KyleKing/recipes/cmd/recipe_debug/main.go:24.17,25.41 1 0
github.com/KyleKing/recipes/cmd/recipe_debug/main.go:26.17,27.42 1 0
github.com/KyleKing/recipes/cmd/recipe_debug/main.go:28.10,30.13 2 0
github.com/KyleKing/recipes/cmd/recipe_debug/main.go:34.19,44.2 9 0
github.com/KyleKing/recipes/cmd/recipe_debug/main.go:46.53,47.19 1 0
github.com/KyleKing/recipes/cmd/recipe_debug/main.go:47.19,51.3 3 0
github.com/KyleKing/recipes/cmd/recipe_debug/main.go:53.2,57.16 3 0
github.com/KyleKing/recipes/cmd/recipe_debug/main.go:57.16,60.3 2 0
github.com/KyleKing/recipes/cmd/recipe_debug/main.go:63.2,83.34 11 0
github.com/KyleKing/recipes/cmd/recipe_debug/main.go:83.34,85.3 1 0
github.com/KyleKing/recipes/cmd/recipe_debug/main.go:87.2,89.28 3 0
github.com/KyleKing/recipes/cmd/recipe_debug/main.go:89.28,91.3 1 0
github.com/KyleKing/recipes/cmd/recipe_debug/main.go:92.2,93.34 2 0
github.com/KyleKing/recipes/cmd/recipe_debug/main.go:93.34,95.3 1 0
github.com/KyleKing/recipes/cmd/recipe_debug/main.go:96.2,99.34 3 0
github.com/KyleKing/recipes/cmd/recipe_debug/main.go:99.34,105.33 4 0
github.com/KyleKing/recipes/cmd/recipe_debug/main.go:105.33,108.4 1 0
github.com/KyleKing/recipes/cmd/recipe_debug/main.go:111.3,113.32 3 0
github.com/KyleKing/recipes/cmd/recipe_debug/main.go:113.32,115.4 1 0
github.com/KyleKing/recipes/cmd/recipe_debug/main.go:118.2,121.33 4 0
github.com/KyleKing/recipes/cmd/recipe_debug/main.go:121.33,123.3 1 0
github.com/KyleKing/recipes/cmd/recipe_debug/main.go:124.2,125.34 2 0
github.com/KyleKing/recipes/cmd/recipe_debug/main.go:125.34,127.3 1 0
github.com/KyleKing/recipes/cmd/recipe_debug/main.go:130.54,131.19 1 0
github.com/KyleKing/recipes/cmd/recipe_debug/main.go:131.19,135.3 3 0
github.com/KyleKing/recipes/cmd/recipe_debug/main.go:138.2,148.34 3 0
github.com/KyleKing/recipes/cmd/recipe_debug/main.go:148.34,150.17 2 0
github.com/KyleKing/recipes/cmd/recipe_debug/main.go:150.17,152.12 2 0
github.com/KyleKing/recipes/cmd/recipe_debug/main.go:155.3,169.5 6 0
github.com/KyleKing/recipes/cmd/recipe_debug/main.go:173.2,174.33 2 0
github.com/KyleKing/recipes/cmd/recipe_debug/main.go:174.33,181.3 1 0
github.com/KyleKing/recipes/cmd/recipe_debug/main.go:183.2,190.33 5 0
github.com/KyleKing/recipes/cmd/recipe_debug/main.go:190.33,195.3 4 0
github.com/KyleKing/recipes/cmd/recipe_debug/main.go:198.2,199.36 2 0
github.com/KyleKing/recipes/cmd/recipe_debug/main.go:199.36,200.41 1 0
github.com/KyleKing/recipes/cmd/recipe_debug/main.go:200.41,212.38 9 0
github.com/KyleKing/recipes/cmd/recipe_debug/main.go:212.38,213.30 1 0
github.com/KyleKing/recipes/cmd/recipe_debug/main.go:213.30,215.6 1 0
github.com/KyleKing/recipes/cmd/recipe_debug/main.go:217.4,221.43 3 0
github.com/KyleKing/recipes/cmd/recipe_debug/main.go:221.43,222.35 1 0
github.com/KyleKing/recipes/cmd/recipe_debug/main.go:222.35,224.6 1 0
github.com/KyleKing/recipes/cmd/recipe_debug/main.go:226.4,244.32 13 0
github.com/KyleKing/recipes/cmd/recipe_debug/main.go:244.32,246.43 2 0
github.com/KyleKing/recipes/cmd/recipe_debug/main.go:246.43,248.6 1 0
github.com/KyleKing/recipes/cmd/recipe_debug/main.go:251.4,251.34 1 0
github.com/KyleKing/recipes/cmd/recipe_debug/main.go:251.34,253.45 2 0
github.com/KyleKing/recipes/cmd/recipe_debug/main.go:253.45,255.18 2 0
github.com/KyleKing/recipes/cmd/recipe_debug/main.go:255.18,257.7 1 0
github.com/KyleKing/recipes/cmd/recipe_debug/main.go:257.12,259.7 1 0
github.com/KyleKing/recipes/goBuild/build.go:26.80,33.85 6 1
github.com/KyleKing/recipes/goBuild/build.go:33.85,35.39 2 1
github.com/KyleKing/recipes/goBuild/build.go:35.39,37.138 1 1
github.com/KyleKing/recipes/goBuild/build.go:37.138,39.19 2 1
github.com/KyleKing/recipes/goBuild/build.go:39.19,41.6 1 1
github.com/KyleKing/recipes/goBuild/build.go:44.3,44.38 1 1
github.com/KyleKing/recipes/goBuild/build.go:47.2,48.95 2 1
github.com/KyleKing/recipes/goBuild/build.go:48.95,51.39 3 1
github.com/KyleKing/recipes/goBuild/build.go:51.39,52.46 1 1
github.com/KyleKing/recipes/goBuild/build.go:52.46,54.19 2 1
github.com/KyleKing/recipes/goBuild/build.go:54.19,56.6 1 1
github.com/KyleKing/recipes/goBuild/build.go:58.5,58.48 1 1
github.com/KyleKing/recipes/goBuild/build.go:58.48,59.158 1 1
github.com/KyleKing/recipes/goBuild/build.go:59.158,61.7 1 1
github.com/KyleKing/recipes/goBuild/build.go:65.3,65.15 1 1
github.com/KyleKing/recipes/goBuild/build.go:68.2,69.67 2 1
github.com/KyleKing/recipes/goBuild/build.go:69.67,70.43 1 1
github.com/KyleKing/recipes/goBuild/build.go:70.43,74.59 3 1
github.com/KyleKing/recipes/goBuild/build.go:74.59,76.5 1 1
github.com/KyleKing/recipes/goBuild/build.go:76.10,76.50 1 1
github.com/KyleKing/recipes/goBuild/build.go:76.50,78.5 1 1
github.com/KyleKing/recipes/goBuild/build.go:81.3,81.39 1 1
github.com/KyleKing/recipes/goBuild/build.go:81.39,83.4 1 1
github.com/KyleKing/recipes/goBuild/build.go:85.3,85.90 1 1
github.com/KyleKing/recipes/goBuild/build.go:85.90,86.56 1 1
github.com/KyleKing/recipes/goBuild/build.go:86.56,88.5 1 1
github.com/KyleKing/recipes/goBuild/build.go:89.9,89.54 1 1
github.com/KyleKing/recipes/goBuild/build.go:89.54,90.51 1 1
github.com/KyleKing/recipes/goBuild/build.go:90.51,92.5 1 1
github.com/KyleKing/recipes/goBuild/build.go:96.2,96.27 1 1
github.com/KyleKing/recipes/goBuild/build.go:96.27,98.3 1 1
github.com/KyleKing/recipes/goBuild/build.go:100.2,107.16 3 1
github.com/KyleKing/recipes/goBuild/build.go:107.16,110.3 2 0
github.com/KyleKing/recipes/goBuild/build.go:112.2,112.26 1 1
github.com/KyleKing/recipes/goBuild/build.go:117.88,119.94 2 1
github.com/KyleKing/recipes/goBuild/build.go:119.94,120.31 1 1
github.com/KyleKing/recipes/goBuild/build.go:120.31,122.49 2 1
github.com/KyleKing/recipes/goBuild/build.go:122.49,124.5 1 0
github.com/KyleKing/recipes/goBuild/build.go:125.4,126.22 2 1
github.com/KyleKing/recipes/goBuild/build.go:128.8,130.3 1 1
github.com/KyleKing/recipes/goBuild/build.go:134.135,135.77 1 1
github.com/KyleKing/recipes/goBuild/build.go:135.77,141.19 5 1
github.com/KyleKing/recipes/goBuild/build.go:141.19,146.40 4 1
github.com/KyleKing/recipes/goBuild/build.go:146.40,148.5 1 1
github.com/KyleKing/recipes/goBuild/build.go:148.10,148.29 1 0
github.com/KyleKing/recipes/goBuild/build.go:148.29,150.5 1 0
github.com/KyleKing/recipes/goBuild/build.go:150.10,153.5 2 0
github.com/KyleKing/recipes/goBuild/build.go:154.4,154.75 1 1
github.com/KyleKing/recipes/goBuild/build.go:157.3,159.22 3 1
github.com/KyleKing/recipes/goBuild/build.go:159.22,160.40 1 1
github.com/KyleKing/recipes/goBuild/build.go:160.40,163.5 2 1
github.com/KyleKing/recipes/goBuild/build.go:163.10,166.5 2 0
github.com/KyleKing/recipes/goBuild/build.go:169.3,169.25 1 1
github.com/KyleKing/recipes/goBuild/build.go:169.25,173.4 3 1
github.com/KyleKing/recipes/goBuild/build.go:175.3,175.38 1 1
github.com/KyleKing/recipes/goBuild/build.go:175.38,177.4 1 0
github.com/KyleKing/recipes/goBuild/build.go:182.102,187.74 4 1
github.com/KyleKing/recipes/goBuild/build.go:187.74,188.43 1 1
github.com/KyleKing/recipes/goBuild/build.go:188.43,190.25 2 1
github.com/KyleKing/recipes/goBuild/build.go:190.25,192.5 1 1
github.com/KyleKing/recipes/goBuild/build.go:196.2,196.27 1 1
github.com/KyleKing/recipes/goBuild/build.go:196.27,198.3 1 1
github.com/KyleKing/recipes/goBuild/build.go:200.2,200.35 1 1
github.com/KyleKing/recipes/goBuild/build.go:200.35,201.20 1 1
github.com/KyleKing/recipes/goBuild/build.go:201.20,203.4 1 1
github.com/KyleKing/recipes/goBuild/build.go:204.3,204.23 1 1
github.com/KyleKing/recipes/goBuild/build.go:207.2,207.12 1 1
github.com/KyleKing/recipes/goBuild/build.go:211.84,226.2 5 0
github.com/KyleKing/recipes/goBuild/build.go:229.93,230.69 1 1
github.com/KyleKing/recipes/goBuild/build.go:230.69,231.34 1 1
github.com/KyleKing/recipes/goBuild/build.go:231.34,233.4 1 1
github.com/KyleKing/recipes/goBuild/build.go:235.3,235.36 1 1
github.com/KyleKing/recipes/goBuild/build.go:235.36,237.4 1 1
github.com/KyleKing/recipes/goBuild/build.go:237.9,239.18 2 1
github.com/KyleKing/recipes/goBuild/build.go:239.18,241.5 1 0
github.com/KyleKing/recipes/goBuild/build.go:243.4,271.77 9 1
github.com/KyleKing/recipes/goBuild/build.go:271.77,273.5 1 0
github.com/KyleKing/recipes/goBuild/build.go:276.3,276.41 1 1
github.com/KyleKing/recipes/goBuild/build.go:276.41,278.4 1 0
github.com/KyleKing/recipes/goBuild/build.go:279.3,279.13 1 1
github.com/KyleKing/recipes/goBuild/build.go:284.86,285.33 1 1
github.com/KyleKing/recipes/goBuild/build.go:285.33,293.13 5 1
github.com/KyleKing/recipes/goBuild/build.go:293.13,295.4 1 0
github.com/KyleKing/recipes/goBuild/build.go:295.9,298.18 2 1
github.com/KyleKing/recipes/goBuild/build.go:298.18,300.13 2 0
github.com/KyleKing/recipes/goBuild/build.go:302.4,302.40 1 1
github.com/KyleKing/recipes/goBuild/build.go:305.3,314.38 2 1
github.com/KyleKing/recipes/goBuild/build.go:314.38,316.4 1 1
github.com/KyleKing/recipes/goBuild/build.go:317.3,318.17 2 1
github.com/KyleKing/recipes/goBuild/build.go:318.17,320.4 1 0
github.com/KyleKing/recipes/goBuild/build.go:322.2,322.12 1 1
github.com/KyleKing/recipes/goBuild/build.go:326.77,328.70 2 1
github.com/KyleKing/recipes/goBuild/build.go:328.70,330.3 1 0
github.com/KyleKing/recipes/goBuild/build.go:332.2,332.69 1 1
github.com/KyleKing/recipes/goBuild/build.go:332.69,334.3 1 0
github.com/KyleKing/recipes/goBuild/build.go:335.2,335.12 1 1
github.com/KyleKing/recipes/goBuild/build.go:339.59,340.37 1 1
github.com/KyleKing/recipes/goBuild/build.go:340.37,342.43 1 1
github.com/KyleKing/recipes/goBuild/build.go:342.43,345.4 2 0
github.com/KyleKing/recipes/goBuild/build.go:346.3,346.52 1 1
github.com/KyleKing/recipes/goBuild/build.go:349.2,349.69 1 1
github.com/KyleKing/recipes/goBuild/build.go:353.70,354.37 1 1
github.com/KyleKing/recipes/goBuild/build.go:354.37,356.3 1 1
github.com/KyleKing/recipes/goBuild/build.go:358.2,358.72 1 1
github.com/KyleKing/recipes/goBuild/build.go:362.59,364.30 2 1
github.com/KyleKing/recipes/goBuild/build.go:364.30,367.3 2 1
github.com/KyleKing/recipes/goBuild/build.go:369.2,373.24 3 1
github.com/KyleKing/recipes/goBuild/build.go:373.24,375.3 1 1
github.com/KyleKing/recipes/goBuild/build.go:376.2,378.27 2 1
github.com/KyleKing/recipes/goBuild/build.go:378.27,383.79 4 1
github.com/KyleKing/recipes/goBuild/build.go:383.79,385.4 1 0
github.com/KyleKing/recipes/goBuild/build.go:386.3,386.58 1 1
github.com/KyleKing/recipes/goBuild/build.go:389.2,392.12 3 1
github.com/KyleKing/recipes/goBuild/build.go:396.30,406.45 5 1
github.com/KyleKing/recipes/goBuild/build.go:406.45,409.3 2 1
github.com/KyleKing/recipes/goBuild/build.go:412.2,451.87 27 1
github.com/KyleKing/recipes/goBuild/build.go:451.87,453.3 1 1
github.com/KyleKing/recipes/goBuild/build.go:454.2,460.69 5 1
github.com/KyleKing/recipes/goBuild/exported.go:13.26,15.2 1 0
github.com/KyleKing/recipes/goBuild/exported.go:18.92,20.2 1 0
github.com/KyleKing/recipes/goBuild/exported.go:23.73,25.2 1 0
github.com/KyleKing/recipes/goBuild/exported.go:28.55,30.2 1 0
github.com/KyleKing/recipes/goBuild/exported.go:33.61,35.2 1 0
github.com/KyleKing/recipes/goBuild/exported.go:38.92,40.2 1 0
github.com/KyleKing/recipes/goBuild/exported.go:43.86,45.2 1 0
github.com/KyleKing/recipes/goBuild/exported.go:48.115,56.2 1 0
github.com/KyleKing/recipes/goBuild/exported.go:59.84,63.67 3 0
github.com/KyleKing/recipes/goBuild/exported.go:63.67,64.43 1 0
github.com/KyleKing/recipes/goBuild/exported.go:64.43,68.59 3 0
github.com/KyleKing/recipes/goBuild/exported.go:68.59,70.5 1 0
github.com/KyleKing/recipes/goBuild/exported.go:73.3,73.39 1 0
github.com/KyleKing/recipes/goBuild/exported.go:73.39,75.4 1 0
github.com/KyleKing/recipes/goBuild/exported.go:78.2,78.27 1 0
github.com/KyleKing/recipes/goBuild/exported.go:78.27,80.18 2 0
github.com/KyleKing/recipes/goBuild/exported.go:80.18,81.9 1 0
github.com/KyleKing/recipes/goBuild/exported.go:85.2,85.14 1 0
github.com/KyleKing/recipes/goBuild/filters.go:22.67,23.33 1 1
github.com/KyleKing/recipes/goBuild/filters.go:23.33,28.3 4 1
github.com/KyleKing/recipes/goBuild/filters.go:31.76,32.27 1 1
github.com/KyleKing/recipes/goBuild/filters.go:32.27,34.3 1 1
github.com/KyleKing/recipes/goBuild/filters.go:36.2,40.30 4 1
github.com/KyleKing/recipes/goBuild/filters.go:40.30,42.3 1 1
github.com/KyleKing/recipes/goBuild/filters.go:44.2,44.17 1 1
github.com/KyleKing/recipes/goBuild/filters.go:47.53,50.2 2 1
github.com/KyleKing/recipes/goBuild/filters.go:52.76,54.33 2 1
github.com/KyleKing/recipes/goBuild/filters.go:54.33,55.24 1 1
github.com/KyleKing/recipes/goBuild/filters.go:55.24,57.4 1 1
github.com/KyleKing/recipes/goBuild/filters.go:59.2,59.17 1 1
github.com/KyleKing/recipes/goBuild/filters.go:62.42,63.42 1 1
github.com/KyleKing/recipes/goBuild/filters.go:63.42,64.70 1 1
github.com/KyleKing/recipes/goBuild/filters.go:64.70,66.4 1 0
github.com/KyleKing/recipes/goBuild/filters.go:67.3,67.70 1 1
github.com/KyleKing/recipes/goBuild/filters.go:67.70,69.4 1 0
github.com/KyleKing/recipes/goBuild/filters.go:70.3,70.58 1 1
github.com/KyleKing/recipes/goBuild/filters.go:74.41,75.42 1 1
github.com/KyleKing/recipes/goBuild/filters.go:75.42,76.70 1 1
github.com/KyleKing/recipes/goBuild/filters.go:76.70,78.4 1 0
github.com/KyleKing/recipes/goBuild/filters.go:79.3,79.70 1 1
github.com/KyleKing/recipes/goBuild/filters.go:79.70,81.4 1 0
github.com/KyleKing/recipes/goBuild/filters.go:82.3,82.59 1 1
github.com/KyleKing/recipes/goBuild/filters.go:86.42,87.42 1 1
github.com/KyleKing/recipes/goBuild/filters.go:87.42,88.72 1 1
github.com/KyleKing/recipes/goBuild/filters.go:88.72,90.4 1 0
github.com/KyleKing/recipes/goBuild/filters.go:91.3,91.72 1 1
github.com/KyleKing/recipes/goBuild/filters.go:91.72,93.4 1 0
github.com/KyleKing/recipes/goBuild/filters.go:94.3,94.61 1 1
github.com/KyleKing/recipes/goBuild/filters.go:98.55,99.24 1 1
github.com/KyleKing/recipes/goBuild/filters.go:99.24,101.3 1 1
github.com/KyleKing/recipes/goBuild/filters.go:102.2,102.16 1 1
github.com/KyleKing/recipes/goBuild/filters.go:105.52,107.30 2 1
github.com/KyleKing/recipes/goBuild/filters.go:107.30,109.3 1 1
github.com/KyleKing/recipes/goBuild/filters.go:111.2,112.36 2 1
github.com/KyleKing/recipes/goBuild/filters.go:112.36,114.3 1 1
github.com/KyleKing/recipes/goBuild/filters.go:116.2,118.44 3 1
github.com/KyleKing/recipes/goBuild/filters.go:118.44,120.76 2 1
github.com/KyleKing/recipes/goBuild/filters.go:120.76,122.4 1 1
github.com/KyleKing/recipes/goBuild/filters.go:125.2,125.58 1 1
github.com/KyleKing/recipes/goBuild/filters.go:125.58,127.3 1 1
github.com/KyleKing/recipes/goBuild/filters.go:128.2,138.61 8 1
github.com/KyleKing/recipes/goBuild/filters.go:138.61,140.3 1 1
github.com/KyleKing/recipes/goBuild/filters.go:141.2,144.60 3 1
github.com/KyleKing/recipes/goBuild/filters.go:144.60,146.3 1 1
github.com/KyleKing/recipes/goBuild/filters.go:147.2,157.3 3 1
github.com/KyleKing/recipes/goBuild/git_info.go:22.38,23.25 1 1
github.com/KyleKing/recipes/goBuild/git_info.go:23.25,36.30 6 1
github.com/KyleKing/recipes/goBuild/git_info.go:36.30,38.4 1 0
github.com/KyleKing/recipes/goBuild/git_info.go:39.3,39.33 1 1
github.com/KyleKing/recipes/goBuild/git_info.go:39.33,41.4 1 0
github.com/KyleKing/recipes/goBuild/git_info.go:43.3,43.30 1 1
github.com/KyleKing/recipes/goBuild/git_info.go:43.30,48.4 1 0
github.com/KyleKing/recipes/goBuild/git_info.go:50.3,50.96 1 1
github.com/KyleKing/recipes/goBuild/git_info.go:54.72,60.16 4 1
github.com/KyleKing/recipes/goBuild/git_info.go:60.16,63.3 2 0
github.com/KyleKing/recipes/goBuild/git_info.go:65.2,68.29 3 1
github.com/KyleKing/recipes/goBuild/git_info.go:68.29,70.17 2 1
github.com/KyleKing/recipes/goBuild/git_info.go:70.17,71.12 1 1
github.com/KyleKing/recipes/goBuild/git_info.go:75.3,75.68 1 0
github.com/KyleKing/recipes/goBuild/git_info.go:75.68,77.4 1 0
github.com/KyleKing/recipes/goBuild/git_info.go:77.9,77.49 1 0
github.com/KyleKing/recipes/goBuild/git_info.go:77.49,79.66 1 0
github.com/KyleKing/recipes/goBuild/git_info.go:79.66,81.5 1 0
github.com/KyleKing/recipes/goBuild/git_info.go:85.2,85.14 1 1
github.com/KyleKing/recipes/goBuild/git_info.go:88.68,94.16 4 1
github.com/KyleKing/recipes/goBuild/git_info.go:94.16,97.3 2 0
github.com/KyleKing/recipes/goBuild/git_info.go:99.2,102.29 3 1
github.com/KyleKing/recipes/goBuild/git_info.go:102.29,104.17 2 1
github.com/KyleKing/recipes/goBuild/git_info.go:104.17,105.12 1 1
github.com/KyleKing/recipes/goBuild/git_info.go:109.3,109.68 1 0
github.com/KyleKing/recipes/goBuild/git_info.go:109.68,111.4 1 0
github.com/KyleKing/recipes/goBuild/git_info.go:111.9,111.49 1 0
github.com/KyleKing/recipes/goBuild/git_info.go:111.49,113.66 1 0
github.com/KyleKing/recipes/goBuild/git_info.go:113.66,115.5 1 0
github.com/KyleKing/recipes/goBuild/git_info.go:119.2,119.14 1 1
github.com/KyleKing/recipes/goBuild/git_info.go:122.67,126.53 3 1
github.com/KyleKing/recipes/goBuild/git_info.go:126.53,128.3 1 0
github.com/KyleKing/recipes/goBuild/git_info.go:130.2,130.33 1 1
github.com/KyleKing/recipes/goBuild/git_info.go:133.65,137.2 3 1
github.com/KyleKing/recipes/goBuild/helpers.go:10.37,12.47 2 1
github.com/KyleKing/recipes/goBuild/helpers.go:12.47,13.20 1 1
github.com/KyleKing/recipes/goBuild/helpers.go:13.20,16.4 2 1
github.com/KyleKing/recipes/goBuild/helpers.go:18.2,18.33 1 1
github.com/KyleKing/recipes/goBuild/helpers.go:21.38,24.2 2 1
github.com/KyleKing/recipes/goBuild/helpers.go:26.38,28.2 1 1
github.com/KyleKing/recipes/goBuild/helpers.go:30.29,31.16 1 1
github.com/KyleKing/recipes/goBuild/helpers.go:31.16,33.3 1 0
github.com/KyleKing/recipes/goBuild/helpers.go:36.49,38.19 2 1
github.com/KyleKing/recipes/goBuild/helpers.go:38.19,40.3 1 1
github.com/KyleKing/recipes/goBuild/helpers.go:41.2,42.13 2 1
github.com/KyleKing/recipes/goBuild/ingredients.go:18.26,19.20 1 1
github.com/KyleKing/recipes/goBuild/ingredients.go:19.20,22.17 3 1
github.com/KyleKing/recipes/goBuild/ingredients.go:22.17,24.4 1 0
github.com/KyleKing/recipes/goBuild/ingredients.go:26.2,26.12 1 1
github.com/KyleKing/recipes/goBuild/ingredients.go:62.73,66.44 3 1
github.com/KyleKing/recipes/goBuild/ingredients.go:66.44,81.32 6 1
github.com/KyleKing/recipes/goBuild/ingredients.go:81.32,85.35 2 1
github.com/KyleKing/recipes/goBuild/ingredients.go:85.35,86.13 1 1
github.com/KyleKing/recipes/goBuild/ingredients.go:90.4,90.37 1 1
github.com/KyleKing/recipes/goBuild/ingredients.go:90.37,91.13 1 1
github.com/KyleKing/recipes/goBuild/ingredients.go:95.4,100.74 4 1
github.com/KyleKing/recipes/goBuild/ingredients.go:100.74,103.5 1 0
github.com/KyleKing/recipes/goBuild/ingredients.go:105.4,105.32 1 1
github.com/KyleKing/recipes/goBuild/ingredients.go:105.32,111.25 3 1
github.com/KyleKing/recipes/goBuild/ingredients.go:111.25,120.6 4 1
github.com/KyleKing/recipes/goBuild/ingredients.go:125.3,125.21 1 1
github.com/KyleKing/recipes/goBuild/ingredients.go:125.21,127.33 2 1
github.com/KyleKing/recipes/goBuild/ingredients.go:127.33,128.48 1 1
github.com/KyleKing/recipes/goBuild/ingredients.go:128.48,130.53 2 1
github.com/KyleKing/recipes/goBuild/ingredients.go:130.53,133.7 2 1
github.com/KyleKing/recipes/goBuild/ingredients.go:139.3,139.21 1 1
github.com/KyleKing/recipes/goBuild/ingredients.go:139.21,141.40 2 1
github.com/KyleKing/recipes/goBuild/ingredients.go:141.40,142.46 1 1
github.com/KyleKing/recipes/goBuild/ingredients.go:142.46,144.6 1 1
github.com/KyleKing/recipes/goBuild/ingredients.go:149.2,149.16 1 1
github.com/KyleKing/recipes/goBuild/ingredients.go:153.69,154.29 1 1
github.com/KyleKing/recipes/goBuild/ingredients.go:154.29,155.45 1 1
github.com/KyleKing/recipes/goBuild/ingredients.go:155.45,157.4 1 1
github.com/KyleKing/recipes/goBuild/ingredients.go:159.2,159.18 1 0
github.com/KyleKing/recipes/goBuild/ingredients.go:164.72,169.24 3 1
github.com/KyleKing/recipes/goBuild/ingredients.go:169.24,171.3 1 1
github.com/KyleKing/recipes/goBuild/ingredients.go:173.2,173.29 1 1
github.com/KyleKing/recipes/goBuild/ingredients.go:173.29,175.44 1 1
github.com/KyleKing/recipes/goBuild/ingredients.go:175.44,178.25 1 0
github.com/KyleKing/recipes/goBuild/ingredients.go:178.25,180.56 2 0
github.com/KyleKing/recipes/goBuild/ingredients.go:180.56,184.6 2 0
github.com/KyleKing/recipes/goBuild/ingredients.go:189.2,189.18 1 1
github.com/KyleKing/recipes/goBuild/ingredients.go:193.88,196.29 2 1
github.com/KyleKing/recipes/goBuild/ingredients.go:196.29,201.30 3 1
github.com/KyleKing/recipes/goBuild/ingredients.go:201.30,202.12 1 1
github.com/KyleKing/recipes/goBuild/ingredients.go:206.3,206.65 1 1
github.com/KyleKing/recipes/goBuild/ingredients.go:206.65,207.12 1 1
github.com/KyleKing/recipes/goBuild/ingredients.go:211.3,211.26 1 1
github.com/KyleKing/recipes/goBuild/ingredients.go:211.26,212.12 1 1
github.com/KyleKing/recipes/goBuild/ingredients.go:220.3,220.18 1 1
github.com/KyleKing/recipes/goBuild/ingredients.go:221.57,223.47 1 1
github.com/KyleKing/recipes/goBuild/ingredients.go:223.47,225.5 1 1
github.com/KyleKing/recipes/goBuild/ingredients.go:226.19,228.37 1 1
github.com/KyleKing/recipes/goBuild/ingredients.go:229.15,231.39 1 1
github.com/KyleKing/recipes/goBuild/ingredients.go:231.39,233.5 1 1
github.com/KyleKing/recipes/goBuild/ingredients.go:234.14,238.25 1 0
github.com/KyleKing/recipes/goBuild/ingredients.go:238.25,240.5 1 0
github.com/KyleKing/recipes/goBuild/ingredients.go:244.2,244.14 1 1
github.com/KyleKing/recipes/goBuild/ingredients.go:250.98,264.33 2 1
github.com/KyleKing/recipes/goBuild/ingredients.go:264.33,266.3 1 1
github.com/KyleKing/recipes/goBuild/ingredients.go:268.2,268.29 1 1
github.com/KyleKing/recipes/goBuild/ingredients.go:268.29,269.28 1 1
github.com/KyleKing/recipes/goBuild/ingredients.go:269.28,272.68 2 1
github.com/KyleKing/recipes/goBuild/ingredients.go:272.68,273.33 1 1
github.com/KyleKing/recipes/goBuild/ingredients.go:273.33,275.6 1 1
github.com/KyleKing/recipes/goBuild/ingredients.go:283.71,285.39 1 1
github.com/KyleKing/recipes/goBuild/ingredients.go:285.39,287.3 1 1
github.com/KyleKing/recipes/goBuild/ingredients.go:290.2,290.39 1 1
github.com/KyleKing/recipes/goBuild/ingredients.go:290.39,291.24 1 1
github.com/KyleKing/recipes/goBuild/ingredients.go:291.24,293.4 1 1
github.com/KyleKing/recipes/goBuild/ingredients.go:296.3,300.45 2 1
github.com/KyleKing/recipes/goBuild/ingredients.go:300.45,301.12 1 1
github.com/KyleKing/recipes/goBuild/ingredients.go:304.3,305.36 2 1
github.com/KyleKing/recipes/goBuild/ingredients.go:305.36,307.4 1 1
github.com/KyleKing/recipes/goBuild/ingredients.go:310.2,310.15 1 0
github.com/KyleKing/recipes/goBuild/ingredients.go:314.44,316.2 1 1
github.com/KyleKing/recipes/goBuild/ingredients.go:319.38,333.2 2 1
github.com/KyleKing/recipes/goBuild/ingredients.go:337.45,343.16 2 1
github.com/KyleKing/recipes/goBuild/ingredients.go:343.16,345.3 1 1
github.com/KyleKing/recipes/goBuild/ingredients.go:348.2,353.22 2 1
github.com/KyleKing/recipes/goBuild/ingredients.go:353.22,355.3 1 1
github.com/KyleKing/recipes/goBuild/ingredients.go:359.2,359.13 1 1
github.com/KyleKing/recipes/goBuild/ingredients.go:362.43,366.22 3 1
github.com/KyleKing/recipes/goBuild/ingredients.go:366.22,367.15 1 1
github.com/KyleKing/recipes/goBuild/ingredients.go:367.15,369.12 2 1
github.com/KyleKing/recipes/goBuild/ingredients.go:371.3,371.15 1 1
github.com/KyleKing/recipes/goBuild/ingredients.go:371.15,373.12 2 1
github.com/KyleKing/recipes/goBuild/ingredients.go:375.3,375.22 1 1
github.com/KyleKing/recipes/goBuild/ingredients.go:375.22,377.4 1 1
github.com/KyleKing/recipes/goBuild/ingredients.go:379.2,379.34 1 1
github.com/KyleKing/recipes/goBuild/ingredients.go:382.44,388.21 4 1
github.com/KyleKing/recipes/goBuild/ingredients.go:388.21,390.3 1 0
github.com/KyleKing/recipes/goBuild/ingredients.go:393.2,414.29 4 1
github.com/KyleKing/recipes/goBuild/ingredients.go:414.29,415.42 1 1
github.com/KyleKing/recipes/goBuild/ingredients.go:415.42,416.12 1 1
github.com/KyleKing/recipes/goBuild/ingredients.go:418.3,418.38 1 1
github.com/KyleKing/recipes/goBuild/ingredients.go:418.38,419.12 1 1
github.com/KyleKing/recipes/goBuild/ingredients.go:421.3,422.42 2 1
github.com/KyleKing/recipes/goBuild/ingredients.go:426.2,426.74 1 1
github.com/KyleKing/recipes/goBuild/ingredients.go:426.74,428.3 1 0
github.com/KyleKing/recipes/goBuild/ingredients.go:430.2,430.39 1 1
github.com/KyleKing/recipes/goBuild/ingredients.go:433.32,436.21 2 1
github.com/KyleKing/recipes/goBuild/ingredients.go:436.21,438.3 1 1
github.com/KyleKing/recipes/goBuild/ingredients.go:439.2,439.51 1 1
github.com/KyleKing/recipes/goBuild/ingredients.go:442.50,443.21 1 1
github.com/KyleKing/recipes/goBuild/ingredients.go:443.21,445.3 1 1
github.com/KyleKing/recipes/goBuild/ingredients.go:448.2,461.51 2 1
github.com/KyleKing/recipes/goBuild/ingredients.go:464.48,465.20 1 1
github.com/KyleKing/recipes/goBuild/ingredients.go:465.20,467.3 1 1
github.com/KyleKing/recipes/goBuild/ingredients.go:470.2,490.47 2 1
github.com/KyleKing/recipes/goBuild/ingredients.go:493.31,496.23 2 1
github.com/KyleKing/recipes/goBuild/ingredients.go:496.23,498.3 1 1
github.com/KyleKing/recipes/goBuild/ingredients.go:499.2,499.28 1 1
github.com/KyleKing/recipes/goBuild/ingredients.go:499.28,500.51 1 1
github.com/KyleKing/recipes/goBuild/ingredients.go:500.51,502.4 1 1
github.com/KyleKing/recipes/goBuild/ingredients.go:504.2,504.13 1 1
github.com/KyleKing/recipes/goBuild/ingredients.go:507.61,512.34 4 1
github.com/KyleKing/recipes/goBuild/ingredients.go:512.34,513.39 1 1
github.com/KyleKing/recipes/goBuild/ingredients.go:513.39,515.4 1 1
github.com/KyleKing/recipes/goBuild/ingredients.go:518.2,518.33 1 1
github.com/KyleKing/recipes/goBuild/ingredients.go:518.33,520.3 1 1
github.com/KyleKing/recipes/goBuild/ingredients.go:522.2,522.12 1 1
github.com/KyleKing/recipes/goBuild/ingredients.go:525.92,530.30 4 1
github.com/KyleKing/recipes/goBuild/ingredients.go:530.30,533.3 2 1
github.com/KyleKing/recipes/goBuild/ingredients.go:535.2,535.30 1 1
github.com/KyleKing/recipes/goBuild/ingredients.go:535.30,538.3 2 1
github.com/KyleKing/recipes/goBuild/ingredients.go:540.2,540.30 1 1
github.com/KyleKing/recipes/goBuild/ingredients.go:540.30,541.22 1 1
github.com/KyleKing/recipes/goBuild/ingredients.go:541.22,544.4 2 1
github.com/KyleKing/recipes/goBuild/ingredients.go:547.2,547.40 1 1
github.com/KyleKing/recipes/goBuild/ingredients.go:547.40,549.3 1 0
github.com/KyleKing/recipes/goBuild/ingredients.go:551.2,551.69 1 1
github.com/KyleKing/recipes/goBuild/ingredients.go:554.86,558.44 3 1
github.com/KyleKing/recipes/goBuild/ingredients.go:558.44,560.3 1 0
github.com/KyleKing/recipes/goBuild/ingredients.go:564.2,568.29 4 1
github.com/KyleKing/recipes/goBuild/ingredients.go:568.29,570.18 2 1
github.com/KyleKing/recipes/goBuild/ingredients.go:570.18,573.4 1 1
github.com/KyleKing/recipes/goBuild/ingredients.go:574.3,574.32 1 1
github.com/KyleKing/recipes/goBuild/ingredients.go:577.2,577.29 1 1
github.com/KyleKing/recipes/goBuild/ingredients.go:577.29,579.18 2 1
github.com/KyleKing/recipes/goBuild/ingredients.go:579.18,581.4 1 1
github.com/KyleKing/recipes/goBuild/ingredients.go:582.3,582.32 1 1
github.com/KyleKing/recipes/goBuild/ingredients.go:585.2,585.29 1 1
github.com/KyleKing/recipes/goBuild/ingredients.go:585.29,586.21 1 1
github.com/KyleKing/recipes/goBuild/ingredients.go:586.21,588.19 2 1
github.com/KyleKing/recipes/goBuild/ingredients.go:588.19,590.5 1 1
github.com/KyleKing/recipes/goBuild/ingredients.go:591.4,591.33 1 1
github.com/KyleKing/recipes/goBuild/ingredients.go:595.2,595.40 1 1
github.com/KyleKing/recipes/goBuild/ingredients.go:595.40,597.3 1 0
github.com/KyleKing/recipes/goBuild/ingredients.go:599.2,599.69 1 1
github.com/KyleKing/recipes/goBuild/ingredients.go:602.55,612.29 5 1
github.com/KyleKing/recipes/goBuild/ingredients.go:612.29,614.47 2 1
github.com/KyleKing/recipes/goBuild/ingredients.go:614.47,616.4 1 1
github.com/KyleKing/recipes/goBuild/ingredients.go:619.2,619.15 1 1
github.com/KyleKing/recipes/goBuild/ingredients.go:622.90,627.2 3 0
github.com/KyleKing/recipes/goBuild/ingredients.go:629.53,631.23 2 1
github.com/KyleKing/recipes/goBuild/ingredients.go:631.23,632.15 1 1
github.com/KyleKing/recipes/goBuild/ingredients.go:632.15,634.4 1 1
github.com/KyleKing/recipes/goBuild/ingredients.go:636.2,637.15 2 1
github.com/KyleKing/recipes/goBuild/ingredients.go:640.135,643.46 2 1
github.com/KyleKing/recipes/goBuild/ingredients.go:643.46,644.34 1 1
github.com/KyleKing/recipes/goBuild/ingredients.go:644.34,645.12 1 1
github.com/KyleKing/recipes/goBuild/ingredients.go:648.3,657.90 5 1
github.com/KyleKing/recipes/goBuild/ingredients.go:657.90,671.4 2 1
github.com/KyleKing/recipes/goBuild/ingredients.go:674.2,674.41 1 1
github.com/KyleKing/recipes/goBuild/ingredients.go:674.41,676.3 1 1
github.com/KyleKing/recipes/goBuild/ingredients.go:678.2,678.30 1 1
github.com/KyleKing/recipes/goBuild/ingredients.go:678.30,680.3 1 0
github.com/KyleKing/recipes/goBuild/ingredients.go:682.2,682.15 1 1
github.com/KyleKing/recipes/goBuild/related_recipes.go:13.92,18.85 4 1
github.com/KyleKing/recipes/goBuild/related_recipes.go:18.85,20.39 2 1
github.com/KyleKing/recipes/goBuild/related_recipes.go:20.39,21.138 1 1
github.com/KyleKing/recipes/goBuild/related_recipes.go:21.138,23.19 2 1
github.com/KyleKing/recipes/goBuild/related_recipes.go:23.19,25.6 1 1
github.com/KyleKing/recipes/goBuild/related_recipes.go:28.3,28.38 1 1
github.com/KyleKing/recipes/goBuild/related_recipes.go:31.2,32.95 2 1
github.com/KyleKing/recipes/goBuild/related_recipes.go:32.95,34.39 2 1
github.com/KyleKing/recipes/goBuild/related_recipes.go:34.39,35.46 1 1
github.com/KyleKing/recipes/goBuild/related_recipes.go:35.46,37.19 2 1
github.com/KyleKing/recipes/goBuild/related_recipes.go:37.19,39.6 1 1
github.com/KyleKing/recipes/goBuild/related_recipes.go:40.5,40.48 1 1
github.com/KyleKing/recipes/goBuild/related_recipes.go:40.48,41.158 1 1
github.com/KyleKing/recipes/goBuild/related_recipes.go:41.158,43.7 1 1
github.com/KyleKing/recipes/goBuild/related_recipes.go:47.3,47.15 1 1
github.com/KyleKing/recipes/goBuild/related_recipes.go:50.2,51.67 2 1
github.com/KyleKing/recipes/goBuild/related_recipes.go:51.67,52.43 1 1
github.com/KyleKing/recipes/goBuild/related_recipes.go:52.43,56.43 3 1
github.com/KyleKing/recipes/goBuild/related_recipes.go:56.43,58.5 1 1
github.com/KyleKing/recipes/goBuild/related_recipes.go:61.3,61.39 1 1
github.com/KyleKing/recipes/goBuild/related_recipes.go:61.39,63.4 1 1
github.com/KyleKing/recipes/goBuild/related_recipes.go:65.3,65.90 1 1
github.com/KyleKing/recipes/goBuild/related_recipes.go:65.90,66.56 1 1
github.com/KyleKing/recipes/goBuild/related_recipes.go:66.56,68.5 1 1
github.com/KyleKing/recipes/goBuild/related_recipes.go:72.2,72.27 1 1
github.com/KyleKing/recipes/goBuild/related_recipes.go:72.27,74.3 1 1
github.com/KyleKing/recipes/goBuild/related_recipes.go:76.2,76.20 1 1
github.com/KyleKing/recipes/goBuild/related_recipes.go:79.97,87.33 5 1
github.com/KyleKing/recipes/goBuild/related_recipes.go:87.33,96.13 6 1
github.com/KyleKing/recipes/goBuild/related_recipes.go:96.13,98.4 1 0
github.com/KyleKing/recipes/goBuild/related_recipes.go:98.9,101.18 2 1
github.com/KyleKing/recipes/goBuild/related_recipes.go:101.18,103.13 2 0
github.com/KyleKing/recipes/goBuild/related_recipes.go:106.4,107.49 2 1
github.com/KyleKing/recipes/goBuild/related_recipes.go:111.3,111.113 1 1
github.com/KyleKing/recipes/goBuild/related_recipes.go:111.113,114.4 2 0
github.com/KyleKing/recipes/goBuild/related_recipes.go:114.9,121.18 4 1
github.com/KyleKing/recipes/goBuild/related_recipes.go:121.18,124.5 2 0
github.com/KyleKing/recipes/goBuild/related_recipes.go:126.4,132.5 1 1
github.com/KyleKing/recipes/goBuild/related_recipes.go:135.3,141.4 1 1
github.com/KyleKing/recipes/goBuild/related_recipes.go:145.2,145.54 1 1
github.com/KyleKing/recipes/goBuild/related_recipes.go:145.54,147.3 1 0
github.com/KyleKing/recipes/goBuild/related_recipes.go:149.2,151.14 2 1
github.com/KyleKing/recipes/goBuild/related_recipes.go:154.67,156.2 1 1
github.com/KyleKing/recipes/goBuild/related_recipes.go:158.94,161.33 3 1
github.com/KyleKing/recipes/goBuild/related_recipes.go:161.33,162.44 1 1
github.com/KyleKing/recipes/goBuild/related_recipes.go:162.44,168.37 4 1
github.com/KyleKing/recipes/goBuild/related_recipes.go:168.37,170.5 1 1
github.com/KyleKing/recipes/goBuild/related_recipes.go:171.4,176.23 5 1
github.com/KyleKing/recipes/goBuild/related_recipes.go:179.2,179.61 1 1
github.com/KyleKing/recipes/goBuild/schemas.go:16.35,18.2 1 1
github.com/KyleKing/recipes/goBuild/schemas.go:34.69,45.2 1 1
github.com/KyleKing/recipes/goBuild/schemas.go:89.36,93.2 1 1
github.com/KyleKing/recipes/goBuild/schemas.go:95.62,100.2 4 1
github.com/KyleKing/recipes/goBuild/schemas.go:102.62,106.2 3 1
github.com/KyleKing/recipes/goBuild/similarity_cache.go:30.32,32.2 1 1
github.com/KyleKing/recipes/goBuild/similarity_cache.go:34.29,36.2 1 1
github.com/KyleKing/recipes/goBuild/similarity_cache.go:38.55,40.16 2 1
github.com/KyleKing/recipes/goBuild/similarity_cache.go:40.16,42.3 1 1
github.com/KyleKing/recipes/goBuild/similarity_cache.go:43.2,46.47 3 1
github.com/KyleKing/recipes/goBuild/similarity_cache.go:46.47,48.3 1 0
github.com/KyleKing/recipes/goBuild/similarity_cache.go:50.2,50.46 1 1
github.com/KyleKing/recipes/goBuild/similarity_cache.go:53.45,57.16 3 1
github.com/KyleKing/recipes/goBuild/similarity_cache.go:57.16,58.26 1 1
github.com/KyleKing/recipes/goBuild/similarity_cache.go:58.26,60.4 1 0
github.com/KyleKing/recipes/goBuild/similarity_cache.go:61.3,64.4 1 1
github.com/KyleKing/recipes/goBuild/similarity_cache.go:67.2,68.53 2 0
github.com/KyleKing/recipes/goBuild/similarity_cache.go:68.53,74.3 2 0
github.com/KyleKing/recipes/goBuild/similarity_cache.go:76.2,76.15 1 0
github.com/KyleKing/recipes/goBuild/similarity_cache.go:79.56,80.41 1 1
github.com/KyleKing/recipes/goBuild/similarity_cache.go:80.41,82.3 1 0
github.com/KyleKing/recipes/goBuild/similarity_cache.go:84.2,87.16 3 1
github.com/KyleKing/recipes/goBuild/similarity_cache.go:87.16,89.3 1 0
github.com/KyleKing/recipes/goBuild/similarity_cache.go:91.2,92.61 2 1
github.com/KyleKing/recipes/goBuild/similarity_cache.go:92.61,94.3 1 0
github.com/KyleKing/recipes/goBuild/similarity_cache.go:96.2,96.12 1 1
github.com/KyleKing/recipes/goBuild/similarity_cache.go:99.80,101.47 1 1
github.com/KyleKing/recipes/goBuild/similarity_cache.go:101.47,103.3 1 1
github.com/KyleKing/recipes/goBuild/similarity_cache.go:106.2,107.16 2 1
github.com/KyleKing/recipes/goBuild/similarity_cache.go:107.16,109.3 1 0
github.com/KyleKing/recipes/goBuild/similarity_cache.go:112.2,112.39 1 1
github.com/KyleKing/recipes/goBuild/templates_templ.go:26.84,27.131 1 1
github.com/KyleKing/recipes/goBuild/templates_templ.go:27.131,29.71 2 1
github.com/KyleKing/recipes/goBuild/templates_templ.go:29.71,31.4 1 0
github.com/KyleKing/recipes/goBuild/templates_templ.go:32.3,33.31 2 1
github.com/KyleKing/recipes/goBuild/templates_templ.go:33.31,34.17 1 0
github.com/KyleKing/recipes/goBuild/templates_templ.go:34.17,36.34 2 0
github.com/KyleKing/recipes/goBuild/templates_templ.go:36.34,38.6 1 0
github.com/KyleKing/recipes/goBuild/templates_templ.go:41.3,43.33 3 1
github.com/KyleKing/recipes/goBuild/templates_templ.go:43.33,45.4 1 0
github.com/KyleKing/recipes/goBuild/templates_templ.go:46.3,48.32 3 1
github.com/KyleKing/recipes/goBuild/templates_templ.go:48.32,50.4 1 0
github.com/KyleKing/recipes/goBuild/templates_templ.go:51.3,53.32 3 1
github.com/KyleKing/recipes/goBuild/templates_templ.go:53.32,55.4 1 0
github.com/KyleKing/recipes/goBuild/templates_templ.go:56.3,57.32 2 1
github.com/KyleKing/recipes/goBuild/templates_templ.go:57.32,59.4 1 0
github.com/KyleKing/recipes/goBuild/templates_templ.go:60.3,61.32 2 1
github.com/KyleKing/recipes/goBuild/templates_templ.go:61.32,63.4 1 0
github.com/KyleKing/recipes/goBuild/templates_templ.go:64.3,64.30 1 1
github.com/KyleKing/recipes/goBuild/templates_templ.go:64.30,66.33 2 1
github.com/KyleKing/recipes/goBuild/templates_templ.go:66.33,68.5 1 0
github.com/KyleKing/recipes/goBuild/templates_templ.go:70.3,70.31 1 1
github.com/KyleKing/recipes/goBuild/templates_templ.go:70.31,72.33 2 1
github.com/KyleKing/recipes/goBuild/templates_templ.go:72.33,74.5 1 0
github.com/KyleKing/recipes/goBuild/templates_templ.go:76.3,77.32 2 1
github.com/KyleKing/recipes/goBuild/templates_templ.go:77.32,79.4 1 0
github.com/KyleKing/recipes/goBuild/templates_templ.go:80.3,80.31 1 1
github.com/KyleKing/recipes/goBuild/templates_templ.go:80.31,82.33 2 1
github.com/KyleKing/recipes/goBuild/templates_templ.go:82.33,84.5 1 0
github.com/KyleKing/recipes/goBuild/templates_templ.go:86.3,87.32 2 1
github.com/KyleKing/recipes/goBuild/templates_templ.go:87.32,89.4 1 0
github.com/KyleKing/recipes/goBuild/templates_templ.go:90.3,91.32 2 1
github.com/KyleKing/recipes/goBuild/templates_templ.go:91.32,93.4 1 0
github.com/KyleKing/recipes/goBuild/templates_templ.go:94.3,95.32 2 1
github.com/KyleKing/recipes/goBuild/templates_templ.go:95.32,97.4 1 0
github.com/KyleKing/recipes/goBuild/templates_templ.go:98.3,98.30 1 1
github.com/KyleKing/recipes/goBuild/templates_templ.go:98.30,100.33 2 1
github.com/KyleKing/recipes/goBuild/templates_templ.go:100.33,102.5 1 0
github.com/KyleKing/recipes/goBuild/templates_templ.go:104.3,105.32 2 1
github.com/KyleKing/recipes/goBuild/templates_templ.go:105.32,107.4 1 0
github.com/KyleKing/recipes/goBuild/templates_templ.go:108.3,108.13 1 1
github.com/KyleKing/recipes/goBuild/templates_templ.go:112.78,113.131 1 1
github.com/KyleKing/recipes/goBuild/templates_templ.go:113.131,115.71 2 1
github.com/KyleKing/recipes/goBuild/templates_templ.go:115.71,117.4 1 0
github.com/KyleKing/recipes/goBuild/templates_templ.go:118.3,119.31 2 1
github.com/KyleKing/recipes/goBuild/templates_templ.go:119.31,120.17 1 1
github.com/KyleKing/recipes/goBuild/templates_templ.go:120.17,122.34 2 1
github.com/KyleKing/recipes/goBuild/templates_templ.go:122.34,124.6 1 1
github.com/KyleKing/recipes/goBuild/templates_templ.go:127.3,129.33 3 1
github.com/KyleKing/recipes/goBuild/templates_templ.go:129.33,131.4 1 0
github.com/KyleKing/recipes/goBuild/templates_templ.go:132.3,134.32 3 1
github.com/KyleKing/recipes/goBuild/templates_templ.go:134.32,136.4 1 0
github.com/KyleKing/recipes/goBuild/templates_templ.go:137.3,137.13 1 1
github.com/KyleKing/recipes/goBuild/templates_templ.go:141.71,142.131 1 1
github.com/KyleKing/recipes/goBuild/templates_templ.go:142.131,144.71 2 1
github.com/KyleKing/recipes/goBuild/templates_templ.go:144.71,146.4 1 0
github.com/KyleKing/recipes/goBuild/templates_templ.go:147.3,148.31 2 1
github.com/KyleKing/recipes/goBuild/templates_templ.go:148.31,149.17 1 0
github.com/KyleKing/recipes/goBuild/templates_templ.go:149.17,151.34 2 0
github.com/KyleKing/recipes/goBuild/templates_templ.go:151.34,153.6 1 0
github.com/KyleKing/recipes/goBuild/templates_templ.go:156.3,158.33 3 1
github.com/KyleKing/recipes/goBuild/templates_templ.go:158.33,160.4 1 0
github.com/KyleKing/recipes/goBuild/templates_templ.go:161.3,163.32 3 1
github.com/KyleKing/recipes/goBuild/templates_templ.go:163.32,165.4 1 0
github.com/KyleKing/recipes/goBuild/templates_templ.go:166.3,166.37 1 1
github.com/KyleKing/recipes/goBuild/templates_templ.go:166.37,168.33 2 0
github.com/KyleKing/recipes/goBuild/templates_templ.go:168.33,170.5 1 0
github.com/KyleKing/recipes/goBuild/templates_templ.go:171.9,173.33 2 1
github.com/KyleKing/recipes/goBuild/templates_templ.go:173.33,175.5 1 0
github.com/KyleKing/recipes/goBuild/templates_templ.go:177.3,177.13 1 1
github.com/KyleKing/recipes/goBuild/templates_templ.go:181.76,182.131 1 0
github.com/KyleKing/recipes/goBuild/templates_templ.go:182.131,184.71 2 0
github.com/KyleKing/recipes/goBuild/templates_templ.go:184.71,186.4 1 0
github.com/KyleKing/recipes/goBuild/templates_templ.go:187.3,188.31 2 0
github.com/KyleKing/recipes/goBuild/templates_templ.go:188.31,189.17 1 0
github.com/KyleKing/recipes/goBuild/templates_templ.go:189.17,191.34 2 0
github.com/KyleKing/recipes/goBuild/templates_templ.go:191.34,193.6 1 0
github.com/KyleKing/recipes/goBuild/templates_templ.go:196.3,198.33 3 0
github.com/KyleKing/recipes/goBuild/templates_templ.go:198.33,200.4 1 0
github.com/KyleKing/recipes/goBuild/templates_templ.go:201.3,203.32 3 0
github.com/KyleKing/recipes/goBuild/templates_templ.go:203.32,205.4 1 0
github.com/KyleKing/recipes/goBuild/templates_templ.go:206.3,206.42 1 0
github.com/KyleKing/recipes/goBuild/templates_templ.go:206.42,208.33 2 0
github.com/KyleKing/recipes/goBuild/templates_templ.go:208.33,210.5 1 0
github.com/KyleKing/recipes/goBuild/templates_templ.go:211.4,213.33 3 0
github.com/KyleKing/recipes/goBuild/templates_templ.go:213.33,215.5 1 0
github.com/KyleKing/recipes/goBuild/templates_templ.go:216.4,217.33 2 0
github.com/KyleKing/recipes/goBuild/templates_templ.go:217.33,219.5 1 0
github.com/KyleKing/recipes/goBuild/templates_templ.go:220.4,221.33 2 0
github.com/KyleKing/recipes/goBuild/templates_templ.go:221.33,223.5 1 0
github.com/KyleKing/recipes/goBuild/templates_templ.go:224.4,226.33 3 0
github.com/KyleKing/recipes/goBuild/templates_templ.go:226.33,228.5 1 0
github.com/KyleKing/recipes/goBuild/templates_templ.go:229.4,230.33 2 0
github.com/KyleKing/recipes/goBuild/templates_templ.go:230.33,232.5 1 0
github.com/KyleKing/recipes/goBuild/templates_templ.go:233.4,234.33 2 0
github.com/KyleKing/recipes/goBuild/templates_templ.go:234.33,236.5 1 0
github.com/KyleKing/recipes/goBuild/templates_templ.go:237.4,239.33 3 0
github.com/KyleKing/recipes/goBuild/templates_templ.go:239.33,241.5 1 0
github.com/KyleKing/recipes/goBuild/templates_templ.go:242.4,243.33 2 0
github.com/KyleKing/recipes/goBuild/templates_templ.go:243.33,245.5 1 0
github.com/KyleKing/recipes/goBuild/templates_templ.go:246.4,247.33 2 0
github.com/KyleKing/recipes/goBuild/templates_templ.go:247.33,249.5 1 0
github.com/KyleKing/recipes/goBuild/templates_templ.go:250.4,252.33 3 0
github.com/KyleKing/recipes/goBuild/templates_templ.go:252.33,254.5 1 0
github.com/KyleKing/recipes/goBuild/templates_templ.go:255.4,256.33 2 0
github.com/KyleKing/recipes/goBuild/templates_templ.go:256.33,258.5 1 0
github.com/KyleKing/recipes/goBuild/templates_templ.go:259.4,260.33 2 0
github.com/KyleKing/recipes/goBuild/templates_templ.go:260.33,262.5 1 0
github.com/KyleKing/recipes/goBuild/templates_templ.go:263.4,265.33 3 0
github.com/KyleKing/recipes/goBuild/templates_templ.go:265.33,267.5 1 0
github.com/KyleKing/recipes/goBuild/templates_templ.go:268.4,269.33 2 0
github.com/KyleKing/recipes/goBuild/templates_templ.go:269.33,271.5 1 0
github.com/KyleKing/recipes/goBuild/templates_templ.go:272.4,273.33 2 0
github.com/KyleKing/recipes/goBuild/templates_templ.go:273.33,275.5 1 0
github.com/KyleKing/recipes/goBuild/templates_templ.go:276.4,276.42 1 0
github.com/KyleKing/recipes/goBuild/templates_templ.go:276.42,278.34 2 0
github.com/KyleKing/recipes/goBuild/templates_templ.go:278.34,280.6 1 0
github.com/KyleKing/recipes/goBuild/templates_templ.go:281.5,283.34 3 0
github.com/KyleKing/recipes/goBuild/templates_templ.go:283.34,285.6 1 0
github.com/KyleKing/recipes/goBuild/templates_templ.go:286.5,287.34 2 0
github.com/KyleKing/recipes/goBuild/templates_templ.go:287.34,289.6 1 0
github.com/KyleKing/recipes/goBuild/templates_templ.go:290.5,291.34 2 0
github.com/KyleKing/recipes/goBuild/templates_templ.go:291.34,293.6 1 0
github.com/KyleKing/recipes/goBuild/templates_templ.go:295.4,295.41 1 0
github.com/KyleKing/recipes/goBuild/templates_templ.go:295.41,297.34 2 0
github.com/KyleKing/recipes/goBuild/templates_templ.go:297.34,299.6 1 0
github.com/KyleKing/recipes/goBuild/templates_templ.go:300.5,302.34 3 0
github.com/KyleKing/recipes/goBuild/templates_templ.go:302.34,304.6 1 0
github.com/KyleKing/recipes/goBuild/templates_templ.go:305.5,306.34 2 0
github.com/KyleKing/recipes/goBuild/templates_templ.go:306.34,308.6 1 0
github.com/KyleKing/recipes/goBuild/templates_templ.go:309.5,310.34 2 0
github.com/KyleKing/recipes/goBuild/templates_templ.go:310.34,312.6 1 0
github.com/KyleKing/recipes/goBuild/templates_templ.go:314.4,315.33 2 0
github.com/KyleKing/recipes/goBuild/templates_templ.go:315.33,317.5 1 0
github.com/KyleKing/recipes/goBuild/templates_templ.go:318.4,320.33 3 0
github.com/KyleKing/recipes/goBuild/templates_templ.go:320.33,322.5 1 0
github.com/KyleKing/recipes/goBuild/templates_templ.go:323.4,324.33 2 0
github.com/KyleKing/recipes/goBuild/templates_templ.go:324.33,326.5 1 0
github.com/KyleKing/recipes/goBuild/templates_templ.go:327.4,328.33 2 0
github.com/KyleKing/recipes/goBuild/templates_templ.go:328.33,330.5 1 0
github.com/KyleKing/recipes/goBuild/templates_templ.go:331.4,333.33 3 0
github.com/KyleKing/recipes/goBuild/templates_templ.go:333.33,335.5 1 0
github.com/KyleKing/recipes/goBuild/templates_templ.go:336.4,337.33 2 0
github.com/KyleKing/recipes/goBuild/templates_templ.go:337.33,339.5 1 0
github.com/KyleKing/recipes/goBuild/templates_templ.go:340.4,341.33 2 0
github.com/KyleKing/recipes/goBuild/templates_templ.go:341.33,343.5 1 0
github.com/KyleKing/recipes/goBuild/templates_templ.go:345.3,346.32 2 0
github.com/KyleKing/recipes/goBuild/templates_templ.go:346.32,348.4 1 0
github.com/KyleKing/recipes/goBuild/templates_templ.go:349.3,349.13 1 0
github.com/KyleKing/recipes/goBuild/templates_templ.go:353.54,354.131 1 1
github.com/KyleKing/recipes/goBuild/templates_templ.go:354.131,356.71 2 1
github.com/KyleKing/recipes/goBuild/templates_templ.go:356.71,358.4 1 0
github.com/KyleKing/recipes/goBuild/templates_templ.go:359.3,360.31 2 1
github.com/KyleKing/recipes/goBuild/templates_templ.go:360.31,361.17 1 0
github.com/KyleKing/recipes/goBuild/templates_templ.go:361.17,363.34 2 0
github.com/KyleKing/recipes/goBuild/templates_templ.go:363.34,365.6 1 0
github.com/KyleKing/recipes/goBuild/templates_templ.go:368.3,370.34 3 1
github.com/KyleKing/recipes/goBuild/templates_templ.go:370.34,372.4 1 0
github.com/KyleKing/recipes/goBuild/templates_templ.go:373.3,375.32 3 1
github.com/KyleKing/recipes/goBuild/templates_templ.go:375.32,377.4 1 0
github.com/KyleKing/recipes/goBuild/templates_templ.go:378.3,380.32 3 1
github.com/KyleKing/recipes/goBuild/templates_templ.go:380.32,382.4 1 0
github.com/KyleKing/recipes/goBuild/templates_templ.go:383.3,384.32 2 1
github.com/KyleKing/recipes/goBuild/templates_templ.go:384.32,386.4 1 0
github.com/KyleKing/recipes/goBuild/templates_templ.go:387.3,388.32 2 1
github.com/KyleKing/recipes/goBuild/templates_templ.go:388.32,390.4 1 0
github.com/KyleKing/recipes/goBuild/templates_templ.go:391.3,391.39 1 1
github.com/KyleKing/recipes/goBuild/templates_templ.go:391.39,393.33 2 1
github.com/KyleKing/recipes/goBuild/templates_templ.go:393.33,395.5 1 0
github.com/KyleKing/recipes/goBuild/templates_templ.go:396.4,398.33 3 1
github.com/KyleKing/recipes/goBuild/templates_templ.go:398.33,400.5 1 0
github.com/KyleKing/recipes/goBuild/templates_templ.go:401.4,402.33 2 1
github.com/KyleKing/recipes/goBuild/templates_templ.go:402.33,404.5 1 0
github.com/KyleKing/recipes/goBuild/templates_templ.go:405.4,406.33 2 1
github.com/KyleKing/recipes/goBuild/templates_templ.go:406.33,408.5 1 0
github.com/KyleKing/recipes/goBuild/templates_templ.go:409.4,411.33 3 1
github.com/KyleKing/recipes/goBuild/templates_templ.go:411.33,413.5 1 0
github.com/KyleKing/recipes/goBuild/templates_templ.go:414.4,415.33 2 1
github.com/KyleKing/recipes/goBuild/templates_templ.go:415.33,417.5 1 0
github.com/KyleKing/recipes/goBuild/templates_templ.go:418.4,419.33 2 1
github.com/KyleKing/recipes/goBuild/templates_templ.go:419.33,421.5 1 0
github.com/KyleKing/recipes/goBuild/templates_templ.go:422.4,424.33 3 1
github.com/KyleKing/recipes/goBuild/templates_templ.go:424.33,426.5 1 0
github.com/KyleKing/recipes/goBuild/templates_templ.go:427.4,428.33 2 1
github.com/KyleKing/recipes/goBuild/templates_templ.go:428.33,430.5 1 0
github.com/KyleKing/recipes/goBuild/templates_templ.go:431.4,432.33 2 1
github.com/KyleKing/recipes/goBuild/templates_templ.go:432.33,434.5 1 0
github.com/KyleKing/recipes/goBuild/templates_templ.go:436.3,437.32 2 1
github.com/KyleKing/recipes/goBuild/templates_templ.go:437.32,439.4 1 0
github.com/KyleKing/recipes/goBuild/templates_templ.go:440.3,440.13 1 1
github.com/KyleKing/recipes/goBuild/templates_templ.go:444.39,445.131 1 1
github.com/KyleKing/recipes/goBuild/templates_templ.go:445.131,447.71 2 1
github.com/KyleKing/recipes/goBuild/templates_templ.go:447.71,449.4 1 0
github.com/KyleKing/recipes/goBuild/templates_templ.go:450.3,451.31 2 1
github.com/KyleKing/recipes/goBuild/templates_templ.go:451.31,452.17 1 0
github.com/KyleKing/recipes/goBuild/templates_templ.go:452.17,454.34 2 0
github.com/KyleKing/recipes/goBuild/templates_templ.go:454.34,456.6 1 0
github.com/KyleKing/recipes/goBuild/templates_templ.go:459.3,461.34 3 1
github.com/KyleKing/recipes/goBuild/templates_templ.go:461.34,463.4 1 0
github.com/KyleKing/recipes/goBuild/templates_templ.go:464.3,466.32 3 1
github.com/KyleKing/recipes/goBuild/templates_templ.go:466.32,468.4 1 0
github.com/KyleKing/recipes/goBuild/templates_templ.go:469.3,469.13 1 1
github.com/KyleKing/recipes/goBuild/templates_templ.go:473.35,474.131 1 1
github.com/KyleKing/recipes/goBuild/templates_templ.go:474.131,476.71 2 1
github.com/KyleKing/recipes/goBuild/templates_templ.go:476.71,478.4 1 0
github.com/KyleKing/recipes/goBuild/templates_templ.go:479.3,480.31 2 1
github.com/KyleKing/recipes/goBuild/templates_templ.go:480.31,481.17 1 1
github.com/KyleKing/recipes/goBuild/templates_templ.go:481.17,483.34 2 1
github.com/KyleKing/recipes/goBuild/templates_templ.go:483.34,485.6 1 1
github.com/KyleKing/recipes/goBuild/templates_templ.go:488.3,490.34 3 1
github.com/KyleKing/recipes/goBuild/templates_templ.go:490.34,492.4 1 0
github.com/KyleKing/recipes/goBuild/templates_templ.go:493.3,495.32 3 1
github.com/KyleKing/recipes/goBuild/templates_templ.go:495.32,497.4 1 0
github.com/KyleKing/recipes/goBuild/templates_templ.go:498.3,498.13 1 1
github.com/KyleKing/recipes/goBuild/templates_templ.go:502.41,503.131 1 1
github.com/KyleKing/recipes/goBuild/templates_templ.go:503.131,505.71 2 1
github.com/KyleKing/recipes/goBuild/templates_templ.go:505.71,507.4 1 0
github.com/KyleKing/recipes/goBuild/templates_templ.go:508.3,509.31 2 1
github.com/KyleKing/recipes/goBuild/templates_templ.go:509.31,510.17 1 0
github.com/KyleKing/recipes/goBuild/templates_templ.go:510.17,512.34 2 0
github.com/KyleKing/recipes/goBuild/templates_templ.go:512.34,514.6 1 0
github.com/KyleKing/recipes/goBuild/templates_templ.go:517.3,519.34 3 1
github.com/KyleKing/recipes/goBuild/templates_templ.go:519.34,521.4 1 0
github.com/KyleKing/recipes/goBuild/templates_templ.go:522.3,524.32 3 1
github.com/KyleKing/recipes/goBuild/templates_templ.go:524.32,526.4 1 0
github.com/KyleKing/recipes/goBuild/templates_templ.go:527.3,529.32 3 1
github.com/KyleKing/recipes/goBuild/templates_templ.go:529.32,531.4 1 0
github.com/KyleKing/recipes/goBuild/templates_templ.go:532.3,533.32 2 1
github.com/KyleKing/recipes/goBuild/templates_templ.go:533.32,535.4 1 0
github.com/KyleKing/recipes/goBuild/templates_templ.go:536.3,537.32 2 1
github.com/KyleKing/recipes/goBuild/templates_templ.go:537.32,539.4 1 0
github.com/KyleKing/recipes/goBuild/templates_templ.go:540.3,540.13 1 1
github.com/KyleKing/recipes/goBuild/templates_templ.go:544.37,545.131 1 1
github.com/KyleKing/recipes/goBuild/templates_templ.go:545.131,547.71 2 1
github.com/KyleKing/recipes/goBuild/templates_templ.go:547.71,549.4 1 0
github.com/KyleKing/recipes/goBuild/templates_templ.go:550.3,551.31 2 1
github.com/KyleKing/recipes/goBuild/templates_templ.go:551.31,552.17 1 1
github.com/KyleKing/recipes/goBuild/templates_templ.go:552.17,554.34 2 1
github.com/KyleKing/recipes/goBuild/templates_templ.go:554.34,556.6 1 1
github.com/KyleKing/recipes/goBuild/templates_templ.go:559.3,561.34 3 1
github.com/KyleKing/recipes/goBuild/templates_templ.go:561.34,563.4 1 0
github.com/KyleKing/recipes/goBuild/templates_templ.go:564.3,566.32 3 1
github.com/KyleKing/recipes/goBuild/templates_templ.go:566.32,568.4 1 0
github.com/KyleKing/recipes/goBuild/templates_templ.go:569.3,569.13 1 1
github.com/KyleKing/recipes/goBuild/templates_templ.go:573.70,574.131 1 1
github.com/KyleKing/recipes/goBuild/templates_templ.go:574.131,576.71 2 1
github.com/KyleKing/recipes/goBuild/templates_templ.go:576.71,578.4 1 0
github.com/KyleKing/recipes/goBuild/templates_templ.go:579.3,580.31 2 1
github.com/KyleKing/recipes/goBuild/templates_templ.go:580.31,581.17 1 0
github.com/KyleKing/recipes/goBuild/templates_templ.go:581.17,583.34 2 0
github.com/KyleKing/recipes/goBuild/templates_templ.go:583.34,585.6 1 0
github.com/KyleKing/recipes/goBuild/templates_templ.go:588.3,590.34 3 1
github.com/KyleKing/recipes/goBuild/templates_templ.go:590.34,592.4 1 0
github.com/KyleKing/recipes/goBuild/templates_templ.go:593.3,595.32 3 1
github.com/KyleKing/recipes/goBuild/templates_templ.go:595.32,597.4 1 0
github.com/KyleKing/recipes/goBuild/templates_templ.go:598.3,600.32 3 1
github.com/KyleKing/recipes/goBuild/templates_templ.go:600.32,602.4 1 0
github.com/KyleKing/recipes/goBuild/templates_templ.go:603.3,604.32 2 1
github.com/KyleKing/recipes/goBuild/templates_templ.go:604.32,606.4 1 0
github.com/KyleKing/recipes/goBuild/templates_templ.go:607.3,608.32 2 1
github.com/KyleKing/recipes/goBuild/templates_templ.go:608.32,610.4 1 0
github.com/KyleKing/recipes/goBuild/templates_templ.go:611.3,611.34 1 1
github.com/KyleKing/recipes/goBuild/templates_templ.go:611.34,613.33 2 1
github.com/KyleKing/recipes/goBuild/templates_templ.go:613.33,615.5 1 0
github.com/KyleKing/recipes/goBuild/templates_templ.go:616.4,618.33 3 1
github.com/KyleKing/recipes/goBuild/templates_templ.go:618.33,620.5 1 0
github.com/KyleKing/recipes/goBuild/templates_templ.go:621.4,622.33 2 1
github.com/KyleKing/recipes/goBuild/templates_templ.go:622.33,624.5 1 0
github.com/KyleKing/recipes/goBuild/templates_templ.go:625.4,626.33 2 1
github.com/KyleKing/recipes/goBuild/templates_templ.go:626.33,628.5 1 0
github.com/KyleKing/recipes/goBuild/templates_templ.go:629.4,631.33 3 1
github.com/KyleKing/recipes/goBuild/templates_templ.go:631.33,633.5 1 0
github.com/KyleKing/recipes/goBuild/templates_templ.go:634.4,635.33 2 1
github.com/KyleKing/recipes/goBuild/templates_templ.go:635.33,637.5 1 0
github.com/KyleKing/recipes/goBuild/templates_templ.go:638.4,639.33 2 1
github.com/KyleKing/recipes/goBuild/templates_templ.go:639.33,641.5 1 0
github.com/KyleKing/recipes/goBuild/templates_templ.go:642.4,644.33 3 1
github.com/KyleKing/recipes/goBuild/templates_templ.go:644.33,646.5 1 0
github.com/KyleKing/recipes/goBuild/templates_templ.go:647.4,648.33 2 1
github.com/KyleKing/recipes/goBuild/templates_templ.go:648.33,650.5 1 0
github.com/KyleKing/recipes/goBuild/templates_templ.go:651.4,652.33 2 1
github.com/KyleKing/recipes/goBuild/templates_templ.go:652.33,654.5 1 0
github.com/KyleKing/recipes/goBuild/templates_templ.go:655.4,657.33 3 1
github.com/KyleKing/recipes/goBuild/templates_templ.go:657.33,659.5 1 0
github.com/KyleKing/recipes/goBuild/templates_templ.go:660.4,661.33 2 1
github.com/KyleKing/recipes/goBuild/templates_templ.go:661.33,663.5 1 0
github.com/KyleKing/recipes/goBuild/templates_templ.go:664.4,665.33 2 1
github.com/KyleKing/recipes/goBuild/templates_templ.go:665.33,667.5 1 0
github.com/KyleKing/recipes/goBuild/templates_templ.go:669.3,670.32 2 1
github.com/KyleKing/recipes/goBuild/templates_templ.go:670.32,672.4 1 0
github.com/KyleKing/recipes/goBuild/templates_templ.go:673.3,673.13 1 1
github.com/KyleKing/recipes/goBuild/templates_templ.go:677.67,678.131 1 1
github.com/KyleKing/recipes/goBuild/templates_templ.go:678.131,680.71 2 1
github.com/KyleKing/recipes/goBuild/templates_templ.go:680.71,682.4 1 0
github.com/KyleKing/recipes/goBuild/templates_templ.go:683.3,684.31 2 1
github.com/KyleKing/recipes/goBuild/templates_templ.go:684.31,685.17 1 1
github.com/KyleKing/recipes/goBuild/templates_templ.go:685.17,687.34 2 1
github.com/KyleKing/recipes/goBuild/templates_templ.go:687.34,689.6 1 1
github.com/KyleKing/recipes/goBuild/templates_templ.go:692.3,694.34 3 1
github.com/KyleKing/recipes/goBuild/templates_templ.go:694.34,696.4 1 0
github.com/KyleKing/recipes/goBuild/templates_templ.go:697.3,699.32 3 1
github.com/KyleKing/recipes/goBuild/templates_templ.go:699.32,701.4 1 0
github.com/KyleKing/recipes/goBuild/templates_templ.go:702.3,702.13 1 1
github.com/KyleKing/recipes/goBuild/templates_templ.go:706.59,707.131 1 1
github.com/KyleKing/recipes/goBuild/templates_templ.go:707.131,709.71 2 1
github.com/KyleKing/recipes/goBuild/templates_templ.go:709.71,711.4 1 0
github.com/KyleKing/recipes/goBuild/templates_templ.go:712.3,713.31 2 1
github.com/KyleKing/recipes/goBuild/templates_templ.go:713.31,714.17 1 0
github.com/KyleKing/recipes/goBuild/templates_templ.go:714.17,716.34 2 0
github.com/KyleKing/recipes/goBuild/templates_templ.go:716.34,718.6 1 0
github.com/KyleKing/recipes/goBuild/templates_templ.go:721.3,723.34 3 1
github.com/KyleKing/recipes/goBuild/templates_templ.go:723.34,725.4 1 0
github.com/KyleKing/recipes/goBuild/templates_templ.go:726.3,728.32 3 1
github.com/KyleKing/recipes/goBuild/templates_templ.go:728.32,730.4 1 0
github.com/KyleKing/recipes/goBuild/templates_templ.go:731.3,731.38 1 1
github.com/KyleKing/recipes/goBuild/templates_templ.go:731.38,733.33 2 1
github.com/KyleKing/recipes/goBuild/templates_templ.go:733.33,735.5 1 0
github.com/KyleKing/recipes/goBuild/templates_templ.go:736.4,738.33 3 1
github.com/KyleKing/recipes/goBuild/templates_templ.go:738.33,740.5 1 0
github.com/KyleKing/recipes/goBuild/templates_templ.go:741.4,742.33 2 1
github.com/KyleKing/recipes/goBuild/templates_templ.go:742.33,744.5 1 0
github.com/KyleKing/recipes/goBuild/templates_templ.go:745.4,746.33 2 1
github.com/KyleKing/recipes/goBuild/templates_templ.go:746.33,748.5 1 0
github.com/KyleKing/recipes/goBuild/templates_templ.go:749.4,751.33 3 1
github.com/KyleKing/recipes/goBuild/templates_templ.go:751.33,753.5 1 0
github.com/KyleKing/recipes/goBuild/templates_templ.go:754.4,755.33 2 1
github.com/KyleKing/recipes/goBuild/templates_templ.go:755.33,757.5 1 0
github.com/KyleKing/recipes/goBuild/templates_templ.go:758.4,759.33 2 1
github.com/KyleKing/recipes/goBuild/templates_templ.go:759.33,761.5 1 0
github.com/KyleKing/recipes/goBuild/templates_templ.go:763.3,764.32 2 1
github.com/KyleKing/recipes/goBuild/templates_templ.go:764.32,766.4 1 0
github.com/KyleKing/recipes/goBuild/templates_templ.go:767.3,767.13 1 1
github.com/KyleKing/recipes/goBuild/templates_templ.go:771.56,772.131 1 1
github.com/KyleKing/recipes/goBuild/templates_templ.go:772.131,774.71 2 1
github.com/KyleKing/recipes/goBuild/templates_templ.go:774.71,776.4 1 0
github.com/KyleKing/recipes/goBuild/templates_templ.go:777.3,778.31 2 1
github.com/KyleKing/recipes/goBuild/templates_templ.go:778.31,779.17 1 1
github.com/KyleKing/recipes/goBuild/templates_templ.go:779.17,781.34 2 1
github.com/KyleKing/recipes/goBuild/templates_templ.go:781.34,783.6 1 1
github.com/KyleKing/recipes/goBuild/templates_templ.go:786.3,788.34 3 1
github.com/KyleKing/recipes/goBuild/templates_templ.go:788.34,790.4 1 0
github.com/KyleKing/recipes/goBuild/templates_templ.go:791.3,793.32 3 1
github.com/KyleKing/recipes/goBuild/templates_templ.go:793.32,795.4 1 0
github.com/KyleKing/recipes/goBuild/templates_templ.go:796.3,796.13 1 1
github.com/KyleKing/recipes/goBuild/templates_templ.go:800.51,801.131 1 1
github.com/KyleKing/recipes/goBuild/templates_templ.go:801.131,803.71 2 1
github.com/KyleKing/recipes/goBuild/templates_templ.go:803.71,805.4 1 0
github.com/KyleKing/recipes/goBuild/templates_templ.go:806.3,807.31 2 1
github.com/KyleKing/recipes/goBuild/templates_templ.go:807.31,808.17 1 0
github.com/KyleKing/recipes/goBuild/templates_templ.go:808.17,810.34 2 0
github.com/KyleKing/recipes/goBuild/templates_templ.go:810.34,812.6 1 0
github.com/KyleKing/recipes/goBuild/templates_templ.go:815.3,817.34 3 1
github.com/KyleKing/recipes/goBuild/templates_templ.go:817.34,819.4 1 0
github.com/KyleKing/recipes/goBuild/templates_templ.go:820.3,822.32 3 1
github.com/KyleKing/recipes/goBuild/templates_templ.go:822.32,824.4 1 0
github.com/KyleKing/recipes/goBuild/templates_templ.go:825.3,825.34 1 1
github.com/KyleKing/recipes/goBuild/templates_templ.go:825.34,827.33 2 1
github.com/KyleKing/recipes/goBuild/templates_templ.go:827.33,829.5 1 0
github.com/KyleKing/recipes/goBuild/templates_templ.go:830.4,832.33 3 1
github.com/KyleKing/recipes/goBuild/templates_templ.go:832.33,834.5 1 0
github.com/KyleKing/recipes/goBuild/templates_templ.go:835.4,836.33 2 1
github.com/KyleKing/recipes/goBuild/templates_templ.go:836.33,838.5 1 0
github.com/KyleKing/recipes/goBuild/templates_templ.go:839.4,840.33 2 1
github.com/KyleKing/recipes/goBuild/templates_templ.go:840.33,842.5 1 0
github.com/KyleKing/recipes/goBuild/templates_templ.go:843.4,845.33 3 1
github.com/KyleKing/recipes/goBuild/templates_templ.go:845.33,847.5 1 0
github.com/KyleKing/recipes/goBuild/templates_templ.go:848.4,849.33 2 1
github.com/KyleKing/recipes/goBuild/templates_templ.go:849.33,851.5 1 0
github.com/KyleKing/recipes/goBuild/templates_templ.go:852.4,853.33 2 1
github.com/KyleKing/recipes/goBuild/templates_templ.go:853.33,855.5 1 0
github.com/KyleKing/recipes/goBuild/templates_templ.go:856.4,858.33 3 1
github.com/KyleKing/recipes/goBuild/templates_templ.go:858.33,860.5 1 0
github.com/KyleKing/recipes/goBuild/templates_templ.go:861.4,862.33 2 1
github.com/KyleKing/recipes/goBuild/templates_templ.go:862.33,864.5 1 0
github.com/KyleKing/recipes/goBuild/templates_templ.go:865.4,866.33 2 1
github.com/KyleKing/recipes/goBuild/templates_templ.go:866.33,868.5 1 0
github.com/KyleKing/recipes/goBuild/templates_templ.go:869.4,871.33 3 1
github.com/KyleKing/recipes/goBuild/templates_templ.go:871.33,873.5 1 0
github.com/KyleKing/recipes/goBuild/templates_templ.go:874.4,875.33 2 1
github.com/KyleKing/recipes/goBuild/templates_templ.go:875.33,877.5 1 0
github.com/KyleKing/recipes/goBuild/templates_templ.go:878.4,879.33 2 1
github.com/KyleKing/recipes/goBuild/templates_templ.go:879.33,881.5 1 0
github.com/KyleKing/recipes/goBuild/templates_templ.go:883.3,884.32 2 1
github.com/KyleKing/recipes/goBuild/templates_templ.go:884.32,886.4 1 0
github.com/KyleKing/recipes/goBuild/templates_templ.go:887.3,887.13 1 1
github.com/KyleKing/recipes/goBuild/templates_templ.go:891.51,892.131 1 0
github.com/KyleKing/recipes/goBuild/templates_templ.go:892.131,894.71 2 0
github.com/KyleKing/recipes/goBuild/templates_templ.go:894.71,896.4 1 0
github.com/KyleKing/recipes/goBuild/templates_templ.go:897.3,898.31 2 0
github.com/KyleKing/recipes/goBuild/templates_templ.go:898.31,899.17 1 0
github.com/KyleKing/recipes/goBuild/templates_templ.go:899.17,901.34 2 0
github.com/KyleKing/recipes/goBuild/templates_templ.go:901.34,903.6 1 0
github.com/KyleKing/recipes/goBuild/templates_templ.go:906.3,908.34 3 0
github.com/KyleKing/recipes/goBuild/templates_templ.go:908.34,910.4 1 0
github.com/KyleKing/recipes/goBuild/templates_templ.go:911.3,913.32 3 0
github.com/KyleKing/recipes/goBuild/templates_templ.go:913.32,915.4 1 0
github.com/KyleKing/recipes/goBuild/templates_templ.go:916.3,916.34 1 0
github.com/KyleKing/recipes/goBuild/templates_templ.go:916.34,918.33 2 0
github.com/KyleKing/recipes/goBuild/templates_templ.go:918.33,920.5 1 0
github.com/KyleKing/recipes/goBuild/templates_templ.go:921.4,923.33 3 0
github.com/KyleKing/recipes/goBuild/templates_templ.go:923.33,925.5 1 0
github.com/KyleKing/recipes/goBuild/templates_templ.go:926.4,927.33 2 0
github.com/KyleKing/recipes/goBuild/templates_templ.go:927.33,929.5 1 0
github.com/KyleKing/recipes/goBuild/templates_templ.go:930.4,931.33 2 0
github.com/KyleKing/recipes/goBuild/templates_templ.go:931.33,933.5 1 0
github.com/KyleKing/recipes/goBuild/templates_templ.go:934.4,936.33 3 0
github.com/KyleKing/recipes/goBuild/templates_templ.go:936.33,938.5 1 0
github.com/KyleKing/recipes/goBuild/templates_templ.go:939.4,940.33 2 0
github.com/KyleKing/recipes/goBuild/templates_templ.go:940.33,942.5 1 0
github.com/KyleKing/recipes/goBuild/templates_templ.go:943.4,944.33 2 0
github.com/KyleKing/recipes/goBuild/templates_templ.go:944.33,946.5 1 0
github.com/KyleKing/recipes/goBuild/templates_templ.go:948.3,949.32 2 0
github.com/KyleKing/recipes/goBuild/templates_templ.go:949.32,951.4 1 0
github.com/KyleKing/recipes/goBuild/templates_templ.go:952.3,952.13 1 0
github.com/KyleKing/recipes/goBuild/templates_templ.go:956.54,957.131 1 1
github.com/KyleKing/recipes/goBuild/templates_templ.go:957.131,959.71 2 1
github.com/KyleKing/recipes/goBuild/templates_templ.go:959.71,961.4 1 0
github.com/KyleKing/recipes/goBuild/templates_templ.go:962.3,963.31 2 1
github.com/KyleKing/recipes/goBuild/templates_templ.go:963.31,964.17 1 0
github.com/KyleKing/recipes/goBuild/templates_templ.go:964.17,966.34 2 0
github.com/KyleKing/recipes/goBuild/templates_templ.go:966.34,968.6 1 0
github.com/KyleKing/recipes/goBuild/templates_templ.go:971.3,973.34 3 1
github.com/KyleKing/recipes/goBuild/templates_templ.go:973.34,975.4 1 0
github.com/KyleKing/recipes/goBuild/templates_templ.go:976.3,978.32 3 1
github.com/KyleKing/recipes/goBuild/templates_templ.go:978.32,980.4 1 0
github.com/KyleKing/recipes/goBuild/templates_templ.go:981.3,983.32 3 1
github.com/KyleKing/recipes/goBuild/templates_templ.go:983.32,985.4 1 0
github.com/KyleKing/recipes/goBuild/templates_templ.go:986.3,987.32 2 1
github.com/KyleKing/recipes/goBuild/templates_templ.go:987.32,989.4 1 0
github.com/KyleKing/recipes/goBuild/templates_templ.go:990.3,991.32 2 1
github.com/KyleKing/recipes/goBuild/templates_templ.go:991.32,993.4 1 0
github.com/KyleKing/recipes/goBuild/templates_templ.go:994.3,995.32 2 1
github.com/KyleKing/recipes/goBuild/templates_templ.go:995.32,997.4 1 0
github.com/KyleKing/recipes/goBuild/templates_templ.go:998.3,999.32 2 1
github.com/KyleKing/recipes/goBuild/templates_templ.go:999.32,1001.4 1 0
github.com/KyleKing/recipes/goBuild/templates_templ.go:1002.3,1002.62 1 1
github.com/KyleKing/recipes/goBuild/templates_templ.go:1002.62,1004.33 2 1
github.com/KyleKing/recipes/goBuild/templates_templ.go:1004.33,1006.5 1 0
github.com/KyleKing/recipes/goBuild/templates_templ.go:1007.4,1009.33 3 1
github.com/KyleKing/recipes/goBuild/templates_templ.go:1009.33,1011.5 1 0
github.com/KyleKing/recipes/goBuild/templates_templ.go:1012.4,1013.33 2 1
github.com/KyleKing/recipes/goBuild/templates_templ.go:1013.33,1015.5 1 0
github.com/KyleKing/recipes/goBuild/templates_templ.go:1016.4,1017.33 2 1
github.com/KyleKing/recipes/goBuild/templates_templ.go:1017.33,1019.5 1 0
github.com/KyleKing/recipes/goBuild/templates_templ.go:1020.4,1021.33 2 1
github.com/KyleKing/recipes/goBuild/templates_templ.go:1021.33,1023.5 1 0
github.com/KyleKing/recipes/goBuild/templates_templ.go:1025.3,1026.32 2 1
github.com/KyleKing/recipes/goBuild/templates_templ.go:1026.32,1028.4 1 0
github.com/KyleKing/recipes/goBuild/templates_templ.go:1029.3,1031.32 3 1
github.com/KyleKing/recipes/goBuild/templates_templ.go:1031.32,1033.4 1 0
github.com/KyleKing/recipes/goBuild/templates_templ.go:1034.3,1035.32 2 1
github.com/KyleKing/recipes/goBuild/templates_templ.go:1035.32,1037.4 1 0
github.com/KyleKing/recipes/goBuild/templates_templ.go:1038.3,1039.32 2 1
github.com/KyleKing/recipes/goBuild/templates_templ.go:1039.32,1041.4 1 0
github.com/KyleKing/recipes/goBuild/templates_templ.go:1042.3,1043.32 2 1
github.com/KyleKing/recipes/goBuild/templates_templ.go:1043.32,1045.4 1 0
github.com/KyleKing/recipes/goBuild/templates_templ.go:1046.3,1047.32 2 1
github.com/KyleKing/recipes/goBuild/templates_templ.go:1047.32,1049.4 1 0
github.com/KyleKing/recipes/goBuild/templates_templ.go:1050.3,1052.32 3 1
github.com/KyleKing/recipes/goBuild/templates_templ.go:1052.32,1054.4 1 0
github.com/KyleKing/recipes/goBuild/templates_templ.go:1055.3,1056.32 2 1
github.com/KyleKing/recipes/goBuild/templates_templ.go:1056.32,1058.4 1 0
github.com/KyleKing/recipes/goBuild/templates_templ.go:1059.3,1060.32 2 1
github.com/KyleKing/recipes/goBuild/templates_templ.go:1060.32,1062.4 1 0
github.com/KyleKing/recipes/goBuild/templates_templ.go:1063.3,1064.32 2 1
github.com/KyleKing/recipes/goBuild/templates_templ.go:1064.32,1066.4 1 0
github.com/KyleKing/recipes/goBuild/templates_templ.go:1067.3,1068.32 2 1
github.com/KyleKing/recipes/goBuild/templates_templ.go:1068.32,1070.4 1 0
github.com/KyleKing/recipes/goBuild/templates_templ.go:1071.3,1073.32 3 1
github.com/KyleKing/recipes/goBuild/templates_templ.go:1073.32,1075.4 1 0
github.com/KyleKing/recipes/goBuild/templates_templ.go:1076.3,1077.32 2 1
github.com/KyleKing/recipes/goBuild/templates_templ.go:1077.32,1079.4 1 0
github.com/KyleKing/recipes/goBuild/templates_templ.go:1080.3,1081.32 2 1
github.com/KyleKing/recipes/goBuild/templates_templ.go:1081.32,1083.4 1 0
github.com/KyleKing/recipes/goBuild/templates_templ.go:1084.3,1085.32 2 1
github.com/KyleKing/recipes/goBuild/templates_templ.go:1085.32,1087.4 1 0
github.com/KyleKing/recipes/goBuild/templates_templ.go:1088.3,1089.32 2 1
github.com/KyleKing/recipes/goBuild/templates_templ.go:1089.32,1091.4 1 0
github.com/KyleKing/recipes/goBuild/templates_templ.go:1092.3,1094.32 3 1
github.com/KyleKing/recipes/goBuild/templates_templ.go:1094.32,1096.4 1 0
github.com/KyleKing/recipes/goBuild/templates_templ.go:1097.3,1098.32 2 1
github.com/KyleKing/recipes/goBuild/templates_templ.go:1098.32,1100.4 1 0
github.com/KyleKing/recipes/goBuild/templates_templ.go:1101.3,1102.32 2 1
github.com/KyleKing/recipes/goBuild/templates_templ.go:1102.32,1104.4 1 0
github.com/KyleKing/recipes/goBuild/templates_templ.go:1105.3,1106.32 2 1
github.com/KyleKing/recipes/goBuild/templates_templ.go:1106.32,1108.4 1 0
github.com/KyleKing/recipes/goBuild/templates_templ.go:1109.3,1110.32 2 1
github.com/KyleKing/recipes/goBuild/templates_templ.go:1110.32,1112.4 1 0
github.com/KyleKing/recipes/goBuild/templates_templ.go:1113.3,1113.13 1 1
github.com/KyleKing/recipes/goBuild/templates_templ.go:1117.51,1118.131 1 1
github.com/KyleKing/recipes/goBuild/templates_templ.go:1118.131,1120.71 2 1
github.com/KyleKing/recipes/goBuild/templates_templ.go:1120.71,1122.4 1 0
github.com/KyleKing/recipes/goBuild/templates_templ.go:1123.3,1124.31 2 1
github.com/KyleKing/recipes/goBuild/templates_templ.go:1124.31,1125.17 1 1
github.com/KyleKing/recipes/goBuild/templates_templ.go:1125.17,1127.34 2 1
github.com/KyleKing/recipes/goBuild/templates_templ.go:1127.34,1129.6 1 1
github.com/KyleKing/recipes/goBuild/templates_templ.go:1132.3,1134.34 3 1
github.com/KyleKing/recipes/goBuild/templates_templ.go:1134.34,1136.4 1 0
github.com/KyleKing/recipes/goBuild/templates_templ.go:1137.3,1139.32 3 1
github.com/KyleKing/recipes/goBuild/templates_templ.go:1139.32,1141.4 1 0
github.com/KyleKing/recipes/goBuild/templates_templ.go:1142.3,1142.13 1 1
github.com/KyleKing/recipes/goServe/main.go:16.13,27.16 9 0
github.com/KyleKing/recipes/goServe/main.go:27.16,29.3 1 0
