mode: set
github.com/KyleKing/recipes/main.go:10.13,15.2 3 0
github.com/KyleKing/recipes/cmd/recipe_debug/main.go:13.13,18.22 3 0
github.com/KyleKing/recipes/cmd/recipe_debug/main.go:18.22,21.3 2 0
github.com/KyleKing/recipes/cmd/recipe_debug/main.go:23.2,23.20 1 0
github.com/KyleKing/recipes/cmd/recipe_debug/main.go:24.17,25.41 1 0
github.com/KyleKing/recipes/cmd/recipe_debug/main.go:26.17,27.42 1 0
github.com/KyleKing/recipes/cmd/recipe_debug/main.go:28.10,30.13 2 0
github.com/KyleKing/recipes/cmd/recipe_debug/main.go:34.19,44.2 9 0
github.com/KyleKing/recipes/cmd/recipe_debug/main.go:46.53,47.19 1 0
github.com/KyleKing/recipes/cmd/recipe_debug/main.go:47.19,51.3 3 0
github.com/KyleKing/recipes/cmd/recipe_debug/main.go:53.2,57.16 3 0
github.com/KyleKing/recipes/cmd/recipe_debug/main.go:57.16,60.3 2 0
github.com/KyleKing/recipes/cmd/recipe_debug/main.go:63.2,83.34 11 0
github.com/KyleKing/recipes/cmd/recipe_debug/main.go:83.34,85.3 1 0
github.com/KyleKing/recipes/cmd/recipe_debug/main.go:87.2,89.28 3 0
github.com/KyleKing/recipes/cmd/recipe_debug/main.go:89.28,91.3 1 0
github.com/KyleKing/recipes/cmd/recipe_debug/main.go:92.2,93.34 2 0
github.com/KyleKing/recipes/cmd/recipe_debug/main.go:93.34,95.3 1 0
github.com/KyleKing/recipes/cmd/recipe_debug/main.go:96.2,99.34 3 0
github.com/KyleKing/recipes/cmd/recipe_debug/main.go:99.34,105.33 4 0
github.com/KyleKing/recipes/cmd/recipe_debug/main.go:105.33,108.4 1 0
github.com/KyleKing/recipes/cmd/recipe_debug/main.go:111.3,113.32 3 0
github.com/KyleKing/recipes/cmd/recipe_debug/main.go:113.32,115.4 1 0
github.com/KyleKing/recipes/cmd/recipe_debug/main.go:118.2,121.33 4 0
github.com/KyleKing/recipes/cmd/recipe_debug/main.go:121.33,123.3 1 0
github.com/KyleKing/recipes/cmd/recipe_debug/main.go:124.2,125.34 2 0
github.com/KyleKing/recipes/cmd/recipe_debug/main.go:125.34,127.3 1 0
github.com/KyleKing/recipes/cmd/recipe_debug/main.go:130.54,131.19 1 0
github.com/KyleKing/recipes/cmd/recipe_debug/main.go:131.19,135.3 3 0
github.com/KyleKing/recipes/cmd/recipe_debug/main.go:138.2,148.34 3 0
github.com/KyleKing/recipes/cmd/recipe_debug/main.go:148.34,150.17 2 0
github.com/KyleKing/recipes/cmd/recipe_debug/main.go:150.17,152.12 2 0
github.com/KyleKing/recipes/cmd/recipe_debug/main.go:155.3,169.5 6 0
github.com/KyleKing/recipes/cmd/recipe_debug/main.go:173.2,174.33 2 0
github.com/KyleKing/recipes/cmd/recipe_debug/main.go:174.33,181.3 1 0
github.com/KyleKing/recipes/cmd/recipe_debug/main.go:183.2,190.33 5 0
github.com/KyleKing/recipes/cmd/recipe_debug/main.go:190.33,195.3 4 0
github.com/KyleKing/recipes/cmd/recipe_debug/main.go:198.2,199.36 2 0
github.com/KyleKing/recipes/cmd/recipe_debug/main.go:199.36,200.41 1 0
github.com/KyleKing/recipes/cmd/recipe_debug/main.go:200.41,212.38 9 0
github.com/KyleKing/recipes/cmd/recipe_debug/main.go:212.38,213.30 1 0
github.com/KyleKing/recipes/cmd/recipe_debug/main.go:213.30,215.6 1 0
github.com/KyleKing/recipes/cmd/recipe_debug/main.go:217.4,221.43 3 0
github.com/KyleKing/recipes/cmd/recipe_debug/main.go:221.43,222.35 1 0
github.com/KyleKing/recipes/cmd/recipe_debug/main.go:222.35,224.6 1 0
github.com/KyleKing/recipes/cmd/recipe_debug/main.go:226.4,244.32 13 0
github.com/KyleKing/recipes/cmd/recipe_debug/main.go:244.32,246.43 2 0
github.com/KyleKing/recipes/cmd/recipe_debug/main.go:246.43,248.6 1 0
github.com/KyleKing/recipes/cmd/recipe_debug/main.go:251.4,251.34 1 0
github.com/KyleKing/recipes/cmd/recipe_debug/main.go:251.34,253.45 2 0
github.com/KyleKing/recipes/cmd/recipe_debug/main.go:253.45,255.18 2 0
github.com/KyleKing/recipes/cmd/recipe_debug/main.go:255.18,257.7 1 0
github.com/KyleKing/recipes/cmd/recipe_debug/main.go:257.12,259.7 1 0
github.com/KyleKing/recipes/goServe/main.go:16.13,27.16 9 0
github.com/KyleKing/recipes/goServe/main.go:27.16,29.3 1 0
github.com/KyleKing/recipes/main.go:10.13,15.2 3 0
github.com/KyleKing/recipes/cmd/recipe_debug/main.go:13.13,18.22 3 0
github.com/KyleKing/recipes/cmd/recipe_debug/main.go:18.22,21.3 2 0
github.com/KyleKing/recipes/cmd/recipe_debug/main.go:23.2,23.20 1 0
github.com/KyleKing/recipes/cmd/recipe_debug/main.go:24.17,25.41 1 0
github.com/KyleKing/recipes/cmd/recipe_debug/main.go:26.17,27.42 1 0
github.com/KyleKing/recipes/cmd/recipe_debug/main.go:28.10,30.13 2 0
github.com/KyleKing/recipes/cmd/recipe_debug/main.go:34.19,44.2 9 0
github.com/KyleKing/recipes/cmd/recipe_debug/main.go:46.53,47.19 1 0
github.com/KyleKing/recipes/cmd/recipe_debug/main.go:47.19,51.3 3 0
github.com/KyleKing/recipes/cmd/recipe_debug/main.go:53.2,57.16 3 0
github.com/KyleKing/recipes/cmd/recipe_debug/main.go:57.16,60.3 2 0
github.com/KyleKing/recipes/cmd/recipe_debug/main.go:63.2,83.34 11 0
github.com/KyleKing/recipes/cmd/recipe_debug/main.go:83.34,85.3 1 0
github.com/KyleKing/recipes/cmd/recipe_debug/main.go:87.2,89.28 3 0
github.com/KyleKing/recipes/cmd/recipe_debug/main.go:89.28,91.3 1 0
github.com/KyleKing/recipes/cmd/recipe_debug/main.go:92.2,93.34 2 0
github.com/KyleKing/recipes/cmd/recipe_debug/main.go:93.34,95.3 1 0
github.com/KyleKing/recipes/cmd/recipe_debug/main.go:96.2,99.34 3 0
github.com/KyleKing/recipes/cmd/recipe_debug/main.go:99.34,105.33 4 0
github.com/KyleKing/recipes/cmd/recipe_debug/main.go:105.33,108.4 1 0
github.com/KyleKing/recipes/cmd/recipe_debug/main.go:111.3,113.32 3 0
github.com/KyleKing/recipes/cmd/recipe_debug/main.go:113.32,115.4 1 0
github.com/KyleKing/recipes/cmd/recipe_debug/main.go:118.2,121.33 4 0
github.com/KyleKing/recipes/cmd/recipe_debug/main.go:121.33,123.3 1 0
github.com/KyleKing/recipes/cmd/recipe_debug/main.go:124.2,125.34 2 0
github.com/KyleKing/recipes/cmd/recipe_debug/main.go:125.34,127.3 1 0
github.com/KyleKing/recipes/cmd/recipe_debug/main.go:130.54,131.19 1 0
github.com/KyleKing/recipes/cmd/recipe_debug/main.go:131.19,135.3 3 0
github.com/KyleKing/recipes/cmd/recipe_debug/main.go:138.2,148.34 3 0
github.com/KyleKing/recipes/cmd/recipe_debug/main.go:148.34,150.17 2 0
github.com/KyleKing/recipes/cmd/recipe_debug/main.go:150.17,152.12 2 0
github.com/KyleKing/recipes/cmd/recipe_debug/main.go:155.3,169.5 6 0
github.com/KyleKing/recipes/cmd/recipe_debug/main.go:173.2,174.33 2 0
github.com/KyleKing/recipes/cmd/recipe_debug/main.go:174.33,181.3 1 0
github.com/KyleKing/recipes/cmd/recipe_debug/main.go:183.2,190.33 5 0
github.com/KyleKing/recipes/cmd/recipe_debug/main.go:190.33,195.3 4 0
github.com/KyleKing/recipes/cmd/recipe_debug/main.go:198.2,199.36 2 0
github.com/KyleKing/recipes/cmd/recipe_debug/main.go:199.36,200.41 1 0
github.com/KyleKing/recipes/cmd/recipe_debug/main.go:200.41,212.38 9 0
github.com/KyleKing/recipes/cmd/recipe_debug/main.go:212.38,213.30 1 0
github.com/KyleKing/recipes/cmd/recipe_debug/main.go:213.30,215.6 1 0
github.com/KyleKing/recipes/cmd/recipe_debug/main.go:217.4,221.43 3 0
github.com/KyleKing/recipes/cmd/recipe_debug/main.go:221.43,222.35 1 0
github.com/KyleKing/recipes/cmd/recipe_debug/main.go:222.35,224.6 1 0
github.com/KyleKing/recipes/cmd/recipe_debug/main.go:226.4,244.32 13 0
github.com/KyleKing/recipes/cmd/recipe_debug/main.go:244.32,246.43 2 0
github.com/KyleKing/recipes/cmd/recipe_debug/main.go:246.43,248.6 1 0
github.com/KyleKing/recipes/cmd/recipe_debug/main.go:251.4,251.34 1 0
github.com/KyleKing/recipes/cmd/recipe_debug/main.go:251.34,253.45 2 0
github.com/KyleKing/recipes/cmd/recipe_debug/main.go:253.45,255.18 2 0
github.com/KyleKing/recipes/cmd/recipe_debug/main.go:255.18,257.7 1 0
github.com/KyleKing/recipes/cmd/recipe_debug/main.go:257.12,259.7 1 0
github.com/KyleKing/recipes/goBuild/build.go:26.80,33.85 6 1
github.com/KyleKing/recipes/goBuild/build.go:33.85,35.39 2 1
github.com/KyleKing/recipes/goBuild/build.go:35.39,37.138 1 1
github.com/KyleKing/recipes/goBuild/build.go:37.138,39.19 2 1
github.com/KyleKing/recipes/goBuild/build.go:39.19,41.6 1 1
github.com/KyleKing/recipes/goBuild/build.go:44.3,44.38 1 1
github.com/KyleKing/recipes/goBuild/build.go:47.2,48.95 2 1
github.com/KyleKing/recipes/goBuild/build.go:48.95,51.39 3 1
github.com/KyleKing/recipes/goBuild/build.go:51.39,52.46 1 1
github.com/KyleKing/recipes/goBuild/build.go:52.46,54.19 2 1
github.com/KyleKing/recipes/goBuild/build.go:54.19,56.6 1 1
github.com/KyleKing/recipes/goBuild/build.go:58.5,58.48 1 1
github.com/KyleKing/recipes/goBuild/build.go:58.48,59.158 1 1
github.com/KyleKing/recipes/goBuild/build.go:59.158,61.7 1 1
github.com/KyleKing/recipes/goBuild/build.go:65.3,65.15 1 1
github.com/KyleKing/recipes/goBuild/build.go:68.2,69.67 2 1
github.com/KyleKing/recipes/goBuild/build.go:69.67,70.43 1 1
github.com/KyleKing/recipes/goBuild/build.go:70.43,74.59 3 1
github.com/KyleKing/recipes/goBuild/build.go:74.59,76.5 1 1
github.com/KyleKing/recipes/goBuild/build.go:76.10,76.50 1 1
github.com/KyleKing/recipes/goBuild/build.go:76.50,78.5 1 1
github.com/KyleKing/recipes/goBuild/build.go:81.3,81.39 1 1
github.com/KyleKing/recipes/goBuild/build.go:81.39,83.4 1 1
github.com/KyleKing/recipes/goBuild/build.go:85.3,85.90 1 1
github.com/KyleKing/recipes/goBuild/build.go:85.90,86.56 1 1
github.com/KyleKing/recipes/goBuild/build.go:86.56,88.5 1 1
github.com/KyleKing/recipes/goBuild/build.go:89.9,89.54 1 1
github.com/KyleKing/recipes/goBuild/build.go:89.54,90.51 1 1
github.com/KyleKing/recipes/goBuild/build.go:90.51,92.5 1 1
github.com/KyleKing/recipes/goBuild/build.go:96.2,96.27 1 1
github.com/KyleKing/recipes/goBuild/build.go:96.27,98.3 1 1
github.com/KyleKing/recipes/goBuild/build.go:100.2,107.16 3 1
github.com/KyleKing/recipes/goBuild/build.go:107.16,110.3 2 0
github.com/KyleKing/recipes/goBuild/build.go:112.2,112.26 1 1
github.com/KyleKing/recipes/goBuild/build.go:117.88,119.94 2 1
github.com/KyleKing/recipes/goBuild/build.go:119.94,120.31 1 1
github.com/KyleKing/recipes/goBuild/build.go:120.31,122.49 2 1
github.com/KyleKing/recipes/goBuild/build.go:122.49,124.5 1 0
github.com/KyleKing/recipes/goBuild/build.go:125.4,126.22 2 1
github.com/KyleKing/recipes/goBuild/build.go:128.8,130.3 1 1
github.com/KyleKing/recipes/goBuild/build.go:134.135,135.77 1 1
github.com/KyleKing/recipes/goBuild/build.go:135.77,141.19 5 1
github.com/KyleKing/recipes/goBuild/build.go:141.19,146.40 4 1
github.com/KyleKing/recipes/goBuild/build.go:146.40,148.5 1 1
github.com/KyleKing/recipes/goBuild/build.go:148.10,148.29 1 0
github.com/KyleKing/recipes/goBuild/build.go:148.29,150.5 1 0
github.com/KyleKing/recipes/goBuild/build.go:150.10,153.5 2 0
github.com/KyleKing/recipes/goBuild/build.go:154.4,154.75 1 1
github.com/KyleKing/recipes/goBuild/build.go:157.3,159.22 3 1
github.com/KyleKing/recipes/goBuild/build.go:159.22,160.40 1 1
github.com/KyleKing/recipes/goBuild/build.go:160.40,163.5 2 1
github.com/KyleKing/recipes/goBuild/build.go:163.10,167.5 3 0
github.com/KyleKing/recipes/goBuild/build.go:170.3,170.25 1 1
github.com/KyleKing/recipes/goBuild/build.go:170.25,174.4 3 1
github.com/KyleKing/recipes/goBuild/build.go:176.3,176.38 1 1
github.com/KyleKing/recipes/goBuild/build.go:176.38,178.4 1 0
github.com/KyleKing/recipes/goBuild/build.go:183.102,188.74 4 1
github.com/KyleKing/recipes/goBuild/build.go:188.74,189.43 1 1
github.com/KyleKing/recipes/goBuild/build.go:189.43,191.25 2 1
github.com/KyleKing/recipes/goBuild/build.go:191.25,193.5 1 1
github.com/KyleKing/recipes/goBuild/build.go:197.2,197.27 1 1
github.com/KyleKing/recipes/goBuild/build.go:197.27,199.3 1 1
github.com/KyleKing/recipes/goBuild/build.go:201.2,201.35 1 1
github.com/KyleKing/recipes/goBuild/build.go:201.35,202.20 1 1
github.com/KyleKing/recipes/goBuild/build.go:202.20,204.4 1 1
github.com/KyleKing/recipes/goBuild/build.go:205.3,205.23 1 1
github.com/KyleKing/recipes/goBuild/build.go:208.2,208.12 1 1
github.com/KyleKing/recipes/goBuild/build.go:212.84,227.2 5 0
github.com/KyleKing/recipes/goBuild/build.go:230.93,231.69 1 1
github.com/KyleKing/recipes/goBuild/build.go:231.69,232.34 1 1
github.com/KyleKing/recipes/goBuild/build.go:232.34,234.4 1 1
github.com/KyleKing/recipes/goBuild/build.go:236.3,236.36 1 1
github.com/KyleKing/recipes/goBuild/build.go:236.36,238.4 1 1
github.com/KyleKing/recipes/goBuild/build.go:238.9,240.18 2 1
github.com/KyleKing/recipes/goBuild/build.go:240.18,242.5 1 0
github.com/KyleKing/recipes/goBuild/build.go:244.4,272.77 9 1
github.com/KyleKing/recipes/goBuild/build.go:272.77,274.5 1 0
github.com/KyleKing/recipes/goBuild/build.go:277.3,277.41 1 1
github.com/KyleKing/recipes/goBuild/build.go:277.41,279.4 1 0
github.com/KyleKing/recipes/goBuild/build.go:280.3,280.13 1 1
github.com/KyleKing/recipes/goBuild/build.go:285.86,286.33 1 1
github.com/KyleKing/recipes/goBuild/build.go:286.33,294.13 5 1
github.com/KyleKing/recipes/goBuild/build.go:294.13,296.4 1 0
github.com/KyleKing/recipes/goBuild/build.go:296.9,299.18 2 1
github.com/KyleKing/recipes/goBuild/build.go:299.18,301.13 2 0
github.com/KyleKing/recipes/goBuild/build.go:303.4,303.40 1 1
github.com/KyleKing/recipes/goBuild/build.go:307.3,316.38 2 1
github.com/KyleKing/recipes/goBuild/build.go:316.38,318.4 1 1
github.com/KyleKing/recipes/goBuild/build.go:319.3,320.17 2 1
github.com/KyleKing/recipes/goBuild/build.go:320.17,322.4 1 0
github.com/KyleKing/recipes/goBuild/build.go:324.2,324.12 1 1
github.com/KyleKing/recipes/goBuild/build.go:328.77,330.70 2 1
github.com/KyleKing/recipes/goBuild/build.go:330.70,332.3 1 0
github.com/KyleKing/recipes/goBuild/build.go:334.2,334.69 1 1
github.com/KyleKing/recipes/goBuild/build.go:334.69,336.3 1 0
github.com/KyleKing/recipes/goBuild/build.go:337.2,337.12 1 1
github.com/KyleKing/recipes/goBuild/build.go:341.59,342.37 1 1
github.com/KyleKing/recipes/goBuild/build.go:342.37,344.43 1 1
github.com/KyleKing/recipes/goBuild/build.go:344.43,347.4 2 0
github.com/KyleKing/recipes/goBuild/build.go:348.3,348.52 1 1
github.com/KyleKing/recipes/goBuild/build.go:351.2,351.69 1 1
github.com/KyleKing/recipes/goBuild/build.go:355.70,356.37 1 1
github.com/KyleKing/recipes/goBuild/build.go:356.37,358.3 1 1
github.com/KyleKing/recipes/goBuild/build.go:360.2,360.72 1 1
github.com/KyleKing/recipes/goBuild/build.go:364.59,366.30 2 1
github.com/KyleKing/recipes/goBuild/build.go:366.30,369.3 2 1
github.com/KyleKing/recipes/goBuild/build.go:371.2,375.24 3 1
github.com/KyleKing/recipes/goBuild/build.go:375.24,377.3 1 1
github.com/KyleKing/recipes/goBuild/build.go:378.2,380.27 2 1
github.com/KyleKing/recipes/goBuild/build.go:380.27,385.79 4 1
github.com/KyleKing/recipes/goBuild/build.go:385.79,387.4 1 0
github.com/KyleKing/recipes/goBuild/build.go:388.3,388.58 1 1
github.com/KyleKing/recipes/goBuild/build.go:391.2,394.12 3 1
github.com/KyleKing/recipes/goBuild/build.go:398.30,408.45 5 1
github.com/KyleKing/recipes/goBuild/build.go:408.45,411.3 2 1
github.com/KyleKing/recipes/goBuild/build.go:414.2,453.87 27 1
github.com/KyleKing/recipes/goBuild/build.go:453.87,455.3 1 1
github.com/KyleKing/recipes/goBuild/build.go:456.2,462.69 5 1
github.com/KyleKing/recipes/goBuild/exported.go:13.26,15.2 1 0
github.com/KyleKing/recipes/goBuild/exported.go:18.92,20.2 1 0
github.com/KyleKing/recipes/goBuild/exported.go:23.73,25.2 1 0
github.com/KyleKing/recipes/goBuild/exported.go:28.55,30.2 1 0
github.com/KyleKing/recipes/goBuild/exported.go:33.61,35.2 1 0
github.com/KyleKing/recipes/goBuild/exported.go:38.92,40.2 1 0
github.com/KyleKing/recipes/goBuild/exported.go:43.86,45.2 1 0
github.com/KyleKing/recipes/goBuild/exported.go:48.115,56.2 1 0
github.com/KyleKing/recipes/goBuild/exported.go:59.84,63.67 3 0
github.com/KyleKing/recipes/goBuild/exported.go:63.67,64.43 1 0
github.com/KyleKing/recipes/goBuild/exported.go:64.43,68.59 3 0
github.com/KyleKing/recipes/goBuild/exported.go:68.59,70.5 1 0
github.com/KyleKing/recipes/goBuild/exported.go:73.3,73.39 1 0
github.com/KyleKing/recipes/goBuild/exported.go:73.39,75.4 1 0
github.com/KyleKing/recipes/goBuild/exported.go:78.2,78.27 1 0
github.com/KyleKing/recipes/goBuild/exported.go:78.27,80.18 2 0
github.com/KyleKing/recipes/goBuild/exported.go:80.18,81.9 1 0
github.com/KyleKing/recipes/goBuild/exported.go:85.2,85.14 1 0
github.com/KyleKing/recipes/goBuild/filters.go:20.67,21.33 1 1
github.com/KyleKing/recipes/goBuild/filters.go:21.33,28.61 2 1
github.com/KyleKing/recipes/goBuild/filters.go:28.61,30.4 1 0
github.com/KyleKing/recipes/goBuild/filters.go:30.9,30.67 1 1
github.com/KyleKing/recipes/goBuild/filters.go:30.67,32.4 1 1
github.com/KyleKing/recipes/goBuild/filters.go:34.3,35.22 2 1
github.com/KyleKing/recipes/goBuild/filters.go:39.76,40.27 1 1
github.com/KyleKing/recipes/goBuild/filters.go:40.27,42.3 1 1
github.com/KyleKing/recipes/goBuild/filters.go:44.2,48.30 4 1
github.com/KyleKing/recipes/goBuild/filters.go:48.30,50.3 1 1
github.com/KyleKing/recipes/goBuild/filters.go:52.2,52.17 1 1
github.com/KyleKing/recipes/goBuild/filters.go:55.53,58.2 2 1
github.com/KyleKing/recipes/goBuild/filters.go:60.76,62.33 2 1
github.com/KyleKing/recipes/goBuild/filters.go:62.33,63.24 1 1
github.com/KyleKing/recipes/goBuild/filters.go:63.24,65.4 1 1
github.com/KyleKing/recipes/goBuild/filters.go:67.2,67.17 1 1
github.com/KyleKing/recipes/goBuild/filters.go:70.42,71.42 1 1
github.com/KyleKing/recipes/goBuild/filters.go:71.42,72.70 1 1
github.com/KyleKing/recipes/goBuild/filters.go:72.70,74.4 1 0
github.com/KyleKing/recipes/goBuild/filters.go:75.3,75.70 1 1
github.com/KyleKing/recipes/goBuild/filters.go:75.70,77.4 1 0
github.com/KyleKing/recipes/goBuild/filters.go:78.3,78.58 1 1
github.com/KyleKing/recipes/goBuild/filters.go:82.41,83.42 1 1
github.com/KyleKing/recipes/goBuild/filters.go:83.42,84.70 1 1
github.com/KyleKing/recipes/goBuild/filters.go:84.70,86.4 1 0
github.com/KyleKing/recipes/goBuild/filters.go:87.3,87.70 1 1
github.com/KyleKing/recipes/goBuild/filters.go:87.70,89.4 1 0
github.com/KyleKing/recipes/goBuild/filters.go:90.3,90.59 1 1
github.com/KyleKing/recipes/goBuild/filters.go:94.42,95.42 1 1
github.com/KyleKing/recipes/goBuild/filters.go:95.42,96.72 1 1
github.com/KyleKing/recipes/goBuild/filters.go:96.72,98.4 1 0
github.com/KyleKing/recipes/goBuild/filters.go:99.3,99.72 1 1
github.com/KyleKing/recipes/goBuild/filters.go:99.72,101.4 1 0
github.com/KyleKing/recipes/goBuild/filters.go:102.3,102.61 1 1
github.com/KyleKing/recipes/goBuild/filters.go:106.55,107.24 1 1
github.com/KyleKing/recipes/goBuild/filters.go:107.24,109.3 1 1
github.com/KyleKing/recipes/goBuild/filters.go:110.2,110.16 1 1
github.com/KyleKing/recipes/goBuild/filters.go:113.52,115.30 2 1
github.com/KyleKing/recipes/goBuild/filters.go:115.30,117.3 1 1
github.com/KyleKing/recipes/goBuild/filters.go:119.2,120.36 2 1
github.com/KyleKing/recipes/goBuild/filters.go:120.36,122.3 1 1
github.com/KyleKing/recipes/goBuild/filters.go:124.2,126.44 3 1
github.com/KyleKing/recipes/goBuild/filters.go:126.44,128.76 2 1
github.com/KyleKing/recipes/goBuild/filters.go:128.76,130.4 1 1
github.com/KyleKing/recipes/goBuild/filters.go:133.2,133.58 1 1
github.com/KyleKing/recipes/goBuild/filters.go:133.58,135.3 1 1
github.com/KyleKing/recipes/goBuild/filters.go:136.2,151.3 8 1
github.com/KyleKing/recipes/goBuild/git_info.go:22.38,23.25 1 1
github.com/KyleKing/recipes/goBuild/git_info.go:23.25,36.30 6 1
github.com/KyleKing/recipes/goBuild/git_info.go:36.30,38.4 1 0
github.com/KyleKing/recipes/goBuild/git_info.go:39.3,39.33 1 1
github.com/KyleKing/recipes/goBuild/git_info.go:39.33,41.4 1 0
github.com/KyleKing/recipes/goBuild/git_info.go:43.3,43.30 1 1
github.com/KyleKing/recipes/goBuild/git_info.go:43.30,48.4 1 0
github.com/KyleKing/recipes/goBuild/git_info.go:50.3,50.96 1 1
github.com/KyleKing/recipes/goBuild/git_info.go:54.72,60.16 4 1
github.com/KyleKing/recipes/goBuild/git_info.go:60.16,63.3 2 0
github.com/KyleKing/recipes/goBuild/git_info.go:65.2,68.29 3 1
github.com/KyleKing/recipes/goBuild/git_info.go:68.29,70.17 2 1
github.com/KyleKing/recipes/goBuild/git_info.go:70.17,71.12 1 1
github.com/KyleKing/recipes/goBuild/git_info.go:75.3,75.68 1 0
github.com/KyleKing/recipes/goBuild/git_info.go:75.68,77.4 1 0
github.com/KyleKing/recipes/goBuild/git_info.go:77.9,77.49 1 0
github.com/KyleKing/recipes/goBuild/git_info.go:77.49,79.66 1 0
github.com/KyleKing/recipes/goBuild/git_info.go:79.66,81.5 1 0
github.com/KyleKing/recipes/goBuild/git_info.go:85.2,85.14 1 1
github.com/KyleKing/recipes/goBuild/git_info.go:88.68,94.16 4 1
github.com/KyleKing/recipes/goBuild/git_info.go:94.16,97.3 2 0
github.com/KyleKing/recipes/goBuild/git_info.go:99.2,102.29 3 1
github.com/KyleKing/recipes/goBuild/git_info.go:102.29,104.17 2 1
github.com/KyleKing/recipes/goBuild/git_info.go:104.17,105.12 1 1
github.com/KyleKing/recipes/goBuild/git_info.go:109.3,109.68 1 0
github.com/KyleKing/recipes/goBuild/git_info.go:109.68,111.4 1 0
github.com/KyleKing/recipes/goBuild/git_info.go:111.9,111.49 1 0
github.com/KyleKing/recipes/goBuild/git_info.go:111.49,113.66 1 0
github.com/KyleKing/recipes/goBuild/git_info.go:113.66,115.5 1 0
github.com/KyleKing/recipes/goBuild/git_info.go:119.2,119.14 1 1
github.com/KyleKing/recipes/goBuild/git_info.go:122.67,126.53 3 1
github.com/KyleKing/recipes/goBuild/git_info.go:126.53,128.3 1 0
github.com/KyleKing/recipes/goBuild/git_info.go:130.2,130.33 1 1
github.com/KyleKing/recipes/goBuild/git_info.go:133.65,137.2 3 1
github.com/KyleKing/recipes/goBuild/helpers.go:10.37,12.47 2 1
github.com/KyleKing/recipes/goBuild/helpers.go:12.47,13.20 1 1
github.com/KyleKing/recipes/goBuild/helpers.go:13.20,16.4 2 1
github.com/KyleKing/recipes/goBuild/helpers.go:18.2,18.33 1 1
github.com/KyleKing/recipes/goBuild/helpers.go:21.38,24.2 2 1
github.com/KyleKing/recipes/goBuild/helpers.go:26.38,28.2 1 1
github.com/KyleKing/recipes/goBuild/helpers.go:30.29,31.16 1 1
github.com/KyleKing/recipes/goBuild/helpers.go:31.16,33.3 1 0
github.com/KyleKing/recipes/goBuild/helpers.go:36.49,38.19 2 1
github.com/KyleKing/recipes/goBuild/helpers.go:38.19,40.3 1 1
github.com/KyleKing/recipes/goBuild/helpers.go:41.2,42.13 2 1
github.com/KyleKing/recipes/goBuild/ingredients.go:18.26,19.20 1 1
github.com/KyleKing/recipes/goBuild/ingredients.go:19.20,22.17 3 1
github.com/KyleKing/recipes/goBuild/ingredients.go:22.17,24.4 1 0
github.com/KyleKing/recipes/goBuild/ingredients.go:26.2,26.12 1 1
github.com/KyleKing/recipes/goBuild/ingredients.go:62.73,66.44 3 1
github.com/KyleKing/recipes/goBuild/ingredients.go:66.44,81.32 6 1
github.com/KyleKing/recipes/goBuild/ingredients.go:81.32,85.35 2 1
github.com/KyleKing/recipes/goBuild/ingredients.go:85.35,86.13 1 1
github.com/KyleKing/recipes/goBuild/ingredients.go:90.4,90.37 1 1
github.com/KyleKing/recipes/goBuild/ingredients.go:90.37,91.13 1 1
github.com/KyleKing/recipes/goBuild/ingredients.go:95.4,100.74 4 1
github.com/KyleKing/recipes/goBuild/ingredients.go:100.74,103.5 1 0
github.com/KyleKing/recipes/goBuild/ingredients.go:105.4,105.32 1 1
github.com/KyleKing/recipes/goBuild/ingredients.go:105.32,111.25 3 1
github.com/KyleKing/recipes/goBuild/ingredients.go:111.25,120.6 4 1
github.com/KyleKing/recipes/goBuild/ingredients.go:125.3,125.21 1 1
github.com/KyleKing/recipes/goBuild/ingredients.go:125.21,127.33 2 1
github.com/KyleKing/recipes/goBuild/ingredients.go:127.33,128.48 1 1
github.com/KyleKing/recipes/goBuild/ingredients.go:128.48,130.53 2 1
github.com/KyleKing/recipes/goBuild/ingredients.go:130.53,133.7 2 1
github.com/KyleKing/recipes/goBuild/ingredients.go:139.3,139.21 1 1
github.com/KyleKing/recipes/goBuild/ingredients.go:139.21,141.40 2 1
github.com/KyleKing/recipes/goBuild/ingredients.go:141.40,142.46 1 1
github.com/KyleKing/recipes/goBuild/ingredients.go:142.46,144.6 1 1
github.com/KyleKing/recipes/goBuild/ingredients.go:149.2,149.16 1 1
github.com/KyleKing/recipes/goBuild/ingredients.go:153.69,154.29 1 1
github.com/KyleKing/recipes/goBuild/ingredients.go:154.29,155.45 1 1
github.com/KyleKing/recipes/goBuild/ingredients.go:155.45,157.4 1 1
github.com/KyleKing/recipes/goBuild/ingredients.go:159.2,159.18 1 0
github.com/KyleKing/recipes/goBuild/ingredients.go:164.72,169.24 3 1
github.com/KyleKing/recipes/goBuild/ingredients.go:169.24,171.3 1 1
github.com/KyleKing/recipes/goBuild/ingredients.go:173.2,173.29 1 1
github.com/KyleKing/recipes/goBuild/ingredients.go:173.29,175.44 1 1
github.com/KyleKing/recipes/goBuild/ingredients.go:175.44,178.25 1 0
github.com/KyleKing/recipes/goBuild/ingredients.go:178.25,180.56 2 0
github.com/KyleKing/recipes/goBuild/ingredients.go:180.56,184.6 2 0
github.com/KyleKing/recipes/goBuild/ingredients.go:189.2,189.18 1 1
github.com/KyleKing/recipes/goBuild/ingredients.go:193.88,196.29 2 1
github.com/KyleKing/recipes/goBuild/ingredients.go:196.29,201.30 3 1
github.com/KyleKing/recipes/goBuild/ingredients.go:201.30,202.12 1 1
github.com/KyleKing/recipes/goBuild/ingredients.go:206.3,206.65 1 1
github.com/KyleKing/recipes/goBuild/ingredients.go:206.65,207.12 1 1
github.com/KyleKing/recipes/goBuild/ingredients.go:211.3,211.26 1 1
github.com/KyleKing/recipes/goBuild/ingredients.go:211.26,212.12 1 1
github.com/KyleKing/recipes/goBuild/ingredients.go:220.3,220.18 1 1
github.com/KyleKing/recipes/goBuild/ingredients.go:221.57,223.47 1 1
github.com/KyleKing/recipes/goBuild/ingredients.go:223.47,225.5 1 1
github.com/KyleKing/recipes/goBuild/ingredients.go:226.19,228.37 1 1
github.com/KyleKing/recipes/goBuild/ingredients.go:229.15,231.39 1 1
github.com/KyleKing/recipes/goBuild/ingredients.go:231.39,233.5 1 1
github.com/KyleKing/recipes/goBuild/ingredients.go:234.14,238.25 1 0
github.com/KyleKing/recipes/goBuild/ingredients.go:238.25,240.5 1 0
github.com/KyleKing/recipes/goBuild/ingredients.go:244.2,244.14 1 1
github.com/KyleKing/recipes/goBuild/ingredients.go:250.98,264.33 2 1
github.com/KyleKing/recipes/goBuild/ingredients.go:264.33,266.3 1 1
github.com/KyleKing/recipes/goBuild/ingredients.go:268.2,268.29 1 1
github.com/KyleKing/recipes/goBuild/ingredients.go:268.29,269.28 1 1
github.com/KyleKing/recipes/goBuild/ingredients.go:269.28,272.68 2 1
github.com/KyleKing/recipes/goBuild/ingredients.go:272.68,273.33 1 1
github.com/KyleKing/recipes/goBuild/ingredients.go:273.33,275.6 1 1
github.com/KyleKing/recipes/goBuild/ingredients.go:283.71,285.39 1 1
github.com/KyleKing/recipes/goBuild/ingredients.go:285.39,287.3 1 1
github.com/KyleKing/recipes/goBuild/ingredients.go:290.2,290.39 1 1
github.com/KyleKing/recipes/goBuild/ingredients.go:290.39,291.24 1 1
github.com/KyleKing/recipes/goBuild/ingredients.go:291.24,293.4 1 1
github.com/KyleKing/recipes/goBuild/ingredients.go:296.3,300.45 2 1
github.com/KyleKing/recipes/goBuild/ingredients.go:300.45,301.12 1 1
github.com/KyleKing/recipes/goBuild/ingredients.go:304.3,305.36 2 1
github.com/KyleKing/recipes/goBuild/ingredients.go:305.36,307.4 1 1
github.com/KyleKing/recipes/goBuild/ingredients.go:310.2,310.15 1 0
github.com/KyleKing/recipes/goBuild/ingredients.go:314.44,316.2 1 1
github.com/KyleKing/recipes/goBuild/ingredients.go:319.38,333.2 2 1
github.com/KyleKing/recipes/goBuild/ingredients.go:337.45,343.16 2 1
github.com/KyleKing/recipes/goBuild/ingredients.go:343.16,345.3 1 1
github.com/KyleKing/recipes/goBuild/ingredients.go:348.2,353.22 2 1
github.com/KyleKing/recipes/goBuild/ingredients.go:353.22,355.3 1 1
github.com/KyleKing/recipes/goBuild/ingredients.go:359.2,359.13 1 1
github.com/KyleKing/recipes/goBuild/ingredients.go:362.43,366.22 3 1
github.com/KyleKing/recipes/goBuild/ingredients.go:366.22,367.15 1 1
github.com/KyleKing/recipes/goBuild/ingredients.go:367.15,369.12 2 1
github.com/KyleKing/recipes/goBuild/ingredients.go:371.3,371.15 1 1
github.com/KyleKing/recipes/goBuild/ingredients.go:371.15,373.12 2 1
github.com/KyleKing/recipes/goBuild/ingredients.go:375.3,375.22 1 1
github.com/KyleKing/recipes/goBuild/ingredients.go:375.22,377.4 1 1
github.com/KyleKing/recipes/goBuild/ingredients.go:379.2,379.34 1 1
github.com/KyleKing/recipes/goBuild/ingredients.go:382.44,388.21 4 1
github.com/KyleKing/recipes/goBuild/ingredients.go:388.21,390.3 1 0
github.com/KyleKing/recipes/goBuild/ingredients.go:393.2,414.29 4 1
github.com/KyleKing/recipes/goBuild/ingredients.go:414.29,415.42 1 1
github.com/KyleKing/recipes/goBuild/ingredients.go:415.42,416.12 1 1
github.com/KyleKing/recipes/goBuild/ingredients.go:418.3,418.38 1 1
github.com/KyleKing/recipes/goBuild/ingredients.go:418.38,419.12 1 1
github.com/KyleKing/recipes/goBuild/ingredients.go:421.3,422.42 2 1
github.com/KyleKing/recipes/goBuild/ingredients.go:426.2,426.74 1 1
github.com/KyleKing/recipes/goBuild/ingredients.go:426.74,428.3 1 0
github.com/KyleKing/recipes/goBuild/ingredients.go:430.2,430.39 1 1
github.com/KyleKing/recipes/goBuild/ingredients.go:433.32,436.21 2 1
github.com/KyleKing/recipes/goBuild/ingredients.go:436.21,438.3 1 1
github.com/KyleKing/recipes/goBuild/ingredients.go:439.2,439.51 1 1
github.com/KyleKing/recipes/goBuild/ingredients.go:442.50,443.21 1 1
github.com/KyleKing/recipes/goBuild/ingredients.go:443.21,445.3 1 1
github.com/KyleKing/recipes/goBuild/ingredients.go:448.2,461.51 2 1
github.com/KyleKing/recipes/goBuild/ingredients.go:464.48,465.20 1 1
github.com/KyleKing/recipes/goBuild/ingredients.go:465.20,467.3 1 1
github.com/KyleKing/recipes/goBuild/ingredients.go:470.2,490.47 2 1
github.com/KyleKing/recipes/goBuild/ingredients.go:493.31,496.23 2 1
github.com/KyleKing/recipes/goBuild/ingredients.go:496.23,498.3 1 1
github.com/KyleKing/recipes/goBuild/ingredients.go:499.2,499.28 1 1
github.com/KyleKing/recipes/goBuild/ingredients.go:499.28,500.51 1 1
github.com/KyleKing/recipes/goBuild/ingredients.go:500.51,502.4 1 1
github.com/KyleKing/recipes/goBuild/ingredients.go:504.2,504.13 1 1
github.com/KyleKing/recipes/goBuild/ingredients.go:507.61,512.34 4 1
github.com/KyleKing/recipes/goBuild/ingredients.go:512.34,513.39 1 1
github.com/KyleKing/recipes/goBuild/ingredients.go:513.39,515.4 1 1
github.com/KyleKing/recipes/goBuild/ingredients.go:518.2,518.33 1 1
github.com/KyleKing/recipes/goBuild/ingredients.go:518.33,520.3 1 1
github.com/KyleKing/recipes/goBuild/ingredients.go:522.2,522.12 1 1
github.com/KyleKing/recipes/goBuild/ingredients.go:525.92,530.30 4 1
github.com/KyleKing/recipes/goBuild/ingredients.go:530.30,533.3 2 1
github.com/KyleKing/recipes/goBuild/ingredients.go:535.2,535.30 1 1
github.com/KyleKing/recipes/goBuild/ingredients.go:535.30,538.3 2 1
github.com/KyleKing/recipes/goBuild/ingredients.go:540.2,540.30 1 1
github.com/KyleKing/recipes/goBuild/ingredients.go:540.30,541.22 1 1
github.com/KyleKing/recipes/goBuild/ingredients.go:541.22,544.4 2 1
github.com/KyleKing/recipes/goBuild/ingredients.go:547.2,547.40 1 1
github.com/KyleKing/recipes/goBuild/ingredients.go:547.40,549.3 1 0
github.com/KyleKing/recipes/goBuild/ingredients.go:551.2,551.69 1 1
github.com/KyleKing/recipes/goBuild/ingredients.go:554.86,558.44 3 1
github.com/KyleKing/recipes/goBuild/ingredients.go:558.44,560.3 1 0
github.com/KyleKing/recipes/goBuild/ingredients.go:564.2,568.29 4 1
github.com/KyleKing/recipes/goBuild/ingredients.go:568.29,570.18 2 1
github.com/KyleKing/recipes/goBuild/ingredients.go:570.18,573.4 1 1
github.com/KyleKing/recipes/goBuild/ingredients.go:574.3,574.32 1 1
github.com/KyleKing/recipes/goBuild/ingredients.go:577.2,577.29 1 1
github.com/KyleKing/recipes/goBuild/ingredients.go:577.29,579.18 2 1
github.com/KyleKing/recipes/goBuild/ingredients.go:579.18,581.4 1 1
github.com/KyleKing/recipes/goBuild/ingredients.go:582.3,582.32 1 1
github.com/KyleKing/recipes/goBuild/ingredients.go:585.2,585.29 1 1
github.com/KyleKing/recipes/goBuild/ingredients.go:585.29,586.21 1 1
github.com/KyleKing/recipes/goBuild/ingredients.go:586.21,588.19 2 1
github.com/KyleKing/recipes/goBuild/ingredients.go:588.19,590.5 1 1
github.com/KyleKing/recipes/goBuild/ingredients.go:591.4,591.33 1 1
github.com/KyleKing/recipes/goBuild/ingredients.go:595.2,595.40 1 1
github.com/KyleKing/recipes/goBuild/ingredients.go:595.40,597.3 1 0
github.com/KyleKing/recipes/goBuild/ingredients.go:599.2,599.69 1 1
github.com/KyleKing/recipes/goBuild/ingredients.go:602.55,612.29 5 1
github.com/KyleKing/recipes/goBuild/ingredients.go:612.29,614.47 2 1
github.com/KyleKing/recipes/goBuild/ingredients.go:614.47,616.4 1 1
github.com/KyleKing/recipes/goBuild/ingredients.go:619.2,619.15 1 1
github.com/KyleKing/recipes/goBuild/ingredients.go:622.90,627.2 3 0
github.com/KyleKing/recipes/goBuild/ingredients.go:629.53,631.23 2 1
github.com/KyleKing/recipes/goBuild/ingredients.go:631.23,632.15 1 1
github.com/KyleKing/recipes/goBuild/ingredients.go:632.15,634.4 1 1
github.com/KyleKing/recipes/goBuild/ingredients.go:636.2,637.15 2 1
github.com/KyleKing/recipes/goBuild/ingredients.go:640.135,643.46 2 1
github.com/KyleKing/recipes/goBuild/ingredients.go:643.46,644.34 1 1
github.com/KyleKing/recipes/goBuild/ingredients.go:644.34,645.12 1 1
github.com/KyleKing/recipes/goBuild/ingredients.go:648.3,657.90 5 1
github.com/KyleKing/recipes/goBuild/ingredients.go:657.90,671.4 2 1
github.com/KyleKing/recipes/goBuild/ingredients.go:674.2,674.41 1 1
github.com/KyleKing/recipes/goBuild/ingredients.go:674.41,676.3 1 1
github.com/KyleKing/recipes/goBuild/ingredients.go:678.2,678.30 1 1
github.com/KyleKing/recipes/goBuild/ingredients.go:678.30,680.3 1 0
github.com/KyleKing/recipes/goBuild/ingredients.go:682.2,682.15 1 1
github.com/KyleKing/recipes/goBuild/related_recipes.go:13.92,18.85 4 1
github.com/KyleKing/recipes/goBuild/related_recipes.go:18.85,20.39 2 1
github.com/KyleKing/recipes/goBuild/related_recipes.go:20.39,21.138 1 1
github.com/KyleKing/recipes/goBuild/related_recipes.go:21.138,23.19 2 1
github.com/KyleKing/recipes/goBuild/related_recipes.go:23.19,25.6 1 1
github.com/KyleKing/recipes/goBuild/related_recipes.go:28.3,28.38 1 1
github.com/KyleKing/recipes/goBuild/related_recipes.go:31.2,32.95 2 1
github.com/KyleKing/recipes/goBuild/related_recipes.go:32.95,34.39 2 1
github.com/KyleKing/recipes/goBuild/related_recipes.go:34.39,35.46 1 1
github.com/KyleKing/recipes/goBuild/related_recipes.go:35.46,37.19 2 1
github.com/KyleKing/recipes/goBuild/related_recipes.go:37.19,39.6 1 1
github.com/KyleKing/recipes/goBuild/related_recipes.go:40.5,40.48 1 1
github.com/KyleKing/recipes/goBuild/related_recipes.go:40.48,41.158 1 1
github.com/KyleKing/recipes/goBuild/related_recipes.go:41.158,43.7 1 1
github.com/KyleKing/recipes/goBuild/related_recipes.go:47.3,47.15 1 1
github.com/KyleKing/recipes/goBuild/related_recipes.go:50.2,51.67 2 1
github.com/KyleKing/recipes/goBuild/related_recipes.go:51.67,52.43 1 1
github.com/KyleKing/recipes/goBuild/related_recipes.go:52.43,56.43 3 1
github.com/KyleKing/recipes/goBuild/related_recipes.go:56.43,58.5 1 1
github.com/KyleKing/recipes/goBuild/related_recipes.go:61.3,61.39 1 1
github.com/KyleKing/recipes/goBuild/related_recipes.go:61.39,63.4 1 1
github.com/KyleKing/recipes/goBuild/related_recipes.go:65.3,65.90 1 1
github.com/KyleKing/recipes/goBuild/related_recipes.go:65.90,66.56 1 1
github.com/KyleKing/recipes/goBuild/related_recipes.go:66.56,68.5 1 1
github.com/KyleKing/recipes/goBuild/related_recipes.go:72.2,72.27 1 1
github.com/KyleKing/recipes/goBuild/related_recipes.go:72.27,74.3 1 1
github.com/KyleKing/recipes/goBuild/related_recipes.go:76.2,76.20 1 1
github.com/KyleKing/recipes/goBuild/related_recipes.go:79.97,87.33 5 1
github.com/KyleKing/recipes/goBuild/related_recipes.go:87.33,96.13 6 1
github.com/KyleKing/recipes/goBuild/related_recipes.go:96.13,98.4 1 0
github.com/KyleKing/recipes/goBuild/related_recipes.go:98.9,101.18 2 1
github.com/KyleKing/recipes/goBuild/related_recipes.go:101.18,103.13 2 0
github.com/KyleKing/recipes/goBuild/related_recipes.go:106.4,107.49 2 1
github.com/KyleKing/recipes/goBuild/related_recipes.go:111.3,111.113 1 1
github.com/KyleKing/recipes/goBuild/related_recipes.go:111.113,114.4 2 0
github.com/KyleKing/recipes/goBuild/related_recipes.go:114.9,121.18 4 1
github.com/KyleKing/recipes/goBuild/related_recipes.go:121.18,124.5 2 0
github.com/KyleKing/recipes/goBuild/related_recipes.go:126.4,132.5 1 1
github.com/KyleKing/recipes/goBuild/related_recipes.go:135.3,141.4 1 1
github.com/KyleKing/recipes/goBuild/related_recipes.go:145.2,145.54 1 1
github.com/KyleKing/recipes/goBuild/related_recipes.go:145.54,147.3 1 0
github.com/KyleKing/recipes/goBuild/related_recipes.go:149.2,151.14 2 1
github.com/KyleKing/recipes/goBuild/related_recipes.go:154.67,156.2 1 1
github.com/KyleKing/recipes/goBuild/related_recipes.go:158.94,161.33 3 1
github.com/KyleKing/recipes/goBuild/related_recipes.go:161.33,162.44 1 1
github.com/KyleKing/recipes/goBuild/related_recipes.go:162.44,168.37 4 1
github.com/KyleKing/recipes/goBuild/related_recipes.go:168.37,170.5 1 1
github.com/KyleKing/recipes/goBuild/related_recipes.go:171.4,176.23 5 1
github.com/KyleKing/recipes/goBuild/related_recipes.go:179.2,179.61 1 1
github.com/KyleKing/recipes/goBuild/schemas.go:16.35,18.2 1 1
github.com/KyleKing/recipes/goBuild/schemas.go:27.91,30.80 3 1
github.com/KyleKing/recipes/goBuild/schemas.go:30.80,32.3 1 1
github.com/KyleKing/recipes/goBuild/schemas.go:33.2,39.3 2 1
github.com/KyleKing/recipes/goBuild/schemas.go:56.69,67.2 1 1
github.com/KyleKing/recipes/goBuild/schemas.go:109.36,113.2 1 1
github.com/KyleKing/recipes/goBuild/schemas.go:115.62,120.2 4 1
github.com/KyleKing/recipes/goBuild/schemas.go:122.62,126.2 3 1
github.com/KyleKing/recipes/goBuild/similarity_cache.go:30.32,32.2 1 1
github.com/KyleKing/recipes/goBuild/similarity_cache.go:34.29,36.2 1 1
github.com/KyleKing/recipes/goBuild/similarity_cache.go:38.55,40.16 2 1
github.com/KyleKing/recipes/goBuild/similarity_cache.go:40.16,42.3 1 1
github.com/KyleKing/recipes/goBuild/similarity_cache.go:43.2,46.47 3 1
github.com/KyleKing/recipes/goBuild/similarity_cache.go:46.47,48.3 1 0
github.com/KyleKing/recipes/goBuild/similarity_cache.go:50.2,50.46 1 1
github.com/KyleKing/recipes/goBuild/similarity_cache.go:53.45,57.16 3 1
github.com/KyleKing/recipes/goBuild/similarity_cache.go:57.16,58.26 1 1
github.com/KyleKing/recipes/goBuild/similarity_cache.go:58.26,60.4 1 0
github.com/KyleKing/recipes/goBuild/similarity_cache.go:61.3,64.4 1 1
github.com/KyleKing/recipes/goBuild/similarity_cache.go:67.2,68.53 2 0
github.com/KyleKing/recipes/goBuild/similarity_cache.go:68.53,74.3 2 0
github.com/KyleKing/recipes/goBuild/similarity_cache.go:76.2,76.15 1 0
github.com/KyleKing/recipes/goBuild/similarity_cache.go:79.56,80.41 1 1
github.com/KyleKing/recipes/goBuild/similarity_cache.go:80.41,82.3 1 0
github.com/KyleKing/recipes/goBuild/similarity_cache.go:84.2,87.16 3 1
github.com/KyleKing/recipes/goBuild/similarity_cache.go:87.16,89.3 1 0
github.com/KyleKing/recipes/goBuild/similarity_cache.go:91.2,92.61 2 1
github.com/KyleKing/recipes/goBuild/similarity_cache.go:92.61,94.3 1 0
github.com/KyleKing/recipes/goBuild/similarity_cache.go:96.2,96.12 1 1
github.com/KyleKing/recipes/goBuild/similarity_cache.go:99.80,101.47 1 1
github.com/KyleKing/recipes/goBuild/similarity_cache.go:101.47,103.3 1 1
github.com/KyleKing/recipes/goBuild/similarity_cache.go:106.2,107.16 2 1
github.com/KyleKing/recipes/goBuild/similarity_cache.go:107.16,109.3 1 0
github.com/KyleKing/recipes/goBuild/similarity_cache.go:112.2,112.39 1 1
github.com/KyleKing/recipes/goBuild/templates_templ.go:26.107,27.131 1 1
github.com/KyleKing/recipes/goBuild/templates_templ.go:27.131,29.71 2 1
github.com/KyleKing/recipes/goBuild/templates_templ.go:29.71,31.4 1 0
github.com/KyleKing/recipes/goBuild/templates_templ.go:32.3,33.31 2 1
github.com/KyleKing/recipes/goBuild/templates_templ.go:33.31,34.17 1 0
github.com/KyleKing/recipes/goBuild/templates_templ.go:34.17,36.34 2 0
github.com/KyleKing/recipes/goBuild/templates_templ.go:36.34,38.6 1 0
github.com/KyleKing/recipes/goBuild/templates_templ.go:41.3,43.33 3 1
github.com/KyleKing/recipes/goBuild/templates_templ.go:43.33,45.4 1 0
github.com/KyleKing/recipes/goBuild/templates_templ.go:46.3,48.32 3 1
github.com/KyleKing/recipes/goBuild/templates_templ.go:48.32,50.4 1 0
github.com/KyleKing/recipes/goBuild/templates_templ.go:51.3,53.32 3 1
github.com/KyleKing/recipes/goBuild/templates_templ.go:53.32,55.4 1 0
github.com/KyleKing/recipes/goBuild/templates_templ.go:56.3,57.32 2 1
github.com/KyleKing/recipes/goBuild/templates_templ.go:57.32,59.4 1 0
github.com/KyleKing/recipes/goBuild/templates_templ.go:60.3,61.32 2 1
github.com/KyleKing/recipes/goBuild/templates_templ.go:61.32,63.4 1 0
github.com/KyleKing/recipes/goBuild/templates_templ.go:64.3,64.29 1 1
github.com/KyleKing/recipes/goBuild/templates_templ.go:64.29,66.33 2 1
github.com/KyleKing/recipes/goBuild/templates_templ.go:66.33,68.5 1 0
github.com/KyleKing/recipes/goBuild/templates_templ.go:69.4,71.33 3 1
github.com/KyleKing/recipes/goBuild/templates_templ.go:71.33,73.5 1 0
github.com/KyleKing/recipes/goBuild/templates_templ.go:74.4,75.33 2 1
github.com/KyleKing/recipes/goBuild/templates_templ.go:75.33,77.5 1 0
github.com/KyleKing/recipes/goBuild/templates_templ.go:78.4,79.33 2 1
github.com/KyleKing/recipes/goBuild/templates_templ.go:79.33,81.5 1 0
github.com/KyleKing/recipes/goBuild/templates_templ.go:82.4,84.33 3 1
github.com/KyleKing/recipes/goBuild/templates_templ.go:84.33,86.5 1 0
github.com/KyleKing/recipes/goBuild/templates_templ.go:87.4,88.33 2 1
github.com/KyleKing/recipes/goBuild/templates_templ.go:88.33,90.5 1 0
github.com/KyleKing/recipes/goBuild/templates_templ.go:91.4,92.33 2 1
github.com/KyleKing/recipes/goBuild/templates_templ.go:92.33,94.5 1 0
github.com/KyleKing/recipes/goBuild/templates_templ.go:95.4,97.33 3 1
github.com/KyleKing/recipes/goBuild/templates_templ.go:97.33,99.5 1 0
github.com/KyleKing/recipes/goBuild/templates_templ.go:100.4,101.33 2 1
github.com/KyleKing/recipes/goBuild/templates_templ.go:101.33,103.5 1 0
github.com/KyleKing/recipes/goBuild/templates_templ.go:104.4,105.33 2 1
github.com/KyleKing/recipes/goBuild/templates_templ.go:105.33,107.5 1 0
github.com/KyleKing/recipes/goBuild/templates_templ.go:108.4,110.33 3 1
github.com/KyleKing/recipes/goBuild/templates_templ.go:110.33,112.5 1 0
github.com/KyleKing/recipes/goBuild/templates_templ.go:113.4,114.33 2 1
github.com/KyleKing/recipes/goBuild/templates_templ.go:114.33,116.5 1 0
github.com/KyleKing/recipes/goBuild/templates_templ.go:117.4,118.33 2 1
github.com/KyleKing/recipes/goBuild/templates_templ.go:118.33,120.5 1 0
github.com/KyleKing/recipes/goBuild/templates_templ.go:121.4,123.33 3 1
github.com/KyleKing/recipes/goBuild/templates_templ.go:123.33,125.5 1 0
github.com/KyleKing/recipes/goBuild/templates_templ.go:126.4,127.33 2 1
github.com/KyleKing/recipes/goBuild/templates_templ.go:127.33,129.5 1 0
github.com/KyleKing/recipes/goBuild/templates_templ.go:130.4,131.33 2 1
github.com/KyleKing/recipes/goBuild/templates_templ.go:131.33,133.5 1 0
github.com/KyleKing/recipes/goBuild/templates_templ.go:134.4,136.33 3 1
github.com/KyleKing/recipes/goBuild/templates_templ.go:136.33,138.5 1 0
github.com/KyleKing/recipes/goBuild/templates_templ.go:139.4,140.33 2 1
github.com/KyleKing/recipes/goBuild/templates_templ.go:140.33,142.5 1 0
github.com/KyleKing/recipes/goBuild/templates_templ.go:143.4,144.33 2 1
github.com/KyleKing/recipes/goBuild/templates_templ.go:144.33,146.5 1 0
github.com/KyleKing/recipes/goBuild/templates_templ.go:147.4,149.33 3 1
github.com/KyleKing/recipes/goBuild/templates_templ.go:149.33,151.5 1 0
github.com/KyleKing/recipes/goBuild/templates_templ.go:152.4,153.33 2 1
github.com/KyleKing/recipes/goBuild/templates_templ.go:153.33,155.5 1 0
github.com/KyleKing/recipes/goBuild/templates_templ.go:156.4,157.33 2 1
github.com/KyleKing/recipes/goBuild/templates_templ.go:157.33,159.5 1 0
github.com/KyleKing/recipes/goBuild/templates_templ.go:161.3,161.30 1 1
github.com/KyleKing/recipes/goBuild/templates_templ.go:161.30,163.33 2 1
github.com/KyleKing/recipes/goBuild/templates_templ.go:163.33,165.5 1 0
github.com/KyleKing/recipes/goBuild/templates_templ.go:167.3,167.31 1 1
github.com/KyleKing/recipes/goBuild/templates_templ.go:167.31,169.33 2 1
github.com/KyleKing/recipes/goBuild/templates_templ.go:169.33,171.5 1 0
github.com/KyleKing/recipes/goBuild/templates_templ.go:173.3,174.32 2 1
github.com/KyleKing/recipes/goBuild/templates_templ.go:174.32,176.4 1 0
github.com/KyleKing/recipes/goBuild/templates_templ.go:177.3,177.31 1 1
github.com/KyleKing/recipes/goBuild/templates_templ.go:177.31,179.33 2 1
github.com/KyleKing/recipes/goBuild/templates_templ.go:179.33,181.5 1 0
github.com/KyleKing/recipes/goBuild/templates_templ.go:183.3,184.32 2 1
github.com/KyleKing/recipes/goBuild/templates_templ.go:184.32,186.4 1 0
github.com/KyleKing/recipes/goBuild/templates_templ.go:187.3,188.32 2 1
github.com/KyleKing/recipes/goBuild/templates_templ.go:188.32,190.4 1 0
github.com/KyleKing/recipes/goBuild/templates_templ.go:191.3,192.32 2 1
github.com/KyleKing/recipes/goBuild/templates_templ.go:192.32,194.4 1 0
github.com/KyleKing/recipes/goBuild/templates_templ.go:195.3,195.30 1 1
github.com/KyleKing/recipes/goBuild/templates_templ.go:195.30,197.33 2 1
github.com/KyleKing/recipes/goBuild/templates_templ.go:197.33,199.5 1 0
github.com/KyleKing/recipes/goBuild/templates_templ.go:201.3,201.31 1 1
github.com/KyleKing/recipes/goBuild/templates_templ.go:201.31,203.33 2 1
github.com/KyleKing/recipes/goBuild/templates_templ.go:203.33,205.5 1 0
github.com/KyleKing/recipes/goBuild/templates_templ.go:207.3,208.32 2 1
github.com/KyleKing/recipes/goBuild/templates_templ.go:208.32,210.4 1 0
github.com/KyleKing/recipes/goBuild/templates_templ.go:211.3,211.13 1 1
github.com/KyleKing/recipes/goBuild/templates_templ.go:215.78,216.131 1 1
github.com/KyleKing/recipes/goBuild/templates_templ.go:216.131,218.71 2 1
github.com/KyleKing/recipes/goBuild/templates_templ.go:218.71,220.4 1 0
github.com/KyleKing/recipes/goBuild/templates_templ.go:221.3,222.31 2 1
github.com/KyleKing/recipes/goBuild/templates_templ.go:222.31,223.17 1 1
github.com/KyleKing/recipes/goBuild/templates_templ.go:223.17,225.34 2 1
github.com/KyleKing/recipes/goBuild/templates_templ.go:225.34,227.6 1 1
github.com/KyleKing/recipes/goBuild/templates_templ.go:230.3,232.34 3 1
github.com/KyleKing/recipes/goBuild/templates_templ.go:232.34,234.4 1 0
github.com/KyleKing/recipes/goBuild/templates_templ.go:235.3,237.32 3 1
github.com/KyleKing/recipes/goBuild/templates_templ.go:237.32,239.4 1 0
github.com/KyleKing/recipes/goBuild/templates_templ.go:240.3,240.13 1 1
github.com/KyleKing/recipes/goBuild/templates_templ.go:244.71,245.131 1 1
github.com/KyleKing/recipes/goBuild/templates_templ.go:245.131,247.71 2 1
github.com/KyleKing/recipes/goBuild/templates_templ.go:247.71,249.4 1 0
github.com/KyleKing/recipes/goBuild/templates_templ.go:250.3,251.31 2 1
github.com/KyleKing/recipes/goBuild/templates_templ.go:251.31,252.17 1 0
github.com/KyleKing/recipes/goBuild/templates_templ.go:252.17,254.34 2 0
github.com/KyleKing/recipes/goBuild/templates_templ.go:254.34,256.6 1 0
github.com/KyleKing/recipes/goBuild/templates_templ.go:259.3,261.34 3 1
github.com/KyleKing/recipes/goBuild/templates_templ.go:261.34,263.4 1 0
github.com/KyleKing/recipes/goBuild/templates_templ.go:264.3,266.32 3 1
github.com/KyleKing/recipes/goBuild/templates_templ.go:266.32,268.4 1 0
github.com/KyleKing/recipes/goBuild/templates_templ.go:269.3,269.37 1 1
github.com/KyleKing/recipes/goBuild/templates_templ.go:269.37,271.33 2 0
github.com/KyleKing/recipes/goBuild/templates_templ.go:271.33,273.5 1 0
github.com/KyleKing/recipes/goBuild/templates_templ.go:274.9,276.33 2 1
github.com/KyleKing/recipes/goBuild/templates_templ.go:276.33,278.5 1 0
github.com/KyleKing/recipes/goBuild/templates_templ.go:280.3,280.13 1 1
github.com/KyleKing/recipes/goBuild/templates_templ.go:284.76,285.131 1 0
github.com/KyleKing/recipes/goBuild/templates_templ.go:285.131,287.71 2 0
github.com/KyleKing/recipes/goBuild/templates_templ.go:287.71,289.4 1 0
github.com/KyleKing/recipes/goBuild/templates_templ.go:290.3,291.31 2 0
github.com/KyleKing/recipes/goBuild/templates_templ.go:291.31,292.17 1 0
github.com/KyleKing/recipes/goBuild/templates_templ.go:292.17,294.34 2 0
github.com/KyleKing/recipes/goBuild/templates_templ.go:294.34,296.6 1 0
github.com/KyleKing/recipes/goBuild/templates_templ.go:299.3,301.34 3 0
github.com/KyleKing/recipes/goBuild/templates_templ.go:301.34,303.4 1 0
github.com/KyleKing/recipes/goBuild/templates_templ.go:304.3,306.32 3 0
github.com/KyleKing/recipes/goBuild/templates_templ.go:306.32,308.4 1 0
github.com/KyleKing/recipes/goBuild/templates_templ.go:309.3,309.42 1 0
github.com/KyleKing/recipes/goBuild/templates_templ.go:309.42,311.33 2 0
github.com/KyleKing/recipes/goBuild/templates_templ.go:311.33,313.5 1 0
github.com/KyleKing/recipes/goBuild/templates_templ.go:314.4,316.33 3 0
github.com/KyleKing/recipes/goBuild/templates_templ.go:316.33,318.5 1 0
github.com/KyleKing/recipes/goBuild/templates_templ.go:319.4,320.33 2 0
github.com/KyleKing/recipes/goBuild/templates_templ.go:320.33,322.5 1 0
github.com/KyleKing/recipes/goBuild/templates_templ.go:323.4,324.33 2 0
github.com/KyleKing/recipes/goBuild/templates_templ.go:324.33,326.5 1 0
github.com/KyleKing/recipes/goBuild/templates_templ.go:327.4,329.33 3 0
github.com/KyleKing/recipes/goBuild/templates_templ.go:329.33,331.5 1 0
github.com/KyleKing/recipes/goBuild/templates_templ.go:332.4,333.33 2 0
github.com/KyleKing/recipes/goBuild/templates_templ.go:333.33,335.5 1 0
github.com/KyleKing/recipes/goBuild/templates_templ.go:336.4,337.33 2 0
github.com/KyleKing/recipes/goBuild/templates_templ.go:337.33,339.5 1 0
github.com/KyleKing/recipes/goBuild/templates_templ.go:340.4,342.33 3 0
github.com/KyleKing/recipes/goBuild/templates_templ.go:342.33,344.5 1 0
github.com/KyleKing/recipes/goBuild/templates_templ.go:345.4,346.33 2 0
github.com/KyleKing/recipes/goBuild/templates_templ.go:346.33,348.5 1 0
github.com/KyleKing/recipes/goBuild/templates_templ.go:349.4,350.33 2 0
github.com/KyleKing/recipes/goBuild/templates_templ.go:350.33,352.5 1 0
github.com/KyleKing/recipes/goBuild/templates_templ.go:353.4,355.33 3 0
github.com/KyleKing/recipes/goBuild/templates_templ.go:355.33,357.5 1 0
github.com/KyleKing/recipes/goBuild/templates_templ.go:358.4,359.33 2 0
github.com/KyleKing/recipes/goBuild/templates_templ.go:359.33,361.5 1 0
github.com/KyleKing/recipes/goBuild/templates_templ.go:362.4,363.33 2 0
github.com/KyleKing/recipes/goBuild/templates_templ.go:363.33,365.5 1 0
github.com/KyleKing/recipes/goBuild/templates_templ.go:366.4,368.33 3 0
github.com/KyleKing/recipes/goBuild/templates_templ.go:368.33,370.5 1 0
github.com/KyleKing/recipes/goBuild/templates_templ.go:371.4,372.33 2 0
github.com/KyleKing/recipes/goBuild/templates_templ.go:372.33,374.5 1 0
github.com/KyleKing/recipes/goBuild/templates_templ.go:375.4,376.33 2 0
github.com/KyleKing/recipes/goBuild/templates_templ.go:376.33,378.5 1 0
github.com/KyleKing/recipes/goBuild/templates_templ.go:379.4,379.42 1 0
github.com/KyleKing/recipes/goBuild/templates_templ.go:379.42,381.34 2 0
github.com/KyleKing/recipes/goBuild/templates_templ.go:381.34,383.6 1 0
github.com/KyleKing/recipes/goBuild/templates_templ.go:384.5,386.34 3 0
github.com/KyleKing/recipes/goBuild/templates_templ.go:386.34,388.6 1 0
github.com/KyleKing/recipes/goBuild/templates_templ.go:389.5,390.34 2 0
github.com/KyleKing/recipes/goBuild/templates_templ.go:390.34,392.6 1 0
github.com/KyleKing/recipes/goBuild/templates_templ.go:393.5,394.34 2 0
github.com/KyleKing/recipes/goBuild/templates_templ.go:394.34,396.6 1 0
github.com/KyleKing/recipes/goBuild/templates_templ.go:398.4,398.41 1 0
github.com/KyleKing/recipes/goBuild/templates_templ.go:398.41,400.34 2 0
github.com/KyleKing/recipes/goBuild/templates_templ.go:400.34,402.6 1 0
github.com/KyleKing/recipes/goBuild/templates_templ.go:403.5,405.34 3 0
github.com/KyleKing/recipes/goBuild/templates_templ.go:405.34,407.6 1 0
github.com/KyleKing/recipes/goBuild/templates_templ.go:408.5,409.34 2 0
github.com/KyleKing/recipes/goBuild/templates_templ.go:409.34,411.6 1 0
github.com/KyleKing/recipes/goBuild/templates_templ.go:412.5,413.34 2 0
github.com/KyleKing/recipes/goBuild/templates_templ.go:413.34,415.6 1 0
github.com/KyleKing/recipes/goBuild/templates_templ.go:417.4,418.33 2 0
github.com/KyleKing/recipes/goBuild/templates_templ.go:418.33,420.5 1 0
github.com/KyleKing/recipes/goBuild/templates_templ.go:421.4,423.33 3 0
github.com/KyleKing/recipes/goBuild/templates_templ.go:423.33,425.5 1 0
github.com/KyleKing/recipes/goBuild/templates_templ.go:426.4,427.33 2 0
github.com/KyleKing/recipes/goBuild/templates_templ.go:427.33,429.5 1 0
github.com/KyleKing/recipes/goBuild/templates_templ.go:430.4,431.33 2 0
github.com/KyleKing/recipes/goBuild/templates_templ.go:431.33,433.5 1 0
github.com/KyleKing/recipes/goBuild/templates_templ.go:434.4,436.33 3 0
github.com/KyleKing/recipes/goBuild/templates_templ.go:436.33,438.5 1 0
github.com/KyleKing/recipes/goBuild/templates_templ.go:439.4,440.33 2 0
github.com/KyleKing/recipes/goBuild/templates_templ.go:440.33,442.5 1 0
github.com/KyleKing/recipes/goBuild/templates_templ.go:443.4,444.33 2 0
github.com/KyleKing/recipes/goBuild/templates_templ.go:444.33,446.5 1 0
github.com/KyleKing/recipes/goBuild/templates_templ.go:448.3,449.32 2 0
github.com/KyleKing/recipes/goBuild/templates_templ.go:449.32,451.4 1 0
github.com/KyleKing/recipes/goBuild/templates_templ.go:452.3,452.13 1 0
github.com/KyleKing/recipes/goBuild/templates_templ.go:456.54,457.131 1 1
github.com/KyleKing/recipes/goBuild/templates_templ.go:457.131,459.71 2 1
github.com/KyleKing/recipes/goBuild/templates_templ.go:459.71,461.4 1 0
github.com/KyleKing/recipes/goBuild/templates_templ.go:462.3,463.31 2 1
github.com/KyleKing/recipes/goBuild/templates_templ.go:463.31,464.17 1 0
github.com/KyleKing/recipes/goBuild/templates_templ.go:464.17,466.34 2 0
github.com/KyleKing/recipes/goBuild/templates_templ.go:466.34,468.6 1 0
github.com/KyleKing/recipes/goBuild/templates_templ.go:471.3,473.34 3 1
github.com/KyleKing/recipes/goBuild/templates_templ.go:473.34,475.4 1 0
github.com/KyleKing/recipes/goBuild/templates_templ.go:476.3,478.32 3 1
github.com/KyleKing/recipes/goBuild/templates_templ.go:478.32,480.4 1 0
github.com/KyleKing/recipes/goBuild/templates_templ.go:481.3,483.32 3 1
github.com/KyleKing/recipes/goBuild/templates_templ.go:483.32,485.4 1 0
github.com/KyleKing/recipes/goBuild/templates_templ.go:486.3,487.32 2 1
github.com/KyleKing/recipes/goBuild/templates_templ.go:487.32,489.4 1 0
github.com/KyleKing/recipes/goBuild/templates_templ.go:490.3,491.32 2 1
github.com/KyleKing/recipes/goBuild/templates_templ.go:491.32,493.4 1 0
github.com/KyleKing/recipes/goBuild/templates_templ.go:494.3,494.39 1 1
github.com/KyleKing/recipes/goBuild/templates_templ.go:494.39,496.33 2 1
github.com/KyleKing/recipes/goBuild/templates_templ.go:496.33,498.5 1 0
github.com/KyleKing/recipes/goBuild/templates_templ.go:499.4,501.33 3 1
github.com/KyleKing/recipes/goBuild/templates_templ.go:501.33,503.5 1 0
github.com/KyleKing/recipes/goBuild/templates_templ.go:504.4,505.33 2 1
github.com/KyleKing/recipes/goBuild/templates_templ.go:505.33,507.5 1 0
github.com/KyleKing/recipes/goBuild/templates_templ.go:508.4,509.33 2 1
github.com/KyleKing/recipes/goBuild/templates_templ.go:509.33,511.5 1 0
github.com/KyleKing/recipes/goBuild/templates_templ.go:512.4,514.33 3 1
github.com/KyleKing/recipes/goBuild/templates_templ.go:514.33,516.5 1 0
github.com/KyleKing/recipes/goBuild/templates_templ.go:517.4,518.33 2 1
github.com/KyleKing/recipes/goBuild/templates_templ.go:518.33,520.5 1 0
github.com/KyleKing/recipes/goBuild/templates_templ.go:521.4,522.33 2 1
github.com/KyleKing/recipes/goBuild/templates_templ.go:522.33,524.5 1 0
github.com/KyleKing/recipes/goBuild/templates_templ.go:525.4,527.33 3 1
github.com/KyleKing/recipes/goBuild/templates_templ.go:527.33,529.5 1 0
github.com/KyleKing/recipes/goBuild/templates_templ.go:530.4,531.33 2 1
github.com/KyleKing/recipes/goBuild/templates_templ.go:531.33,533.5 1 0
github.com/KyleKing/recipes/goBuild/templates_templ.go:534.4,535.33 2 1
github.com/KyleKing/recipes/goBuild/templates_templ.go:535.33,537.5 1 0
github.com/KyleKing/recipes/goBuild/templates_templ.go:539.3,540.32 2 1
github.com/KyleKing/recipes/goBuild/templates_templ.go:540.32,542.4 1 0
github.com/KyleKing/recipes/goBuild/templates_templ.go:543.3,543.13 1 1
github.com/KyleKing/recipes/goBuild/templates_templ.go:547.39,548.131 1 1
github.com/KyleKing/recipes/goBuild/templates_templ.go:548.131,550.71 2 1
github.com/KyleKing/recipes/goBuild/templates_templ.go:550.71,552.4 1 0
github.com/KyleKing/recipes/goBuild/templates_templ.go:553.3,554.31 2 1
github.com/KyleKing/recipes/goBuild/templates_templ.go:554.31,555.17 1 0
github.com/KyleKing/recipes/goBuild/templates_templ.go:555.17,557.34 2 0
github.com/KyleKing/recipes/goBuild/templates_templ.go:557.34,559.6 1 0
github.com/KyleKing/recipes/goBuild/templates_templ.go:562.3,564.34 3 1
github.com/KyleKing/recipes/goBuild/templates_templ.go:564.34,566.4 1 0
github.com/KyleKing/recipes/goBuild/templates_templ.go:567.3,569.32 3 1
github.com/KyleKing/recipes/goBuild/templates_templ.go:569.32,571.4 1 0
github.com/KyleKing/recipes/goBuild/templates_templ.go:572.3,572.13 1 1
github.com/KyleKing/recipes/goBuild/templates_templ.go:576.35,577.131 1 1
github.com/KyleKing/recipes/goBuild/templates_templ.go:577.131,579.71 2 1
github.com/KyleKing/recipes/goBuild/templates_templ.go:579.71,581.4 1 0
github.com/KyleKing/recipes/goBuild/templates_templ.go:582.3,583.31 2 1
github.com/KyleKing/recipes/goBuild/templates_templ.go:583.31,584.17 1 1
github.com/KyleKing/recipes/goBuild/templates_templ.go:584.17,586.34 2 1
github.com/KyleKing/recipes/goBuild/templates_templ.go:586.34,588.6 1 1
github.com/KyleKing/recipes/goBuild/templates_templ.go:591.3,593.34 3 1
github.com/KyleKing/recipes/goBuild/templates_templ.go:593.34,595.4 1 0
github.com/KyleKing/recipes/goBuild/templates_templ.go:596.3,598.32 3 1
github.com/KyleKing/recipes/goBuild/templates_templ.go:598.32,600.4 1 0
github.com/KyleKing/recipes/goBuild/templates_templ.go:601.3,601.13 1 1
github.com/KyleKing/recipes/goBuild/templates_templ.go:605.41,606.131 1 1
github.com/KyleKing/recipes/goBuild/templates_templ.go:606.131,608.71 2 1
github.com/KyleKing/recipes/goBuild/templates_templ.go:608.71,610.4 1 0
github.com/KyleKing/recipes/goBuild/templates_templ.go:611.3,612.31 2 1
github.com/KyleKing/recipes/goBuild/templates_templ.go:612.31,613.17 1 0
github.com/KyleKing/recipes/goBuild/templates_templ.go:613.17,615.34 2 0
github.com/KyleKing/recipes/goBuild/templates_templ.go:615.34,617.6 1 0
github.com/KyleKing/recipes/goBuild/templates_templ.go:620.3,622.34 3 1
github.com/KyleKing/recipes/goBuild/templates_templ.go:622.34,624.4 1 0
github.com/KyleKing/recipes/goBuild/templates_templ.go:625.3,627.32 3 1
github.com/KyleKing/recipes/goBuild/templates_templ.go:627.32,629.4 1 0
github.com/KyleKing/recipes/goBuild/templates_templ.go:630.3,632.32 3 1
github.com/KyleKing/recipes/goBuild/templates_templ.go:632.32,634.4 1 0
github.com/KyleKing/recipes/goBuild/templates_templ.go:635.3,636.32 2 1
github.com/KyleKing/recipes/goBuild/templates_templ.go:636.32,638.4 1 0
github.com/KyleKing/recipes/goBuild/templates_templ.go:639.3,640.32 2 1
github.com/KyleKing/recipes/goBuild/templates_templ.go:640.32,642.4 1 0
github.com/KyleKing/recipes/goBuild/templates_templ.go:643.3,643.13 1 1
github.com/KyleKing/recipes/goBuild/templates_templ.go:647.37,648.131 1 1
github.com/KyleKing/recipes/goBuild/templates_templ.go:648.131,650.71 2 1
github.com/KyleKing/recipes/goBuild/templates_templ.go:650.71,652.4 1 0
github.com/KyleKing/recipes/goBuild/templates_templ.go:653.3,654.31 2 1
github.com/KyleKing/recipes/goBuild/templates_templ.go:654.31,655.17 1 1
github.com/KyleKing/recipes/goBuild/templates_templ.go:655.17,657.34 2 1
github.com/KyleKing/recipes/goBuild/templates_templ.go:657.34,659.6 1 1
github.com/KyleKing/recipes/goBuild/templates_templ.go:662.3,664.34 3 1
github.com/KyleKing/recipes/goBuild/templates_templ.go:664.34,666.4 1 0
github.com/KyleKing/recipes/goBuild/templates_templ.go:667.3,669.32 3 1
github.com/KyleKing/recipes/goBuild/templates_templ.go:669.32,671.4 1 0
github.com/KyleKing/recipes/goBuild/templates_templ.go:672.3,672.13 1 1
github.com/KyleKing/recipes/goBuild/templates_templ.go:676.70,677.131 1 1
github.com/KyleKing/recipes/goBuild/templates_templ.go:677.131,679.71 2 1
github.com/KyleKing/recipes/goBuild/templates_templ.go:679.71,681.4 1 0
github.com/KyleKing/recipes/goBuild/templates_templ.go:682.3,683.31 2 1
github.com/KyleKing/recipes/goBuild/templates_templ.go:683.31,684.17 1 0
github.com/KyleKing/recipes/goBuild/templates_templ.go:684.17,686.34 2 0
github.com/KyleKing/recipes/goBuild/templates_templ.go:686.34,688.6 1 0
github.com/KyleKing/recipes/goBuild/templates_templ.go:691.3,693.34 3 1
github.com/KyleKing/recipes/goBuild/templates_templ.go:693.34,695.4 1 0
github.com/KyleKing/recipes/goBuild/templates_templ.go:696.3,698.32 3 1
github.com/KyleKing/recipes/goBuild/templates_templ.go:698.32,700.4 1 0
github.com/KyleKing/recipes/goBuild/templates_templ.go:701.3,703.32 3 1
github.com/KyleKing/recipes/goBuild/templates_templ.go:703.32,705.4 1 0
github.com/KyleKing/recipes/goBuild/templates_templ.go:706.3,707.32 2 1
github.com/KyleKing/recipes/goBuild/templates_templ.go:707.32,709.4 1 0
github.com/KyleKing/recipes/goBuild/templates_templ.go:710.3,711.32 2 1
github.com/KyleKing/recipes/goBuild/templates_templ.go:711.32,713.4 1 0
github.com/KyleKing/recipes/goBuild/templates_templ.go:714.3,714.34 1 1
github.com/KyleKing/recipes/goBuild/templates_templ.go:714.34,716.33 2 1
github.com/KyleKing/recipes/goBuild/templates_templ.go:716.33,718.5 1 0
github.com/KyleKing/recipes/goBuild/templates_templ.go:719.4,721.33 3 1
github.com/KyleKing/recipes/goBuild/templates_templ.go:721.33,723.5 1 0
github.com/KyleKing/recipes/goBuild/templates_templ.go:724.4,725.33 2 1
github.com/KyleKing/recipes/goBuild/templates_templ.go:725.33,727.5 1 0
github.com/KyleKing/recipes/goBuild/templates_templ.go:728.4,729.33 2 1
github.com/KyleKing/recipes/goBuild/templates_templ.go:729.33,731.5 1 0
github.com/KyleKing/recipes/goBuild/templates_templ.go:732.4,734.33 3 1
github.com/KyleKing/recipes/goBuild/templates_templ.go:734.33,736.5 1 0
github.com/KyleKing/recipes/goBuild/templates_templ.go:737.4,738.33 2 1
github.com/KyleKing/recipes/goBuild/templates_templ.go:738.33,740.5 1 0
github.com/KyleKing/recipes/goBuild/templates_templ.go:741.4,742.33 2 1
github.com/KyleKing/recipes/goBuild/templates_templ.go:742.33,744.5 1 0
github.com/KyleKing/recipes/goBuild/templates_templ.go:745.4,747.33 3 1
github.com/KyleKing/recipes/goBuild/templates_templ.go:747.33,749.5 1 0
github.com/KyleKing/recipes/goBuild/templates_templ.go:750.4,751.33 2 1
github.com/KyleKing/recipes/goBuild/templates_templ.go:751.33,753.5 1 0
github.com/KyleKing/recipes/goBuild/templates_templ.go:754.4,755.33 2 1
github.com/KyleKing/recipes/goBuild/templates_templ.go:755.33,757.5 1 0
github.com/KyleKing/recipes/goBuild/templates_templ.go:758.4,760.33 3 1
github.com/KyleKing/recipes/goBuild/templates_templ.go:760.33,762.5 1 0
github.com/KyleKing/recipes/goBuild/templates_templ.go:763.4,764.33 2 1
github.com/KyleKing/recipes/goBuild/templates_templ.go:764.33,766.5 1 0
github.com/KyleKing/recipes/goBuild/templates_templ.go:767.4,768.33 2 1
github.com/KyleKing/recipes/goBuild/templates_templ.go:768.33,770.5 1 0
github.com/KyleKing/recipes/goBuild/templates_templ.go:772.3,773.32 2 1
github.com/KyleKing/recipes/goBuild/templates_templ.go:773.32,775.4 1 0
github.com/KyleKing/recipes/goBuild/templates_templ.go:776.3,776.13 1 1
github.com/KyleKing/recipes/goBuild/templates_templ.go:780.67,781.131 1 1
github.com/KyleKing/recipes/goBuild/templates_templ.go:781.131,783.71 2 1
github.com/KyleKing/recipes/goBuild/templates_templ.go:783.71,785.4 1 0
github.com/KyleKing/recipes/goBuild/templates_templ.go:786.3,787.31 2 1
github.com/KyleKing/recipes/goBuild/templates_templ.go:787.31,788.17 1 1
github.com/KyleKing/recipes/goBuild/templates_templ.go:788.17,790.34 2 1
github.com/KyleKing/recipes/goBuild/templates_templ.go:790.34,792.6 1 1
github.com/KyleKing/recipes/goBuild/templates_templ.go:795.3,797.34 3 1
github.com/KyleKing/recipes/goBuild/templates_templ.go:797.34,799.4 1 0
github.com/KyleKing/recipes/goBuild/templates_templ.go:800.3,802.32 3 1
github.com/KyleKing/recipes/goBuild/templates_templ.go:802.32,804.4 1 0
github.com/KyleKing/recipes/goBuild/templates_templ.go:805.3,805.13 1 1
github.com/KyleKing/recipes/goBuild/templates_templ.go:809.59,810.131 1 1
github.com/KyleKing/recipes/goBuild/templates_templ.go:810.131,812.71 2 1
github.com/KyleKing/recipes/goBuild/templates_templ.go:812.71,814.4 1 0
github.com/KyleKing/recipes/goBuild/templates_templ.go:815.3,816.31 2 1
github.com/KyleKing/recipes/goBuild/templates_templ.go:816.31,817.17 1 0
github.com/KyleKing/recipes/goBuild/templates_templ.go:817.17,819.34 2 0
github.com/KyleKing/recipes/goBuild/templates_templ.go:819.34,821.6 1 0
github.com/KyleKing/recipes/goBuild/templates_templ.go:824.3,826.34 3 1
github.com/KyleKing/recipes/goBuild/templates_templ.go:826.34,828.4 1 0
github.com/KyleKing/recipes/goBuild/templates_templ.go:829.3,831.32 3 1
github.com/KyleKing/recipes/goBuild/templates_templ.go:831.32,833.4 1 0
github.com/KyleKing/recipes/goBuild/templates_templ.go:834.3,834.38 1 1
github.com/KyleKing/recipes/goBuild/templates_templ.go:834.38,836.33 2 1
github.com/KyleKing/recipes/goBuild/templates_templ.go:836.33,838.5 1 0
github.com/KyleKing/recipes/goBuild/templates_templ.go:839.4,841.33 3 1
github.com/KyleKing/recipes/goBuild/templates_templ.go:841.33,843.5 1 0
github.com/KyleKing/recipes/goBuild/templates_templ.go:844.4,845.33 2 1
github.com/KyleKing/recipes/goBuild/templates_templ.go:845.33,847.5 1 0
github.com/KyleKing/recipes/goBuild/templates_templ.go:848.4,849.33 2 1
github.com/KyleKing/recipes/goBuild/templates_templ.go:849.33,851.5 1 0
github.com/KyleKing/recipes/goBuild/templates_templ.go:852.4,854.33 3 1
github.com/KyleKing/recipes/goBuild/templates_templ.go:854.33,856.5 1 0
github.com/KyleKing/recipes/goBuild/templates_templ.go:857.4,858.33 2 1
github.com/KyleKing/recipes/goBuild/templates_templ.go:858.33,860.5 1 0
github.com/KyleKing/recipes/goBuild/templates_templ.go:861.4,862.33 2 1
github.com/KyleKing/recipes/goBuild/templates_templ.go:862.33,864.5 1 0
github.com/KyleKing/recipes/goBuild/templates_templ.go:866.3,867.32 2 1
github.com/KyleKing/recipes/goBuild/templates_templ.go:867.32,869.4 1 0
github.com/KyleKing/recipes/goBuild/templates_templ.go:870.3,870.13 1 1
github.com/KyleKing/recipes/goBuild/templates_templ.go:874.56,875.131 1 1
github.com/KyleKing/recipes/goBuild/templates_templ.go:875.131,877.71 2 1
github.com/KyleKing/recipes/goBuild/templates_templ.go:877.71,879.4 1 0
github.com/KyleKing/recipes/goBuild/templates_templ.go:880.3,881.31 2 1
github.com/KyleKing/recipes/goBuild/templates_templ.go:881.31,882.17 1 1
github.com/KyleKing/recipes/goBuild/templates_templ.go:882.17,884.34 2 1
github.com/KyleKing/recipes/goBuild/templates_templ.go:884.34,886.6 1 1
github.com/KyleKing/recipes/goBuild/templates_templ.go:889.3,891.34 3 1
github.com/KyleKing/recipes/goBuild/templates_templ.go:891.34,893.4 1 0
github.com/KyleKing/recipes/goBuild/templates_templ.go:894.3,896.32 3 1
github.com/KyleKing/recipes/goBuild/templates_templ.go:896.32,898.4 1 0
github.com/KyleKing/recipes/goBuild/templates_templ.go:899.3,899.13 1 1
github.com/KyleKing/recipes/goBuild/templates_templ.go:903.51,904.131 1 1
github.com/KyleKing/recipes/goBuild/templates_templ.go:904.131,906.71 2 1
github.com/KyleKing/recipes/goBuild/templates_templ.go:906.71,908.4 1 0
github.com/KyleKing/recipes/goBuild/templates_templ.go:909.3,910.31 2 1
github.com/KyleKing/recipes/goBuild/templates_templ.go:910.31,911.17 1 0
github.com/KyleKing/recipes/goBuild/templates_templ.go:911.17,913.34 2 0
github.com/KyleKing/recipes/goBuild/templates_templ.go:913.34,915.6 1 0
github.com/KyleKing/recipes/goBuild/templates_templ.go:918.3,920.34 3 1
github.com/KyleKing/recipes/goBuild/templates_templ.go:920.34,922.4 1 0
github.com/KyleKing/recipes/goBuild/templates_templ.go:923.3,925.32 3 1
github.com/KyleKing/recipes/goBuild/templates_templ.go:925.32,927.4 1 0
github.com/KyleKing/recipes/goBuild/templates_templ.go:928.3,928.34 1 1
github.com/KyleKing/recipes/goBuild/templates_templ.go:928.34,930.33 2 1
github.com/KyleKing/recipes/goBuild/templates_templ.go:930.33,932.5 1 0
github.com/KyleKing/recipes/goBuild/templates_templ.go:933.4,935.33 3 1
github.com/KyleKing/recipes/goBuild/templates_templ.go:935.33,937.5 1 0
github.com/KyleKing/recipes/goBuild/templates_templ.go:938.4,939.33 2 1
github.com/KyleKing/recipes/goBuild/templates_templ.go:939.33,941.5 1 0
github.com/KyleKing/recipes/goBuild/templates_templ.go:942.4,943.33 2 1
github.com/KyleKing/recipes/goBuild/templates_templ.go:943.33,945.5 1 0
github.com/KyleKing/recipes/goBuild/templates_templ.go:946.4,948.33 3 1
github.com/KyleKing/recipes/goBuild/templates_templ.go:948.33,950.5 1 0
github.com/KyleKing/recipes/goBuild/templates_templ.go:951.4,952.33 2 1
github.com/KyleKing/recipes/goBuild/templates_templ.go:952.33,954.5 1 0
github.com/KyleKing/recipes/goBuild/templates_templ.go:955.4,956.33 2 1
github.com/KyleKing/recipes/goBuild/templates_templ.go:956.33,958.5 1 0
github.com/KyleKing/recipes/goBuild/templates_templ.go:959.4,961.33 3 1
github.com/KyleKing/recipes/goBuild/templates_templ.go:961.33,963.5 1 0
github.com/KyleKing/recipes/goBuild/templates_templ.go:964.4,965.33 2 1
github.com/KyleKing/recipes/goBuild/templates_templ.go:965.33,967.5 1 0
github.com/KyleKing/recipes/goBuild/templates_templ.go:968.4,969.33 2 1
github.com/KyleKing/recipes/goBuild/templates_templ.go:969.33,971.5 1 0
github.com/KyleKing/recipes/goBuild/templates_templ.go:972.4,974.33 3 1
github.com/KyleKing/recipes/goBuild/templates_templ.go:974.33,976.5 1 0
github.com/KyleKing/recipes/goBuild/templates_templ.go:977.4,978.33 2 1
github.com/KyleKing/recipes/goBuild/templates_templ.go:978.33,980.5 1 0
github.com/KyleKing/recipes/goBuild/templates_templ.go:981.4,982.33 2 1
github.com/KyleKing/recipes/goBuild/templates_templ.go:982.33,984.5 1 0
github.com/KyleKing/recipes/goBuild/templates_templ.go:986.3,987.32 2 1
github.com/KyleKing/recipes/goBuild/templates_templ.go:987.32,989.4 1 0
github.com/KyleKing/recipes/goBuild/templates_templ.go:990.3,990.13 1 1
github.com/KyleKing/recipes/goBuild/templates_templ.go:994.51,995.131 1 0
github.com/KyleKing/recipes/goBuild/templates_templ.go:995.131,997.71 2 0
github.com/KyleKing/recipes/goBuild/templates_templ.go:997.71,999.4 1 0
github.com/KyleKing/recipes/goBuild/templates_templ.go:1000.3,1001.31 2 0
github.com/KyleKing/recipes/goBuild/templates_templ.go:1001.31,1002.17 1 0
github.com/KyleKing/recipes/goBuild/templates_templ.go:1002.17,1004.34 2 0
github.com/KyleKing/recipes/goBuild/templates_templ.go:1004.34,1006.6 1 0
github.com/KyleKing/recipes/goBuild/templates_templ.go:1009.3,1011.34 3 0
github.com/KyleKing/recipes/goBuild/templates_templ.go:1011.34,1013.4 1 0
github.com/KyleKing/recipes/goBuild/templates_templ.go:1014.3,1016.32 3 0
github.com/KyleKing/recipes/goBuild/templates_templ.go:1016.32,1018.4 1 0
github.com/KyleKing/recipes/goBuild/templates_templ.go:1019.3,1019.34 1 0
github.com/KyleKing/recipes/goBuild/templates_templ.go:1019.34,1021.33 2 0
github.com/KyleKing/recipes/goBuild/templates_templ.go:1021.33,1023.5 1 0
github.com/KyleKing/recipes/goBuild/templates_templ.go:1024.4,1026.33 3 0
github.com/KyleKing/recipes/goBuild/templates_templ.go:1026.33,1028.5 1 0
github.com/KyleKing/recipes/goBuild/templates_templ.go:1029.4,1030.33 2 0
github.com/KyleKing/recipes/goBuild/templates_templ.go:1030.33,1032.5 1 0
github.com/KyleKing/recipes/goBuild/templates_templ.go:1033.4,1034.33 2 0
github.com/KyleKing/recipes/goBuild/templates_templ.go:1034.33,1036.5 1 0
github.com/KyleKing/recipes/goBuild/templates_templ.go:1037.4,1039.33 3 0
github.com/KyleKing/recipes/goBuild/templates_templ.go:1039.33,1041.5 1 0
github.com/KyleKing/recipes/goBuild/templates_templ.go:1042.4,1043.33 2 0
github.com/KyleKing/recipes/goBuild/templates_templ.go:1043.33,1045.5 1 0
github.com/KyleKing/recipes/goBuild/templates_templ.go:1046.4,1047.33 2 0
github.com/KyleKing/recipes/goBuild/templates_templ.go:1047.33,1049.5 1 0
github.com/KyleKing/recipes/goBuild/templates_templ.go:1051.3,1052.32 2 0
github.com/KyleKing/recipes/goBuild/templates_templ.go:1052.32,1054.4 1 0
github.com/KyleKing/recipes/goBuild/templates_templ.go:1055.3,1055.13 1 0
github.com/KyleKing/recipes/goBuild/templates_templ.go:1059.54,1060.131 1 1
github.com/KyleKing/recipes/goBuild/templates_templ.go:1060.131,1062.71 2 1
github.com/KyleKing/recipes/goBuild/templates_templ.go:1062.71,1064.4 1 0
github.com/KyleKing/recipes/goBuild/templates_templ.go:1065.3,1066.31 2 1
github.com/KyleKing/recipes/goBuild/templates_templ.go:1066.31,1067.17 1 0
github.com/KyleKing/recipes/goBuild/templates_templ.go:1067.17,1069.34 2 0
github.com/KyleKing/recipes/goBuild/templates_templ.go:1069.34,1071.6 1 0
github.com/KyleKing/recipes/goBuild/templates_templ.go:1074.3,1076.34 3 1
github.com/KyleKing/recipes/goBuild/templates_templ.go:1076.34,1078.4 1 0
github.com/KyleKing/recipes/goBuild/templates_templ.go:1079.3,1081.32 3 1
github.com/KyleKing/recipes/goBuild/templates_templ.go:1081.32,1083.4 1 0
github.com/KyleKing/recipes/goBuild/templates_templ.go:1084.3,1086.32 3 1
github.com/KyleKing/recipes/goBuild/templates_templ.go:1086.32,1088.4 1 0
github.com/KyleKing/recipes/goBuild/templates_templ.go:1089.3,1090.32 2 1
github.com/KyleKing/recipes/goBuild/templates_templ.go:1090.32,1092.4 1 0
github.com/KyleKing/recipes/goBuild/templates_templ.go:1093.3,1094.32 2 1
github.com/KyleKing/recipes/goBuild/templates_templ.go:1094.32,1096.4 1 0
github.com/KyleKing/recipes/goBuild/templates_templ.go:1097.3,1098.32 2 1
github.com/KyleKing/recipes/goBuild/templates_templ.go:1098.32,1100.4 1 0
github.com/KyleKing/recipes/goBuild/templates_templ.go:1101.3,1102.32 2 1
github.com/KyleKing/recipes/goBuild/templates_templ.go:1102.32,1104.4 1 0
github.com/KyleKing/recipes/goBuild/templates_templ.go:1105.3,1105.62 1 1
github.com/KyleKing/recipes/goBuild/templates_templ.go:1105.62,1107.33 2 1
github.com/KyleKing/recipes/goBuild/templates_templ.go:1107.33,1109.5 1 0
github.com/KyleKing/recipes/goBuild/templates_templ.go:1110.4,1112.33 3 1
github.com/KyleKing/recipes/goBuild/templates_templ.go:1112.33,1114.5 1 0
github.com/KyleKing/recipes/goBuild/templates_templ.go:1115.4,1116.33 2 1
github.com/KyleKing/recipes/goBuild/templates_templ.go:1116.33,1118.5 1 0
github.com/KyleKing/recipes/goBuild/templates_templ.go:1119.4,1120.33 2 1
github.com/KyleKing/recipes/goBuild/templates_templ.go:1120.33,1122.5 1 0
github.com/KyleKing/recipes/goBuild/templates_templ.go:1123.4,1124.33 2 1
github.com/KyleKing/recipes/goBuild/templates_templ.go:1124.33,1126.5 1 0
github.com/KyleKing/recipes/goBuild/templates_templ.go:1128.3,1129.32 2 1
github.com/KyleKing/recipes/goBuild/templates_templ.go:1129.32,1131.4 1 0
github.com/KyleKing/recipes/goBuild/templates_templ.go:1132.3,1134.32 3 1
github.com/KyleKing/recipes/goBuild/templates_templ.go:1134.32,1136.4 1 0
github.com/KyleKing/recipes/goBuild/templates_templ.go:1137.3,1138.32 2 1
github.com/KyleKing/recipes/goBuild/templates_templ.go:1138.32,1140.4 1 0
github.com/KyleKing/recipes/goBuild/templates_templ.go:1141.3,1142.32 2 1
github.com/KyleKing/recipes/goBuild/templates_templ.go:1142.32,1144.4 1 0
github.com/KyleKing/recipes/goBuild/templates_templ.go:1145.3,1146.32 2 1
github.com/KyleKing/recipes/goBuild/templates_templ.go:1146.32,1148.4 1 0
github.com/KyleKing/recipes/goBuild/templates_templ.go:1149.3,1150.32 2 1
github.com/KyleKing/recipes/goBuild/templates_templ.go:1150.32,1152.4 1 0
github.com/KyleKing/recipes/goBuild/templates_templ.go:1153.3,1155.32 3 1
github.com/KyleKing/recipes/goBuild/templates_templ.go:1155.32,1157.4 1 0
github.com/KyleKing/recipes/goBuild/templates_templ.go:1158.3,1159.32 2 1
github.com/KyleKing/recipes/goBuild/templates_templ.go:1159.32,1161.4 1 0
github.com/KyleKing/recipes/goBuild/templates_templ.go:1162.3,1163.32 2 1
github.com/KyleKing/recipes/goBuild/templates_templ.go:1163.32,1165.4 1 0
github.com/KyleKing/recipes/goBuild/templates_templ.go:1166.3,1167.32 2 1
github.com/KyleKing/recipes/goBuild/templates_templ.go:1167.32,1169.4 1 0
github.com/KyleKing/recipes/goBuild/templates_templ.go:1170.3,1171.32 2 1
github.com/KyleKing/recipes/goBuild/templates_templ.go:1171.32,1173.4 1 0
github.com/KyleKing/recipes/goBuild/templates_templ.go:1174.3,1174.13 1 1
github.com/KyleKing/recipes/goBuild/templates_templ.go:1178.51,1179.131 1 1
github.com/KyleKing/recipes/goBuild/templates_templ.go:1179.131,1181.71 2 1
github.com/KyleKing/recipes/goBuild/templates_templ.go:1181.71,1183.4 1 0
github.com/KyleKing/recipes/goBuild/templates_templ.go:1184.3,1185.31 2 1
github.com/KyleKing/recipes/goBuild/templates_templ.go:1185.31,1186.17 1 1
github.com/KyleKing/recipes/goBuild/templates_templ.go:1186.17,1188.34 2 1
github.com/KyleKing/recipes/goBuild/templates_templ.go:1188.34,1190.6 1 1
github.com/KyleKing/recipes/goBuild/templates_templ.go:1193.3,1195.34 3 1
github.com/KyleKing/recipes/goBuild/templates_templ.go:1195.34,1197.4 1 0
github.com/KyleKing/recipes/goBuild/templates_templ.go:1198.3,1200.32 3 1
github.com/KyleKing/recipes/goBuild/templates_templ.go:1200.32,1202.4 1 0
github.com/KyleKing/recipes/goBuild/templates_templ.go:1203.3,1203.13 1 1
github.com/KyleKing/recipes/goServe/main.go:16.13,27.16 9 0
github.com/KyleKing/recipes/goServe/main.go:27.16,29.3 1 0
