mode: set
github.com/KyleKing/recipes/main.go:10.13,15.2 3 0
github.com/KyleKing/recipes/cmd/recipe_debug/main.go:13.13,18.22 3 0
github.com/KyleKing/recipes/cmd/recipe_debug/main.go:18.22,21.3 2 0
github.com/KyleKing/recipes/cmd/recipe_debug/main.go:23.2,23.20 1 0
github.com/KyleKing/recipes/cmd/recipe_debug/main.go:24.17,25.41 1 0
github.com/KyleKing/recipes/cmd/recipe_debug/main.go:26.17,27.42 1 0
github.com/KyleKing/recipes/cmd/recipe_debug/main.go:28.10,30.13 2 0
github.com/KyleKing/recipes/cmd/recipe_debug/main.go:34.19,44.2 9 0
github.com/KyleKing/recipes/cmd/recipe_debug/main.go:46.53,47.19 1 0
github.com/KyleKing/recipes/cmd/recipe_debug/main.go:47.19,51.3 3 0
github.com/KyleKing/recipes/cmd/recipe_debug/main.go:53.2,57.16 3 0
github.com/KyleKing/recipes/cmd/recipe_debug/main.go:57.16,60.3 2 0
github.com/KyleKing/recipes/cmd/recipe_debug/main.go:63.2,83.34 11 0
github.com/KyleKing/recipes/cmd/recipe_debug/main.go:83.34,85.3 1 0
github.com/KyleKing/recipes/cmd/recipe_debug/main.go:87.2,89.28 3 0
github.com/KyleKing/recipes/cmd/recipe_debug/main.go:89.28,91.3 1 0
github.com/KyleKing/recipes/cmd/recipe_debug/main.go:92.2,93.34 2 0
github.com/KyleKing/recipes/cmd/recipe_debug/main.go:93.34,95.3 1 0
github.com/KyleKing/recipes/cmd/recipe_debug/main.go:96.2,99.34 3 0
github.com/KyleKing/recipes/cmd/recipe_debug/main.go:99.34,105.33 4 0
github.com/KyleKing/recipes/cmd/recipe_debug/main.go:105.33,108.4 1 0
github.com/KyleKing/recipes/cmd/recipe_debug/main.go:111.3,113.32 3 0
github.com/KyleKing/recipes/cmd/recipe_debug/main.go:113.32,115.4 1 0
github.com/KyleKing/recipes/cmd/recipe_debug/main.go:118.2,121.33 4 0
github.com/KyleKing/recipes/cmd/recipe_debug/main.go:121.33,123.3 1 0
github.com/KyleKing/recipes/cmd/recipe_debug/main.go:124.2,125.34 2 0
github.com/KyleKing/recipes/cmd/recipe_debug/main.go:125.34,127.3 1 0
github.com/KyleKing/recipes/cmd/recipe_debug/main.go:130.54,131.19 1 0
github.com/KyleKing/recipes/cmd/recipe_debug/main.go:131.19,135.3 3 0
github.com/KyleKing/recipes/cmd/recipe_debug/main.go:138.2,148.34 3 0
github.com/KyleKing/recipes/cmd/recipe_debug/main.go:148.34,150.17 2 0
github.com/KyleKing/recipes/cmd/recipe_debug/main.go:150.17,152.12 2 0
github.com/KyleKing/recipes/cmd/recipe_debug/main.go:155.3,169.5 6 0
github.com/KyleKing/recipes/cmd/recipe_debug/main.go:173.2,174.33 2 0
github.com/KyleKing/recipes/cmd/recipe_debug/main.go:174.33,181.3 1 0
github.com/KyleKing/recipes/cmd/recipe_debug/main.go:183.2,190.33 5 0
github.com/KyleKing/recipes/cmd/recipe_debug/main.go:190.33,195.3 4 0
github.com/KyleKing/recipes/cmd/recipe_debug/main.go:198.2,199.36 2 0
github.com/KyleKing/recipes/cmd/recipe_debug/main.go:199.36,200.41 1 0
github.com/KyleKing/recipes/cmd/recipe_debug/main.go:200.41,212.38 9 0
github.com/KyleKing/recipes/cmd/recipe_debug/main.go:212.38,213.30 1 0
github.com/KyleKing/recipes/cmd/recipe_debug/main.go:213.30,215.6 1 0
github.com/KyleKing/recipes/cmd/recipe_debug/main.go:217.4,221.43 3 0
github.com/KyleKing/recipes/cmd/recipe_debug/main.go:221.43,222.35 1 0
github.com/KyleKing/recipes/cmd/recipe_debug/main.go:222.35,224.6 1 0
github.com/KyleKing/recipes/cmd/recipe_debug/main.go:226.4,244.32 13 0
github.com/KyleKing/recipes/cmd/recipe_debug/main.go:244.32,246.43 2 0
github.com/KyleKing/recipes/cmd/recipe_debug/main.go:246.43,248.6 1 0
github.com/KyleKing/recipes/cmd/recipe_debug/main.go:251.4,251.34 1 0
github.com/KyleKing/recipes/cmd/recipe_debug/main.go:251.34,253.45 2 0
github.com/KyleKing/recipes/cmd/recipe_debug/main.go:253.45,255.18 2 0
github.com/KyleKing/recipes/cmd/recipe_debug/main.go:255.18,257.7 1 0
github.com/KyleKing/recipes/cmd/recipe_debug/main.go:257.12,259.7 1 0
github.com/KyleKing/recipes/goServe/main.go:16.13,27.16 9 0
github.com/KyleKing/recipes/goServe/main.go:27.16,29.3 1 0
github.com/KyleKing/recipes/main.go:10.13,15.2 3 0
github.com/KyleKing/recipes/cmd/recipe_debug/main.go:13.13,18.22 3 0
github.com/KyleKing/recipes/cmd/recipe_debug/main.go:18.22,21.3 2 0
github.com/KyleKing/recipes/cmd/recipe_debug/main.go:23.2,23.20 1 0
github.com/KyleKing/recipes/cmd/recipe_debug/main.go:24.17,25.41 1 0
github.com/KyleKing/recipes/cmd/recipe_debug/main.go:26.17,27.42 1 0
github.com/KyleKing/recipes/cmd/recipe_debug/main.go:28.10,30.13 2 0
github.com/KyleKing/recipes/cmd/recipe_debug/main.go:34.19,44.2 9 0
github.com/KyleKing/recipes/cmd/recipe_debug/main.go:46.53,47.19 1 0
github.com/KyleKing/recipes/cmd/recipe_debug/main.go:47.19,51.3 3 0
github.com/KyleKing/recipes/cmd/recipe_debug/main.go:53.2,57.16 3 0
github.com/KyleKing/recipes/cmd/recipe_debug/main.go:57.16,60.3 2 0
github.com/KyleKing/recipes/cmd/recipe_debug/main.go:63.2,83.34 11 0
github.com/KyleKing/recipes/cmd/recipe_debug/main.go:83.34,85.3 1 0
github.com/KyleKing/recipes/cmd/recipe_debug/main.go:87.2,89.28 3 0
github.com/KyleKing/recipes/cmd/recipe_debug/main.go:89.28,91.3 1 0
github.com/KyleKing/recipes/cmd/recipe_debug/main.go:92.2,93.34 2 0
github.com/KyleKing/recipes/cmd/recipe_debug/main.go:93.34,95.3 1 0
github.com/KyleKing/recipes/cmd/recipe_debug/main.go:96.2,99.34 3 0
github.com/KyleKing/recipes/cmd/recipe_debug/main.go:99.34,105.33 4 0
github.com/KyleKing/recipes/cmd/recipe_debug/main.go:105.33,108.4 1 0
github.com/KyleKing/recipes/cmd/recipe_debug/main.go:111.3,113.32 3 0
github.com/KyleKing/recipes/cmd/recipe_debug/main.go:113.32,115.4 1 0
github.com/KyleKing/recipes/cmd/recipe_debug/main.go:118.2,121.33 4 0
github.com/KyleKing/recipes/cmd/recipe_debug/main.go:121.33,123.3 1 0
github.com/KyleKing/recipes/cmd/recipe_debug/main.go:124.2,125.34 2 0
github.com/KyleKing/recipes/cmd/recipe_debug/main.go:125.34,127.3 1 0
github.com/KyleKing/recipes/cmd/recipe_debug/main.go:130.54,131.19 1 0
github.com/KyleKing/recipes/cmd/recipe_debug/main.go:131.19,135.3 3 0
github.com/KyleKing/recipes/cmd/recipe_debug/main.go:138.2,148.34 3 0
github.com/KyleKing/recipes/cmd/recipe_debug/main.go:148.34,150.17 2 0
github.com/KyleKing/recipes/cmd/recipe_debug/main.go:150.17,152.12 2 0
github.com/KyleKing/recipes/cmd/recipe_debug/main.go:155.3,169.5 6 0
github.com/KyleKing/recipes/cmd/recipe_debug/main.go:173.2,174.33 2 0
github.com/KyleKing/recipes/cmd/recipe_debug/main.go:174.33,181.3 1 0
github.com/KyleKing/recipes/cmd/recipe_debug/main.go:183.2,190.33 5 0
github.com/KyleKing/recipes/cmd/recipe_debug/main.go:190.33,195.3 4 0
github.com/KyleKing/recipes/cmd/recipe_debug/main.go:198.2,199.36 2 0
github.com/KyleKing/recipes/cmd/recipe_debug/main.go:199.36,200.41 1 0
github.com/KyleKing/recipes/cmd/recipe_debug/main.go:200.41,212.38 9 0
github.com/KyleKing/recipes/cmd/recipe_debug/main.go:212.38,213.30 1 0
github.com/KyleKing/recipes/cmd/recipe_debug/main.go:213.30,215.6 1 0
github.com/KyleKing/recipes/cmd/recipe_debug/main.go:217.4,221.43 3 0
github.com/KyleKing/recipes/cmd/recipe_debug/main.go:221.43,222.35 1 0
github.com/KyleKing/recipes/cmd/recipe_debug/main.go:222.35,224.6 1 0
github.com/KyleKing/recipes/cmd/recipe_debug/main.go:226.4,244.32 13 0
github.com/KyleKing/recipes/cmd/recipe_debug/main.go:244.32,246.43 2 0
github.com/KyleKing/recipes/cmd/recipe_debug/main.go:246.43,248.6 1 0
github.com/KyleKing/recipes/cmd/recipe_debug/main.go:251.4,251.34 1 0
github.com/KyleKing/recipes/cmd/recipe_debug/main.go:251.34,253.45 2 0
github.com/KyleKing/recipes/cmd/recipe_debug/main.go:253.45,255.18 2 0
github.com/KyleKing/recipes/cmd/recipe_debug/main.go:255.18,257.7 1 0
github.com/KyleKing/recipes/cmd/recipe_debug/main.go:257.12,259.7 1 0
github.com/KyleKing/recipes/goBuild/build.go:26.88,28.94 2 1
github.com/KyleKing/recipes/goBuild/build.go:28.94,29.31 1 1
github.com/KyleKing/recipes/goBuild/build.go:29.31,31.49 2 1
github.com/KyleKing/recipes/goBuild/build.go:31.49,33.5 1 0
github.com/KyleKing/recipes/goBuild/build.go:34.4,35.22 2 1
github.com/KyleKing/recipes/goBuild/build.go:37.8,39.3 1 1
github.com/KyleKing/recipes/goBuild/build.go:43.135,44.77 1 1
github.com/KyleKing/recipes/goBuild/build.go:44.77,50.19 5 1
github.com/KyleKing/recipes/goBuild/build.go:50.19,55.40 4 1
github.com/KyleKing/recipes/goBuild/build.go:55.40,57.5 1 1
github.com/KyleKing/recipes/goBuild/build.go:57.10,57.29 1 0
github.com/KyleKing/recipes/goBuild/build.go:57.29,59.5 1 0
github.com/KyleKing/recipes/goBuild/build.go:59.10,62.5 2 0
github.com/KyleKing/recipes/goBuild/build.go:63.4,63.75 1 1
github.com/KyleKing/recipes/goBuild/build.go:66.3,68.22 3 1
github.com/KyleKing/recipes/goBuild/build.go:68.22,69.40 1 1
github.com/KyleKing/recipes/goBuild/build.go:69.40,72.5 2 1
github.com/KyleKing/recipes/goBuild/build.go:72.10,76.5 3 0
github.com/KyleKing/recipes/goBuild/build.go:79.3,79.25 1 1
github.com/KyleKing/recipes/goBuild/build.go:79.25,83.4 3 1
github.com/KyleKing/recipes/goBuild/build.go:85.3,85.38 1 1
github.com/KyleKing/recipes/goBuild/build.go:85.38,87.4 1 0
github.com/KyleKing/recipes/goBuild/build.go:92.102,97.74 4 1
github.com/KyleKing/recipes/goBuild/build.go:97.74,98.43 1 1
github.com/KyleKing/recipes/goBuild/build.go:98.43,100.25 2 1
github.com/KyleKing/recipes/goBuild/build.go:100.25,102.5 1 1
github.com/KyleKing/recipes/goBuild/build.go:106.2,106.27 1 1
github.com/KyleKing/recipes/goBuild/build.go:106.27,108.3 1 1
github.com/KyleKing/recipes/goBuild/build.go:110.2,110.35 1 1
github.com/KyleKing/recipes/goBuild/build.go:110.35,111.20 1 1
github.com/KyleKing/recipes/goBuild/build.go:111.20,113.4 1 1
github.com/KyleKing/recipes/goBuild/build.go:114.3,114.23 1 1
github.com/KyleKing/recipes/goBuild/build.go:117.2,117.12 1 1
github.com/KyleKing/recipes/goBuild/build.go:121.84,136.2 5 0
github.com/KyleKing/recipes/goBuild/build.go:139.93,140.69 1 1
github.com/KyleKing/recipes/goBuild/build.go:140.69,141.34 1 1
github.com/KyleKing/recipes/goBuild/build.go:141.34,143.4 1 1
github.com/KyleKing/recipes/goBuild/build.go:145.3,145.36 1 1
github.com/KyleKing/recipes/goBuild/build.go:145.36,147.4 1 1
github.com/KyleKing/recipes/goBuild/build.go:147.9,149.18 2 1
github.com/KyleKing/recipes/goBuild/build.go:149.18,151.5 1 0
github.com/KyleKing/recipes/goBuild/build.go:153.4,176.58 6 1
github.com/KyleKing/recipes/goBuild/build.go:179.3,179.41 1 1
github.com/KyleKing/recipes/goBuild/build.go:179.41,181.4 1 0
github.com/KyleKing/recipes/goBuild/build.go:182.3,182.13 1 1
github.com/KyleKing/recipes/goBuild/build.go:187.86,188.33 1 1
github.com/KyleKing/recipes/goBuild/build.go:188.33,196.13 5 1
github.com/KyleKing/recipes/goBuild/build.go:196.13,198.4 1 0
github.com/KyleKing/recipes/goBuild/build.go:198.9,201.18 2 1
github.com/KyleKing/recipes/goBuild/build.go:201.18,203.13 2 0
github.com/KyleKing/recipes/goBuild/build.go:205.4,205.40 1 1
github.com/KyleKing/recipes/goBuild/build.go:209.3,218.38 2 1
github.com/KyleKing/recipes/goBuild/build.go:218.38,220.4 1 1
github.com/KyleKing/recipes/goBuild/build.go:221.3,222.17 2 1
github.com/KyleKing/recipes/goBuild/build.go:222.17,224.4 1 0
github.com/KyleKing/recipes/goBuild/build.go:226.2,226.12 1 1
github.com/KyleKing/recipes/goBuild/build.go:230.77,232.70 2 1
github.com/KyleKing/recipes/goBuild/build.go:232.70,234.3 1 0
github.com/KyleKing/recipes/goBuild/build.go:236.2,236.69 1 1
github.com/KyleKing/recipes/goBuild/build.go:236.69,238.3 1 0
github.com/KyleKing/recipes/goBuild/build.go:239.2,239.12 1 1
github.com/KyleKing/recipes/goBuild/build.go:243.59,244.37 1 1
github.com/KyleKing/recipes/goBuild/build.go:244.37,246.43 1 1
github.com/KyleKing/recipes/goBuild/build.go:246.43,249.4 2 0
github.com/KyleKing/recipes/goBuild/build.go:250.3,250.52 1 1
github.com/KyleKing/recipes/goBuild/build.go:253.2,253.69 1 1
github.com/KyleKing/recipes/goBuild/build.go:257.70,258.37 1 1
github.com/KyleKing/recipes/goBuild/build.go:258.37,260.3 1 1
github.com/KyleKing/recipes/goBuild/build.go:262.2,262.72 1 1
github.com/KyleKing/recipes/goBuild/build.go:266.59,268.30 2 1
github.com/KyleKing/recipes/goBuild/build.go:268.30,271.3 2 1
github.com/KyleKing/recipes/goBuild/build.go:273.2,277.24 3 1
github.com/KyleKing/recipes/goBuild/build.go:277.24,279.3 1 1
github.com/KyleKing/recipes/goBuild/build.go:280.2,282.27 2 1
github.com/KyleKing/recipes/goBuild/build.go:282.27,287.79 4 1
github.com/KyleKing/recipes/goBuild/build.go:287.79,289.4 1 0
github.com/KyleKing/recipes/goBuild/build.go:290.3,290.58 1 1
github.com/KyleKing/recipes/goBuild/build.go:293.2,296.12 3 1
github.com/KyleKing/recipes/goBuild/build.go:300.30,310.45 5 1
github.com/KyleKing/recipes/goBuild/build.go:310.45,313.3 2 1
github.com/KyleKing/recipes/goBuild/build.go:316.2,355.87 27 1
github.com/KyleKing/recipes/goBuild/build.go:355.87,357.3 1 1
github.com/KyleKing/recipes/goBuild/build.go:358.2,364.69 5 1
github.com/KyleKing/recipes/goBuild/exported.go:13.26,15.2 1 0
github.com/KyleKing/recipes/goBuild/exported.go:18.92,20.2 1 0
github.com/KyleKing/recipes/goBuild/exported.go:23.73,25.2 1 0
github.com/KyleKing/recipes/goBuild/exported.go:28.55,30.2 1 0
github.com/KyleKing/recipes/goBuild/exported.go:33.61,35.2 1 0
github.com/KyleKing/recipes/goBuild/exported.go:38.92,40.2 1 0
github.com/KyleKing/recipes/goBuild/exported.go:43.86,45.2 1 0
github.com/KyleKing/recipes/goBuild/exported.go:48.115,56.2 1 0
github.com/KyleKing/recipes/goBuild/exported.go:59.84,63.67 3 0
github.com/KyleKing/recipes/goBuild/exported.go:63.67,64.43 1 0
github.com/KyleKing/recipes/goBuild/exported.go:64.43,68.59 3 0
github.com/KyleKing/recipes/goBuild/exported.go:68.59,70.5 1 0
github.com/KyleKing/recipes/goBuild/exported.go:73.3,73.39 1 0
github.com/KyleKing/recipes/goBuild/exported.go:73.39,75.4 1 0
github.com/KyleKing/recipes/goBuild/exported.go:78.2,78.27 1 0
github.com/KyleKing/recipes/goBuild/exported.go:78.27,80.18 2 0
github.com/KyleKing/recipes/goBuild/exported.go:80.18,81.9 1 0
github.com/KyleKing/recipes/goBuild/exported.go:85.2,85.14 1 0
github.com/KyleKing/recipes/goBuild/filters.go:20.67,21.33 1 1
github.com/KyleKing/recipes/goBuild/filters.go:21.33,28.61 2 1
github.com/KyleKing/recipes/goBuild/filters.go:28.61,30.4 1 0
github.com/KyleKing/recipes/goBuild/filters.go:30.9,30.67 1 1
github.com/KyleKing/recipes/goBuild/filters.go:30.67,32.4 1 1
github.com/KyleKing/recipes/goBuild/filters.go:34.3,35.22 2 1
github.com/KyleKing/recipes/goBuild/filters.go:39.76,40.27 1 1
github.com/KyleKing/recipes/goBuild/filters.go:40.27,42.3 1 1
github.com/KyleKing/recipes/goBuild/filters.go:44.2,48.30 4 1
github.com/KyleKing/recipes/goBuild/filters.go:48.30,50.3 1 1
github.com/KyleKing/recipes/goBuild/filters.go:52.2,52.17 1 1
github.com/KyleKing/recipes/goBuild/filters.go:55.53,58.2 2 1
github.com/KyleKing/recipes/goBuild/filters.go:60.76,62.33 2 1
github.com/KyleKing/recipes/goBuild/filters.go:62.33,63.24 1 1
github.com/KyleKing/recipes/goBuild/filters.go:63.24,65.4 1 1
github.com/KyleKing/recipes/goBuild/filters.go:67.2,67.17 1 1
github.com/KyleKing/recipes/goBuild/filters.go:70.42,71.42 1 1
github.com/KyleKing/recipes/goBuild/filters.go:71.42,72.70 1 1
github.com/KyleKing/recipes/goBuild/filters.go:72.70,74.4 1 0
github.com/KyleKing/recipes/goBuild/filters.go:75.3,75.70 1 1
github.com/KyleKing/recipes/goBuild/filters.go:75.70,77.4 1 0
github.com/KyleKing/recipes/goBuild/filters.go:78.3,78.58 1 1
github.com/KyleKing/recipes/goBuild/filters.go:82.41,83.42 1 1
github.com/KyleKing/recipes/goBuild/filters.go:83.42,84.70 1 1
github.com/KyleKing/recipes/goBuild/filters.go:84.70,86.4 1 0
github.com/KyleKing/recipes/goBuild/filters.go:87.3,87.70 1 1
github.com/KyleKing/recipes/goBuild/filters.go:87.70,89.4 1 0
github.com/KyleKing/recipes/goBuild/filters.go:90.3,90.59 1 1
github.com/KyleKing/recipes/goBuild/filters.go:94.42,95.42 1 1
github.com/KyleKing/recipes/goBuild/filters.go:95.42,96.72 1 1
github.com/KyleKing/recipes/goBuild/filters.go:96.72,98.4 1 0
github.com/KyleKing/recipes/goBuild/filters.go:99.3,99.72 1 1
github.com/KyleKing/recipes/goBuild/filters.go:99.72,101.4 1 0
github.com/KyleKing/recipes/goBuild/filters.go:102.3,102.61 1 1
github.com/KyleKing/recipes/goBuild/filters.go:106.55,107.24 1 1
github.com/KyleKing/recipes/goBuild/filters.go:107.24,109.3 1 1
github.com/KyleKing/recipes/goBuild/filters.go:110.2,110.16 1 1
github.com/KyleKing/recipes/goBuild/filters.go:113.52,115.30 2 1
github.com/KyleKing/recipes/goBuild/filters.go:115.30,117.3 1 1
github.com/KyleKing/recipes/goBuild/filters.go:119.2,120.36 2 1
github.com/KyleKing/recipes/goBuild/filters.go:120.36,122.3 1 1
github.com/KyleKing/recipes/goBuild/filters.go:124.2,126.44 3 1
github.com/KyleKing/recipes/goBuild/filters.go:126.44,128.76 2 1
github.com/KyleKing/recipes/goBuild/filters.go:128.76,130.4 1 1
github.com/KyleKing/recipes/goBuild/filters.go:133.2,133.58 1 1
github.com/KyleKing/recipes/goBuild/filters.go:133.58,135.3 1 1
github.com/KyleKing/recipes/goBuild/filters.go:136.2,151.3 8 1
github.com/KyleKing/recipes/goBuild/git_info.go:22.38,23.25 1 1
github.com/KyleKing/recipes/goBuild/git_info.go:23.25,36.30 6 1
github.com/KyleKing/recipes/goBuild/git_info.go:36.30,38.4 1 0
github.com/KyleKing/recipes/goBuild/git_info.go:39.3,39.33 1 1
github.com/KyleKing/recipes/goBuild/git_info.go:39.33,41.4 1 0
github.com/KyleKing/recipes/goBuild/git_info.go:43.3,43.30 1 1
github.com/KyleKing/recipes/goBuild/git_info.go:43.30,48.4 1 0
github.com/KyleKing/recipes/goBuild/git_info.go:50.3,50.96 1 1
github.com/KyleKing/recipes/goBuild/git_info.go:54.72,60.16 4 1
github.com/KyleKing/recipes/goBuild/git_info.go:60.16,63.3 2 0
github.com/KyleKing/recipes/goBuild/git_info.go:65.2,68.29 3 1
github.com/KyleKing/recipes/goBuild/git_info.go:68.29,70.17 2 1
github.com/KyleKing/recipes/goBuild/git_info.go:70.17,71.12 1 1
github.com/KyleKing/recipes/goBuild/git_info.go:75.3,75.68 1 0
github.com/KyleKing/recipes/goBuild/git_info.go:75.68,77.4 1 0
github.com/KyleKing/recipes/goBuild/git_info.go:77.9,77.49 1 0
github.com/KyleKing/recipes/goBuild/git_info.go:77.49,79.66 1 0
github.com/KyleKing/recipes/goBuild/git_info.go:79.66,81.5 1 0
github.com/KyleKing/recipes/goBuild/git_info.go:85.2,85.14 1 1
github.com/KyleKing/recipes/goBuild/git_info.go:88.68,94.16 4 1
github.com/KyleKing/recipes/goBuild/git_info.go:94.16,97.3 2 0
github.com/KyleKing/recipes/goBuild/git_info.go:99.2,102.29 3 1
github.com/KyleKing/recipes/goBuild/git_info.go:102.29,104.17 2 1
github.com/KyleKing/recipes/goBuild/git_info.go:104.17,105.12 1 1
github.com/KyleKing/recipes/goBuild/git_info.go:109.3,109.68 1 0
github.com/KyleKing/recipes/goBuild/git_info.go:109.68,111.4 1 0
github.com/KyleKing/recipes/goBuild/git_info.go:111.9,111.49 1 0
github.com/KyleKing/recipes/goBuild/git_info.go:111.49,113.66 1 0
github.com/KyleKing/recipes/goBuild/git_info.go:113.66,115.5 1 0
github.com/KyleKing/recipes/goBuild/git_info.go:119.2,119.14 1 1
github.com/KyleKing/recipes/goBuild/git_info.go:122.67,126.53 3 1
github.com/KyleKing/recipes/goBuild/git_info.go:126.53,128.3 1 0
github.com/KyleKing/recipes/goBuild/git_info.go:130.2,130.33 1 1
github.com/KyleKing/recipes/goBuild/git_info.go:133.65,137.2 3 1
github.com/KyleKing/recipes/goBuild/helpers.go:10.37,12.47 2 1
github.com/KyleKing/recipes/goBuild/helpers.go:12.47,13.20 1 1
github.com/KyleKing/recipes/goBuild/helpers.go:13.20,16.4 2 1
github.com/KyleKing/recipes/goBuild/helpers.go:18.2,18.33 1 1
github.com/KyleKing/recipes/goBuild/helpers.go:21.38,24.2 2 1
github.com/KyleKing/recipes/goBuild/helpers.go:26.38,28.2 1 1
github.com/KyleKing/recipes/goBuild/helpers.go:30.29,31.16 1 1
github.com/KyleKing/recipes/goBuild/helpers.go:31.16,33.3 1 0
github.com/KyleKing/recipes/goBuild/helpers.go:36.49,38.19 2 1
github.com/KyleKing/recipes/goBuild/helpers.go:38.19,40.3 1 1
github.com/KyleKing/recipes/goBuild/helpers.go:41.2,42.13 2 1
github.com/KyleKing/recipes/goBuild/ingredients.go:18.26,19.20 1 1
github.com/KyleKing/recipes/goBuild/ingredients.go:19.20,22.17 3 1
github.com/KyleKing/recipes/goBuild/ingredients.go:22.17,24.4 1 0
github.com/KyleKing/recipes/goBuild/ingredients.go:26.2,26.12 1 1
github.com/KyleKing/recipes/goBuild/ingredients.go:62.73,66.44 3 1
github.com/KyleKing/recipes/goBuild/ingredients.go:66.44,81.32 6 1
github.com/KyleKing/recipes/goBuild/ingredients.go:81.32,85.35 2 1
github.com/KyleKing/recipes/goBuild/ingredients.go:85.35,86.13 1 1
github.com/KyleKing/recipes/goBuild/ingredients.go:90.4,90.37 1 1
github.com/KyleKing/recipes/goBuild/ingredients.go:90.37,91.13 1 1
github.com/KyleKing/recipes/goBuild/ingredients.go:95.4,100.74 4 1
github.com/KyleKing/recipes/goBuild/ingredients.go:100.74,103.5 1 0
github.com/KyleKing/recipes/goBuild/ingredients.go:105.4,105.32 1 1
github.com/KyleKing/recipes/goBuild/ingredients.go:105.32,111.25 3 1
github.com/KyleKing/recipes/goBuild/ingredients.go:111.25,120.6 4 1
github.com/KyleKing/recipes/goBuild/ingredients.go:125.3,125.21 1 1
github.com/KyleKing/recipes/goBuild/ingredients.go:125.21,127.33 2 1
github.com/KyleKing/recipes/goBuild/ingredients.go:127.33,128.48 1 1
github.com/KyleKing/recipes/goBuild/ingredients.go:128.48,130.53 2 1
github.com/KyleKing/recipes/goBuild/ingredients.go:130.53,133.7 2 1
github.com/KyleKing/recipes/goBuild/ingredients.go:139.3,139.21 1 1
github.com/KyleKing/recipes/goBuild/ingredients.go:139.21,141.40 2 1
github.com/KyleKing/recipes/goBuild/ingredients.go:141.40,142.46 1 1
github.com/KyleKing/recipes/goBuild/ingredients.go:142.46,144.6 1 1
github.com/KyleKing/recipes/goBuild/ingredients.go:149.2,149.16 1 1
github.com/KyleKing/recipes/goBuild/ingredients.go:153.69,154.29 1 1
github.com/KyleKing/recipes/goBuild/ingredients.go:154.29,155.45 1 1
github.com/KyleKing/recipes/goBuild/ingredients.go:155.45,157.4 1 1
github.com/KyleKing/recipes/goBuild/ingredients.go:159.2,159.18 1 0
github.com/KyleKing/recipes/goBuild/ingredients.go:164.72,169.24 3 1
github.com/KyleKing/recipes/goBuild/ingredients.go:169.24,171.3 1 1
github.com/KyleKing/recipes/goBuild/ingredients.go:173.2,173.29 1 1
github.com/KyleKing/recipes/goBuild/ingredients.go:173.29,175.44 1 1
github.com/KyleKing/recipes/goBuild/ingredients.go:175.44,178.25 1 0
github.com/KyleKing/recipes/goBuild/ingredients.go:178.25,180.56 2 0
github.com/KyleKing/recipes/goBuild/ingredients.go:180.56,184.6 2 0
github.com/KyleKing/recipes/goBuild/ingredients.go:189.2,189.18 1 1
github.com/KyleKing/recipes/goBuild/ingredients.go:193.88,196.29 2 1
github.com/KyleKing/recipes/goBuild/ingredients.go:196.29,201.30 3 1
github.com/KyleKing/recipes/goBuild/ingredients.go:201.30,202.12 1 1
github.com/KyleKing/recipes/goBuild/ingredients.go:206.3,206.65 1 1
github.com/KyleKing/recipes/goBuild/ingredients.go:206.65,207.12 1 1
github.com/KyleKing/recipes/goBuild/ingredients.go:211.3,211.26 1 1
github.com/KyleKing/recipes/goBuild/ingredients.go:211.26,212.12 1 1
github.com/KyleKing/recipes/goBuild/ingredients.go:220.3,220.18 1 1
github.com/KyleKing/recipes/goBuild/ingredients.go:221.57,223.47 1 1
github.com/KyleKing/recipes/goBuild/ingredients.go:223.47,225.5 1 1
github.com/KyleKing/recipes/goBuild/ingredients.go:226.19,228.37 1 1
github.com/KyleKing/recipes/goBuild/ingredients.go:229.15,231.39 1 1
github.com/KyleKing/recipes/goBuild/ingredients.go:231.39,233.5 1 1
github.com/KyleKing/recipes/goBuild/ingredients.go:234.14,238.25 1 0
github.com/KyleKing/recipes/goBuild/ingredients.go:238.25,240.5 1 0
github.com/KyleKing/recipes/goBuild/ingredients.go:244.2,244.14 1 1
github.com/KyleKing/recipes/goBuild/ingredients.go:250.98,264.33 2 1
github.com/KyleKing/recipes/goBuild/ingredients.go:264.33,266.3 1 1
github.com/KyleKing/recipes/goBuild/ingredients.go:268.2,268.29 1 1
github.com/KyleKing/recipes/goBuild/ingredients.go:268.29,269.28 1 1
github.com/KyleKing/recipes/goBuild/ingredients.go:269.28,272.68 2 1
github.com/KyleKing/recipes/goBuild/ingredients.go:272.68,273.33 1 1
github.com/KyleKing/recipes/goBuild/ingredients.go:273.33,275.6 1 1
github.com/KyleKing/recipes/goBuild/ingredients.go:283.71,285.39 1 1
github.com/KyleKing/recipes/goBuild/ingredients.go:285.39,287.3 1 1
github.com/KyleKing/recipes/goBuild/ingredients.go:290.2,290.39 1 1
github.com/KyleKing/recipes/goBuild/ingredients.go:290.39,291.24 1 1
github.com/KyleKing/recipes/goBuild/ingredients.go:291.24,293.4 1 1
github.com/KyleKing/recipes/goBuild/ingredients.go:296.3,300.45 2 1
github.com/KyleKing/recipes/goBuild/ingredients.go:300.45,301.12 1 1
github.com/KyleKing/recipes/goBuild/ingredients.go:304.3,305.36 2 1
github.com/KyleKing/recipes/goBuild/ingredients.go:305.36,307.4 1 1
github.com/KyleKing/recipes/goBuild/ingredients.go:310.2,310.15 1 0
github.com/KyleKing/recipes/goBuild/ingredients.go:314.44,316.2 1 1
github.com/KyleKing/recipes/goBuild/ingredients.go:319.38,333.2 2 1
github.com/KyleKing/recipes/goBuild/ingredients.go:337.45,343.16 2 1
github.com/KyleKing/recipes/goBuild/ingredients.go:343.16,345.3 1 1
github.com/KyleKing/recipes/goBuild/ingredients.go:348.2,353.22 2 1
github.com/KyleKing/recipes/goBuild/ingredients.go:353.22,355.3 1 1
github.com/KyleKing/recipes/goBuild/ingredients.go:359.2,359.13 1 1
github.com/KyleKing/recipes/goBuild/ingredients.go:362.43,366.22 3 1
github.com/KyleKing/recipes/goBuild/ingredients.go:366.22,367.15 1 1
github.com/KyleKing/recipes/goBuild/ingredients.go:367.15,369.12 2 1
github.com/KyleKing/recipes/goBuild/ingredients.go:371.3,371.15 1 1
github.com/KyleKing/recipes/goBuild/ingredients.go:371.15,373.12 2 1
github.com/KyleKing/recipes/goBuild/ingredients.go:375.3,375.22 1 1
github.com/KyleKing/recipes/goBuild/ingredients.go:375.22,377.4 1 1
github.com/KyleKing/recipes/goBuild/ingredients.go:379.2,379.34 1 1
github.com/KyleKing/recipes/goBuild/ingredients.go:382.44,388.21 4 1
github.com/KyleKing/recipes/goBuild/ingredients.go:388.21,390.3 1 0
github.com/KyleKing/recipes/goBuild/ingredients.go:393.2,414.29 4 1
github.com/KyleKing/recipes/goBuild/ingredients.go:414.29,415.42 1 1
github.com/KyleKing/recipes/goBuild/ingredients.go:415.42,416.12 1 1
github.com/KyleKing/recipes/goBuild/ingredients.go:418.3,418.38 1 1
github.com/KyleKing/recipes/goBuild/ingredients.go:418.38,419.12 1 1
github.com/KyleKing/recipes/goBuild/ingredients.go:421.3,422.42 2 1
github.com/KyleKing/recipes/goBuild/ingredients.go:426.2,426.74 1 1
github.com/KyleKing/recipes/goBuild/ingredients.go:426.74,428.3 1 0
github.com/KyleKing/recipes/goBuild/ingredients.go:430.2,430.39 1 1
github.com/KyleKing/recipes/goBuild/ingredients.go:433.32,436.21 2 1
github.com/KyleKing/recipes/goBuild/ingredients.go:436.21,438.3 1 1
github.com/KyleKing/recipes/goBuild/ingredients.go:439.2,439.51 1 1
github.com/KyleKing/recipes/goBuild/ingredients.go:442.50,443.21 1 1
github.com/KyleKing/recipes/goBuild/ingredients.go:443.21,445.3 1 1
github.com/KyleKing/recipes/goBuild/ingredients.go:448.2,461.51 2 1
github.com/KyleKing/recipes/goBuild/ingredients.go:464.48,465.20 1 1
github.com/KyleKing/recipes/goBuild/ingredients.go:465.20,467.3 1 1
github.com/KyleKing/recipes/goBuild/ingredients.go:470.2,490.47 2 1
github.com/KyleKing/recipes/goBuild/ingredients.go:493.31,496.23 2 1
github.com/KyleKing/recipes/goBuild/ingredients.go:496.23,498.3 1 1
github.com/KyleKing/recipes/goBuild/ingredients.go:499.2,499.28 1 1
github.com/KyleKing/recipes/goBuild/ingredients.go:499.28,500.51 1 1
github.com/KyleKing/recipes/goBuild/ingredients.go:500.51,502.4 1 1
github.com/KyleKing/recipes/goBuild/ingredients.go:504.2,504.13 1 1
github.com/KyleKing/recipes/goBuild/ingredients.go:507.61,512.34 4 1
github.com/KyleKing/recipes/goBuild/ingredients.go:512.34,513.39 1 1
github.com/KyleKing/recipes/goBuild/ingredients.go:513.39,515.4 1 1
github.com/KyleKing/recipes/goBuild/ingredients.go:518.2,518.33 1 1
github.com/KyleKing/recipes/goBuild/ingredients.go:518.33,520.3 1 1
github.com/KyleKing/recipes/goBuild/ingredients.go:522.2,522.12 1 1
github.com/KyleKing/recipes/goBuild/ingredients.go:525.92,530.30 4 1
github.com/KyleKing/recipes/goBuild/ingredients.go:530.30,533.3 2 1
github.com/KyleKing/recipes/goBuild/ingredients.go:535.2,535.30 1 1
github.com/KyleKing/recipes/goBuild/ingredients.go:535.30,538.3 2 1
github.com/KyleKing/recipes/goBuild/ingredients.go:540.2,540.30 1 1
github.com/KyleKing/recipes/goBuild/ingredients.go:540.30,541.22 1 1
github.com/KyleKing/recipes/goBuild/ingredients.go:541.22,544.4 2 1
github.com/KyleKing/recipes/goBuild/ingredients.go:547.2,547.40 1 1
github.com/KyleKing/recipes/goBuild/ingredients.go:547.40,549.3 1 0
github.com/KyleKing/recipes/goBuild/ingredients.go:551.2,551.69 1 1
github.com/KyleKing/recipes/goBuild/ingredients.go:554.86,558.44 3 1
github.com/KyleKing/recipes/goBuild/ingredients.go:558.44,560.3 1 0
github.com/KyleKing/recipes/goBuild/ingredients.go:564.2,568.29 4 1
github.com/KyleKing/recipes/goBuild/ingredients.go:568.29,570.18 2 1
github.com/KyleKing/recipes/goBuild/ingredients.go:570.18,573.4 1 1
github.com/KyleKing/recipes/goBuild/ingredients.go:574.3,574.32 1 1
github.com/KyleKing/recipes/goBuild/ingredients.go:577.2,577.29 1 1
github.com/KyleKing/recipes/goBuild/ingredients.go:577.29,579.18 2 1
github.com/KyleKing/recipes/goBuild/ingredients.go:579.18,581.4 1 1
github.com/KyleKing/recipes/goBuild/ingredients.go:582.3,582.32 1 1
github.com/KyleKing/recipes/goBuild/ingredients.go:585.2,585.29 1 1
github.com/KyleKing/recipes/goBuild/ingredients.go:585.29,586.21 1 1
github.com/KyleKing/recipes/goBuild/ingredients.go:586.21,588.19 2 1
github.com/KyleKing/recipes/goBuild/ingredients.go:588.19,590.5 1 1
github.com/KyleKing/recipes/goBuild/ingredients.go:591.4,591.33 1 1
github.com/KyleKing/recipes/goBuild/ingredients.go:595.2,595.40 1 1
github.com/KyleKing/recipes/goBuild/ingredients.go:595.40,597.3 1 0
github.com/KyleKing/recipes/goBuild/ingredients.go:599.2,599.69 1 1
github.com/KyleKing/recipes/goBuild/ingredients.go:602.55,612.29 5 1
github.com/KyleKing/recipes/goBuild/ingredients.go:612.29,614.47 2 1
github.com/KyleKing/recipes/goBuild/ingredients.go:614.47,616.4 1 1
github.com/KyleKing/recipes/goBuild/ingredients.go:619.2,619.15 1 1
github.com/KyleKing/recipes/goBuild/ingredients.go:622.90,627.2 3 0
github.com/KyleKing/recipes/goBuild/ingredients.go:629.53,631.23 2 1
github.com/KyleKing/recipes/goBuild/ingredients.go:631.23,632.15 1 1
github.com/KyleKing/recipes/goBuild/ingredients.go:632.15,634.4 1 1
github.com/KyleKing/recipes/goBuild/ingredients.go:636.2,637.15 2 1
github.com/KyleKing/recipes/goBuild/ingredients.go:640.135,643.46 2 1
github.com/KyleKing/recipes/goBuild/ingredients.go:643.46,644.34 1 1
github.com/KyleKing/recipes/goBuild/ingredients.go:644.34,645.12 1 1
github.com/KyleKing/recipes/goBuild/ingredients.go:648.3,657.90 5 1
github.com/KyleKing/recipes/goBuild/ingredients.go:657.90,671.4 2 1
github.com/KyleKing/recipes/goBuild/ingredients.go:674.2,674.41 1 1
github.com/KyleKing/recipes/goBuild/ingredients.go:674.41,676.3 1 1
github.com/KyleKing/recipes/goBuild/ingredients.go:678.2,678.30 1 1
github.com/KyleKing/recipes/goBuild/ingredients.go:678.30,680.3 1 0
github.com/KyleKing/recipes/goBuild/ingredients.go:682.2,682.15 1 1
github.com/KyleKing/recipes/goBuild/related_recipes.go:13.92,18.85 4 1
github.com/KyleKing/recipes/goBuild/related_recipes.go:18.85,20.39 2 1
github.com/KyleKing/recipes/goBuild/related_recipes.go:20.39,21.138 1 1
github.com/KyleKing/recipes/goBuild/related_recipes.go:21.138,23.19 2 1
github.com/KyleKing/recipes/goBuild/related_recipes.go:23.19,25.6 1 1
github.com/KyleKing/recipes/goBuild/related_recipes.go:28.3,28.38 1 1
github.com/KyleKing/recipes/goBuild/related_recipes.go:31.2,32.95 2 1
github.com/KyleKing/recipes/goBuild/related_recipes.go:32.95,34.39 2 1
github.com/KyleKing/recipes/goBuild/related_recipes.go:34.39,35.46 1 1
github.com/KyleKing/recipes/goBuild/related_recipes.go:35.46,37.19 2 1
github.com/KyleKing/recipes/goBuild/related_recipes.go:37.19,39.6 1 1
github.com/KyleKing/recipes/goBuild/related_recipes.go:40.5,40.48 1 1
github.com/KyleKing/recipes/goBuild/related_recipes.go:40.48,41.158 1 1
github.com/KyleKing/recipes/goBuild/related_recipes.go:41.158,43.7 1 1
github.com/KyleKing/recipes/goBuild/related_recipes.go:47.3,47.15 1 1
github.com/KyleKing/recipes/goBuild/related_recipes.go:50.2,51.67 2 1
github.com/KyleKing/recipes/goBuild/related_recipes.go:51.67,52.43 1 1
github.com/KyleKing/recipes/goBuild/related_recipes.go:52.43,56.43 3 1
github.com/KyleKing/recipes/goBuild/related_recipes.go:56.43,58.5 1 1
github.com/KyleKing/recipes/goBuild/related_recipes.go:61.3,61.39 1 1
github.com/KyleKing/recipes/goBuild/related_recipes.go:61.39,63.4 1 1
github.com/KyleKing/recipes/goBuild/related_recipes.go:65.3,65.90 1 1
github.com/KyleKing/recipes/goBuild/related_recipes.go:65.90,66.56 1 1
github.com/KyleKing/recipes/goBuild/related_recipes.go:66.56,68.5 1 1
github.com/KyleKing/recipes/goBuild/related_recipes.go:72.2,72.27 1 1
github.com/KyleKing/recipes/goBuild/related_recipes.go:72.27,74.3 1 1
github.com/KyleKing/recipes/goBuild/related_recipes.go:76.2,76.20 1 1
github.com/KyleKing/recipes/goBuild/related_recipes.go:79.97,87.33 5 1
github.com/KyleKing/recipes/goBuild/related_recipes.go:87.33,96.13 6 1
github.com/KyleKing/recipes/goBuild/related_recipes.go:96.13,98.4 1 0
github.com/KyleKing/recipes/goBuild/related_recipes.go:98.9,101.18 2 1
github.com/KyleKing/recipes/goBuild/related_recipes.go:101.18,103.13 2 0
github.com/KyleKing/recipes/goBuild/related_recipes.go:106.4,107.49 2 1
github.com/KyleKing/recipes/goBuild/related_recipes.go:111.3,111.113 1 1
github.com/KyleKing/recipes/goBuild/related_recipes.go:111.113,114.4 2 0
github.com/KyleKing/recipes/goBuild/related_recipes.go:114.9,121.18 4 1
github.com/KyleKing/recipes/goBuild/related_recipes.go:121.18,124.5 2 0
github.com/KyleKing/recipes/goBuild/related_recipes.go:126.4,132.5 1 1
github.com/KyleKing/recipes/goBuild/related_recipes.go:135.3,141.4 1 1
github.com/KyleKing/recipes/goBuild/related_recipes.go:145.2,145.54 1 1
github.com/KyleKing/recipes/goBuild/related_recipes.go:145.54,147.3 1 0
github.com/KyleKing/recipes/goBuild/related_recipes.go:149.2,151.14 2 1
github.com/KyleKing/recipes/goBuild/related_recipes.go:154.67,156.2 1 1
github.com/KyleKing/recipes/goBuild/related_recipes.go:158.94,161.33 3 1
github.com/KyleKing/recipes/goBuild/related_recipes.go:161.33,162.44 1 1
github.com/KyleKing/recipes/goBuild/related_recipes.go:162.44,168.37 4 1
github.com/KyleKing/recipes/goBuild/related_recipes.go:168.37,170.5 1 1
github.com/KyleKing/recipes/goBuild/related_recipes.go:171.4,176.23 5 1
github.com/KyleKing/recipes/goBuild/related_recipes.go:179.2,179.61 1 1
github.com/KyleKing/recipes/goBuild/schemas.go:16.35,18.2 1 1
github.com/KyleKing/recipes/goBuild/schemas.go:27.91,30.80 3 1
github.com/KyleKing/recipes/goBuild/schemas.go:30.80,32.3 1 1
github.com/KyleKing/recipes/goBuild/schemas.go:33.2,39.3 2 1
github.com/KyleKing/recipes/goBuild/schemas.go:56.69,67.2 1 1
github.com/KyleKing/recipes/goBuild/schemas.go:109.36,113.2 1 1
github.com/KyleKing/recipes/goBuild/schemas.go:115.62,120.2 4 1
github.com/KyleKing/recipes/goBuild/schemas.go:122.62,126.2 3 1
github.com/KyleKing/recipes/goBuild/similarity_cache.go:30.32,32.2 1 1
github.com/KyleKing/recipes/goBuild/similarity_cache.go:34.29,36.2 1 1
github.com/KyleKing/recipes/goBuild/similarity_cache.go:38.55,40.16 2 1
github.com/KyleKing/recipes/goBuild/similarity_cache.go:40.16,42.3 1 1
github.com/KyleKing/recipes/goBuild/similarity_cache.go:43.2,46.47 3 1
github.com/KyleKing/recipes/goBuild/similarity_cache.go:46.47,48.3 1 0
github.com/KyleKing/recipes/goBuild/similarity_cache.go:50.2,50.46 1 1
github.com/KyleKing/recipes/goBuild/similarity_cache.go:53.45,57.16 3 1
github.com/KyleKing/recipes/goBuild/similarity_cache.go:57.16,58.26 1 1
github.com/KyleKing/recipes/goBuild/similarity_cache.go:58.26,60.4 1 0
github.com/KyleKing/recipes/goBuild/similarity_cache.go:61.3,64.4 1 1
github.com/KyleKing/recipes/goBuild/similarity_cache.go:67.2,68.53 2 0
github.com/KyleKing/recipes/goBuild/similarity_cache.go:68.53,74.3 2 0
github.com/KyleKing/recipes/goBuild/similarity_cache.go:76.2,76.15 1 0
github.com/KyleKing/recipes/goBuild/similarity_cache.go:79.56,80.41 1 1
github.com/KyleKing/recipes/goBuild/similarity_cache.go:80.41,82.3 1 0
github.com/KyleKing/recipes/goBuild/similarity_cache.go:84.2,87.16 3 1
github.com/KyleKing/recipes/goBuild/similarity_cache.go:87.16,89.3 1 0
github.com/KyleKing/recipes/goBuild/similarity_cache.go:91.2,92.61 2 1
github.com/KyleKing/recipes/goBuild/similarity_cache.go:92.61,94.3 1 0
github.com/KyleKing/recipes/goBuild/similarity_cache.go:96.2,96.12 1 1
github.com/KyleKing/recipes/goBuild/similarity_cache.go:99.80,101.47 1 1
github.com/KyleKing/recipes/goBuild/similarity_cache.go:101.47,103.3 1 1
github.com/KyleKing/recipes/goBuild/similarity_cache.go:106.2,107.16 2 1
github.com/KyleKing/recipes/goBuild/similarity_cache.go:107.16,109.3 1 0
github.com/KyleKing/recipes/goBuild/similarity_cache.go:112.2,112.39 1 1
github.com/KyleKing/recipes/goBuild/templates_templ.go:26.107,27.131 1 1
github.com/KyleKing/recipes/goBuild/templates_templ.go:27.131,29.71 2 1
github.com/KyleKing/recipes/goBuild/templates_templ.go:29.71,31.4 1 0
github.com/KyleKing/recipes/goBuild/templates_templ.go:32.3,33.31 2 1
github.com/KyleKing/recipes/goBuild/templates_templ.go:33.31,34.17 1 0
github.com/KyleKing/recipes/goBuild/templates_templ.go:34.17,36.34 2 0
github.com/KyleKing/recipes/goBuild/templates_templ.go:36.34,38.6 1 0
github.com/KyleKing/recipes/goBuild/templates_templ.go:41.3,43.33 3 1
github.com/KyleKing/recipes/goBuild/templates_templ.go:43.33,45.4 1 0
github.com/KyleKing/recipes/goBuild/templates_templ.go:46.3,48.32 3 1
github.com/KyleKing/recipes/goBuild/templates_templ.go:48.32,50.4 1 0
github.com/KyleKing/recipes/goBuild/templates_templ.go:51.3,53.32 3 1
github.com/KyleKing/recipes/goBuild/templates_templ.go:53.32,55.4 1 0
github.com/KyleKing/recipes/goBuild/templates_templ.go:56.3,57.32 2 1
github.com/KyleKing/recipes/goBuild/templates_templ.go:57.32,59.4 1 0
github.com/KyleKing/recipes/goBuild/templates_templ.go:60.3,61.32 2 1
github.com/KyleKing/recipes/goBuild/templates_templ.go:61.32,63.4 1 0
github.com/KyleKing/recipes/goBuild/templates_templ.go:64.3,64.29 1 1
github.com/KyleKing/recipes/goBuild/templates_templ.go:64.29,66.33 2 1
github.com/KyleKing/recipes/goBuild/templates_templ.go:66.33,68.5 1 0
github.com/KyleKing/recipes/goBuild/templates_templ.go:69.4,71.33 3 1
github.com/KyleKing/recipes/goBuild/templates_templ.go:71.33,73.5 1 0
github.com/KyleKing/recipes/goBuild/templates_templ.go:74.4,75.33 2 1
github.com/KyleKing/recipes/goBuild/templates_templ.go:75.33,77.5 1 0
github.com/KyleKing/recipes/goBuild/templates_templ.go:78.4,79.33 2 1
github.com/KyleKing/recipes/goBuild/templates_templ.go:79.33,81.5 1 0
github.com/KyleKing/recipes/goBuild/templates_templ.go:82.4,84.33 3 1
github.com/KyleKing/recipes/goBuild/templates_templ.go:84.33,86.5 1 0
github.com/KyleKing/recipes/goBuild/templates_templ.go:87.4,88.33 2 1
github.com/KyleKing/recipes/goBuild/templates_templ.go:88.33,90.5 1 0
github.com/KyleKing/recipes/goBuild/templates_templ.go:91.4,92.33 2 1
github.com/KyleKing/recipes/goBuild/templates_templ.go:92.33,94.5 1 0
github.com/KyleKing/recipes/goBuild/templates_templ.go:95.4,97.33 3 1
github.com/KyleKing/recipes/goBuild/templates_templ.go:97.33,99.5 1 0
github.com/KyleKing/recipes/goBuild/templates_templ.go:100.4,101.33 2 1
github.com/KyleKing/recipes/goBuild/templates_templ.go:101.33,103.5 1 0
github.com/KyleKing/recipes/goBuild/templates_templ.go:104.4,105.33 2 1
github.com/KyleKing/recipes/goBuild/templates_templ.go:105.33,107.5 1 0
github.com/KyleKing/recipes/goBuild/templates_templ.go:108.4,110.33 3 1
github.com/KyleKing/recipes/goBuild/templates_templ.go:110.33,112.5 1 0
github.com/KyleKing/recipes/goBuild/templates_templ.go:113.4,114.33 2 1
github.com/KyleKing/recipes/goBuild/templates_templ.go:114.33,116.5 1 0
github.com/KyleKing/recipes/goBuild/templates_templ.go:117.4,118.33 2 1
github.com/KyleKing/recipes/goBuild/templates_templ.go:118.33,120.5 1 0
github.com/KyleKing/recipes/goBuild/templates_templ.go:121.4,123.33 3 1
github.com/KyleKing/recipes/goBuild/templates_templ.go:123.33,125.5 1 0
github.com/KyleKing/recipes/goBuild/templates_templ.go:126.4,127.33 2 1
github.com/KyleKing/recipes/goBuild/templates_templ.go:127.33,129.5 1 0
github.com/KyleKing/recipes/goBuild/templates_templ.go:130.4,131.33 2 1
github.com/KyleKing/recipes/goBuild/templates_templ.go:131.33,133.5 1 0
github.com/KyleKing/recipes/goBuild/templates_templ.go:134.4,136.33 3 1
github.com/KyleKing/recipes/goBuild/templates_templ.go:136.33,138.5 1 0
github.com/KyleKing/recipes/goBuild/templates_templ.go:139.4,140.33 2 1
github.com/KyleKing/recipes/goBuild/templates_templ.go:140.33,142.5 1 0
github.com/KyleKing/recipes/goBuild/templates_templ.go:143.4,144.33 2 1
github.com/KyleKing/recipes/goBuild/templates_templ.go:144.33,146.5 1 0
github.com/KyleKing/recipes/goBuild/templates_templ.go:147.4,149.33 3 1
github.com/KyleKing/recipes/goBuild/templates_templ.go:149.33,151.5 1 0
github.com/KyleKing/recipes/goBuild/templates_templ.go:152.4,153.33 2 1
github.com/KyleKing/recipes/goBuild/templates_templ.go:153.33,155.5 1 0
github.com/KyleKing/recipes/goBuild/templates_templ.go:156.4,157.33 2 1
github.com/KyleKing/recipes/goBuild/templates_templ.go:157.33,159.5 1 0
github.com/KyleKing/recipes/goBuild/templates_templ.go:161.3,161.30 1 1
github.com/KyleKing/recipes/goBuild/templates_templ.go:161.30,163.33 2 1
github.com/KyleKing/recipes/goBuild/templates_templ.go:163.33,165.5 1 0
github.com/KyleKing/recipes/goBuild/templates_templ.go:167.3,168.32 2 1
github.com/KyleKing/recipes/goBuild/templates_templ.go:168.32,170.4 1 0
github.com/KyleKing/recipes/goBuild/templates_templ.go:171.3,171.31 1 1
github.com/KyleKing/recipes/goBuild/templates_templ.go:171.31,173.33 2 1
github.com/KyleKing/recipes/goBuild/templates_templ.go:173.33,175.5 1 0
github.com/KyleKing/recipes/goBuild/templates_templ.go:177.3,178.32 2 1
github.com/KyleKing/recipes/goBuild/templates_templ.go:178.32,180.4 1 0
github.com/KyleKing/recipes/goBuild/templates_templ.go:181.3,182.32 2 1
github.com/KyleKing/recipes/goBuild/templates_templ.go:182.32,184.4 1 0
github.com/KyleKing/recipes/goBuild/templates_templ.go:185.3,186.32 2 1
github.com/KyleKing/recipes/goBuild/templates_templ.go:186.32,188.4 1 0
github.com/KyleKing/recipes/goBuild/templates_templ.go:189.3,189.30 1 1
github.com/KyleKing/recipes/goBuild/templates_templ.go:189.30,191.33 2 1
github.com/KyleKing/recipes/goBuild/templates_templ.go:191.33,193.5 1 0
github.com/KyleKing/recipes/goBuild/templates_templ.go:195.3,195.31 1 1
github.com/KyleKing/recipes/goBuild/templates_templ.go:195.31,197.33 2 1
github.com/KyleKing/recipes/goBuild/templates_templ.go:197.33,199.5 1 0
github.com/KyleKing/recipes/goBuild/templates_templ.go:201.3,202.32 2 1
github.com/KyleKing/recipes/goBuild/templates_templ.go:202.32,204.4 1 0
github.com/KyleKing/recipes/goBuild/templates_templ.go:205.3,205.13 1 1
github.com/KyleKing/recipes/goBuild/templates_templ.go:209.78,210.131 1 1
github.com/KyleKing/recipes/goBuild/templates_templ.go:210.131,212.71 2 1
github.com/KyleKing/recipes/goBuild/templates_templ.go:212.71,214.4 1 0
github.com/KyleKing/recipes/goBuild/templates_templ.go:215.3,216.31 2 1
github.com/KyleKing/recipes/goBuild/templates_templ.go:216.31,217.17 1 1
github.com/KyleKing/recipes/goBuild/templates_templ.go:217.17,219.34 2 1
github.com/KyleKing/recipes/goBuild/templates_templ.go:219.34,221.6 1 1
github.com/KyleKing/recipes/goBuild/templates_templ.go:224.3,226.34 3 1
github.com/KyleKing/recipes/goBuild/templates_templ.go:226.34,228.4 1 0
github.com/KyleKing/recipes/goBuild/templates_templ.go:229.3,231.32 3 1
github.com/KyleKing/recipes/goBuild/templates_templ.go:231.32,233.4 1 0
github.com/KyleKing/recipes/goBuild/templates_templ.go:234.3,234.13 1 1
github.com/KyleKing/recipes/goBuild/templates_templ.go:238.71,239.131 1 1
github.com/KyleKing/recipes/goBuild/templates_templ.go:239.131,241.71 2 1
github.com/KyleKing/recipes/goBuild/templates_templ.go:241.71,243.4 1 0
github.com/KyleKing/recipes/goBuild/templates_templ.go:244.3,245.31 2 1
github.com/KyleKing/recipes/goBuild/templates_templ.go:245.31,246.17 1 0
github.com/KyleKing/recipes/goBuild/templates_templ.go:246.17,248.34 2 0
github.com/KyleKing/recipes/goBuild/templates_templ.go:248.34,250.6 1 0
github.com/KyleKing/recipes/goBuild/templates_templ.go:253.3,255.34 3 1
github.com/KyleKing/recipes/goBuild/templates_templ.go:255.34,257.4 1 0
github.com/KyleKing/recipes/goBuild/templates_templ.go:258.3,259.62 2 1
github.com/KyleKing/recipes/goBuild/templates_templ.go:259.62,261.33 2 0
github.com/KyleKing/recipes/goBuild/templates_templ.go:261.33,263.5 1 0
github.com/KyleKing/recipes/goBuild/templates_templ.go:265.3,265.67 1 1
github.com/KyleKing/recipes/goBuild/templates_templ.go:265.67,267.33 2 0
github.com/KyleKing/recipes/goBuild/templates_templ.go:267.33,269.5 1 0
github.com/KyleKing/recipes/goBuild/templates_templ.go:271.3,272.32 2 1
github.com/KyleKing/recipes/goBuild/templates_templ.go:272.32,274.4 1 0
github.com/KyleKing/recipes/goBuild/templates_templ.go:275.3,275.37 1 1
github.com/KyleKing/recipes/goBuild/templates_templ.go:275.37,277.33 2 0
github.com/KyleKing/recipes/goBuild/templates_templ.go:277.33,279.5 1 0
github.com/KyleKing/recipes/goBuild/templates_templ.go:280.9,282.33 2 1
github.com/KyleKing/recipes/goBuild/templates_templ.go:282.33,284.5 1 0
github.com/KyleKing/recipes/goBuild/templates_templ.go:286.3,286.62 1 1
github.com/KyleKing/recipes/goBuild/templates_templ.go:286.62,288.33 2 0
github.com/KyleKing/recipes/goBuild/templates_templ.go:288.33,290.5 1 0
github.com/KyleKing/recipes/goBuild/templates_templ.go:292.3,292.67 1 1
github.com/KyleKing/recipes/goBuild/templates_templ.go:292.67,294.33 2 0
github.com/KyleKing/recipes/goBuild/templates_templ.go:294.33,296.5 1 0
github.com/KyleKing/recipes/goBuild/templates_templ.go:298.3,298.13 1 1
github.com/KyleKing/recipes/goBuild/templates_templ.go:302.49,303.131 1 0
github.com/KyleKing/recipes/goBuild/templates_templ.go:303.131,305.71 2 0
github.com/KyleKing/recipes/goBuild/templates_templ.go:305.71,307.4 1 0
github.com/KyleKing/recipes/goBuild/templates_templ.go:308.3,309.31 2 0
github.com/KyleKing/recipes/goBuild/templates_templ.go:309.31,310.17 1 0
github.com/KyleKing/recipes/goBuild/templates_templ.go:310.17,312.34 2 0
github.com/KyleKing/recipes/goBuild/templates_templ.go:312.34,314.6 1 0
github.com/KyleKing/recipes/goBuild/templates_templ.go:317.3,319.34 3 0
github.com/KyleKing/recipes/goBuild/templates_templ.go:319.34,321.4 1 0
github.com/KyleKing/recipes/goBuild/templates_templ.go:322.3,324.32 3 0
github.com/KyleKing/recipes/goBuild/templates_templ.go:324.32,326.4 1 0
github.com/KyleKing/recipes/goBuild/templates_templ.go:327.3,327.13 1 0
github.com/KyleKing/recipes/goBuild/templates_templ.go:331.49,332.131 1 0
github.com/KyleKing/recipes/goBuild/templates_templ.go:332.131,334.71 2 0
github.com/KyleKing/recipes/goBuild/templates_templ.go:334.71,336.4 1 0
github.com/KyleKing/recipes/goBuild/templates_templ.go:337.3,338.31 2 0
github.com/KyleKing/recipes/goBuild/templates_templ.go:338.31,339.17 1 0
github.com/KyleKing/recipes/goBuild/templates_templ.go:339.17,341.34 2 0
github.com/KyleKing/recipes/goBuild/templates_templ.go:341.34,343.6 1 0
github.com/KyleKing/recipes/goBuild/templates_templ.go:346.3,348.34 3 0
github.com/KyleKing/recipes/goBuild/templates_templ.go:348.34,350.4 1 0
github.com/KyleKing/recipes/goBuild/templates_templ.go:351.3,353.32 3 0
github.com/KyleKing/recipes/goBuild/templates_templ.go:353.32,355.4 1 0
github.com/KyleKing/recipes/goBuild/templates_templ.go:356.3,356.13 1 0
github.com/KyleKing/recipes/goBuild/templates_templ.go:360.76,361.131 1 0
github.com/KyleKing/recipes/goBuild/templates_templ.go:361.131,363.71 2 0
github.com/KyleKing/recipes/goBuild/templates_templ.go:363.71,365.4 1 0
github.com/KyleKing/recipes/goBuild/templates_templ.go:366.3,367.31 2 0
github.com/KyleKing/recipes/goBuild/templates_templ.go:367.31,368.17 1 0
github.com/KyleKing/recipes/goBuild/templates_templ.go:368.17,370.34 2 0
github.com/KyleKing/recipes/goBuild/templates_templ.go:370.34,372.6 1 0
github.com/KyleKing/recipes/goBuild/templates_templ.go:375.3,377.34 3 0
github.com/KyleKing/recipes/goBuild/templates_templ.go:377.34,379.4 1 0
github.com/KyleKing/recipes/goBuild/templates_templ.go:380.3,382.32 3 0
github.com/KyleKing/recipes/goBuild/templates_templ.go:382.32,384.4 1 0
github.com/KyleKing/recipes/goBuild/templates_templ.go:385.3,385.42 1 0
github.com/KyleKing/recipes/goBuild/templates_templ.go:385.42,387.33 2 0
github.com/KyleKing/recipes/goBuild/templates_templ.go:387.33,389.5 1 0
github.com/KyleKing/recipes/goBuild/templates_templ.go:390.4,392.33 3 0
github.com/KyleKing/recipes/goBuild/templates_templ.go:392.33,394.5 1 0
github.com/KyleKing/recipes/goBuild/templates_templ.go:395.4,396.33 2 0
github.com/KyleKing/recipes/goBuild/templates_templ.go:396.33,398.5 1 0
github.com/KyleKing/recipes/goBuild/templates_templ.go:399.4,400.33 2 0
github.com/KyleKing/recipes/goBuild/templates_templ.go:400.33,402.5 1 0
github.com/KyleKing/recipes/goBuild/templates_templ.go:403.4,405.33 3 0
github.com/KyleKing/recipes/goBuild/templates_templ.go:405.33,407.5 1 0
github.com/KyleKing/recipes/goBuild/templates_templ.go:408.4,409.33 2 0
github.com/KyleKing/recipes/goBuild/templates_templ.go:409.33,411.5 1 0
github.com/KyleKing/recipes/goBuild/templates_templ.go:412.4,413.33 2 0
github.com/KyleKing/recipes/goBuild/templates_templ.go:413.33,415.5 1 0
github.com/KyleKing/recipes/goBuild/templates_templ.go:416.4,418.33 3 0
github.com/KyleKing/recipes/goBuild/templates_templ.go:418.33,420.5 1 0
github.com/KyleKing/recipes/goBuild/templates_templ.go:421.4,422.33 2 0
github.com/KyleKing/recipes/goBuild/templates_templ.go:422.33,424.5 1 0
github.com/KyleKing/recipes/goBuild/templates_templ.go:425.4,426.33 2 0
github.com/KyleKing/recipes/goBuild/templates_templ.go:426.33,428.5 1 0
github.com/KyleKing/recipes/goBuild/templates_templ.go:429.4,431.33 3 0
github.com/KyleKing/recipes/goBuild/templates_templ.go:431.33,433.5 1 0
github.com/KyleKing/recipes/goBuild/templates_templ.go:434.4,435.33 2 0
github.com/KyleKing/recipes/goBuild/templates_templ.go:435.33,437.5 1 0
github.com/KyleKing/recipes/goBuild/templates_templ.go:438.4,439.33 2 0
github.com/KyleKing/recipes/goBuild/templates_templ.go:439.33,441.5 1 0
github.com/KyleKing/recipes/goBuild/templates_templ.go:442.4,444.33 3 0
github.com/KyleKing/recipes/goBuild/templates_templ.go:444.33,446.5 1 0
github.com/KyleKing/recipes/goBuild/templates_templ.go:447.4,448.33 2 0
github.com/KyleKing/recipes/goBuild/templates_templ.go:448.33,450.5 1 0
github.com/KyleKing/recipes/goBuild/templates_templ.go:451.4,452.33 2 0
github.com/KyleKing/recipes/goBuild/templates_templ.go:452.33,454.5 1 0
github.com/KyleKing/recipes/goBuild/templates_templ.go:455.4,455.42 1 0
github.com/KyleKing/recipes/goBuild/templates_templ.go:455.42,457.34 2 0
github.com/KyleKing/recipes/goBuild/templates_templ.go:457.34,459.6 1 0
github.com/KyleKing/recipes/goBuild/templates_templ.go:460.5,462.34 3 0
github.com/KyleKing/recipes/goBuild/templates_templ.go:462.34,464.6 1 0
github.com/KyleKing/recipes/goBuild/templates_templ.go:465.5,466.34 2 0
github.com/KyleKing/recipes/goBuild/templates_templ.go:466.34,468.6 1 0
github.com/KyleKing/recipes/goBuild/templates_templ.go:469.5,470.34 2 0
github.com/KyleKing/recipes/goBuild/templates_templ.go:470.34,472.6 1 0
github.com/KyleKing/recipes/goBuild/templates_templ.go:474.4,474.41 1 0
github.com/KyleKing/recipes/goBuild/templates_templ.go:474.41,476.34 2 0
github.com/KyleKing/recipes/goBuild/templates_templ.go:476.34,478.6 1 0
github.com/KyleKing/recipes/goBuild/templates_templ.go:479.5,481.34 3 0
github.com/KyleKing/recipes/goBuild/templates_templ.go:481.34,483.6 1 0
github.com/KyleKing/recipes/goBuild/templates_templ.go:484.5,485.34 2 0
github.com/KyleKing/recipes/goBuild/templates_templ.go:485.34,487.6 1 0
github.com/KyleKing/recipes/goBuild/templates_templ.go:488.5,489.34 2 0
github.com/KyleKing/recipes/goBuild/templates_templ.go:489.34,491.6 1 0
github.com/KyleKing/recipes/goBuild/templates_templ.go:493.4,494.33 2 0
github.com/KyleKing/recipes/goBuild/templates_templ.go:494.33,496.5 1 0
github.com/KyleKing/recipes/goBuild/templates_templ.go:497.4,499.33 3 0
github.com/KyleKing/recipes/goBuild/templates_templ.go:499.33,501.5 1 0
github.com/KyleKing/recipes/goBuild/templates_templ.go:502.4,503.33 2 0
github.com/KyleKing/recipes/goBuild/templates_templ.go:503.33,505.5 1 0
github.com/KyleKing/recipes/goBuild/templates_templ.go:506.4,507.33 2 0
github.com/KyleKing/recipes/goBuild/templates_templ.go:507.33,509.5 1 0
github.com/KyleKing/recipes/goBuild/templates_templ.go:510.4,512.33 3 0
github.com/KyleKing/recipes/goBuild/templates_templ.go:512.33,514.5 1 0
github.com/KyleKing/recipes/goBuild/templates_templ.go:515.4,516.33 2 0
github.com/KyleKing/recipes/goBuild/templates_templ.go:516.33,518.5 1 0
github.com/KyleKing/recipes/goBuild/templates_templ.go:519.4,520.33 2 0
github.com/KyleKing/recipes/goBuild/templates_templ.go:520.33,522.5 1 0
github.com/KyleKing/recipes/goBuild/templates_templ.go:524.3,525.32 2 0
github.com/KyleKing/recipes/goBuild/templates_templ.go:525.32,527.4 1 0
github.com/KyleKing/recipes/goBuild/templates_templ.go:528.3,528.13 1 0
github.com/KyleKing/recipes/goBuild/templates_templ.go:532.54,533.131 1 1
github.com/KyleKing/recipes/goBuild/templates_templ.go:533.131,535.71 2 1
github.com/KyleKing/recipes/goBuild/templates_templ.go:535.71,537.4 1 0
github.com/KyleKing/recipes/goBuild/templates_templ.go:538.3,539.31 2 1
github.com/KyleKing/recipes/goBuild/templates_templ.go:539.31,540.17 1 0
github.com/KyleKing/recipes/goBuild/templates_templ.go:540.17,542.34 2 0
github.com/KyleKing/recipes/goBuild/templates_templ.go:542.34,544.6 1 0
github.com/KyleKing/recipes/goBuild/templates_templ.go:547.3,549.34 3 1
github.com/KyleKing/recipes/goBuild/templates_templ.go:549.34,551.4 1 0
github.com/KyleKing/recipes/goBuild/templates_templ.go:552.3,554.32 3 1
github.com/KyleKing/recipes/goBuild/templates_templ.go:554.32,556.4 1 0
github.com/KyleKing/recipes/goBuild/templates_templ.go:557.3,559.32 3 1
github.com/KyleKing/recipes/goBuild/templates_templ.go:559.32,561.4 1 0
github.com/KyleKing/recipes/goBuild/templates_templ.go:562.3,563.32 2 1
github.com/KyleKing/recipes/goBuild/templates_templ.go:563.32,565.4 1 0
github.com/KyleKing/recipes/goBuild/templates_templ.go:566.3,567.32 2 1
github.com/KyleKing/recipes/goBuild/templates_templ.go:567.32,569.4 1 0
github.com/KyleKing/recipes/goBuild/templates_templ.go:570.3,570.39 1 1
github.com/KyleKing/recipes/goBuild/templates_templ.go:570.39,572.33 2 1
github.com/KyleKing/recipes/goBuild/templates_templ.go:572.33,574.5 1 0
github.com/KyleKing/recipes/goBuild/templates_templ.go:575.4,577.33 3 1
github.com/KyleKing/recipes/goBuild/templates_templ.go:577.33,579.5 1 0
github.com/KyleKing/recipes/goBuild/templates_templ.go:580.4,581.33 2 1
github.com/KyleKing/recipes/goBuild/templates_templ.go:581.33,583.5 1 0
github.com/KyleKing/recipes/goBuild/templates_templ.go:584.4,585.33 2 1
github.com/KyleKing/recipes/goBuild/templates_templ.go:585.33,587.5 1 0
github.com/KyleKing/recipes/goBuild/templates_templ.go:588.4,590.33 3 1
github.com/KyleKing/recipes/goBuild/templates_templ.go:590.33,592.5 1 0
github.com/KyleKing/recipes/goBuild/templates_templ.go:593.4,594.33 2 1
github.com/KyleKing/recipes/goBuild/templates_templ.go:594.33,596.5 1 0
github.com/KyleKing/recipes/goBuild/templates_templ.go:597.4,598.33 2 1
github.com/KyleKing/recipes/goBuild/templates_templ.go:598.33,600.5 1 0
github.com/KyleKing/recipes/goBuild/templates_templ.go:601.4,603.33 3 1
github.com/KyleKing/recipes/goBuild/templates_templ.go:603.33,605.5 1 0
github.com/KyleKing/recipes/goBuild/templates_templ.go:606.4,607.33 2 1
github.com/KyleKing/recipes/goBuild/templates_templ.go:607.33,609.5 1 0
github.com/KyleKing/recipes/goBuild/templates_templ.go:610.4,611.33 2 1
github.com/KyleKing/recipes/goBuild/templates_templ.go:611.33,613.5 1 0
github.com/KyleKing/recipes/goBuild/templates_templ.go:615.3,616.32 2 1
github.com/KyleKing/recipes/goBuild/templates_templ.go:616.32,618.4 1 0
github.com/KyleKing/recipes/goBuild/templates_templ.go:619.3,619.13 1 1
github.com/KyleKing/recipes/goBuild/templates_templ.go:623.39,624.131 1 1
github.com/KyleKing/recipes/goBuild/templates_templ.go:624.131,626.71 2 1
github.com/KyleKing/recipes/goBuild/templates_templ.go:626.71,628.4 1 0
github.com/KyleKing/recipes/goBuild/templates_templ.go:629.3,630.31 2 1
github.com/KyleKing/recipes/goBuild/templates_templ.go:630.31,631.17 1 0
github.com/KyleKing/recipes/goBuild/templates_templ.go:631.17,633.34 2 0
github.com/KyleKing/recipes/goBuild/templates_templ.go:633.34,635.6 1 0
github.com/KyleKing/recipes/goBuild/templates_templ.go:638.3,640.34 3 1
github.com/KyleKing/recipes/goBuild/templates_templ.go:640.34,642.4 1 0
github.com/KyleKing/recipes/goBuild/templates_templ.go:643.3,645.32 3 1
github.com/KyleKing/recipes/goBuild/templates_templ.go:645.32,647.4 1 0
github.com/KyleKing/recipes/goBuild/templates_templ.go:648.3,648.13 1 1
github.com/KyleKing/recipes/goBuild/templates_templ.go:652.35,653.131 1 1
github.com/KyleKing/recipes/goBuild/templates_templ.go:653.131,655.71 2 1
github.com/KyleKing/recipes/goBuild/templates_templ.go:655.71,657.4 1 0
github.com/KyleKing/recipes/goBuild/templates_templ.go:658.3,659.31 2 1
github.com/KyleKing/recipes/goBuild/templates_templ.go:659.31,660.17 1 1
github.com/KyleKing/recipes/goBuild/templates_templ.go:660.17,662.34 2 1
github.com/KyleKing/recipes/goBuild/templates_templ.go:662.34,664.6 1 1
github.com/KyleKing/recipes/goBuild/templates_templ.go:667.3,669.34 3 1
github.com/KyleKing/recipes/goBuild/templates_templ.go:669.34,671.4 1 0
github.com/KyleKing/recipes/goBuild/templates_templ.go:672.3,674.32 3 1
github.com/KyleKing/recipes/goBuild/templates_templ.go:674.32,676.4 1 0
github.com/KyleKing/recipes/goBuild/templates_templ.go:677.3,677.13 1 1
github.com/KyleKing/recipes/goBuild/templates_templ.go:681.41,682.131 1 1
github.com/KyleKing/recipes/goBuild/templates_templ.go:682.131,684.71 2 1
github.com/KyleKing/recipes/goBuild/templates_templ.go:684.71,686.4 1 0
github.com/KyleKing/recipes/goBuild/templates_templ.go:687.3,688.31 2 1
github.com/KyleKing/recipes/goBuild/templates_templ.go:688.31,689.17 1 0
github.com/KyleKing/recipes/goBuild/templates_templ.go:689.17,691.34 2 0
github.com/KyleKing/recipes/goBuild/templates_templ.go:691.34,693.6 1 0
github.com/KyleKing/recipes/goBuild/templates_templ.go:696.3,698.34 3 1
github.com/KyleKing/recipes/goBuild/templates_templ.go:698.34,700.4 1 0
github.com/KyleKing/recipes/goBuild/templates_templ.go:701.3,703.32 3 1
github.com/KyleKing/recipes/goBuild/templates_templ.go:703.32,705.4 1 0
github.com/KyleKing/recipes/goBuild/templates_templ.go:706.3,708.32 3 1
github.com/KyleKing/recipes/goBuild/templates_templ.go:708.32,710.4 1 0
github.com/KyleKing/recipes/goBuild/templates_templ.go:711.3,712.32 2 1
github.com/KyleKing/recipes/goBuild/templates_templ.go:712.32,714.4 1 0
github.com/KyleKing/recipes/goBuild/templates_templ.go:715.3,716.32 2 1
github.com/KyleKing/recipes/goBuild/templates_templ.go:716.32,718.4 1 0
github.com/KyleKing/recipes/goBuild/templates_templ.go:719.3,719.13 1 1
github.com/KyleKing/recipes/goBuild/templates_templ.go:723.37,724.131 1 1
github.com/KyleKing/recipes/goBuild/templates_templ.go:724.131,726.71 2 1
github.com/KyleKing/recipes/goBuild/templates_templ.go:726.71,728.4 1 0
github.com/KyleKing/recipes/goBuild/templates_templ.go:729.3,730.31 2 1
github.com/KyleKing/recipes/goBuild/templates_templ.go:730.31,731.17 1 1
github.com/KyleKing/recipes/goBuild/templates_templ.go:731.17,733.34 2 1
github.com/KyleKing/recipes/goBuild/templates_templ.go:733.34,735.6 1 1
github.com/KyleKing/recipes/goBuild/templates_templ.go:738.3,740.34 3 1
github.com/KyleKing/recipes/goBuild/templates_templ.go:740.34,742.4 1 0
github.com/KyleKing/recipes/goBuild/templates_templ.go:743.3,745.32 3 1
github.com/KyleKing/recipes/goBuild/templates_templ.go:745.32,747.4 1 0
github.com/KyleKing/recipes/goBuild/templates_templ.go:748.3,748.13 1 1
github.com/KyleKing/recipes/goBuild/templates_templ.go:752.70,753.131 1 1
github.com/KyleKing/recipes/goBuild/templates_templ.go:753.131,755.71 2 1
github.com/KyleKing/recipes/goBuild/templates_templ.go:755.71,757.4 1 0
github.com/KyleKing/recipes/goBuild/templates_templ.go:758.3,759.31 2 1
github.com/KyleKing/recipes/goBuild/templates_templ.go:759.31,760.17 1 0
github.com/KyleKing/recipes/goBuild/templates_templ.go:760.17,762.34 2 0
github.com/KyleKing/recipes/goBuild/templates_templ.go:762.34,764.6 1 0
github.com/KyleKing/recipes/goBuild/templates_templ.go:767.3,769.34 3 1
github.com/KyleKing/recipes/goBuild/templates_templ.go:769.34,771.4 1 0
github.com/KyleKing/recipes/goBuild/templates_templ.go:772.3,774.32 3 1
github.com/KyleKing/recipes/goBuild/templates_templ.go:774.32,776.4 1 0
github.com/KyleKing/recipes/goBuild/templates_templ.go:777.3,779.32 3 1
github.com/KyleKing/recipes/goBuild/templates_templ.go:779.32,781.4 1 0
github.com/KyleKing/recipes/goBuild/templates_templ.go:782.3,783.32 2 1
github.com/KyleKing/recipes/goBuild/templates_templ.go:783.32,785.4 1 0
github.com/KyleKing/recipes/goBuild/templates_templ.go:786.3,787.32 2 1
github.com/KyleKing/recipes/goBuild/templates_templ.go:787.32,789.4 1 0
github.com/KyleKing/recipes/goBuild/templates_templ.go:790.3,790.34 1 1
github.com/KyleKing/recipes/goBuild/templates_templ.go:790.34,792.33 2 1
github.com/KyleKing/recipes/goBuild/templates_templ.go:792.33,794.5 1 0
github.com/KyleKing/recipes/goBuild/templates_templ.go:795.4,797.33 3 1
github.com/KyleKing/recipes/goBuild/templates_templ.go:797.33,799.5 1 0
github.com/KyleKing/recipes/goBuild/templates_templ.go:800.4,801.33 2 1
github.com/KyleKing/recipes/goBuild/templates_templ.go:801.33,803.5 1 0
github.com/KyleKing/recipes/goBuild/templates_templ.go:804.4,805.33 2 1
github.com/KyleKing/recipes/goBuild/templates_templ.go:805.33,807.5 1 0
github.com/KyleKing/recipes/goBuild/templates_templ.go:808.4,810.33 3 1
github.com/KyleKing/recipes/goBuild/templates_templ.go:810.33,812.5 1 0
github.com/KyleKing/recipes/goBuild/templates_templ.go:813.4,814.33 2 1
github.com/KyleKing/recipes/goBuild/templates_templ.go:814.33,816.5 1 0
github.com/KyleKing/recipes/goBuild/templates_templ.go:817.4,818.33 2 1
github.com/KyleKing/recipes/goBuild/templates_templ.go:818.33,820.5 1 0
github.com/KyleKing/recipes/goBuild/templates_templ.go:821.4,823.33 3 1
github.com/KyleKing/recipes/goBuild/templates_templ.go:823.33,825.5 1 0
github.com/KyleKing/recipes/goBuild/templates_templ.go:826.4,827.33 2 1
github.com/KyleKing/recipes/goBuild/templates_templ.go:827.33,829.5 1 0
github.com/KyleKing/recipes/goBuild/templates_templ.go:830.4,831.33 2 1
github.com/KyleKing/recipes/goBuild/templates_templ.go:831.33,833.5 1 0
github.com/KyleKing/recipes/goBuild/templates_templ.go:834.4,836.33 3 1
github.com/KyleKing/recipes/goBuild/templates_templ.go:836.33,838.5 1 0
github.com/KyleKing/recipes/goBuild/templates_templ.go:839.4,840.33 2 1
github.com/KyleKing/recipes/goBuild/templates_templ.go:840.33,842.5 1 0
github.com/KyleKing/recipes/goBuild/templates_templ.go:843.4,844.33 2 1
github.com/KyleKing/recipes/goBuild/templates_templ.go:844.33,846.5 1 0
github.com/KyleKing/recipes/goBuild/templates_templ.go:848.3,849.32 2 1
github.com/KyleKing/recipes/goBuild/templates_templ.go:849.32,851.4 1 0
github.com/KyleKing/recipes/goBuild/templates_templ.go:852.3,852.13 1 1
github.com/KyleKing/recipes/goBuild/templates_templ.go:856.67,857.131 1 1
github.com/KyleKing/recipes/goBuild/templates_templ.go:857.131,859.71 2 1
github.com/KyleKing/recipes/goBuild/templates_templ.go:859.71,861.4 1 0
github.com/KyleKing/recipes/goBuild/templates_templ.go:862.3,863.31 2 1
github.com/KyleKing/recipes/goBuild/templates_templ.go:863.31,864.17 1 1
github.com/KyleKing/recipes/goBuild/templates_templ.go:864.17,866.34 2 1
github.com/KyleKing/recipes/goBuild/templates_templ.go:866.34,868.6 1 1
github.com/KyleKing/recipes/goBuild/templates_templ.go:871.3,873.34 3 1
github.com/KyleKing/recipes/goBuild/templates_templ.go:873.34,875.4 1 0
github.com/KyleKing/recipes/goBuild/templates_templ.go:876.3,878.32 3 1
github.com/KyleKing/recipes/goBuild/templates_templ.go:878.32,880.4 1 0
github.com/KyleKing/recipes/goBuild/templates_templ.go:881.3,881.13 1 1
github.com/KyleKing/recipes/goBuild/templates_templ.go:885.59,886.131 1 1
github.com/KyleKing/recipes/goBuild/templates_templ.go:886.131,888.71 2 1
github.com/KyleKing/recipes/goBuild/templates_templ.go:888.71,890.4 1 0
github.com/KyleKing/recipes/goBuild/templates_templ.go:891.3,892.31 2 1
github.com/KyleKing/recipes/goBuild/templates_templ.go:892.31,893.17 1 0
github.com/KyleKing/recipes/goBuild/templates_templ.go:893.17,895.34 2 0
github.com/KyleKing/recipes/goBuild/templates_templ.go:895.34,897.6 1 0
github.com/KyleKing/recipes/goBuild/templates_templ.go:900.3,902.34 3 1
github.com/KyleKing/recipes/goBuild/templates_templ.go:902.34,904.4 1 0
github.com/KyleKing/recipes/goBuild/templates_templ.go:905.3,907.32 3 1
github.com/KyleKing/recipes/goBuild/templates_templ.go:907.32,909.4 1 0
github.com/KyleKing/recipes/goBuild/templates_templ.go:910.3,910.38 1 1
github.com/KyleKing/recipes/goBuild/templates_templ.go:910.38,912.33 2 1
github.com/KyleKing/recipes/goBuild/templates_templ.go:912.33,914.5 1 0
github.com/KyleKing/recipes/goBuild/templates_templ.go:915.4,917.33 3 1
github.com/KyleKing/recipes/goBuild/templates_templ.go:917.33,919.5 1 0
github.com/KyleKing/recipes/goBuild/templates_templ.go:920.4,921.33 2 1
github.com/KyleKing/recipes/goBuild/templates_templ.go:921.33,923.5 1 0
github.com/KyleKing/recipes/goBuild/templates_templ.go:924.4,925.33 2 1
github.com/KyleKing/recipes/goBuild/templates_templ.go:925.33,927.5 1 0
github.com/KyleKing/recipes/goBuild/templates_templ.go:928.4,930.33 3 1
github.com/KyleKing/recipes/goBuild/templates_templ.go:930.33,932.5 1 0
github.com/KyleKing/recipes/goBuild/templates_templ.go:933.4,934.33 2 1
github.com/KyleKing/recipes/goBuild/templates_templ.go:934.33,936.5 1 0
github.com/KyleKing/recipes/goBuild/templates_templ.go:937.4,938.33 2 1
github.com/KyleKing/recipes/goBuild/templates_templ.go:938.33,940.5 1 0
github.com/KyleKing/recipes/goBuild/templates_templ.go:942.3,943.32 2 1
github.com/KyleKing/recipes/goBuild/templates_templ.go:943.32,945.4 1 0
github.com/KyleKing/recipes/goBuild/templates_templ.go:946.3,946.13 1 1
github.com/KyleKing/recipes/goBuild/templates_templ.go:950.56,951.131 1 1
github.com/KyleKing/recipes/goBuild/templates_templ.go:951.131,953.71 2 1
github.com/KyleKing/recipes/goBuild/templates_templ.go:953.71,955.4 1 0
github.com/KyleKing/recipes/goBuild/templates_templ.go:956.3,957.31 2 1
github.com/KyleKing/recipes/goBuild/templates_templ.go:957.31,958.17 1 1
github.com/KyleKing/recipes/goBuild/templates_templ.go:958.17,960.34 2 1
github.com/KyleKing/recipes/goBuild/templates_templ.go:960.34,962.6 1 1
github.com/KyleKing/recipes/goBuild/templates_templ.go:965.3,967.34 3 1
github.com/KyleKing/recipes/goBuild/templates_templ.go:967.34,969.4 1 0
github.com/KyleKing/recipes/goBuild/templates_templ.go:970.3,972.32 3 1
github.com/KyleKing/recipes/goBuild/templates_templ.go:972.32,974.4 1 0
github.com/KyleKing/recipes/goBuild/templates_templ.go:975.3,975.13 1 1
github.com/KyleKing/recipes/goBuild/templates_templ.go:979.51,980.131 1 1
github.com/KyleKing/recipes/goBuild/templates_templ.go:980.131,982.71 2 1
github.com/KyleKing/recipes/goBuild/templates_templ.go:982.71,984.4 1 0
github.com/KyleKing/recipes/goBuild/templates_templ.go:985.3,986.31 2 1
github.com/KyleKing/recipes/goBuild/templates_templ.go:986.31,987.17 1 0
github.com/KyleKing/recipes/goBuild/templates_templ.go:987.17,989.34 2 0
github.com/KyleKing/recipes/goBuild/templates_templ.go:989.34,991.6 1 0
github.com/KyleKing/recipes/goBuild/templates_templ.go:994.3,996.34 3 1
github.com/KyleKing/recipes/goBuild/templates_templ.go:996.34,998.4 1 0
github.com/KyleKing/recipes/goBuild/templates_templ.go:999.3,1001.32 3 1
github.com/KyleKing/recipes/goBuild/templates_templ.go:1001.32,1003.4 1 0
github.com/KyleKing/recipes/goBuild/templates_templ.go:1004.3,1004.34 1 1
github.com/KyleKing/recipes/goBuild/templates_templ.go:1004.34,1006.33 2 1
github.com/KyleKing/recipes/goBuild/templates_templ.go:1006.33,1008.5 1 0
github.com/KyleKing/recipes/goBuild/templates_templ.go:1009.4,1011.33 3 1
github.com/KyleKing/recipes/goBuild/templates_templ.go:1011.33,1013.5 1 0
github.com/KyleKing/recipes/goBuild/templates_templ.go:1014.4,1015.33 2 1
github.com/KyleKing/recipes/goBuild/templates_templ.go:1015.33,1017.5 1 0
github.com/KyleKing/recipes/goBuild/templates_templ.go:1018.4,1019.33 2 1
github.com/KyleKing/recipes/goBuild/templates_templ.go:1019.33,1021.5 1 0
github.com/KyleKing/recipes/goBuild/templates_templ.go:1022.4,1024.33 3 1
github.com/KyleKing/recipes/goBuild/templates_templ.go:1024.33,1026.5 1 0
github.com/KyleKing/recipes/goBuild/templates_templ.go:1027.4,1028.33 2 1
github.com/KyleKing/recipes/goBuild/templates_templ.go:1028.33,1030.5 1 0
github.com/KyleKing/recipes/goBuild/templates_templ.go:1031.4,1032.33 2 1
github.com/KyleKing/recipes/goBuild/templates_templ.go:1032.33,1034.5 1 0
github.com/KyleKing/recipes/goBuild/templates_templ.go:1035.4,1037.33 3 1
github.com/KyleKing/recipes/goBuild/templates_templ.go:1037.33,1039.5 1 0
github.com/KyleKing/recipes/goBuild/templates_templ.go:1040.4,1041.33 2 1
github.com/KyleKing/recipes/goBuild/templates_templ.go:1041.33,1043.5 1 0
github.com/KyleKing/recipes/goBuild/templates_templ.go:1044.4,1045.33 2 1
github.com/KyleKing/recipes/goBuild/templates_templ.go:1045.33,1047.5 1 0
github.com/KyleKing/recipes/goBuild/templates_templ.go:1048.4,1050.33 3 1
github.com/KyleKing/recipes/goBuild/templates_templ.go:1050.33,1052.5 1 0
github.com/KyleKing/recipes/goBuild/templates_templ.go:1053.4,1054.33 2 1
github.com/KyleKing/recipes/goBuild/templates_templ.go:1054.33,1056.5 1 0
github.com/KyleKing/recipes/goBuild/templates_templ.go:1057.4,1058.33 2 1
github.com/KyleKing/recipes/goBuild/templates_templ.go:1058.33,1060.5 1 0
github.com/KyleKing/recipes/goBuild/templates_templ.go:1062.3,1063.32 2 1
github.com/KyleKing/recipes/goBuild/templates_templ.go:1063.32,1065.4 1 0
github.com/KyleKing/recipes/goBuild/templates_templ.go:1066.3,1066.13 1 1
github.com/KyleKing/recipes/goBuild/templates_templ.go:1070.51,1071.131 1 0
github.com/KyleKing/recipes/goBuild/templates_templ.go:1071.131,1073.71 2 0
github.com/KyleKing/recipes/goBuild/templates_templ.go:1073.71,1075.4 1 0
github.com/KyleKing/recipes/goBuild/templates_templ.go:1076.3,1077.31 2 0
github.com/KyleKing/recipes/goBuild/templates_templ.go:1077.31,1078.17 1 0
github.com/KyleKing/recipes/goBuild/templates_templ.go:1078.17,1080.34 2 0
github.com/KyleKing/recipes/goBuild/templates_templ.go:1080.34,1082.6 1 0
github.com/KyleKing/recipes/goBuild/templates_templ.go:1085.3,1087.34 3 0
github.com/KyleKing/recipes/goBuild/templates_templ.go:1087.34,1089.4 1 0
github.com/KyleKing/recipes/goBuild/templates_templ.go:1090.3,1092.32 3 0
github.com/KyleKing/recipes/goBuild/templates_templ.go:1092.32,1094.4 1 0
github.com/KyleKing/recipes/goBuild/templates_templ.go:1095.3,1095.34 1 0
github.com/KyleKing/recipes/goBuild/templates_templ.go:1095.34,1097.33 2 0
github.com/KyleKing/recipes/goBuild/templates_templ.go:1097.33,1099.5 1 0
github.com/KyleKing/recipes/goBuild/templates_templ.go:1100.4,1102.33 3 0
github.com/KyleKing/recipes/goBuild/templates_templ.go:1102.33,1104.5 1 0
github.com/KyleKing/recipes/goBuild/templates_templ.go:1105.4,1106.33 2 0
github.com/KyleKing/recipes/goBuild/templates_templ.go:1106.33,1108.5 1 0
github.com/KyleKing/recipes/goBuild/templates_templ.go:1109.4,1110.33 2 0
github.com/KyleKing/recipes/goBuild/templates_templ.go:1110.33,1112.5 1 0
github.com/KyleKing/recipes/goBuild/templates_templ.go:1113.4,1115.33 3 0
github.com/KyleKing/recipes/goBuild/templates_templ.go:1115.33,1117.5 1 0
github.com/KyleKing/recipes/goBuild/templates_templ.go:1118.4,1119.33 2 0
github.com/KyleKing/recipes/goBuild/templates_templ.go:1119.33,1121.5 1 0
github.com/KyleKing/recipes/goBuild/templates_templ.go:1122.4,1123.33 2 0
github.com/KyleKing/recipes/goBuild/templates_templ.go:1123.33,1125.5 1 0
github.com/KyleKing/recipes/goBuild/templates_templ.go:1127.3,1128.32 2 0
github.com/KyleKing/recipes/goBuild/templates_templ.go:1128.32,1130.4 1 0
github.com/KyleKing/recipes/goBuild/templates_templ.go:1131.3,1131.13 1 0
github.com/KyleKing/recipes/goBuild/templates_templ.go:1135.54,1136.131 1 1
github.com/KyleKing/recipes/goBuild/templates_templ.go:1136.131,1138.71 2 1
github.com/KyleKing/recipes/goBuild/templates_templ.go:1138.71,1140.4 1 0
github.com/KyleKing/recipes/goBuild/templates_templ.go:1141.3,1142.31 2 1
github.com/KyleKing/recipes/goBuild/templates_templ.go:1142.31,1143.17 1 0
github.com/KyleKing/recipes/goBuild/templates_templ.go:1143.17,1145.34 2 0
github.com/KyleKing/recipes/goBuild/templates_templ.go:1145.34,1147.6 1 0
github.com/KyleKing/recipes/goBuild/templates_templ.go:1150.3,1152.34 3 1
github.com/KyleKing/recipes/goBuild/templates_templ.go:1152.34,1154.4 1 0
github.com/KyleKing/recipes/goBuild/templates_templ.go:1155.3,1157.32 3 1
github.com/KyleKing/recipes/goBuild/templates_templ.go:1157.32,1159.4 1 0
github.com/KyleKing/recipes/goBuild/templates_templ.go:1160.3,1162.32 3 1
github.com/KyleKing/recipes/goBuild/templates_templ.go:1162.32,1164.4 1 0
github.com/KyleKing/recipes/goBuild/templates_templ.go:1165.3,1166.32 2 1
github.com/KyleKing/recipes/goBuild/templates_templ.go:1166.32,1168.4 1 0
github.com/KyleKing/recipes/goBuild/templates_templ.go:1169.3,1170.32 2 1
github.com/KyleKing/recipes/goBuild/templates_templ.go:1170.32,1172.4 1 0
github.com/KyleKing/recipes/goBuild/templates_templ.go:1173.3,1174.32 2 1
github.com/KyleKing/recipes/goBuild/templates_templ.go:1174.32,1176.4 1 0
github.com/KyleKing/recipes/goBuild/templates_templ.go:1177.3,1178.32 2 1
github.com/KyleKing/recipes/goBuild/templates_templ.go:1178.32,1180.4 1 0
github.com/KyleKing/recipes/goBuild/templates_templ.go:1181.3,1181.62 1 1
github.com/KyleKing/recipes/goBuild/templates_templ.go:1181.62,1183.33 2 1
github.com/KyleKing/recipes/goBuild/templates_templ.go:1183.33,1185.5 1 0
github.com/KyleKing/recipes/goBuild/templates_templ.go:1186.4,1188.33 3 1
github.com/KyleKing/recipes/goBuild/templates_templ.go:1188.33,1190.5 1 0
github.com/KyleKing/recipes/goBuild/templates_templ.go:1191.4,1192.33 2 1
github.com/KyleKing/recipes/goBuild/templates_templ.go:1192.33,1194.5 1 0
github.com/KyleKing/recipes/goBuild/templates_templ.go:1195.4,1196.33 2 1
github.com/KyleKing/recipes/goBuild/templates_templ.go:1196.33,1198.5 1 0
github.com/KyleKing/recipes/goBuild/templates_templ.go:1199.4,1200.33 2 1
github.com/KyleKing/recipes/goBuild/templates_templ.go:1200.33,1202.5 1 0
github.com/KyleKing/recipes/goBuild/templates_templ.go:1204.3,1205.32 2 1
github.com/KyleKing/recipes/goBuild/templates_templ.go:1205.32,1207.4 1 0
github.com/KyleKing/recipes/goBuild/templates_templ.go:1208.3,1210.32 3 1
github.com/KyleKing/recipes/goBuild/templates_templ.go:1210.32,1212.4 1 0
github.com/KyleKing/recipes/goBuild/templates_templ.go:1213.3,1214.32 2 1
github.com/KyleKing/recipes/goBuild/templates_templ.go:1214.32,1216.4 1 0
github.com/KyleKing/recipes/goBuild/templates_templ.go:1217.3,1218.32 2 1
github.com/KyleKing/recipes/goBuild/templates_templ.go:1218.32,1220.4 1 0
github.com/KyleKing/recipes/goBuild/templates_templ.go:1221.3,1222.32 2 1
github.com/KyleKing/recipes/goBuild/templates_templ.go:1222.32,1224.4 1 0
github.com/KyleKing/recipes/goBuild/templates_templ.go:1225.3,1226.32 2 1
github.com/KyleKing/recipes/goBuild/templates_templ.go:1226.32,1228.4 1 0
github.com/KyleKing/recipes/goBuild/templates_templ.go:1229.3,1231.32 3 1
github.com/KyleKing/recipes/goBuild/templates_templ.go:1231.32,1233.4 1 0
github.com/KyleKing/recipes/goBuild/templates_templ.go:1234.3,1235.32 2 1
github.com/KyleKing/recipes/goBuild/templates_templ.go:1235.32,1237.4 1 0
github.com/KyleKing/recipes/goBuild/templates_templ.go:1238.3,1239.32 2 1
github.com/KyleKing/recipes/goBuild/templates_templ.go:1239.32,1241.4 1 0
github.com/KyleKing/recipes/goBuild/templates_templ.go:1242.3,1243.32 2 1
github.com/KyleKing/recipes/goBuild/templates_templ.go:1243.32,1245.4 1 0
github.com/KyleKing/recipes/goBuild/templates_templ.go:1246.3,1247.32 2 1
github.com/KyleKing/recipes/goBuild/templates_templ.go:1247.32,1249.4 1 0
github.com/KyleKing/recipes/goBuild/templates_templ.go:1250.3,1250.13 1 1
github.com/KyleKing/recipes/goBuild/templates_templ.go:1254.51,1255.131 1 1
github.com/KyleKing/recipes/goBuild/templates_templ.go:1255.131,1257.71 2 1
github.com/KyleKing/recipes/goBuild/templates_templ.go:1257.71,1259.4 1 0
github.com/KyleKing/recipes/goBuild/templates_templ.go:1260.3,1261.31 2 1
github.com/KyleKing/recipes/goBuild/templates_templ.go:1261.31,1262.17 1 1
github.com/KyleKing/recipes/goBuild/templates_templ.go:1262.17,1264.34 2 1
github.com/KyleKing/recipes/goBuild/templates_templ.go:1264.34,1266.6 1 1
github.com/KyleKing/recipes/goBuild/templates_templ.go:1269.3,1271.34 3 1
github.com/KyleKing/recipes/goBuild/templates_templ.go:1271.34,1273.4 1 0
github.com/KyleKing/recipes/goBuild/templates_templ.go:1274.3,1276.32 3 1
github.com/KyleKing/recipes/goBuild/templates_templ.go:1276.32,1278.4 1 0
github.com/KyleKing/recipes/goBuild/templates_templ.go:1279.3,1279.13 1 1
github.com/KyleKing/recipes/goServe/main.go:16.13,27.16 9 0
github.com/KyleKing/recipes/goServe/main.go:27.16,29.3 1 0
