mode: set
github.com/KyleKing/recipes/main.go:10.13,15.2 3 0
github.com/KyleKing/recipes/goServe/main.go:16.13,27.16 9 0
github.com/KyleKing/recipes/goServe/main.go:27.16,29.3 1 0
github.com/KyleKing/recipes/main.go:10.13,15.2 3 0
github.com/KyleKing/recipes/goBuild/build.go:25.88,27.94 2 1
github.com/KyleKing/recipes/goBuild/build.go:27.94,28.31 1 1
github.com/KyleKing/recipes/goBuild/build.go:28.31,30.49 2 1
github.com/KyleKing/recipes/goBuild/build.go:30.49,32.5 1 0
github.com/KyleKing/recipes/goBuild/build.go:33.4,34.22 2 1
github.com/KyleKing/recipes/goBuild/build.go:36.8,38.3 1 1
github.com/KyleKing/recipes/goBuild/build.go:42.135,43.77 1 1
github.com/KyleKing/recipes/goBuild/build.go:43.77,48.19 4 1
github.com/KyleKing/recipes/goBuild/build.go:48.19,53.40 4 1
github.com/KyleKing/recipes/goBuild/build.go:53.40,55.5 1 1
github.com/KyleKing/recipes/goBuild/build.go:55.10,55.29 1 0
github.com/KyleKing/recipes/goBuild/build.go:55.29,57.5 1 0
github.com/KyleKing/recipes/goBuild/build.go:57.10,60.5 2 0
github.com/KyleKing/recipes/goBuild/build.go:61.4,61.75 1 1
github.com/KyleKing/recipes/goBuild/build.go:64.3,66.22 3 1
github.com/KyleKing/recipes/goBuild/build.go:66.22,67.40 1 1
github.com/KyleKing/recipes/goBuild/build.go:67.40,70.5 2 1
github.com/KyleKing/recipes/goBuild/build.go:70.10,73.5 2 0
github.com/KyleKing/recipes/goBuild/build.go:76.3,76.25 1 1
github.com/KyleKing/recipes/goBuild/build.go:76.25,78.4 1 1
github.com/KyleKing/recipes/goBuild/build.go:80.3,80.38 1 1
github.com/KyleKing/recipes/goBuild/build.go:80.38,82.4 1 0
github.com/KyleKing/recipes/goBuild/build.go:87.84,98.2 3 1
github.com/KyleKing/recipes/goBuild/build.go:101.76,102.69 1 1
github.com/KyleKing/recipes/goBuild/build.go:102.69,103.34 1 1
github.com/KyleKing/recipes/goBuild/build.go:103.34,105.4 1 1
github.com/KyleKing/recipes/goBuild/build.go:107.3,107.36 1 1
github.com/KyleKing/recipes/goBuild/build.go:107.36,109.4 1 1
github.com/KyleKing/recipes/goBuild/build.go:109.9,111.18 2 1
github.com/KyleKing/recipes/goBuild/build.go:111.18,113.5 1 0
github.com/KyleKing/recipes/goBuild/build.go:115.4,116.39 2 1
github.com/KyleKing/recipes/goBuild/build.go:116.39,118.5 1 1
github.com/KyleKing/recipes/goBuild/build.go:119.4,119.46 1 1
github.com/KyleKing/recipes/goBuild/build.go:122.3,122.41 1 1
github.com/KyleKing/recipes/goBuild/build.go:122.41,124.4 1 0
github.com/KyleKing/recipes/goBuild/build.go:125.3,125.13 1 1
github.com/KyleKing/recipes/goBuild/build.go:130.77,132.70 2 1
github.com/KyleKing/recipes/goBuild/build.go:132.70,134.3 1 0
github.com/KyleKing/recipes/goBuild/build.go:136.2,136.69 1 1
github.com/KyleKing/recipes/goBuild/build.go:136.69,138.3 1 0
github.com/KyleKing/recipes/goBuild/build.go:139.2,139.12 1 1
github.com/KyleKing/recipes/goBuild/build.go:143.59,144.37 1 1
github.com/KyleKing/recipes/goBuild/build.go:144.37,146.43 1 1
github.com/KyleKing/recipes/goBuild/build.go:146.43,149.4 2 0
github.com/KyleKing/recipes/goBuild/build.go:150.3,150.52 1 1
github.com/KyleKing/recipes/goBuild/build.go:153.2,153.69 1 1
github.com/KyleKing/recipes/goBuild/build.go:157.70,158.37 1 1
github.com/KyleKing/recipes/goBuild/build.go:158.37,160.3 1 1
github.com/KyleKing/recipes/goBuild/build.go:162.2,162.72 1 1
github.com/KyleKing/recipes/goBuild/build.go:166.59,168.30 2 1
github.com/KyleKing/recipes/goBuild/build.go:168.30,171.3 2 1
github.com/KyleKing/recipes/goBuild/build.go:173.2,177.24 3 1
github.com/KyleKing/recipes/goBuild/build.go:177.24,179.3 1 1
github.com/KyleKing/recipes/goBuild/build.go:180.2,182.27 2 1
github.com/KyleKing/recipes/goBuild/build.go:182.27,187.79 4 1
github.com/KyleKing/recipes/goBuild/build.go:187.79,189.4 1 0
github.com/KyleKing/recipes/goBuild/build.go:190.3,190.58 1 1
github.com/KyleKing/recipes/goBuild/build.go:193.2,196.12 3 1
github.com/KyleKing/recipes/goBuild/build.go:200.30,207.45 3 1
github.com/KyleKing/recipes/goBuild/build.go:207.45,210.3 2 1
github.com/KyleKing/recipes/goBuild/build.go:212.2,217.18 5 1
github.com/KyleKing/recipes/goBuild/helpers.go:9.37,11.47 2 1
github.com/KyleKing/recipes/goBuild/helpers.go:11.47,12.20 1 1
github.com/KyleKing/recipes/goBuild/helpers.go:12.20,15.4 2 1
github.com/KyleKing/recipes/goBuild/helpers.go:17.2,17.33 1 1
github.com/KyleKing/recipes/goBuild/helpers.go:20.38,23.2 2 1
github.com/KyleKing/recipes/goBuild/helpers.go:25.38,27.2 1 1
github.com/KyleKing/recipes/goBuild/helpers.go:29.29,30.16 1 1
github.com/KyleKing/recipes/goBuild/helpers.go:30.16,32.3 1 0
github.com/KyleKing/recipes/goBuild/schemas.go:10.35,12.2 1 1
github.com/KyleKing/recipes/goBuild/schemas.go:21.69,28.2 1 1
github.com/KyleKing/recipes/goBuild/templates_templ.go:21.84,22.131 1 1
github.com/KyleKing/recipes/goBuild/templates_templ.go:22.131,24.71 2 1
github.com/KyleKing/recipes/goBuild/templates_templ.go:24.71,26.4 1 0
github.com/KyleKing/recipes/goBuild/templates_templ.go:27.3,28.31 2 1
github.com/KyleKing/recipes/goBuild/templates_templ.go:28.31,29.17 1 0
github.com/KyleKing/recipes/goBuild/templates_templ.go:29.17,31.34 2 0
github.com/KyleKing/recipes/goBuild/templates_templ.go:31.34,33.6 1 0
github.com/KyleKing/recipes/goBuild/templates_templ.go:36.3,38.33 3 1
github.com/KyleKing/recipes/goBuild/templates_templ.go:38.33,40.4 1 0
github.com/KyleKing/recipes/goBuild/templates_templ.go:41.3,43.32 3 1
github.com/KyleKing/recipes/goBuild/templates_templ.go:43.32,45.4 1 0
github.com/KyleKing/recipes/goBuild/templates_templ.go:46.3,48.32 3 1
github.com/KyleKing/recipes/goBuild/templates_templ.go:48.32,50.4 1 0
github.com/KyleKing/recipes/goBuild/templates_templ.go:51.3,52.32 2 1
github.com/KyleKing/recipes/goBuild/templates_templ.go:52.32,54.4 1 0
github.com/KyleKing/recipes/goBuild/templates_templ.go:55.3,56.32 2 1
github.com/KyleKing/recipes/goBuild/templates_templ.go:56.32,58.4 1 0
github.com/KyleKing/recipes/goBuild/templates_templ.go:59.3,59.30 1 1
github.com/KyleKing/recipes/goBuild/templates_templ.go:59.30,61.33 2 1
github.com/KyleKing/recipes/goBuild/templates_templ.go:61.33,63.5 1 0
github.com/KyleKing/recipes/goBuild/templates_templ.go:65.3,66.32 2 1
github.com/KyleKing/recipes/goBuild/templates_templ.go:66.32,68.4 1 0
github.com/KyleKing/recipes/goBuild/templates_templ.go:69.3,69.31 1 1
github.com/KyleKing/recipes/goBuild/templates_templ.go:69.31,71.33 2 1
github.com/KyleKing/recipes/goBuild/templates_templ.go:71.33,73.5 1 0
github.com/KyleKing/recipes/goBuild/templates_templ.go:75.3,76.32 2 1
github.com/KyleKing/recipes/goBuild/templates_templ.go:76.32,78.4 1 0
github.com/KyleKing/recipes/goBuild/templates_templ.go:79.3,80.32 2 1
github.com/KyleKing/recipes/goBuild/templates_templ.go:80.32,82.4 1 0
github.com/KyleKing/recipes/goBuild/templates_templ.go:83.3,84.32 2 1
github.com/KyleKing/recipes/goBuild/templates_templ.go:84.32,86.4 1 0
github.com/KyleKing/recipes/goBuild/templates_templ.go:87.3,87.30 1 1
github.com/KyleKing/recipes/goBuild/templates_templ.go:87.30,89.33 2 1
github.com/KyleKing/recipes/goBuild/templates_templ.go:89.33,91.5 1 0
github.com/KyleKing/recipes/goBuild/templates_templ.go:93.3,94.32 2 1
github.com/KyleKing/recipes/goBuild/templates_templ.go:94.32,96.4 1 0
github.com/KyleKing/recipes/goBuild/templates_templ.go:97.3,97.13 1 1
github.com/KyleKing/recipes/goBuild/templates_templ.go:101.63,102.131 1 1
github.com/KyleKing/recipes/goBuild/templates_templ.go:102.131,104.71 2 1
github.com/KyleKing/recipes/goBuild/templates_templ.go:104.71,106.4 1 0
github.com/KyleKing/recipes/goBuild/templates_templ.go:107.3,108.31 2 1
github.com/KyleKing/recipes/goBuild/templates_templ.go:108.31,109.17 1 1
github.com/KyleKing/recipes/goBuild/templates_templ.go:109.17,111.34 2 1
github.com/KyleKing/recipes/goBuild/templates_templ.go:111.34,113.6 1 1
github.com/KyleKing/recipes/goBuild/templates_templ.go:116.3,118.33 3 1
github.com/KyleKing/recipes/goBuild/templates_templ.go:118.33,120.4 1 0
github.com/KyleKing/recipes/goBuild/templates_templ.go:121.3,123.32 3 1
github.com/KyleKing/recipes/goBuild/templates_templ.go:123.32,125.4 1 0
github.com/KyleKing/recipes/goBuild/templates_templ.go:126.3,126.13 1 1
github.com/KyleKing/recipes/goBuild/templates_templ.go:130.39,131.131 1 1
github.com/KyleKing/recipes/goBuild/templates_templ.go:131.131,133.71 2 1
github.com/KyleKing/recipes/goBuild/templates_templ.go:133.71,135.4 1 0
github.com/KyleKing/recipes/goBuild/templates_templ.go:136.3,137.31 2 1
github.com/KyleKing/recipes/goBuild/templates_templ.go:137.31,138.17 1 0
github.com/KyleKing/recipes/goBuild/templates_templ.go:138.17,140.34 2 0
github.com/KyleKing/recipes/goBuild/templates_templ.go:140.34,142.6 1 0
github.com/KyleKing/recipes/goBuild/templates_templ.go:145.3,147.33 3 1
github.com/KyleKing/recipes/goBuild/templates_templ.go:147.33,149.4 1 0
github.com/KyleKing/recipes/goBuild/templates_templ.go:150.3,152.32 3 1
github.com/KyleKing/recipes/goBuild/templates_templ.go:152.32,154.4 1 0
github.com/KyleKing/recipes/goBuild/templates_templ.go:155.3,155.13 1 1
github.com/KyleKing/recipes/goBuild/templates_templ.go:159.35,160.131 1 1
github.com/KyleKing/recipes/goBuild/templates_templ.go:160.131,162.71 2 1
github.com/KyleKing/recipes/goBuild/templates_templ.go:162.71,164.4 1 0
github.com/KyleKing/recipes/goBuild/templates_templ.go:165.3,166.31 2 1
github.com/KyleKing/recipes/goBuild/templates_templ.go:166.31,167.17 1 1
github.com/KyleKing/recipes/goBuild/templates_templ.go:167.17,169.34 2 1
github.com/KyleKing/recipes/goBuild/templates_templ.go:169.34,171.6 1 1
github.com/KyleKing/recipes/goBuild/templates_templ.go:174.3,176.33 3 1
github.com/KyleKing/recipes/goBuild/templates_templ.go:176.33,178.4 1 0
github.com/KyleKing/recipes/goBuild/templates_templ.go:179.3,181.32 3 1
github.com/KyleKing/recipes/goBuild/templates_templ.go:181.32,183.4 1 0
github.com/KyleKing/recipes/goBuild/templates_templ.go:184.3,184.13 1 1
github.com/KyleKing/recipes/goBuild/templates_templ.go:188.41,189.131 1 1
github.com/KyleKing/recipes/goBuild/templates_templ.go:189.131,191.71 2 1
github.com/KyleKing/recipes/goBuild/templates_templ.go:191.71,193.4 1 0
github.com/KyleKing/recipes/goBuild/templates_templ.go:194.3,195.31 2 1
github.com/KyleKing/recipes/goBuild/templates_templ.go:195.31,196.17 1 0
github.com/KyleKing/recipes/goBuild/templates_templ.go:196.17,198.34 2 0
github.com/KyleKing/recipes/goBuild/templates_templ.go:198.34,200.6 1 0
github.com/KyleKing/recipes/goBuild/templates_templ.go:203.3,205.33 3 1
github.com/KyleKing/recipes/goBuild/templates_templ.go:205.33,207.4 1 0
github.com/KyleKing/recipes/goBuild/templates_templ.go:208.3,210.32 3 1
github.com/KyleKing/recipes/goBuild/templates_templ.go:210.32,212.4 1 0
github.com/KyleKing/recipes/goBuild/templates_templ.go:213.3,215.32 3 1
github.com/KyleKing/recipes/goBuild/templates_templ.go:215.32,217.4 1 0
github.com/KyleKing/recipes/goBuild/templates_templ.go:218.3,219.32 2 1
github.com/KyleKing/recipes/goBuild/templates_templ.go:219.32,221.4 1 0
github.com/KyleKing/recipes/goBuild/templates_templ.go:222.3,223.32 2 1
github.com/KyleKing/recipes/goBuild/templates_templ.go:223.32,225.4 1 0
github.com/KyleKing/recipes/goBuild/templates_templ.go:226.3,226.13 1 1
github.com/KyleKing/recipes/goBuild/templates_templ.go:230.37,231.131 1 1
github.com/KyleKing/recipes/goBuild/templates_templ.go:231.131,233.71 2 1
github.com/KyleKing/recipes/goBuild/templates_templ.go:233.71,235.4 1 0
github.com/KyleKing/recipes/goBuild/templates_templ.go:236.3,237.31 2 1
github.com/KyleKing/recipes/goBuild/templates_templ.go:237.31,238.17 1 1
github.com/KyleKing/recipes/goBuild/templates_templ.go:238.17,240.34 2 1
github.com/KyleKing/recipes/goBuild/templates_templ.go:240.34,242.6 1 1
github.com/KyleKing/recipes/goBuild/templates_templ.go:245.3,247.33 3 1
github.com/KyleKing/recipes/goBuild/templates_templ.go:247.33,249.4 1 0
github.com/KyleKing/recipes/goBuild/templates_templ.go:250.3,252.32 3 1
github.com/KyleKing/recipes/goBuild/templates_templ.go:252.32,254.4 1 0
github.com/KyleKing/recipes/goBuild/templates_templ.go:255.3,255.13 1 1
github.com/KyleKing/recipes/goBuild/templates_templ.go:259.70,260.131 1 1
github.com/KyleKing/recipes/goBuild/templates_templ.go:260.131,262.71 2 1
github.com/KyleKing/recipes/goBuild/templates_templ.go:262.71,264.4 1 0
github.com/KyleKing/recipes/goBuild/templates_templ.go:265.3,266.31 2 1
github.com/KyleKing/recipes/goBuild/templates_templ.go:266.31,267.17 1 0
github.com/KyleKing/recipes/goBuild/templates_templ.go:267.17,269.34 2 0
github.com/KyleKing/recipes/goBuild/templates_templ.go:269.34,271.6 1 0
github.com/KyleKing/recipes/goBuild/templates_templ.go:274.3,276.33 3 1
github.com/KyleKing/recipes/goBuild/templates_templ.go:276.33,278.4 1 0
github.com/KyleKing/recipes/goBuild/templates_templ.go:279.3,281.32 3 1
github.com/KyleKing/recipes/goBuild/templates_templ.go:281.32,283.4 1 0
github.com/KyleKing/recipes/goBuild/templates_templ.go:284.3,286.32 3 1
github.com/KyleKing/recipes/goBuild/templates_templ.go:286.32,288.4 1 0
github.com/KyleKing/recipes/goBuild/templates_templ.go:289.3,290.32 2 1
github.com/KyleKing/recipes/goBuild/templates_templ.go:290.32,292.4 1 0
github.com/KyleKing/recipes/goBuild/templates_templ.go:293.3,294.32 2 1
github.com/KyleKing/recipes/goBuild/templates_templ.go:294.32,296.4 1 0
github.com/KyleKing/recipes/goBuild/templates_templ.go:297.3,297.34 1 1
github.com/KyleKing/recipes/goBuild/templates_templ.go:297.34,299.33 2 1
github.com/KyleKing/recipes/goBuild/templates_templ.go:299.33,301.5 1 0
github.com/KyleKing/recipes/goBuild/templates_templ.go:302.4,304.33 3 1
github.com/KyleKing/recipes/goBuild/templates_templ.go:304.33,306.5 1 0
github.com/KyleKing/recipes/goBuild/templates_templ.go:307.4,308.33 2 1
github.com/KyleKing/recipes/goBuild/templates_templ.go:308.33,310.5 1 0
github.com/KyleKing/recipes/goBuild/templates_templ.go:311.4,313.33 3 1
github.com/KyleKing/recipes/goBuild/templates_templ.go:313.33,315.5 1 0
github.com/KyleKing/recipes/goBuild/templates_templ.go:316.4,317.33 2 1
github.com/KyleKing/recipes/goBuild/templates_templ.go:317.33,319.5 1 0
github.com/KyleKing/recipes/goBuild/templates_templ.go:320.4,321.33 2 1
github.com/KyleKing/recipes/goBuild/templates_templ.go:321.33,323.5 1 0
github.com/KyleKing/recipes/goBuild/templates_templ.go:324.4,326.33 3 1
github.com/KyleKing/recipes/goBuild/templates_templ.go:326.33,328.5 1 0
github.com/KyleKing/recipes/goBuild/templates_templ.go:329.4,330.33 2 1
github.com/KyleKing/recipes/goBuild/templates_templ.go:330.33,332.5 1 0
github.com/KyleKing/recipes/goBuild/templates_templ.go:333.4,334.33 2 1
github.com/KyleKing/recipes/goBuild/templates_templ.go:334.33,336.5 1 0
github.com/KyleKing/recipes/goBuild/templates_templ.go:337.4,339.33 3 1
github.com/KyleKing/recipes/goBuild/templates_templ.go:339.33,341.5 1 0
github.com/KyleKing/recipes/goBuild/templates_templ.go:342.4,343.33 2 1
github.com/KyleKing/recipes/goBuild/templates_templ.go:343.33,345.5 1 0
github.com/KyleKing/recipes/goBuild/templates_templ.go:346.4,347.33 2 1
github.com/KyleKing/recipes/goBuild/templates_templ.go:347.33,349.5 1 0
github.com/KyleKing/recipes/goBuild/templates_templ.go:351.3,352.32 2 1
github.com/KyleKing/recipes/goBuild/templates_templ.go:352.32,354.4 1 0
github.com/KyleKing/recipes/goBuild/templates_templ.go:355.3,355.13 1 1
github.com/KyleKing/recipes/goBuild/templates_templ.go:359.67,360.131 1 1
github.com/KyleKing/recipes/goBuild/templates_templ.go:360.131,362.71 2 1
github.com/KyleKing/recipes/goBuild/templates_templ.go:362.71,364.4 1 0
github.com/KyleKing/recipes/goBuild/templates_templ.go:365.3,366.31 2 1
github.com/KyleKing/recipes/goBuild/templates_templ.go:366.31,367.17 1 1
github.com/KyleKing/recipes/goBuild/templates_templ.go:367.17,369.34 2 1
github.com/KyleKing/recipes/goBuild/templates_templ.go:369.34,371.6 1 1
github.com/KyleKing/recipes/goBuild/templates_templ.go:374.3,376.34 3 1
github.com/KyleKing/recipes/goBuild/templates_templ.go:376.34,378.4 1 0
github.com/KyleKing/recipes/goBuild/templates_templ.go:379.3,381.32 3 1
github.com/KyleKing/recipes/goBuild/templates_templ.go:381.32,383.4 1 0
github.com/KyleKing/recipes/goBuild/templates_templ.go:384.3,384.13 1 1
github.com/KyleKing/recipes/goBuild/templates_templ.go:388.59,389.131 1 1
github.com/KyleKing/recipes/goBuild/templates_templ.go:389.131,391.71 2 1
github.com/KyleKing/recipes/goBuild/templates_templ.go:391.71,393.4 1 0
github.com/KyleKing/recipes/goBuild/templates_templ.go:394.3,395.31 2 1
github.com/KyleKing/recipes/goBuild/templates_templ.go:395.31,396.17 1 0
github.com/KyleKing/recipes/goBuild/templates_templ.go:396.17,398.34 2 0
github.com/KyleKing/recipes/goBuild/templates_templ.go:398.34,400.6 1 0
github.com/KyleKing/recipes/goBuild/templates_templ.go:403.3,405.34 3 1
github.com/KyleKing/recipes/goBuild/templates_templ.go:405.34,407.4 1 0
github.com/KyleKing/recipes/goBuild/templates_templ.go:408.3,410.32 3 1
github.com/KyleKing/recipes/goBuild/templates_templ.go:410.32,412.4 1 0
github.com/KyleKing/recipes/goBuild/templates_templ.go:413.3,413.38 1 1
github.com/KyleKing/recipes/goBuild/templates_templ.go:413.38,415.33 2 1
github.com/KyleKing/recipes/goBuild/templates_templ.go:415.33,417.5 1 0
github.com/KyleKing/recipes/goBuild/templates_templ.go:418.4,420.33 3 1
github.com/KyleKing/recipes/goBuild/templates_templ.go:420.33,422.5 1 0
github.com/KyleKing/recipes/goBuild/templates_templ.go:423.4,424.33 2 1
github.com/KyleKing/recipes/goBuild/templates_templ.go:424.33,426.5 1 0
github.com/KyleKing/recipes/goBuild/templates_templ.go:427.4,429.33 3 1
github.com/KyleKing/recipes/goBuild/templates_templ.go:429.33,431.5 1 0
github.com/KyleKing/recipes/goBuild/templates_templ.go:432.4,433.33 2 1
github.com/KyleKing/recipes/goBuild/templates_templ.go:433.33,435.5 1 0
github.com/KyleKing/recipes/goBuild/templates_templ.go:436.4,437.33 2 1
github.com/KyleKing/recipes/goBuild/templates_templ.go:437.33,439.5 1 0
github.com/KyleKing/recipes/goBuild/templates_templ.go:441.3,442.32 2 1
github.com/KyleKing/recipes/goBuild/templates_templ.go:442.32,444.4 1 0
github.com/KyleKing/recipes/goBuild/templates_templ.go:445.3,445.13 1 1
github.com/KyleKing/recipes/goBuild/templates_templ.go:449.56,450.131 1 1
github.com/KyleKing/recipes/goBuild/templates_templ.go:450.131,452.71 2 1
github.com/KyleKing/recipes/goBuild/templates_templ.go:452.71,454.4 1 0
github.com/KyleKing/recipes/goBuild/templates_templ.go:455.3,456.31 2 1
github.com/KyleKing/recipes/goBuild/templates_templ.go:456.31,457.17 1 1
github.com/KyleKing/recipes/goBuild/templates_templ.go:457.17,459.34 2 1
github.com/KyleKing/recipes/goBuild/templates_templ.go:459.34,461.6 1 1
github.com/KyleKing/recipes/goBuild/templates_templ.go:464.3,466.34 3 1
github.com/KyleKing/recipes/goBuild/templates_templ.go:466.34,468.4 1 0
github.com/KyleKing/recipes/goBuild/templates_templ.go:469.3,471.32 3 1
github.com/KyleKing/recipes/goBuild/templates_templ.go:471.32,473.4 1 0
github.com/KyleKing/recipes/goBuild/templates_templ.go:474.3,474.13 1 1
github.com/KyleKing/recipes/goServe/main.go:16.13,27.16 9 0
github.com/KyleKing/recipes/goServe/main.go:27.16,29.3 1 0
