mode: set
github.com/KyleKing/recipes/cmd/recipe_debug/main.go:13.13,18.22 3 0
github.com/KyleKing/recipes/cmd/recipe_debug/main.go:18.22,21.3 2 0
github.com/KyleKing/recipes/cmd/recipe_debug/main.go:23.2,23.20 1 0
github.com/KyleKing/recipes/cmd/recipe_debug/main.go:24.17,25.41 1 0
github.com/KyleKing/recipes/cmd/recipe_debug/main.go:26.17,27.42 1 0
github.com/KyleKing/recipes/cmd/recipe_debug/main.go:28.10,30.13 2 0
github.com/KyleKing/recipes/cmd/recipe_debug/main.go:34.19,44.2 9 0
github.com/KyleKing/recipes/cmd/recipe_debug/main.go:46.53,47.19 1 0
github.com/KyleKing/recipes/cmd/recipe_debug/main.go:47.19,51.3 3 0
github.com/KyleKing/recipes/cmd/recipe_debug/main.go:53.2,57.16 3 0
github.com/KyleKing/recipes/cmd/recipe_debug/main.go:57.16,60.3 2 0
github.com/KyleKing/recipes/cmd/recipe_debug/main.go:63.2,83.34 11 0
github.com/KyleKing/recipes/cmd/recipe_debug/main.go:83.34,85.3 1 0
github.com/KyleKing/recipes/cmd/recipe_debug/main.go:87.2,89.28 3 0
github.com/KyleKing/recipes/cmd/recipe_debug/main.go:89.28,91.3 1 0
github.com/KyleKing/recipes/cmd/recipe_debug/main.go:92.2,93.34 2 0
github.com/KyleKing/recipes/cmd/recipe_debug/main.go:93.34,95.3 1 0
github.com/KyleKing/recipes/cmd/recipe_debug/main.go:96.2,99.34 3 0
github.com/KyleKing/recipes/cmd/recipe_debug/main.go:99.34,105.33 4 0
github.com/KyleKing/recipes/cmd/recipe_debug/main.go:105.33,108.4 1 0
github.com/KyleKing/recipes/cmd/recipe_debug/main.go:111.3,113.32 3 0
github.com/KyleKing/recipes/cmd/recipe_debug/main.go:113.32,115.4 1 0
github.com/KyleKing/recipes/cmd/recipe_debug/main.go:118.2,121.33 4 0
github.com/KyleKing/recipes/cmd/recipe_debug/main.go:121.33,123.3 1 0
github.com/KyleKing/recipes/cmd/recipe_debug/main.go:124.2,125.34 2 0
github.com/KyleKing/recipes/cmd/recipe_debug/main.go:125.34,127.3 1 0
github.com/KyleKing/recipes/cmd/recipe_debug/main.go:130.54,131.19 1 0
github.com/KyleKing/recipes/cmd/recipe_debug/main.go:131.19,135.3 3 0
github.com/KyleKing/recipes/cmd/recipe_debug/main.go:138.2,148.34 3 0
github.com/KyleKing/recipes/cmd/recipe_debug/main.go:148.34,150.17 2 0
github.com/KyleKing/recipes/cmd/recipe_debug/main.go:150.17,152.12 2 0
github.com/KyleKing/recipes/cmd/recipe_debug/main.go:155.3,169.5 6 0
github.com/KyleKing/recipes/cmd/recipe_debug/main.go:173.2,174.33 2 0
github.com/KyleKing/recipes/cmd/recipe_debug/main.go:174.33,181.3 1 0
github.com/KyleKing/recipes/cmd/recipe_debug/main.go:183.2,190.33 5 0
github.com/KyleKing/recipes/cmd/recipe_debug/main.go:190.33,195.3 4 0
github.com/KyleKing/recipes/cmd/recipe_debug/main.go:198.2,199.36 2 0
github.com/KyleKing/recipes/cmd/recipe_debug/main.go:199.36,200.41 1 0
github.com/KyleKing/recipes/cmd/recipe_debug/main.go:200.41,212.38 9 0
github.com/KyleKing/recipes/cmd/recipe_debug/main.go:212.38,213.30 1 0
github.com/KyleKing/recipes/cmd/recipe_debug/main.go:213.30,215.6 1 0
github.com/KyleKing/recipes/cmd/recipe_debug/main.go:217.4,221.43 3 0
github.com/KyleKing/recipes/cmd/recipe_debug/main.go:221.43,222.35 1 0
github.com/KyleKing/recipes/cmd/recipe_debug/main.go:222.35,224.6 1 0
github.com/KyleKing/recipes/cmd/recipe_debug/main.go:226.4,244.32 13 0
github.com/KyleKing/recipes/cmd/recipe_debug/main.go:244.32,246.43 2 0
github.com/KyleKing/recipes/cmd/recipe_debug/main.go:246.43,248.6 1 0
github.com/KyleKing/recipes/cmd/recipe_debug/main.go:251.4,251.34 1 0
github.com/KyleKing/recipes/cmd/recipe_debug/main.go:251.34,253.45 2 0
github.com/KyleKing/recipes/cmd/recipe_debug/main.go:253.45,255.18 2 0
github.com/KyleKing/recipes/cmd/recipe_debug/main.go:255.18,257.7 1 0
github.com/KyleKing/recipes/cmd/recipe_debug/main.go:257.12,259.7 1 0
github.com/KyleKing/recipes/main.go:10.13,15.2 3 0
github.com/KyleKing/recipes/goServe/main.go:16.13,27.16 9 0
github.com/KyleKing/recipes/goServe/main.go:27.16,29.3 1 0
github.com/KyleKing/recipes/main.go:10.13,15.2 3 0
github.com/KyleKing/recipes/cmd/recipe_debug/main.go:13.13,18.22 3 0
github.com/KyleKing/recipes/cmd/recipe_debug/main.go:18.22,21.3 2 0
github.com/KyleKing/recipes/cmd/recipe_debug/main.go:23.2,23.20 1 0
github.com/KyleKing/recipes/cmd/recipe_debug/main.go:24.17,25.41 1 0
github.com/KyleKing/recipes/cmd/recipe_debug/main.go:26.17,27.42 1 0
github.com/KyleKing/recipes/cmd/recipe_debug/main.go:28.10,30.13 2 0
github.com/KyleKing/recipes/cmd/recipe_debug/main.go:34.19,44.2 9 0
github.com/KyleKing/recipes/cmd/recipe_debug/main.go:46.53,47.19 1 0
github.com/KyleKing/recipes/cmd/recipe_debug/main.go:47.19,51.3 3 0
github.com/KyleKing/recipes/cmd/recipe_debug/main.go:53.2,57.16 3 0
github.com/KyleKing/recipes/cmd/recipe_debug/main.go:57.16,60.3 2 0
github.com/KyleKing/recipes/cmd/recipe_debug/main.go:63.2,83.34 11 0
github.com/KyleKing/recipes/cmd/recipe_debug/main.go:83.34,85.3 1 0
github.com/KyleKing/recipes/cmd/recipe_debug/main.go:87.2,89.28 3 0
github.com/KyleKing/recipes/cmd/recipe_debug/main.go:89.28,91.3 1 0
github.com/KyleKing/recipes/cmd/recipe_debug/main.go:92.2,93.34 2 0
github.com/KyleKing/recipes/cmd/recipe_debug/main.go:93.34,95.3 1 0
github.com/KyleKing/recipes/cmd/recipe_debug/main.go:96.2,99.34 3 0
github.com/KyleKing/recipes/cmd/recipe_debug/main.go:99.34,105.33 4 0
github.com/KyleKing/recipes/cmd/recipe_debug/main.go:105.33,108.4 1 0
github.com/KyleKing/recipes/cmd/recipe_debug/main.go:111.3,113.32 3 0
github.com/KyleKing/recipes/cmd/recipe_debug/main.go:113.32,115.4 1 0
github.com/KyleKing/recipes/cmd/recipe_debug/main.go:118.2,121.33 4 0
github.com/KyleKing/recipes/cmd/recipe_debug/main.go:121.33,123.3 1 0
github.com/KyleKing/recipes/cmd/recipe_debug/main.go:124.2,125.34 2 0
github.com/KyleKing/recipes/cmd/recipe_debug/main.go:125.34,127.3 1 0
github.com/KyleKing/recipes/cmd/recipe_debug/main.go:130.54,131.19 1 0
github.com/KyleKing/recipes/cmd/recipe_debug/main.go:131.19,135.3 3 0
github.com/KyleKing/recipes/cmd/recipe_debug/main.go:138.2,148.34 3 0
github.com/KyleKing/recipes/cmd/recipe_debug/main.go:148.34,150.17 2 0
github.com/KyleKing/recipes/cmd/recipe_debug/main.go:150.17,152.12 2 0
github.com/KyleKing/recipes/cmd/recipe_debug/main.go:155.3,169.5 6 0
github.com/KyleKing/recipes/cmd/recipe_debug/main.go:173.2,174.33 2 0
github.com/KyleKing/recipes/cmd/recipe_debug/main.go:174.33,181.3 1 0
github.com/KyleKing/recipes/cmd/recipe_debug/main.go:183.2,190.33 5 0
github.com/KyleKing/recipes/cmd/recipe_debug/main.go:190.33,195.3 4 0
github.com/KyleKing/recipes/cmd/recipe_debug/main.go:198.2,199.36 2 0
github.com/KyleKing/recipes/cmd/recipe_debug/main.go:199.36,200.41 1 0
github.com/KyleKing/recipes/cmd/recipe_debug/main.go:200.41,212.38 9 0
github.com/KyleKing/recipes/cmd/recipe_debug/main.go:212.38,213.30 1 0
github.com/KyleKing/recipes/cmd/recipe_debug/main.go:213.30,215.6 1 0
github.com/KyleKing/recipes/cmd/recipe_debug/main.go:217.4,221.43 3 0
github.com/KyleKing/recipes/cmd/recipe_debug/main.go:221.43,222.35 1 0
github.com/KyleKing/recipes/cmd/recipe_debug/main.go:222.35,224.6 1 0
github.com/KyleKing/recipes/cmd/recipe_debug/main.go:226.4,244.32 13 0
github.com/KyleKing/recipes/cmd/recipe_debug/main.go:244.32,246.43 2 0
github.com/KyleKing/recipes/cmd/recipe_debug/main.go:246.43,248.6 1 0
github.com/KyleKing/recipes/cmd/recipe_debug/main.go:251.4,251.34 1 0
github.com/KyleKing/recipes/cmd/recipe_debug/main.go:251.34,253.45 2 0
github.com/KyleKing/recipes/cmd/recipe_debug/main.go:253.45,255.18 2 0
github.com/KyleKing/recipes/cmd/recipe_debug/main.go:255.18,257.7 1 0
github.com/KyleKing/recipes/cmd/recipe_debug/main.go:257.12,259.7 1 0
github.com/KyleKing/recipes/goBuild/build.go:27.88,29.94 2 1
github.com/KyleKing/recipes/goBuild/build.go:29.94,30.31 1 1
github.com/KyleKing/recipes/goBuild/build.go:30.31,32.49 2 1
github.com/KyleKing/recipes/goBuild/build.go:32.49,34.5 1 0
github.com/KyleKing/recipes/goBuild/build.go:35.4,36.22 2 1
github.com/KyleKing/recipes/goBuild/build.go:38.8,40.3 1 1
github.com/KyleKing/recipes/goBuild/build.go:44.88,46.36 2 1
github.com/KyleKing/recipes/goBuild/build.go:46.36,48.3 1 1
github.com/KyleKing/recipes/goBuild/build.go:49.2,49.31 1 1
github.com/KyleKing/recipes/goBuild/build.go:55.52,57.91 2 1
github.com/KyleKing/recipes/goBuild/build.go:57.91,58.54 1 1
github.com/KyleKing/recipes/goBuild/build.go:58.54,60.4 1 1
github.com/KyleKing/recipes/goBuild/build.go:61.3,62.17 2 1
github.com/KyleKing/recipes/goBuild/build.go:62.17,64.4 1 0
github.com/KyleKing/recipes/goBuild/build.go:65.3,66.65 2 1
github.com/KyleKing/recipes/goBuild/build.go:66.65,70.34 2 1
github.com/KyleKing/recipes/goBuild/build.go:70.34,71.13 1 1
github.com/KyleKing/recipes/goBuild/build.go:74.4,74.50 1 1
github.com/KyleKing/recipes/goBuild/build.go:74.50,76.5 1 0
github.com/KyleKing/recipes/goBuild/build.go:77.4,77.18 1 1
github.com/KyleKing/recipes/goBuild/build.go:77.18,78.13 1 0
github.com/KyleKing/recipes/goBuild/build.go:80.4,81.53 2 1
github.com/KyleKing/recipes/goBuild/build.go:81.53,83.5 1 0
github.com/KyleKing/recipes/goBuild/build.go:85.3,85.13 1 1
github.com/KyleKing/recipes/goBuild/build.go:87.2,87.16 1 1
github.com/KyleKing/recipes/goBuild/build.go:87.16,89.3 1 0
github.com/KyleKing/recipes/goBuild/build.go:90.2,90.21 1 1
github.com/KyleKing/recipes/goBuild/build.go:90.21,92.3 1 0
github.com/KyleKing/recipes/goBuild/build.go:93.2,93.12 1 1
github.com/KyleKing/recipes/goBuild/build.go:97.135,98.77 1 1
github.com/KyleKing/recipes/goBuild/build.go:98.77,104.19 5 1
github.com/KyleKing/recipes/goBuild/build.go:104.19,109.40 4 1
github.com/KyleKing/recipes/goBuild/build.go:109.40,111.5 1 1
github.com/KyleKing/recipes/goBuild/build.go:111.10,111.29 1 0
github.com/KyleKing/recipes/goBuild/build.go:111.29,113.5 1 0
github.com/KyleKing/recipes/goBuild/build.go:113.10,116.5 2 0
github.com/KyleKing/recipes/goBuild/build.go:117.4,117.75 1 1
github.com/KyleKing/recipes/goBuild/build.go:120.3,122.22 3 1
github.com/KyleKing/recipes/goBuild/build.go:122.22,123.40 1 1
github.com/KyleKing/recipes/goBuild/build.go:123.40,126.5 2 1
github.com/KyleKing/recipes/goBuild/build.go:126.10,130.5 3 1
github.com/KyleKing/recipes/goBuild/build.go:133.3,133.25 1 1
github.com/KyleKing/recipes/goBuild/build.go:133.25,137.4 3 1
github.com/KyleKing/recipes/goBuild/build.go:139.3,139.38 1 1
github.com/KyleKing/recipes/goBuild/build.go:139.38,141.4 1 0
github.com/KyleKing/recipes/goBuild/build.go:146.102,151.74 4 1
github.com/KyleKing/recipes/goBuild/build.go:151.74,152.43 1 1
github.com/KyleKing/recipes/goBuild/build.go:152.43,154.25 2 1
github.com/KyleKing/recipes/goBuild/build.go:154.25,156.5 1 1
github.com/KyleKing/recipes/goBuild/build.go:160.2,160.27 1 1
github.com/KyleKing/recipes/goBuild/build.go:160.27,162.3 1 1
github.com/KyleKing/recipes/goBuild/build.go:164.2,164.35 1 1
github.com/KyleKing/recipes/goBuild/build.go:164.35,165.20 1 1
github.com/KyleKing/recipes/goBuild/build.go:165.20,167.4 1 1
github.com/KyleKing/recipes/goBuild/build.go:168.3,168.23 1 1
github.com/KyleKing/recipes/goBuild/build.go:171.2,171.12 1 1
github.com/KyleKing/recipes/goBuild/build.go:175.84,191.2 5 0
github.com/KyleKing/recipes/goBuild/build.go:194.93,195.69 1 1
github.com/KyleKing/recipes/goBuild/build.go:195.69,196.34 1 1
github.com/KyleKing/recipes/goBuild/build.go:196.34,198.4 1 1
github.com/KyleKing/recipes/goBuild/build.go:200.3,200.36 1 1
github.com/KyleKing/recipes/goBuild/build.go:200.36,202.4 1 1
github.com/KyleKing/recipes/goBuild/build.go:202.9,204.18 2 1
github.com/KyleKing/recipes/goBuild/build.go:204.18,206.5 1 0
github.com/KyleKing/recipes/goBuild/build.go:208.4,231.58 6 1
github.com/KyleKing/recipes/goBuild/build.go:234.3,234.41 1 1
github.com/KyleKing/recipes/goBuild/build.go:234.41,236.4 1 0
github.com/KyleKing/recipes/goBuild/build.go:237.3,237.13 1 1
github.com/KyleKing/recipes/goBuild/build.go:242.86,243.33 1 1
github.com/KyleKing/recipes/goBuild/build.go:243.33,251.13 5 1
github.com/KyleKing/recipes/goBuild/build.go:251.13,253.4 1 0
github.com/KyleKing/recipes/goBuild/build.go:253.9,256.18 2 1
github.com/KyleKing/recipes/goBuild/build.go:256.18,258.13 2 0
github.com/KyleKing/recipes/goBuild/build.go:260.4,260.40 1 1
github.com/KyleKing/recipes/goBuild/build.go:264.3,274.38 2 1
github.com/KyleKing/recipes/goBuild/build.go:274.38,276.4 1 1
github.com/KyleKing/recipes/goBuild/build.go:277.3,278.17 2 1
github.com/KyleKing/recipes/goBuild/build.go:278.17,280.4 1 0
github.com/KyleKing/recipes/goBuild/build.go:282.2,282.12 1 1
github.com/KyleKing/recipes/goBuild/build.go:286.77,288.70 2 1
github.com/KyleKing/recipes/goBuild/build.go:288.70,290.3 1 0
github.com/KyleKing/recipes/goBuild/build.go:292.2,292.69 1 1
github.com/KyleKing/recipes/goBuild/build.go:292.69,294.3 1 0
github.com/KyleKing/recipes/goBuild/build.go:295.2,295.12 1 1
github.com/KyleKing/recipes/goBuild/build.go:299.59,300.37 1 1
github.com/KyleKing/recipes/goBuild/build.go:300.37,302.43 1 1
github.com/KyleKing/recipes/goBuild/build.go:302.43,305.4 2 1
github.com/KyleKing/recipes/goBuild/build.go:306.3,306.52 1 1
github.com/KyleKing/recipes/goBuild/build.go:309.2,309.69 1 1
github.com/KyleKing/recipes/goBuild/build.go:313.70,314.37 1 1
github.com/KyleKing/recipes/goBuild/build.go:314.37,316.3 1 1
github.com/KyleKing/recipes/goBuild/build.go:318.2,318.72 1 1
github.com/KyleKing/recipes/goBuild/build.go:322.59,324.30 2 1
github.com/KyleKing/recipes/goBuild/build.go:324.30,327.3 2 1
github.com/KyleKing/recipes/goBuild/build.go:329.2,333.24 3 1
github.com/KyleKing/recipes/goBuild/build.go:333.24,335.3 1 1
github.com/KyleKing/recipes/goBuild/build.go:336.2,338.27 2 1
github.com/KyleKing/recipes/goBuild/build.go:338.27,343.79 4 1
github.com/KyleKing/recipes/goBuild/build.go:343.79,345.4 1 0
github.com/KyleKing/recipes/goBuild/build.go:346.3,346.58 1 1
github.com/KyleKing/recipes/goBuild/build.go:349.2,352.12 3 1
github.com/KyleKing/recipes/goBuild/build.go:356.30,366.45 5 1
github.com/KyleKing/recipes/goBuild/build.go:366.45,369.3 2 1
github.com/KyleKing/recipes/goBuild/build.go:372.2,411.87 27 1
github.com/KyleKing/recipes/goBuild/build.go:411.87,413.3 1 1
github.com/KyleKing/recipes/goBuild/build.go:414.2,425.69 9 1
github.com/KyleKing/recipes/goBuild/exported.go:13.26,15.2 1 0
github.com/KyleKing/recipes/goBuild/exported.go:18.92,20.2 1 0
github.com/KyleKing/recipes/goBuild/exported.go:23.73,25.2 1 0
github.com/KyleKing/recipes/goBuild/exported.go:28.55,30.2 1 0
github.com/KyleKing/recipes/goBuild/exported.go:33.61,35.2 1 0
github.com/KyleKing/recipes/goBuild/exported.go:38.92,40.2 1 0
github.com/KyleKing/recipes/goBuild/exported.go:43.86,45.2 1 0
github.com/KyleKing/recipes/goBuild/exported.go:48.115,56.2 1 0
github.com/KyleKing/recipes/goBuild/exported.go:59.84,63.67 3 0
github.com/KyleKing/recipes/goBuild/exported.go:63.67,64.43 1 0
github.com/KyleKing/recipes/goBuild/exported.go:64.43,68.59 3 0
github.com/KyleKing/recipes/goBuild/exported.go:68.59,70.5 1 0
github.com/KyleKing/recipes/goBuild/exported.go:73.3,73.39 1 0
github.com/KyleKing/recipes/goBuild/exported.go:73.39,75.4 1 0
github.com/KyleKing/recipes/goBuild/exported.go:78.2,78.27 1 0
github.com/KyleKing/recipes/goBuild/exported.go:78.27,80.18 2 0
github.com/KyleKing/recipes/goBuild/exported.go:80.18,81.9 1 0
github.com/KyleKing/recipes/goBuild/exported.go:85.2,85.14 1 0
github.com/KyleKing/recipes/goBuild/filters.go:20.67,21.33 1 1
github.com/KyleKing/recipes/goBuild/filters.go:21.33,28.61 2 1
github.com/KyleKing/recipes/goBuild/filters.go:28.61,30.4 1 0
github.com/KyleKing/recipes/goBuild/filters.go:30.9,30.67 1 1
github.com/KyleKing/recipes/goBuild/filters.go:30.67,32.4 1 1
github.com/KyleKing/recipes/goBuild/filters.go:34.3,35.22 2 1
github.com/KyleKing/recipes/goBuild/filters.go:39.76,40.27 1 1
github.com/KyleKing/recipes/goBuild/filters.go:40.27,42.3 1 1
github.com/KyleKing/recipes/goBuild/filters.go:44.2,48.30 4 1
github.com/KyleKing/recipes/goBuild/filters.go:48.30,50.3 1 1
github.com/KyleKing/recipes/goBuild/filters.go:52.2,52.17 1 1
github.com/KyleKing/recipes/goBuild/filters.go:55.53,58.2 2 1
github.com/KyleKing/recipes/goBuild/filters.go:60.76,62.33 2 1
github.com/KyleKing/recipes/goBuild/filters.go:62.33,63.24 1 1
github.com/KyleKing/recipes/goBuild/filters.go:63.24,65.4 1 1
github.com/KyleKing/recipes/goBuild/filters.go:67.2,67.17 1 1
github.com/KyleKing/recipes/goBuild/filters.go:70.42,71.42 1 1
github.com/KyleKing/recipes/goBuild/filters.go:71.42,72.70 1 1
github.com/KyleKing/recipes/goBuild/filters.go:72.70,74.4 1 0
github.com/KyleKing/recipes/goBuild/filters.go:75.3,75.70 1 1
github.com/KyleKing/recipes/goBuild/filters.go:75.70,77.4 1 0
github.com/KyleKing/recipes/goBuild/filters.go:78.3,78.58 1 1
github.com/KyleKing/recipes/goBuild/filters.go:82.41,83.42 1 1
github.com/KyleKing/recipes/goBuild/filters.go:83.42,84.70 1 1
github.com/KyleKing/recipes/goBuild/filters.go:84.70,86.4 1 0
github.com/KyleKing/recipes/goBuild/filters.go:87.3,87.70 1 1
github.com/KyleKing/recipes/goBuild/filters.go:87.70,89.4 1 0
github.com/KyleKing/recipes/goBuild/filters.go:90.3,90.59 1 1
github.com/KyleKing/recipes/goBuild/filters.go:94.42,95.42 1 1
github.com/KyleKing/recipes/goBuild/filters.go:95.42,96.72 1 1
github.com/KyleKing/recipes/goBuild/filters.go:96.72,98.4 1 0
github.com/KyleKing/recipes/goBuild/filters.go:99.3,99.72 1 1
github.com/KyleKing/recipes/goBuild/filters.go:99.72,101.4 1 0
github.com/KyleKing/recipes/goBuild/filters.go:102.3,102.61 1 1
github.com/KyleKing/recipes/goBuild/filters.go:106.55,107.24 1 1
github.com/KyleKing/recipes/goBuild/filters.go:107.24,109.3 1 1
github.com/KyleKing/recipes/goBuild/filters.go:110.2,110.16 1 1
github.com/KyleKing/recipes/goBuild/filters.go:113.52,115.30 2 1
github.com/KyleKing/recipes/goBuild/filters.go:115.30,117.3 1 1
github.com/KyleKing/recipes/goBuild/filters.go:119.2,120.36 2 1
github.com/KyleKing/recipes/goBuild/filters.go:120.36,122.3 1 1
github.com/KyleKing/recipes/goBuild/filters.go:124.2,126.44 3 1
github.com/KyleKing/recipes/goBuild/filters.go:126.44,128.76 2 1
github.com/KyleKing/recipes/goBuild/filters.go:128.76,130.4 1 1
github.com/KyleKing/recipes/goBuild/filters.go:133.2,133.58 1 1
github.com/KyleKing/recipes/goBuild/filters.go:133.58,135.3 1 1
github.com/KyleKing/recipes/goBuild/filters.go:136.2,151.3 8 1
github.com/KyleKing/recipes/goBuild/git_info.go:22.38,23.25 1 1
github.com/KyleKing/recipes/goBuild/git_info.go:23.25,36.30 6 1
github.com/KyleKing/recipes/goBuild/git_info.go:36.30,38.4 1 0
github.com/KyleKing/recipes/goBuild/git_info.go:39.3,39.33 1 1
github.com/KyleKing/recipes/goBuild/git_info.go:39.33,41.4 1 0
github.com/KyleKing/recipes/goBuild/git_info.go:43.3,43.30 1 1
github.com/KyleKing/recipes/goBuild/git_info.go:43.30,48.4 1 0
github.com/KyleKing/recipes/goBuild/git_info.go:50.3,50.96 1 1
github.com/KyleKing/recipes/goBuild/git_info.go:54.72,60.16 4 1
github.com/KyleKing/recipes/goBuild/git_info.go:60.16,63.3 2 0
github.com/KyleKing/recipes/goBuild/git_info.go:65.2,68.29 3 1
github.com/KyleKing/recipes/goBuild/git_info.go:68.29,70.17 2 1
github.com/KyleKing/recipes/goBuild/git_info.go:70.17,71.12 1 1
github.com/KyleKing/recipes/goBuild/git_info.go:75.3,75.68 1 0
github.com/KyleKing/recipes/goBuild/git_info.go:75.68,77.4 1 0
github.com/KyleKing/recipes/goBuild/git_info.go:77.9,77.49 1 0
github.com/KyleKing/recipes/goBuild/git_info.go:77.49,79.66 1 0
github.com/KyleKing/recipes/goBuild/git_info.go:79.66,81.5 1 0
github.com/KyleKing/recipes/goBuild/git_info.go:85.2,85.14 1 1
github.com/KyleKing/recipes/goBuild/git_info.go:88.68,94.16 4 1
github.com/KyleKing/recipes/goBuild/git_info.go:94.16,97.3 2 0
github.com/KyleKing/recipes/goBuild/git_info.go:99.2,102.29 3 1
github.com/KyleKing/recipes/goBuild/git_info.go:102.29,104.17 2 1
github.com/KyleKing/recipes/goBuild/git_info.go:104.17,105.12 1 1
github.com/KyleKing/recipes/goBuild/git_info.go:109.3,109.68 1 0
github.com/KyleKing/recipes/goBuild/git_info.go:109.68,111.4 1 0
github.com/KyleKing/recipes/goBuild/git_info.go:111.9,111.49 1 0
github.com/KyleKing/recipes/goBuild/git_info.go:111.49,113.66 1 0
github.com/KyleKing/recipes/goBuild/git_info.go:113.66,115.5 1 0
github.com/KyleKing/recipes/goBuild/git_info.go:119.2,119.14 1 1
github.com/KyleKing/recipes/goBuild/git_info.go:122.67,126.53 3 1
github.com/KyleKing/recipes/goBuild/git_info.go:126.53,128.3 1 0
github.com/KyleKing/recipes/goBuild/git_info.go:130.2,130.33 1 1
github.com/KyleKing/recipes/goBuild/git_info.go:133.65,137.2 3 1
github.com/KyleKing/recipes/goBuild/helpers.go:10.37,12.47 2 1
github.com/KyleKing/recipes/goBuild/helpers.go:12.47,13.20 1 1
github.com/KyleKing/recipes/goBuild/helpers.go:13.20,16.4 2 1
github.com/KyleKing/recipes/goBuild/helpers.go:18.2,18.33 1 1
github.com/KyleKing/recipes/goBuild/helpers.go:21.38,24.2 2 1
github.com/KyleKing/recipes/goBuild/helpers.go:26.38,28.2 1 1
github.com/KyleKing/recipes/goBuild/helpers.go:30.29,31.16 1 1
github.com/KyleKing/recipes/goBuild/helpers.go:31.16,33.3 1 0
github.com/KyleKing/recipes/goBuild/helpers.go:36.49,38.19 2 1
github.com/KyleKing/recipes/goBuild/helpers.go:38.19,40.3 1 1
github.com/KyleKing/recipes/goBuild/helpers.go:41.2,42.13 2 1
github.com/KyleKing/recipes/goBuild/ingredients.go:18.26,19.20 1 1
github.com/KyleKing/recipes/goBuild/ingredients.go:19.20,22.17 3 1
github.com/KyleKing/recipes/goBuild/ingredients.go:22.17,24.4 1 0
github.com/KyleKing/recipes/goBuild/ingredients.go:26.2,26.12 1 1
github.com/KyleKing/recipes/goBuild/ingredients.go:62.73,66.44 3 1
github.com/KyleKing/recipes/goBuild/ingredients.go:66.44,81.32 6 1
github.com/KyleKing/recipes/goBuild/ingredients.go:81.32,85.35 2 1
github.com/KyleKing/recipes/goBuild/ingredients.go:85.35,86.13 1 1
github.com/KyleKing/recipes/goBuild/ingredients.go:90.4,90.37 1 1
github.com/KyleKing/recipes/goBuild/ingredients.go:90.37,91.13 1 1
github.com/KyleKing/recipes/goBuild/ingredients.go:95.4,100.74 4 1
github.com/KyleKing/recipes/goBuild/ingredients.go:100.74,103.5 1 0
github.com/KyleKing/recipes/goBuild/ingredients.go:105.4,105.32 1 1
github.com/KyleKing/recipes/goBuild/ingredients.go:105.32,111.25 3 1
github.com/KyleKing/recipes/goBuild/ingredients.go:111.25,120.6 4 1
github.com/KyleKing/recipes/goBuild/ingredients.go:125.3,125.21 1 1
github.com/KyleKing/recipes/goBuild/ingredients.go:125.21,127.33 2 1
github.com/KyleKing/recipes/goBuild/ingredients.go:127.33,128.48 1 1
github.com/KyleKing/recipes/goBuild/ingredients.go:128.48,130.53 2 1
github.com/KyleKing/recipes/goBuild/ingredients.go:130.53,133.7 2 1
github.com/KyleKing/recipes/goBuild/ingredients.go:139.3,139.21 1 1
github.com/KyleKing/recipes/goBuild/ingredients.go:139.21,141.40 2 1
github.com/KyleKing/recipes/goBuild/ingredients.go:141.40,142.46 1 1
github.com/KyleKing/recipes/goBuild/ingredients.go:142.46,144.6 1 1
github.com/KyleKing/recipes/goBuild/ingredients.go:149.2,149.16 1 1
github.com/KyleKing/recipes/goBuild/ingredients.go:153.69,154.29 1 1
github.com/KyleKing/recipes/goBuild/ingredients.go:154.29,155.45 1 1
github.com/KyleKing/recipes/goBuild/ingredients.go:155.45,157.4 1 1
github.com/KyleKing/recipes/goBuild/ingredients.go:159.2,159.18 1 0
github.com/KyleKing/recipes/goBuild/ingredients.go:164.72,169.24 3 1
github.com/KyleKing/recipes/goBuild/ingredients.go:169.24,171.3 1 1
github.com/KyleKing/recipes/goBuild/ingredients.go:173.2,173.29 1 1
github.com/KyleKing/recipes/goBuild/ingredients.go:173.29,175.44 1 1
github.com/KyleKing/recipes/goBuild/ingredients.go:175.44,178.25 1 0
github.com/KyleKing/recipes/goBuild/ingredients.go:178.25,180.56 2 0
github.com/KyleKing/recipes/goBuild/ingredients.go:180.56,184.6 2 0
github.com/KyleKing/recipes/goBuild/ingredients.go:189.2,189.18 1 1
github.com/KyleKing/recipes/goBuild/ingredients.go:193.88,196.29 2 1
github.com/KyleKing/recipes/goBuild/ingredients.go:196.29,201.30 3 1
github.com/KyleKing/recipes/goBuild/ingredients.go:201.30,202.12 1 1
github.com/KyleKing/recipes/goBuild/ingredients.go:206.3,206.65 1 1
github.com/KyleKing/recipes/goBuild/ingredients.go:206.65,207.12 1 1
github.com/KyleKing/recipes/goBuild/ingredients.go:211.3,211.26 1 1
github.com/KyleKing/recipes/goBuild/ingredients.go:211.26,212.12 1 1
github.com/KyleKing/recipes/goBuild/ingredients.go:220.3,220.18 1 1
github.com/KyleKing/recipes/goBuild/ingredients.go:221.57,223.47 1 1
github.com/KyleKing/recipes/goBuild/ingredients.go:223.47,225.5 1 1
github.com/KyleKing/recipes/goBuild/ingredients.go:226.19,228.37 1 1
github.com/KyleKing/recipes/goBuild/ingredients.go:229.15,231.39 1 1
github.com/KyleKing/recipes/goBuild/ingredients.go:231.39,233.5 1 1
github.com/KyleKing/recipes/goBuild/ingredients.go:234.14,238.25 1 0
github.com/KyleKing/recipes/goBuild/ingredients.go:238.25,240.5 1 0
github.com/KyleKing/recipes/goBuild/ingredients.go:244.2,244.14 1 1
github.com/KyleKing/recipes/goBuild/ingredients.go:250.98,264.33 2 1
github.com/KyleKing/recipes/goBuild/ingredients.go:264.33,266.3 1 1
github.com/KyleKing/recipes/goBuild/ingredients.go:268.2,268.29 1 1
github.com/KyleKing/recipes/goBuild/ingredients.go:268.29,269.28 1 1
github.com/KyleKing/recipes/goBuild/ingredients.go:269.28,272.68 2 1
github.com/KyleKing/recipes/goBuild/ingredients.go:272.68,273.33 1 1
github.com/KyleKing/recipes/goBuild/ingredients.go:273.33,275.6 1 1
github.com/KyleKing/recipes/goBuild/ingredients.go:283.71,285.39 1 1
github.com/KyleKing/recipes/goBuild/ingredients.go:285.39,287.3 1 1
github.com/KyleKing/recipes/goBuild/ingredients.go:290.2,290.39 1 1
github.com/KyleKing/recipes/goBuild/ingredients.go:290.39,291.24 1 1
github.com/KyleKing/recipes/goBuild/ingredients.go:291.24,293.4 1 1
github.com/KyleKing/recipes/goBuild/ingredients.go:296.3,300.45 2 1
github.com/KyleKing/recipes/goBuild/ingredients.go:300.45,301.12 1 1
github.com/KyleKing/recipes/goBuild/ingredients.go:304.3,305.36 2 1
github.com/KyleKing/recipes/goBuild/ingredients.go:305.36,307.4 1 1
github.com/KyleKing/recipes/goBuild/ingredients.go:310.2,310.15 1 0
github.com/KyleKing/recipes/goBuild/ingredients.go:314.44,316.2 1 1
github.com/KyleKing/recipes/goBuild/ingredients.go:319.38,333.2 2 1
github.com/KyleKing/recipes/goBuild/ingredients.go:337.45,343.16 2 1
github.com/KyleKing/recipes/goBuild/ingredients.go:343.16,345.3 1 1
github.com/KyleKing/recipes/goBuild/ingredients.go:348.2,353.22 2 1
github.com/KyleKing/recipes/goBuild/ingredients.go:353.22,355.3 1 1
github.com/KyleKing/recipes/goBuild/ingredients.go:359.2,359.13 1 1
github.com/KyleKing/recipes/goBuild/ingredients.go:362.43,366.22 3 1
github.com/KyleKing/recipes/goBuild/ingredients.go:366.22,367.15 1 1
github.com/KyleKing/recipes/goBuild/ingredients.go:367.15,369.12 2 1
github.com/KyleKing/recipes/goBuild/ingredients.go:371.3,371.15 1 1
github.com/KyleKing/recipes/goBuild/ingredients.go:371.15,373.12 2 1
github.com/KyleKing/recipes/goBuild/ingredients.go:375.3,375.22 1 1
github.com/KyleKing/recipes/goBuild/ingredients.go:375.22,377.4 1 1
github.com/KyleKing/recipes/goBuild/ingredients.go:379.2,379.34 1 1
github.com/KyleKing/recipes/goBuild/ingredients.go:382.44,388.21 4 1
github.com/KyleKing/recipes/goBuild/ingredients.go:388.21,390.3 1 0
github.com/KyleKing/recipes/goBuild/ingredients.go:393.2,414.29 4 1
github.com/KyleKing/recipes/goBuild/ingredients.go:414.29,415.42 1 1
github.com/KyleKing/recipes/goBuild/ingredients.go:415.42,416.12 1 1
github.com/KyleKing/recipes/goBuild/ingredients.go:418.3,418.38 1 1
github.com/KyleKing/recipes/goBuild/ingredients.go:418.38,419.12 1 1
github.com/KyleKing/recipes/goBuild/ingredients.go:421.3,422.42 2 1
github.com/KyleKing/recipes/goBuild/ingredients.go:426.2,426.74 1 1
github.com/KyleKing/recipes/goBuild/ingredients.go:426.74,428.3 1 0
github.com/KyleKing/recipes/goBuild/ingredients.go:430.2,430.39 1 1
github.com/KyleKing/recipes/goBuild/ingredients.go:433.32,436.21 2 1
github.com/KyleKing/recipes/goBuild/ingredients.go:436.21,438.3 1 1
github.com/KyleKing/recipes/goBuild/ingredients.go:439.2,439.51 1 1
github.com/KyleKing/recipes/goBuild/ingredients.go:442.50,443.21 1 1
github.com/KyleKing/recipes/goBuild/ingredients.go:443.21,445.3 1 1
github.com/KyleKing/recipes/goBuild/ingredients.go:448.2,461.51 2 1
github.com/KyleKing/recipes/goBuild/ingredients.go:464.48,465.20 1 1
github.com/KyleKing/recipes/goBuild/ingredients.go:465.20,467.3 1 1
github.com/KyleKing/recipes/goBuild/ingredients.go:470.2,490.47 2 1
github.com/KyleKing/recipes/goBuild/ingredients.go:493.31,496.23 2 1
github.com/KyleKing/recipes/goBuild/ingredients.go:496.23,498.3 1 1
github.com/KyleKing/recipes/goBuild/ingredients.go:499.2,499.28 1 1
github.com/KyleKing/recipes/goBuild/ingredients.go:499.28,500.51 1 1
github.com/KyleKing/recipes/goBuild/ingredients.go:500.51,502.4 1 1
github.com/KyleKing/recipes/goBuild/ingredients.go:504.2,504.13 1 1
github.com/KyleKing/recipes/goBuild/ingredients.go:507.61,512.34 4 1
github.com/KyleKing/recipes/goBuild/ingredients.go:512.34,513.39 1 1
github.com/KyleKing/recipes/goBuild/ingredients.go:513.39,515.4 1 1
github.com/KyleKing/recipes/goBuild/ingredients.go:518.2,518.33 1 1
github.com/KyleKing/recipes/goBuild/ingredients.go:518.33,520.3 1 1
github.com/KyleKing/recipes/goBuild/ingredients.go:522.2,522.12 1 1
github.com/KyleKing/recipes/goBuild/ingredients.go:525.92,530.30 4 1
github.com/KyleKing/recipes/goBuild/ingredients.go:530.30,533.3 2 1
github.com/KyleKing/recipes/goBuild/ingredients.go:535.2,535.30 1 1
github.com/KyleKing/recipes/goBuild/ingredients.go:535.30,538.3 2 1
github.com/KyleKing/recipes/goBuild/ingredients.go:540.2,540.30 1 1
github.com/KyleKing/recipes/goBuild/ingredients.go:540.30,541.22 1 1
github.com/KyleKing/recipes/goBuild/ingredients.go:541.22,544.4 2 1
github.com/KyleKing/recipes/goBuild/ingredients.go:547.2,547.40 1 1
github.com/KyleKing/recipes/goBuild/ingredients.go:547.40,549.3 1 1
github.com/KyleKing/recipes/goBuild/ingredients.go:551.2,551.69 1 1
github.com/KyleKing/recipes/goBuild/ingredients.go:554.86,558.44 3 1
github.com/KyleKing/recipes/goBuild/ingredients.go:558.44,560.3 1 0
github.com/KyleKing/recipes/goBuild/ingredients.go:564.2,568.29 4 1
github.com/KyleKing/recipes/goBuild/ingredients.go:568.29,570.18 2 1
github.com/KyleKing/recipes/goBuild/ingredients.go:570.18,573.4 1 1
github.com/KyleKing/recipes/goBuild/ingredients.go:574.3,574.32 1 1
github.com/KyleKing/recipes/goBuild/ingredients.go:577.2,577.29 1 1
github.com/KyleKing/recipes/goBuild/ingredients.go:577.29,579.18 2 1
github.com/KyleKing/recipes/goBuild/ingredients.go:579.18,581.4 1 1
github.com/KyleKing/recipes/goBuild/ingredients.go:582.3,582.32 1 1
github.com/KyleKing/recipes/goBuild/ingredients.go:585.2,585.29 1 1
github.com/KyleKing/recipes/goBuild/ingredients.go:585.29,586.21 1 1
github.com/KyleKing/recipes/goBuild/ingredients.go:586.21,588.19 2 1
github.com/KyleKing/recipes/goBuild/ingredients.go:588.19,590.5 1 1
github.com/KyleKing/recipes/goBuild/ingredients.go:591.4,591.33 1 1
github.com/KyleKing/recipes/goBuild/ingredients.go:595.2,595.40 1 1
github.com/KyleKing/recipes/goBuild/ingredients.go:595.40,597.3 1 0
github.com/KyleKing/recipes/goBuild/ingredients.go:599.2,599.69 1 1
github.com/KyleKing/recipes/goBuild/ingredients.go:602.55,612.29 5 1
github.com/KyleKing/recipes/goBuild/ingredients.go:612.29,614.47 2 1
github.com/KyleKing/recipes/goBuild/ingredients.go:614.47,616.4 1 1
github.com/KyleKing/recipes/goBuild/ingredients.go:619.2,619.15 1 1
github.com/KyleKing/recipes/goBuild/ingredients.go:622.90,627.2 3 0
github.com/KyleKing/recipes/goBuild/ingredients.go:629.53,631.23 2 1
github.com/KyleKing/recipes/goBuild/ingredients.go:631.23,632.15 1 1
github.com/KyleKing/recipes/goBuild/ingredients.go:632.15,634.4 1 1
github.com/KyleKing/recipes/goBuild/ingredients.go:636.2,637.15 2 1
github.com/KyleKing/recipes/goBuild/ingredients.go:640.135,643.46 2 1
github.com/KyleKing/recipes/goBuild/ingredients.go:643.46,644.34 1 1
github.com/KyleKing/recipes/goBuild/ingredients.go:644.34,645.12 1 1
github.com/KyleKing/recipes/goBuild/ingredients.go:648.3,657.90 5 1
github.com/KyleKing/recipes/goBuild/ingredients.go:657.90,671.4 2 1
github.com/KyleKing/recipes/goBuild/ingredients.go:674.2,674.41 1 1
github.com/KyleKing/recipes/goBuild/ingredients.go:674.41,676.3 1 1
github.com/KyleKing/recipes/goBuild/ingredients.go:678.2,678.30 1 1
github.com/KyleKing/recipes/goBuild/ingredients.go:678.30,680.3 1 0
github.com/KyleKing/recipes/goBuild/ingredients.go:682.2,682.15 1 1
github.com/KyleKing/recipes/goBuild/related_recipes.go:13.92,18.85 4 1
github.com/KyleKing/recipes/goBuild/related_recipes.go:18.85,20.39 2 1
github.com/KyleKing/recipes/goBuild/related_recipes.go:20.39,21.138 1 1
github.com/KyleKing/recipes/goBuild/related_recipes.go:21.138,23.19 2 1
github.com/KyleKing/recipes/goBuild/related_recipes.go:23.19,25.6 1 1
github.com/KyleKing/recipes/goBuild/related_recipes.go:28.3,28.38 1 1
github.com/KyleKing/recipes/goBuild/related_recipes.go:31.2,32.95 2 1
github.com/KyleKing/recipes/goBuild/related_recipes.go:32.95,34.39 2 1
github.com/KyleKing/recipes/goBuild/related_recipes.go:34.39,35.46 1 1
github.com/KyleKing/recipes/goBuild/related_recipes.go:35.46,37.19 2 1
github.com/KyleKing/recipes/goBuild/related_recipes.go:37.19,39.6 1 1
github.com/KyleKing/recipes/goBuild/related_recipes.go:40.5,40.48 1 1
github.com/KyleKing/recipes/goBuild/related_recipes.go:40.48,41.158 1 1
github.com/KyleKing/recipes/goBuild/related_recipes.go:41.158,43.7 1 1
github.com/KyleKing/recipes/goBuild/related_recipes.go:47.3,47.15 1 1
github.com/KyleKing/recipes/goBuild/related_recipes.go:50.2,51.67 2 1
github.com/KyleKing/recipes/goBuild/related_recipes.go:51.67,52.43 1 1
github.com/KyleKing/recipes/goBuild/related_recipes.go:52.43,56.43 3 1
github.com/KyleKing/recipes/goBuild/related_recipes.go:56.43,58.5 1 1
github.com/KyleKing/recipes/goBuild/related_recipes.go:61.3,61.39 1 1
github.com/KyleKing/recipes/goBuild/related_recipes.go:61.39,63.4 1 1
github.com/KyleKing/recipes/goBuild/related_recipes.go:65.3,65.90 1 1
github.com/KyleKing/recipes/goBuild/related_recipes.go:65.90,66.56 1 1
github.com/KyleKing/recipes/goBuild/related_recipes.go:66.56,68.5 1 1
github.com/KyleKing/recipes/goBuild/related_recipes.go:72.2,72.27 1 1
github.com/KyleKing/recipes/goBuild/related_recipes.go:72.27,74.3 1 1
github.com/KyleKing/recipes/goBuild/related_recipes.go:76.2,76.20 1 1
github.com/KyleKing/recipes/goBuild/related_recipes.go:79.97,87.33 5 1
github.com/KyleKing/recipes/goBuild/related_recipes.go:87.33,96.13 6 1
github.com/KyleKing/recipes/goBuild/related_recipes.go:96.13,98.4 1 0
github.com/KyleKing/recipes/goBuild/related_recipes.go:98.9,101.18 2 1
github.com/KyleKing/recipes/goBuild/related_recipes.go:101.18,103.13 2 0
github.com/KyleKing/recipes/goBuild/related_recipes.go:106.4,107.49 2 1
github.com/KyleKing/recipes/goBuild/related_recipes.go:111.3,111.113 1 1
github.com/KyleKing/recipes/goBuild/related_recipes.go:111.113,114.4 2 0
github.com/KyleKing/recipes/goBuild/related_recipes.go:114.9,121.18 4 1
github.com/KyleKing/recipes/goBuild/related_recipes.go:121.18,124.5 2 0
github.com/KyleKing/recipes/goBuild/related_recipes.go:126.4,132.5 1 1
github.com/KyleKing/recipes/goBuild/related_recipes.go:135.3,141.4 1 1
github.com/KyleKing/recipes/goBuild/related_recipes.go:145.2,145.54 1 1
github.com/KyleKing/recipes/goBuild/related_recipes.go:145.54,147.3 1 0
github.com/KyleKing/recipes/goBuild/related_recipes.go:149.2,151.14 2 1
github.com/KyleKing/recipes/goBuild/related_recipes.go:154.67,156.2 1 1
github.com/KyleKing/recipes/goBuild/related_recipes.go:158.94,161.33 3 1
github.com/KyleKing/recipes/goBuild/related_recipes.go:161.33,162.44 1 1
github.com/KyleKing/recipes/goBuild/related_recipes.go:162.44,168.37 4 1
github.com/KyleKing/recipes/goBuild/related_recipes.go:168.37,170.5 1 1
github.com/KyleKing/recipes/goBuild/related_recipes.go:171.4,176.23 5 1
github.com/KyleKing/recipes/goBuild/related_recipes.go:179.2,179.61 1 1
github.com/KyleKing/recipes/goBuild/schemas.go:16.35,18.2 1 1
github.com/KyleKing/recipes/goBuild/schemas.go:27.91,30.80 3 1
github.com/KyleKing/recipes/goBuild/schemas.go:30.80,32.3 1 1
github.com/KyleKing/recipes/goBuild/schemas.go:33.2,39.3 2 1
github.com/KyleKing/recipes/goBuild/schemas.go:56.69,67.2 1 1
github.com/KyleKing/recipes/goBuild/schemas.go:109.36,113.2 1 1
github.com/KyleKing/recipes/goBuild/schemas.go:115.62,120.2 4 1
github.com/KyleKing/recipes/goBuild/schemas.go:122.62,126.2 3 1
github.com/KyleKing/recipes/goBuild/similarity_cache.go:30.32,32.2 1 1
github.com/KyleKing/recipes/goBuild/similarity_cache.go:34.29,36.2 1 1
github.com/KyleKing/recipes/goBuild/similarity_cache.go:38.55,40.16 2 1
github.com/KyleKing/recipes/goBuild/similarity_cache.go:40.16,42.3 1 1
github.com/KyleKing/recipes/goBuild/similarity_cache.go:43.2,46.47 3 1
github.com/KyleKing/recipes/goBuild/similarity_cache.go:46.47,48.3 1 0
github.com/KyleKing/recipes/goBuild/similarity_cache.go:50.2,50.46 1 1
github.com/KyleKing/recipes/goBuild/similarity_cache.go:53.45,57.16 3 1
github.com/KyleKing/recipes/goBuild/similarity_cache.go:57.16,58.26 1 1
github.com/KyleKing/recipes/goBuild/similarity_cache.go:58.26,60.4 1 0
github.com/KyleKing/recipes/goBuild/similarity_cache.go:61.3,64.4 1 1
github.com/KyleKing/recipes/goBuild/similarity_cache.go:67.2,68.53 2 0
github.com/KyleKing/recipes/goBuild/similarity_cache.go:68.53,74.3 2 0
github.com/KyleKing/recipes/goBuild/similarity_cache.go:76.2,76.15 1 0
github.com/KyleKing/recipes/goBuild/similarity_cache.go:79.56,80.41 1 1
github.com/KyleKing/recipes/goBuild/similarity_cache.go:80.41,82.3 1 0
github.com/KyleKing/recipes/goBuild/similarity_cache.go:84.2,87.16 3 1
github.com/KyleKing/recipes/goBuild/similarity_cache.go:87.16,89.3 1 0
github.com/KyleKing/recipes/goBuild/similarity_cache.go:91.2,92.61 2 1
github.com/KyleKing/recipes/goBuild/similarity_cache.go:92.61,94.3 1 0
github.com/KyleKing/recipes/goBuild/similarity_cache.go:96.2,96.12 1 1
github.com/KyleKing/recipes/goBuild/similarity_cache.go:99.80,101.47 1 1
github.com/KyleKing/recipes/goBuild/similarity_cache.go:101.47,103.3 1 1
github.com/KyleKing/recipes/goBuild/similarity_cache.go:106.2,107.16 2 1
github.com/KyleKing/recipes/goBuild/similarity_cache.go:107.16,109.3 1 0
github.com/KyleKing/recipes/goBuild/similarity_cache.go:112.2,112.39 1 1
github.com/KyleKing/recipes/goBuild/templates_templ.go:26.107,27.131 1 1
github.com/KyleKing/recipes/goBuild/templates_templ.go:27.131,29.71 2 1
github.com/KyleKing/recipes/goBuild/templates_templ.go:29.71,31.4 1 0
github.com/KyleKing/recipes/goBuild/templates_templ.go:32.3,33.31 2 1
github.com/KyleKing/recipes/goBuild/templates_templ.go:33.31,34.17 1 0
github.com/KyleKing/recipes/goBuild/templates_templ.go:34.17,36.34 2 0
github.com/KyleKing/recipes/goBuild/templates_templ.go:36.34,38.6 1 0
github.com/KyleKing/recipes/goBuild/templates_templ.go:41.3,43.33 3 1
github.com/KyleKing/recipes/goBuild/templates_templ.go:43.33,45.4 1 0
github.com/KyleKing/recipes/goBuild/templates_templ.go:46.3,48.32 3 1
github.com/KyleKing/recipes/goBuild/templates_templ.go:48.32,50.4 1 0
github.com/KyleKing/recipes/goBuild/templates_templ.go:51.3,53.32 3 1
github.com/KyleKing/recipes/goBuild/templates_templ.go:53.32,55.4 1 0
github.com/KyleKing/recipes/goBuild/templates_templ.go:56.3,57.32 2 1
github.com/KyleKing/recipes/goBuild/templates_templ.go:57.32,59.4 1 0
github.com/KyleKing/recipes/goBuild/templates_templ.go:60.3,61.32 2 1
github.com/KyleKing/recipes/goBuild/templates_templ.go:61.32,63.4 1 0
github.com/KyleKing/recipes/goBuild/templates_templ.go:64.3,64.29 1 1
github.com/KyleKing/recipes/goBuild/templates_templ.go:64.29,66.33 2 1
github.com/KyleKing/recipes/goBuild/templates_templ.go:66.33,68.5 1 0
github.com/KyleKing/recipes/goBuild/templates_templ.go:69.4,71.33 3 1
github.com/KyleKing/recipes/goBuild/templates_templ.go:71.33,73.5 1 0
github.com/KyleKing/recipes/goBuild/templates_templ.go:74.4,75.33 2 1
github.com/KyleKing/recipes/goBuild/templates_templ.go:75.33,77.5 1 0
github.com/KyleKing/recipes/goBuild/templates_templ.go:78.4,79.33 2 1
github.com/KyleKing/recipes/goBuild/templates_templ.go:79.33,81.5 1 0
github.com/KyleKing/recipes/goBuild/templates_templ.go:82.4,84.33 3 1
github.com/KyleKing/recipes/goBuild/templates_templ.go:84.33,86.5 1 0
github.com/KyleKing/recipes/goBuild/templates_templ.go:87.4,88.33 2 1
github.com/KyleKing/recipes/goBuild/templates_templ.go:88.33,90.5 1 0
github.com/KyleKing/recipes/goBuild/templates_templ.go:91.4,92.33 2 1
github.com/KyleKing/recipes/goBuild/templates_templ.go:92.33,94.5 1 0
github.com/KyleKing/recipes/goBuild/templates_templ.go:95.4,97.33 3 1
github.com/KyleKing/recipes/goBuild/templates_templ.go:97.33,99.5 1 0
github.com/KyleKing/recipes/goBuild/templates_templ.go:100.4,101.33 2 1
github.com/KyleKing/recipes/goBuild/templates_templ.go:101.33,103.5 1 0
github.com/KyleKing/recipes/goBuild/templates_templ.go:104.4,105.33 2 1
github.com/KyleKing/recipes/goBuild/templates_templ.go:105.33,107.5 1 0
github.com/KyleKing/recipes/goBuild/templates_templ.go:108.4,110.33 3 1
github.com/KyleKing/recipes/goBuild/templates_templ.go:110.33,112.5 1 0
github.com/KyleKing/recipes/goBuild/templates_templ.go:113.4,114.33 2 1
github.com/KyleKing/recipes/goBuild/templates_templ.go:114.33,116.5 1 0
github.com/KyleKing/recipes/goBuild/templates_templ.go:117.4,118.33 2 1
github.com/KyleKing/recipes/goBuild/templates_templ.go:118.33,120.5 1 0
github.com/KyleKing/recipes/goBuild/templates_templ.go:121.4,123.33 3 1
github.com/KyleKing/recipes/goBuild/templates_templ.go:123.33,125.5 1 0
github.com/KyleKing/recipes/goBuild/templates_templ.go:126.4,127.33 2 1
github.com/KyleKing/recipes/goBuild/templates_templ.go:127.33,129.5 1 0
github.com/KyleKing/recipes/goBuild/templates_templ.go:130.4,131.33 2 1
github.com/KyleKing/recipes/goBuild/templates_templ.go:131.33,133.5 1 0
github.com/KyleKing/recipes/goBuild/templates_templ.go:134.4,136.33 3 1
github.com/KyleKing/recipes/goBuild/templates_templ.go:136.33,138.5 1 0
github.com/KyleKing/recipes/goBuild/templates_templ.go:139.4,140.33 2 1
github.com/KyleKing/recipes/goBuild/templates_templ.go:140.33,142.5 1 0
github.com/KyleKing/recipes/goBuild/templates_templ.go:143.4,144.33 2 1
github.com/KyleKing/recipes/goBuild/templates_templ.go:144.33,146.5 1 0
github.com/KyleKing/recipes/goBuild/templates_templ.go:147.4,149.33 3 1
github.com/KyleKing/recipes/goBuild/templates_templ.go:149.33,151.5 1 0
github.com/KyleKing/recipes/goBuild/templates_templ.go:152.4,153.33 2 1
github.com/KyleKing/recipes/goBuild/templates_templ.go:153.33,155.5 1 0
github.com/KyleKing/recipes/goBuild/templates_templ.go:156.4,157.33 2 1
github.com/KyleKing/recipes/goBuild/templates_templ.go:157.33,159.5 1 0
github.com/KyleKing/recipes/goBuild/templates_templ.go:161.3,161.30 1 1
github.com/KyleKing/recipes/goBuild/templates_templ.go:161.30,163.33 2 1
github.com/KyleKing/recipes/goBuild/templates_templ.go:163.33,165.5 1 0
github.com/KyleKing/recipes/goBuild/templates_templ.go:167.3,168.32 2 1
github.com/KyleKing/recipes/goBuild/templates_templ.go:168.32,170.4 1 0
github.com/KyleKing/recipes/goBuild/templates_templ.go:171.3,171.31 1 1
github.com/KyleKing/recipes/goBuild/templates_templ.go:171.31,173.33 2 1
github.com/KyleKing/recipes/goBuild/templates_templ.go:173.33,175.5 1 0
github.com/KyleKing/recipes/goBuild/templates_templ.go:177.3,178.32 2 1
github.com/KyleKing/recipes/goBuild/templates_templ.go:178.32,180.4 1 0
github.com/KyleKing/recipes/goBuild/templates_templ.go:181.3,182.32 2 1
github.com/KyleKing/recipes/goBuild/templates_templ.go:182.32,184.4 1 0
github.com/KyleKing/recipes/goBuild/templates_templ.go:185.3,186.32 2 1
github.com/KyleKing/recipes/goBuild/templates_templ.go:186.32,188.4 1 0
github.com/KyleKing/recipes/goBuild/templates_templ.go:189.3,189.31 1 1
github.com/KyleKing/recipes/goBuild/templates_templ.go:189.31,191.33 2 1
github.com/KyleKing/recipes/goBuild/templates_templ.go:191.33,193.5 1 0
github.com/KyleKing/recipes/goBuild/templates_templ.go:195.3,196.32 2 1
github.com/KyleKing/recipes/goBuild/templates_templ.go:196.32,198.4 1 0
github.com/KyleKing/recipes/goBuild/templates_templ.go:199.3,199.13 1 1
github.com/KyleKing/recipes/goBuild/templates_templ.go:203.78,204.131 1 1
github.com/KyleKing/recipes/goBuild/templates_templ.go:204.131,206.71 2 1
github.com/KyleKing/recipes/goBuild/templates_templ.go:206.71,208.4 1 0
github.com/KyleKing/recipes/goBuild/templates_templ.go:209.3,210.31 2 1
github.com/KyleKing/recipes/goBuild/templates_templ.go:210.31,211.17 1 1
github.com/KyleKing/recipes/goBuild/templates_templ.go:211.17,213.34 2 1
github.com/KyleKing/recipes/goBuild/templates_templ.go:213.34,215.6 1 1
github.com/KyleKing/recipes/goBuild/templates_templ.go:218.3,220.34 3 1
github.com/KyleKing/recipes/goBuild/templates_templ.go:220.34,222.4 1 0
github.com/KyleKing/recipes/goBuild/templates_templ.go:223.3,225.32 3 1
github.com/KyleKing/recipes/goBuild/templates_templ.go:225.32,227.4 1 0
github.com/KyleKing/recipes/goBuild/templates_templ.go:228.3,228.13 1 1
github.com/KyleKing/recipes/goBuild/templates_templ.go:232.71,233.131 1 1
github.com/KyleKing/recipes/goBuild/templates_templ.go:233.131,235.71 2 1
github.com/KyleKing/recipes/goBuild/templates_templ.go:235.71,237.4 1 0
github.com/KyleKing/recipes/goBuild/templates_templ.go:238.3,239.31 2 1
github.com/KyleKing/recipes/goBuild/templates_templ.go:239.31,240.17 1 0
github.com/KyleKing/recipes/goBuild/templates_templ.go:240.17,242.34 2 0
github.com/KyleKing/recipes/goBuild/templates_templ.go:242.34,244.6 1 0
github.com/KyleKing/recipes/goBuild/templates_templ.go:247.3,249.34 3 1
github.com/KyleKing/recipes/goBuild/templates_templ.go:249.34,251.4 1 0
github.com/KyleKing/recipes/goBuild/templates_templ.go:252.3,253.62 2 1
github.com/KyleKing/recipes/goBuild/templates_templ.go:253.62,255.33 2 0
github.com/KyleKing/recipes/goBuild/templates_templ.go:255.33,257.5 1 0
github.com/KyleKing/recipes/goBuild/templates_templ.go:259.3,259.67 1 1
github.com/KyleKing/recipes/goBuild/templates_templ.go:259.67,261.33 2 0
github.com/KyleKing/recipes/goBuild/templates_templ.go:261.33,263.5 1 0
github.com/KyleKing/recipes/goBuild/templates_templ.go:265.3,266.32 2 1
github.com/KyleKing/recipes/goBuild/templates_templ.go:266.32,268.4 1 0
github.com/KyleKing/recipes/goBuild/templates_templ.go:269.3,269.37 1 1
github.com/KyleKing/recipes/goBuild/templates_templ.go:269.37,271.33 2 0
github.com/KyleKing/recipes/goBuild/templates_templ.go:271.33,273.5 1 0
github.com/KyleKing/recipes/goBuild/templates_templ.go:274.9,276.33 2 1
github.com/KyleKing/recipes/goBuild/templates_templ.go:276.33,278.5 1 0
github.com/KyleKing/recipes/goBuild/templates_templ.go:280.3,280.62 1 1
github.com/KyleKing/recipes/goBuild/templates_templ.go:280.62,282.33 2 0
github.com/KyleKing/recipes/goBuild/templates_templ.go:282.33,284.5 1 0
github.com/KyleKing/recipes/goBuild/templates_templ.go:286.3,286.67 1 1
github.com/KyleKing/recipes/goBuild/templates_templ.go:286.67,288.33 2 0
github.com/KyleKing/recipes/goBuild/templates_templ.go:288.33,290.5 1 0
github.com/KyleKing/recipes/goBuild/templates_templ.go:292.3,292.13 1 1
github.com/KyleKing/recipes/goBuild/templates_templ.go:296.49,297.131 1 0
github.com/KyleKing/recipes/goBuild/templates_templ.go:297.131,299.71 2 0
github.com/KyleKing/recipes/goBuild/templates_templ.go:299.71,301.4 1 0
github.com/KyleKing/recipes/goBuild/templates_templ.go:302.3,303.31 2 0
github.com/KyleKing/recipes/goBuild/templates_templ.go:303.31,304.17 1 0
github.com/KyleKing/recipes/goBuild/templates_templ.go:304.17,306.34 2 0
github.com/KyleKing/recipes/goBuild/templates_templ.go:306.34,308.6 1 0
github.com/KyleKing/recipes/goBuild/templates_templ.go:311.3,313.34 3 0
github.com/KyleKing/recipes/goBuild/templates_templ.go:313.34,315.4 1 0
github.com/KyleKing/recipes/goBuild/templates_templ.go:316.3,318.32 3 0
github.com/KyleKing/recipes/goBuild/templates_templ.go:318.32,320.4 1 0
github.com/KyleKing/recipes/goBuild/templates_templ.go:321.3,321.13 1 0
github.com/KyleKing/recipes/goBuild/templates_templ.go:325.49,326.131 1 0
github.com/KyleKing/recipes/goBuild/templates_templ.go:326.131,328.71 2 0
github.com/KyleKing/recipes/goBuild/templates_templ.go:328.71,330.4 1 0
github.com/KyleKing/recipes/goBuild/templates_templ.go:331.3,332.31 2 0
github.com/KyleKing/recipes/goBuild/templates_templ.go:332.31,333.17 1 0
github.com/KyleKing/recipes/goBuild/templates_templ.go:333.17,335.34 2 0
github.com/KyleKing/recipes/goBuild/templates_templ.go:335.34,337.6 1 0
github.com/KyleKing/recipes/goBuild/templates_templ.go:340.3,342.34 3 0
github.com/KyleKing/recipes/goBuild/templates_templ.go:342.34,344.4 1 0
github.com/KyleKing/recipes/goBuild/templates_templ.go:345.3,347.32 3 0
github.com/KyleKing/recipes/goBuild/templates_templ.go:347.32,349.4 1 0
github.com/KyleKing/recipes/goBuild/templates_templ.go:350.3,350.13 1 0
github.com/KyleKing/recipes/goBuild/templates_templ.go:354.76,355.131 1 0
github.com/KyleKing/recipes/goBuild/templates_templ.go:355.131,357.71 2 0
github.com/KyleKing/recipes/goBuild/templates_templ.go:357.71,359.4 1 0
github.com/KyleKing/recipes/goBuild/templates_templ.go:360.3,361.31 2 0
github.com/KyleKing/recipes/goBuild/templates_templ.go:361.31,362.17 1 0
github.com/KyleKing/recipes/goBuild/templates_templ.go:362.17,364.34 2 0
github.com/KyleKing/recipes/goBuild/templates_templ.go:364.34,366.6 1 0
github.com/KyleKing/recipes/goBuild/templates_templ.go:369.3,371.34 3 0
github.com/KyleKing/recipes/goBuild/templates_templ.go:371.34,373.4 1 0
github.com/KyleKing/recipes/goBuild/templates_templ.go:374.3,376.32 3 0
github.com/KyleKing/recipes/goBuild/templates_templ.go:376.32,378.4 1 0
github.com/KyleKing/recipes/goBuild/templates_templ.go:379.3,379.42 1 0
github.com/KyleKing/recipes/goBuild/templates_templ.go:379.42,381.33 2 0
github.com/KyleKing/recipes/goBuild/templates_templ.go:381.33,383.5 1 0
github.com/KyleKing/recipes/goBuild/templates_templ.go:384.4,386.33 3 0
github.com/KyleKing/recipes/goBuild/templates_templ.go:386.33,388.5 1 0
github.com/KyleKing/recipes/goBuild/templates_templ.go:389.4,390.33 2 0
github.com/KyleKing/recipes/goBuild/templates_templ.go:390.33,392.5 1 0
github.com/KyleKing/recipes/goBuild/templates_templ.go:393.4,394.33 2 0
github.com/KyleKing/recipes/goBuild/templates_templ.go:394.33,396.5 1 0
github.com/KyleKing/recipes/goBuild/templates_templ.go:397.4,399.33 3 0
github.com/KyleKing/recipes/goBuild/templates_templ.go:399.33,401.5 1 0
github.com/KyleKing/recipes/goBuild/templates_templ.go:402.4,403.33 2 0
github.com/KyleKing/recipes/goBuild/templates_templ.go:403.33,405.5 1 0
github.com/KyleKing/recipes/goBuild/templates_templ.go:406.4,407.33 2 0
github.com/KyleKing/recipes/goBuild/templates_templ.go:407.33,409.5 1 0
github.com/KyleKing/recipes/goBuild/templates_templ.go:410.4,412.33 3 0
github.com/KyleKing/recipes/goBuild/templates_templ.go:412.33,414.5 1 0
github.com/KyleKing/recipes/goBuild/templates_templ.go:415.4,416.33 2 0
github.com/KyleKing/recipes/goBuild/templates_templ.go:416.33,418.5 1 0
github.com/KyleKing/recipes/goBuild/templates_templ.go:419.4,420.33 2 0
github.com/KyleKing/recipes/goBuild/templates_templ.go:420.33,422.5 1 0
github.com/KyleKing/recipes/goBuild/templates_templ.go:423.4,425.33 3 0
github.com/KyleKing/recipes/goBuild/templates_templ.go:425.33,427.5 1 0
github.com/KyleKing/recipes/goBuild/templates_templ.go:428.4,429.33 2 0
github.com/KyleKing/recipes/goBuild/templates_templ.go:429.33,431.5 1 0
github.com/KyleKing/recipes/goBuild/templates_templ.go:432.4,433.33 2 0
github.com/KyleKing/recipes/goBuild/templates_templ.go:433.33,435.5 1 0
github.com/KyleKing/recipes/goBuild/templates_templ.go:436.4,438.33 3 0
github.com/KyleKing/recipes/goBuild/templates_templ.go:438.33,440.5 1 0
github.com/KyleKing/recipes/goBuild/templates_templ.go:441.4,442.33 2 0
github.com/KyleKing/recipes/goBuild/templates_templ.go:442.33,444.5 1 0
github.com/KyleKing/recipes/goBuild/templates_templ.go:445.4,446.33 2 0
github.com/KyleKing/recipes/goBuild/templates_templ.go:446.33,448.5 1 0
github.com/KyleKing/recipes/goBuild/templates_templ.go:449.4,449.42 1 0
github.com/KyleKing/recipes/goBuild/templates_templ.go:449.42,451.34 2 0
github.com/KyleKing/recipes/goBuild/templates_templ.go:451.34,453.6 1 0
github.com/KyleKing/recipes/goBuild/templates_templ.go:454.5,456.34 3 0
github.com/KyleKing/recipes/goBuild/templates_templ.go:456.34,458.6 1 0
github.com/KyleKing/recipes/goBuild/templates_templ.go:459.5,460.34 2 0
github.com/KyleKing/recipes/goBuild/templates_templ.go:460.34,462.6 1 0
github.com/KyleKing/recipes/goBuild/templates_templ.go:463.5,464.34 2 0
github.com/KyleKing/recipes/goBuild/templates_templ.go:464.34,466.6 1 0
github.com/KyleKing/recipes/goBuild/templates_templ.go:468.4,468.41 1 0
github.com/KyleKing/recipes/goBuild/templates_templ.go:468.41,470.34 2 0
github.com/KyleKing/recipes/goBuild/templates_templ.go:470.34,472.6 1 0
github.com/KyleKing/recipes/goBuild/templates_templ.go:473.5,475.34 3 0
github.com/KyleKing/recipes/goBuild/templates_templ.go:475.34,477.6 1 0
github.com/KyleKing/recipes/goBuild/templates_templ.go:478.5,479.34 2 0
github.com/KyleKing/recipes/goBuild/templates_templ.go:479.34,481.6 1 0
github.com/KyleKing/recipes/goBuild/templates_templ.go:482.5,483.34 2 0
github.com/KyleKing/recipes/goBuild/templates_templ.go:483.34,485.6 1 0
github.com/KyleKing/recipes/goBuild/templates_templ.go:487.4,488.33 2 0
github.com/KyleKing/recipes/goBuild/templates_templ.go:488.33,490.5 1 0
github.com/KyleKing/recipes/goBuild/templates_templ.go:491.4,493.33 3 0
github.com/KyleKing/recipes/goBuild/templates_templ.go:493.33,495.5 1 0
github.com/KyleKing/recipes/goBuild/templates_templ.go:496.4,497.33 2 0
github.com/KyleKing/recipes/goBuild/templates_templ.go:497.33,499.5 1 0
github.com/KyleKing/recipes/goBuild/templates_templ.go:500.4,501.33 2 0
github.com/KyleKing/recipes/goBuild/templates_templ.go:501.33,503.5 1 0
github.com/KyleKing/recipes/goBuild/templates_templ.go:504.4,506.33 3 0
github.com/KyleKing/recipes/goBuild/templates_templ.go:506.33,508.5 1 0
github.com/KyleKing/recipes/goBuild/templates_templ.go:509.4,510.33 2 0
github.com/KyleKing/recipes/goBuild/templates_templ.go:510.33,512.5 1 0
github.com/KyleKing/recipes/goBuild/templates_templ.go:513.4,514.33 2 0
github.com/KyleKing/recipes/goBuild/templates_templ.go:514.33,516.5 1 0
github.com/KyleKing/recipes/goBuild/templates_templ.go:518.3,519.32 2 0
github.com/KyleKing/recipes/goBuild/templates_templ.go:519.32,521.4 1 0
github.com/KyleKing/recipes/goBuild/templates_templ.go:522.3,522.13 1 0
github.com/KyleKing/recipes/goBuild/templates_templ.go:526.54,527.131 1 1
github.com/KyleKing/recipes/goBuild/templates_templ.go:527.131,529.71 2 1
github.com/KyleKing/recipes/goBuild/templates_templ.go:529.71,531.4 1 0
github.com/KyleKing/recipes/goBuild/templates_templ.go:532.3,533.31 2 1
github.com/KyleKing/recipes/goBuild/templates_templ.go:533.31,534.17 1 0
github.com/KyleKing/recipes/goBuild/templates_templ.go:534.17,536.34 2 0
github.com/KyleKing/recipes/goBuild/templates_templ.go:536.34,538.6 1 0
github.com/KyleKing/recipes/goBuild/templates_templ.go:541.3,543.34 3 1
github.com/KyleKing/recipes/goBuild/templates_templ.go:543.34,545.4 1 0
github.com/KyleKing/recipes/goBuild/templates_templ.go:546.3,548.32 3 1
github.com/KyleKing/recipes/goBuild/templates_templ.go:548.32,550.4 1 0
github.com/KyleKing/recipes/goBuild/templates_templ.go:551.3,553.32 3 1
github.com/KyleKing/recipes/goBuild/templates_templ.go:553.32,555.4 1 0
github.com/KyleKing/recipes/goBuild/templates_templ.go:556.3,557.32 2 1
github.com/KyleKing/recipes/goBuild/templates_templ.go:557.32,559.4 1 0
github.com/KyleKing/recipes/goBuild/templates_templ.go:560.3,561.32 2 1
github.com/KyleKing/recipes/goBuild/templates_templ.go:561.32,563.4 1 0
github.com/KyleKing/recipes/goBuild/templates_templ.go:564.3,564.39 1 1
github.com/KyleKing/recipes/goBuild/templates_templ.go:564.39,566.33 2 1
github.com/KyleKing/recipes/goBuild/templates_templ.go:566.33,568.5 1 0
github.com/KyleKing/recipes/goBuild/templates_templ.go:569.4,571.33 3 1
github.com/KyleKing/recipes/goBuild/templates_templ.go:571.33,573.5 1 0
github.com/KyleKing/recipes/goBuild/templates_templ.go:574.4,575.33 2 1
github.com/KyleKing/recipes/goBuild/templates_templ.go:575.33,577.5 1 0
github.com/KyleKing/recipes/goBuild/templates_templ.go:578.4,579.33 2 1
github.com/KyleKing/recipes/goBuild/templates_templ.go:579.33,581.5 1 0
github.com/KyleKing/recipes/goBuild/templates_templ.go:582.4,584.33 3 1
github.com/KyleKing/recipes/goBuild/templates_templ.go:584.33,586.5 1 0
github.com/KyleKing/recipes/goBuild/templates_templ.go:587.4,588.33 2 1
github.com/KyleKing/recipes/goBuild/templates_templ.go:588.33,590.5 1 0
github.com/KyleKing/recipes/goBuild/templates_templ.go:591.4,592.33 2 1
github.com/KyleKing/recipes/goBuild/templates_templ.go:592.33,594.5 1 0
github.com/KyleKing/recipes/goBuild/templates_templ.go:595.4,597.33 3 1
github.com/KyleKing/recipes/goBuild/templates_templ.go:597.33,599.5 1 0
github.com/KyleKing/recipes/goBuild/templates_templ.go:600.4,601.33 2 1
github.com/KyleKing/recipes/goBuild/templates_templ.go:601.33,603.5 1 0
github.com/KyleKing/recipes/goBuild/templates_templ.go:604.4,605.33 2 1
github.com/KyleKing/recipes/goBuild/templates_templ.go:605.33,607.5 1 0
github.com/KyleKing/recipes/goBuild/templates_templ.go:609.3,610.32 2 1
github.com/KyleKing/recipes/goBuild/templates_templ.go:610.32,612.4 1 0
github.com/KyleKing/recipes/goBuild/templates_templ.go:613.3,613.13 1 1
github.com/KyleKing/recipes/goBuild/templates_templ.go:617.39,618.131 1 1
github.com/KyleKing/recipes/goBuild/templates_templ.go:618.131,620.71 2 1
github.com/KyleKing/recipes/goBuild/templates_templ.go:620.71,622.4 1 0
github.com/KyleKing/recipes/goBuild/templates_templ.go:623.3,624.31 2 1
github.com/KyleKing/recipes/goBuild/templates_templ.go:624.31,625.17 1 0
github.com/KyleKing/recipes/goBuild/templates_templ.go:625.17,627.34 2 0
github.com/KyleKing/recipes/goBuild/templates_templ.go:627.34,629.6 1 0
github.com/KyleKing/recipes/goBuild/templates_templ.go:632.3,634.34 3 1
github.com/KyleKing/recipes/goBuild/templates_templ.go:634.34,636.4 1 0
github.com/KyleKing/recipes/goBuild/templates_templ.go:637.3,639.32 3 1
github.com/KyleKing/recipes/goBuild/templates_templ.go:639.32,641.4 1 0
github.com/KyleKing/recipes/goBuild/templates_templ.go:642.3,642.13 1 1
github.com/KyleKing/recipes/goBuild/templates_templ.go:646.35,647.131 1 1
github.com/KyleKing/recipes/goBuild/templates_templ.go:647.131,649.71 2 1
github.com/KyleKing/recipes/goBuild/templates_templ.go:649.71,651.4 1 0
github.com/KyleKing/recipes/goBuild/templates_templ.go:652.3,653.31 2 1
github.com/KyleKing/recipes/goBuild/templates_templ.go:653.31,654.17 1 1
github.com/KyleKing/recipes/goBuild/templates_templ.go:654.17,656.34 2 1
github.com/KyleKing/recipes/goBuild/templates_templ.go:656.34,658.6 1 1
github.com/KyleKing/recipes/goBuild/templates_templ.go:661.3,663.34 3 1
github.com/KyleKing/recipes/goBuild/templates_templ.go:663.34,665.4 1 0
github.com/KyleKing/recipes/goBuild/templates_templ.go:666.3,668.32 3 1
github.com/KyleKing/recipes/goBuild/templates_templ.go:668.32,670.4 1 0
github.com/KyleKing/recipes/goBuild/templates_templ.go:671.3,671.13 1 1
github.com/KyleKing/recipes/goBuild/templates_templ.go:675.41,676.131 1 1
github.com/KyleKing/recipes/goBuild/templates_templ.go:676.131,678.71 2 1
github.com/KyleKing/recipes/goBuild/templates_templ.go:678.71,680.4 1 0
github.com/KyleKing/recipes/goBuild/templates_templ.go:681.3,682.31 2 1
github.com/KyleKing/recipes/goBuild/templates_templ.go:682.31,683.17 1 0
github.com/KyleKing/recipes/goBuild/templates_templ.go:683.17,685.34 2 0
github.com/KyleKing/recipes/goBuild/templates_templ.go:685.34,687.6 1 0
github.com/KyleKing/recipes/goBuild/templates_templ.go:690.3,692.34 3 1
github.com/KyleKing/recipes/goBuild/templates_templ.go:692.34,694.4 1 0
github.com/KyleKing/recipes/goBuild/templates_templ.go:695.3,697.32 3 1
github.com/KyleKing/recipes/goBuild/templates_templ.go:697.32,699.4 1 0
github.com/KyleKing/recipes/goBuild/templates_templ.go:700.3,702.32 3 1
github.com/KyleKing/recipes/goBuild/templates_templ.go:702.32,704.4 1 0
github.com/KyleKing/recipes/goBuild/templates_templ.go:705.3,706.32 2 1
github.com/KyleKing/recipes/goBuild/templates_templ.go:706.32,708.4 1 0
github.com/KyleKing/recipes/goBuild/templates_templ.go:709.3,710.32 2 1
github.com/KyleKing/recipes/goBuild/templates_templ.go:710.32,712.4 1 0
github.com/KyleKing/recipes/goBuild/templates_templ.go:713.3,713.13 1 1
github.com/KyleKing/recipes/goBuild/templates_templ.go:717.37,718.131 1 1
github.com/KyleKing/recipes/goBuild/templates_templ.go:718.131,720.71 2 1
github.com/KyleKing/recipes/goBuild/templates_templ.go:720.71,722.4 1 0
github.com/KyleKing/recipes/goBuild/templates_templ.go:723.3,724.31 2 1
github.com/KyleKing/recipes/goBuild/templates_templ.go:724.31,725.17 1 1
github.com/KyleKing/recipes/goBuild/templates_templ.go:725.17,727.34 2 1
github.com/KyleKing/recipes/goBuild/templates_templ.go:727.34,729.6 1 1
github.com/KyleKing/recipes/goBuild/templates_templ.go:732.3,734.34 3 1
github.com/KyleKing/recipes/goBuild/templates_templ.go:734.34,736.4 1 0
github.com/KyleKing/recipes/goBuild/templates_templ.go:737.3,739.32 3 1
github.com/KyleKing/recipes/goBuild/templates_templ.go:739.32,741.4 1 0
github.com/KyleKing/recipes/goBuild/templates_templ.go:742.3,742.13 1 1
github.com/KyleKing/recipes/goBuild/templates_templ.go:746.70,747.131 1 1
github.com/KyleKing/recipes/goBuild/templates_templ.go:747.131,749.71 2 1
github.com/KyleKing/recipes/goBuild/templates_templ.go:749.71,751.4 1 0
github.com/KyleKing/recipes/goBuild/templates_templ.go:752.3,753.31 2 1
github.com/KyleKing/recipes/goBuild/templates_templ.go:753.31,754.17 1 0
github.com/KyleKing/recipes/goBuild/templates_templ.go:754.17,756.34 2 0
github.com/KyleKing/recipes/goBuild/templates_templ.go:756.34,758.6 1 0
github.com/KyleKing/recipes/goBuild/templates_templ.go:761.3,763.34 3 1
github.com/KyleKing/recipes/goBuild/templates_templ.go:763.34,765.4 1 0
github.com/KyleKing/recipes/goBuild/templates_templ.go:766.3,768.32 3 1
github.com/KyleKing/recipes/goBuild/templates_templ.go:768.32,770.4 1 0
github.com/KyleKing/recipes/goBuild/templates_templ.go:771.3,773.32 3 1
github.com/KyleKing/recipes/goBuild/templates_templ.go:773.32,775.4 1 0
github.com/KyleKing/recipes/goBuild/templates_templ.go:776.3,777.32 2 1
github.com/KyleKing/recipes/goBuild/templates_templ.go:777.32,779.4 1 0
github.com/KyleKing/recipes/goBuild/templates_templ.go:780.3,781.32 2 1
github.com/KyleKing/recipes/goBuild/templates_templ.go:781.32,783.4 1 0
github.com/KyleKing/recipes/goBuild/templates_templ.go:784.3,784.34 1 1
github.com/KyleKing/recipes/goBuild/templates_templ.go:784.34,786.33 2 1
github.com/KyleKing/recipes/goBuild/templates_templ.go:786.33,788.5 1 0
github.com/KyleKing/recipes/goBuild/templates_templ.go:789.4,791.33 3 1
github.com/KyleKing/recipes/goBuild/templates_templ.go:791.33,793.5 1 0
github.com/KyleKing/recipes/goBuild/templates_templ.go:794.4,795.33 2 1
github.com/KyleKing/recipes/goBuild/templates_templ.go:795.33,797.5 1 0
github.com/KyleKing/recipes/goBuild/templates_templ.go:798.4,799.33 2 1
github.com/KyleKing/recipes/goBuild/templates_templ.go:799.33,801.5 1 0
github.com/KyleKing/recipes/goBuild/templates_templ.go:802.4,804.33 3 1
github.com/KyleKing/recipes/goBuild/templates_templ.go:804.33,806.5 1 0
github.com/KyleKing/recipes/goBuild/templates_templ.go:807.4,808.33 2 1
github.com/KyleKing/recipes/goBuild/templates_templ.go:808.33,810.5 1 0
github.com/KyleKing/recipes/goBuild/templates_templ.go:811.4,812.33 2 1
github.com/KyleKing/recipes/goBuild/templates_templ.go:812.33,814.5 1 0
github.com/KyleKing/recipes/goBuild/templates_templ.go:815.4,817.33 3 1
github.com/KyleKing/recipes/goBuild/templates_templ.go:817.33,819.5 1 0
github.com/KyleKing/recipes/goBuild/templates_templ.go:820.4,821.33 2 1
github.com/KyleKing/recipes/goBuild/templates_templ.go:821.33,823.5 1 0
github.com/KyleKing/recipes/goBuild/templates_templ.go:824.4,825.33 2 1
github.com/KyleKing/recipes/goBuild/templates_templ.go:825.33,827.5 1 0
github.com/KyleKing/recipes/goBuild/templates_templ.go:828.4,830.33 3 1
github.com/KyleKing/recipes/goBuild/templates_templ.go:830.33,832.5 1 0
github.com/KyleKing/recipes/goBuild/templates_templ.go:833.4,834.33 2 1
github.com/KyleKing/recipes/goBuild/templates_templ.go:834.33,836.5 1 0
github.com/KyleKing/recipes/goBuild/templates_templ.go:837.4,838.33 2 1
github.com/KyleKing/recipes/goBuild/templates_templ.go:838.33,840.5 1 0
github.com/KyleKing/recipes/goBuild/templates_templ.go:842.3,843.32 2 1
github.com/KyleKing/recipes/goBuild/templates_templ.go:843.32,845.4 1 0
github.com/KyleKing/recipes/goBuild/templates_templ.go:846.3,846.13 1 1
github.com/KyleKing/recipes/goBuild/templates_templ.go:850.67,851.131 1 1
github.com/KyleKing/recipes/goBuild/templates_templ.go:851.131,853.71 2 1
github.com/KyleKing/recipes/goBuild/templates_templ.go:853.71,855.4 1 0
github.com/KyleKing/recipes/goBuild/templates_templ.go:856.3,857.31 2 1
github.com/KyleKing/recipes/goBuild/templates_templ.go:857.31,858.17 1 1
github.com/KyleKing/recipes/goBuild/templates_templ.go:858.17,860.34 2 1
github.com/KyleKing/recipes/goBuild/templates_templ.go:860.34,862.6 1 1
github.com/KyleKing/recipes/goBuild/templates_templ.go:865.3,867.34 3 1
github.com/KyleKing/recipes/goBuild/templates_templ.go:867.34,869.4 1 0
github.com/KyleKing/recipes/goBuild/templates_templ.go:870.3,872.32 3 1
github.com/KyleKing/recipes/goBuild/templates_templ.go:872.32,874.4 1 0
github.com/KyleKing/recipes/goBuild/templates_templ.go:875.3,875.13 1 1
github.com/KyleKing/recipes/goBuild/templates_templ.go:879.59,880.131 1 1
github.com/KyleKing/recipes/goBuild/templates_templ.go:880.131,882.71 2 1
github.com/KyleKing/recipes/goBuild/templates_templ.go:882.71,884.4 1 0
github.com/KyleKing/recipes/goBuild/templates_templ.go:885.3,886.31 2 1
github.com/KyleKing/recipes/goBuild/templates_templ.go:886.31,887.17 1 0
github.com/KyleKing/recipes/goBuild/templates_templ.go:887.17,889.34 2 0
github.com/KyleKing/recipes/goBuild/templates_templ.go:889.34,891.6 1 0
github.com/KyleKing/recipes/goBuild/templates_templ.go:894.3,896.34 3 1
github.com/KyleKing/recipes/goBuild/templates_templ.go:896.34,898.4 1 0
github.com/KyleKing/recipes/goBuild/templates_templ.go:899.3,901.32 3 1
github.com/KyleKing/recipes/goBuild/templates_templ.go:901.32,903.4 1 0
github.com/KyleKing/recipes/goBuild/templates_templ.go:904.3,904.38 1 1
github.com/KyleKing/recipes/goBuild/templates_templ.go:904.38,906.33 2 1
github.com/KyleKing/recipes/goBuild/templates_templ.go:906.33,908.5 1 0
github.com/KyleKing/recipes/goBuild/templates_templ.go:909.4,911.33 3 1
github.com/KyleKing/recipes/goBuild/templates_templ.go:911.33,913.5 1 0
github.com/KyleKing/recipes/goBuild/templates_templ.go:914.4,915.33 2 1
github.com/KyleKing/recipes/goBuild/templates_templ.go:915.33,917.5 1 0
github.com/KyleKing/recipes/goBuild/templates_templ.go:918.4,919.33 2 1
github.com/KyleKing/recipes/goBuild/templates_templ.go:919.33,921.5 1 0
github.com/KyleKing/recipes/goBuild/templates_templ.go:922.4,924.33 3 1
github.com/KyleKing/recipes/goBuild/templates_templ.go:924.33,926.5 1 0
github.com/KyleKing/recipes/goBuild/templates_templ.go:927.4,928.33 2 1
github.com/KyleKing/recipes/goBuild/templates_templ.go:928.33,930.5 1 0
github.com/KyleKing/recipes/goBuild/templates_templ.go:931.4,932.33 2 1
github.com/KyleKing/recipes/goBuild/templates_templ.go:932.33,934.5 1 0
github.com/KyleKing/recipes/goBuild/templates_templ.go:936.3,937.32 2 1
github.com/KyleKing/recipes/goBuild/templates_templ.go:937.32,939.4 1 0
github.com/KyleKing/recipes/goBuild/templates_templ.go:940.3,940.13 1 1
github.com/KyleKing/recipes/goBuild/templates_templ.go:944.56,945.131 1 1
github.com/KyleKing/recipes/goBuild/templates_templ.go:945.131,947.71 2 1
github.com/KyleKing/recipes/goBuild/templates_templ.go:947.71,949.4 1 0
github.com/KyleKing/recipes/goBuild/templates_templ.go:950.3,951.31 2 1
github.com/KyleKing/recipes/goBuild/templates_templ.go:951.31,952.17 1 1
github.com/KyleKing/recipes/goBuild/templates_templ.go:952.17,954.34 2 1
github.com/KyleKing/recipes/goBuild/templates_templ.go:954.34,956.6 1 1
github.com/KyleKing/recipes/goBuild/templates_templ.go:959.3,961.34 3 1
github.com/KyleKing/recipes/goBuild/templates_templ.go:961.34,963.4 1 0
github.com/KyleKing/recipes/goBuild/templates_templ.go:964.3,966.32 3 1
github.com/KyleKing/recipes/goBuild/templates_templ.go:966.32,968.4 1 0
github.com/KyleKing/recipes/goBuild/templates_templ.go:969.3,969.13 1 1
github.com/KyleKing/recipes/goBuild/templates_templ.go:973.51,974.131 1 1
github.com/KyleKing/recipes/goBuild/templates_templ.go:974.131,976.71 2 1
github.com/KyleKing/recipes/goBuild/templates_templ.go:976.71,978.4 1 0
github.com/KyleKing/recipes/goBuild/templates_templ.go:979.3,980.31 2 1
github.com/KyleKing/recipes/goBuild/templates_templ.go:980.31,981.17 1 0
github.com/KyleKing/recipes/goBuild/templates_templ.go:981.17,983.34 2 0
github.com/KyleKing/recipes/goBuild/templates_templ.go:983.34,985.6 1 0
github.com/KyleKing/recipes/goBuild/templates_templ.go:988.3,990.34 3 1
github.com/KyleKing/recipes/goBuild/templates_templ.go:990.34,992.4 1 0
github.com/KyleKing/recipes/goBuild/templates_templ.go:993.3,995.32 3 1
github.com/KyleKing/recipes/goBuild/templates_templ.go:995.32,997.4 1 0
github.com/KyleKing/recipes/goBuild/templates_templ.go:998.3,998.34 1 1
github.com/KyleKing/recipes/goBuild/templates_templ.go:998.34,1000.33 2 1
github.com/KyleKing/recipes/goBuild/templates_templ.go:1000.33,1002.5 1 0
github.com/KyleKing/recipes/goBuild/templates_templ.go:1003.4,1005.33 3 1
github.com/KyleKing/recipes/goBuild/templates_templ.go:1005.33,1007.5 1 0
github.com/KyleKing/recipes/goBuild/templates_templ.go:1008.4,1009.33 2 1
github.com/KyleKing/recipes/goBuild/templates_templ.go:1009.33,1011.5 1 0
github.com/KyleKing/recipes/goBuild/templates_templ.go:1012.4,1013.33 2 1
github.com/KyleKing/recipes/goBuild/templates_templ.go:1013.33,1015.5 1 0
github.com/KyleKing/recipes/goBuild/templates_templ.go:1016.4,1018.33 3 1
github.com/KyleKing/recipes/goBuild/templates_templ.go:1018.33,1020.5 1 0
github.com/KyleKing/recipes/goBuild/templates_templ.go:1021.4,1022.33 2 1
github.com/KyleKing/recipes/goBuild/templates_templ.go:1022.33,1024.5 1 0
github.com/KyleKing/recipes/goBuild/templates_templ.go:1025.4,1026.33 2 1
github.com/KyleKing/recipes/goBuild/templates_templ.go:1026.33,1028.5 1 0
github.com/KyleKing/recipes/goBuild/templates_templ.go:1029.4,1031.33 3 1
github.com/KyleKing/recipes/goBuild/templates_templ.go:1031.33,1033.5 1 0
github.com/KyleKing/recipes/goBuild/templates_templ.go:1034.4,1035.33 2 1
github.com/KyleKing/recipes/goBuild/templates_templ.go:1035.33,1037.5 1 0
github.com/KyleKing/recipes/goBuild/templates_templ.go:1038.4,1039.33 2 1
github.com/KyleKing/recipes/goBuild/templates_templ.go:1039.33,1041.5 1 0
github.com/KyleKing/recipes/goBuild/templates_templ.go:1042.4,1044.33 3 1
github.com/KyleKing/recipes/goBuild/templates_templ.go:1044.33,1046.5 1 0
github.com/KyleKing/recipes/goBuild/templates_templ.go:1047.4,1048.33 2 1
github.com/KyleKing/recipes/goBuild/templates_templ.go:1048.33,1050.5 1 0
github.com/KyleKing/recipes/goBuild/templates_templ.go:1051.4,1052.33 2 1
github.com/KyleKing/recipes/goBuild/templates_templ.go:1052.33,1054.5 1 0
github.com/KyleKing/recipes/goBuild/templates_templ.go:1056.3,1057.32 2 1
github.com/KyleKing/recipes/goBuild/templates_templ.go:1057.32,1059.4 1 0
github.com/KyleKing/recipes/goBuild/templates_templ.go:1060.3,1060.13 1 1
github.com/KyleKing/recipes/goBuild/templates_templ.go:1064.51,1065.131 1 0
github.com/KyleKing/recipes/goBuild/templates_templ.go:1065.131,1067.71 2 0
github.com/KyleKing/recipes/goBuild/templates_templ.go:1067.71,1069.4 1 0
github.com/KyleKing/recipes/goBuild/templates_templ.go:1070.3,1071.31 2 0
github.com/KyleKing/recipes/goBuild/templates_templ.go:1071.31,1072.17 1 0
github.com/KyleKing/recipes/goBuild/templates_templ.go:1072.17,1074.34 2 0
github.com/KyleKing/recipes/goBuild/templates_templ.go:1074.34,1076.6 1 0
github.com/KyleKing/recipes/goBuild/templates_templ.go:1079.3,1081.34 3 0
github.com/KyleKing/recipes/goBuild/templates_templ.go:1081.34,1083.4 1 0
github.com/KyleKing/recipes/goBuild/templates_templ.go:1084.3,1086.32 3 0
github.com/KyleKing/recipes/goBuild/templates_templ.go:1086.32,1088.4 1 0
github.com/KyleKing/recipes/goBuild/templates_templ.go:1089.3,1089.34 1 0
github.com/KyleKing/recipes/goBuild/templates_templ.go:1089.34,1091.33 2 0
github.com/KyleKing/recipes/goBuild/templates_templ.go:1091.33,1093.5 1 0
github.com/KyleKing/recipes/goBuild/templates_templ.go:1094.4,1096.33 3 0
github.com/KyleKing/recipes/goBuild/templates_templ.go:1096.33,1098.5 1 0
github.com/KyleKing/recipes/goBuild/templates_templ.go:1099.4,1100.33 2 0
github.com/KyleKing/recipes/goBuild/templates_templ.go:1100.33,1102.5 1 0
github.com/KyleKing/recipes/goBuild/templates_templ.go:1103.4,1104.33 2 0
github.com/KyleKing/recipes/goBuild/templates_templ.go:1104.33,1106.5 1 0
github.com/KyleKing/recipes/goBuild/templates_templ.go:1107.4,1109.33 3 0
github.com/KyleKing/recipes/goBuild/templates_templ.go:1109.33,1111.5 1 0
github.com/KyleKing/recipes/goBuild/templates_templ.go:1112.4,1113.33 2 0
github.com/KyleKing/recipes/goBuild/templates_templ.go:1113.33,1115.5 1 0
github.com/KyleKing/recipes/goBuild/templates_templ.go:1116.4,1117.33 2 0
github.com/KyleKing/recipes/goBuild/templates_templ.go:1117.33,1119.5 1 0
github.com/KyleKing/recipes/goBuild/templates_templ.go:1121.3,1122.32 2 0
github.com/KyleKing/recipes/goBuild/templates_templ.go:1122.32,1124.4 1 0
github.com/KyleKing/recipes/goBuild/templates_templ.go:1125.3,1125.13 1 0
github.com/KyleKing/recipes/goBuild/templates_templ.go:1129.54,1130.131 1 1
github.com/KyleKing/recipes/goBuild/templates_templ.go:1130.131,1132.71 2 1
github.com/KyleKing/recipes/goBuild/templates_templ.go:1132.71,1134.4 1 0
github.com/KyleKing/recipes/goBuild/templates_templ.go:1135.3,1136.31 2 1
github.com/KyleKing/recipes/goBuild/templates_templ.go:1136.31,1137.17 1 0
github.com/KyleKing/recipes/goBuild/templates_templ.go:1137.17,1139.34 2 0
github.com/KyleKing/recipes/goBuild/templates_templ.go:1139.34,1141.6 1 0
github.com/KyleKing/recipes/goBuild/templates_templ.go:1144.3,1146.34 3 1
github.com/KyleKing/recipes/goBuild/templates_templ.go:1146.34,1148.4 1 0
github.com/KyleKing/recipes/goBuild/templates_templ.go:1149.3,1151.32 3 1
github.com/KyleKing/recipes/goBuild/templates_templ.go:1151.32,1153.4 1 0
github.com/KyleKing/recipes/goBuild/templates_templ.go:1154.3,1156.32 3 1
github.com/KyleKing/recipes/goBuild/templates_templ.go:1156.32,1158.4 1 0
github.com/KyleKing/recipes/goBuild/templates_templ.go:1159.3,1160.32 2 1
github.com/KyleKing/recipes/goBuild/templates_templ.go:1160.32,1162.4 1 0
github.com/KyleKing/recipes/goBuild/templates_templ.go:1163.3,1164.32 2 1
github.com/KyleKing/recipes/goBuild/templates_templ.go:1164.32,1166.4 1 0
github.com/KyleKing/recipes/goBuild/templates_templ.go:1167.3,1168.32 2 1
github.com/KyleKing/recipes/goBuild/templates_templ.go:1168.32,1170.4 1 0
github.com/KyleKing/recipes/goBuild/templates_templ.go:1171.3,1172.32 2 1
github.com/KyleKing/recipes/goBuild/templates_templ.go:1172.32,1174.4 1 0
github.com/KyleKing/recipes/goBuild/templates_templ.go:1175.3,1175.62 1 1
github.com/KyleKing/recipes/goBuild/templates_templ.go:1175.62,1177.33 2 1
github.com/KyleKing/recipes/goBuild/templates_templ.go:1177.33,1179.5 1 0
github.com/KyleKing/recipes/goBuild/templates_templ.go:1180.4,1182.33 3 1
github.com/KyleKing/recipes/goBuild/templates_templ.go:1182.33,1184.5 1 0
github.com/KyleKing/recipes/goBuild/templates_templ.go:1185.4,1186.33 2 1
github.com/KyleKing/recipes/goBuild/templates_templ.go:1186.33,1188.5 1 0
github.com/KyleKing/recipes/goBuild/templates_templ.go:1189.4,1190.33 2 1
github.com/KyleKing/recipes/goBuild/templates_templ.go:1190.33,1192.5 1 0
github.com/KyleKing/recipes/goBuild/templates_templ.go:1193.4,1194.33 2 1
github.com/KyleKing/recipes/goBuild/templates_templ.go:1194.33,1196.5 1 0
github.com/KyleKing/recipes/goBuild/templates_templ.go:1198.3,1199.32 2 1
github.com/KyleKing/recipes/goBuild/templates_templ.go:1199.32,1201.4 1 0
github.com/KyleKing/recipes/goBuild/templates_templ.go:1202.3,1204.32 3 1
github.com/KyleKing/recipes/goBuild/templates_templ.go:1204.32,1206.4 1 0
github.com/KyleKing/recipes/goBuild/templates_templ.go:1207.3,1208.32 2 1
github.com/KyleKing/recipes/goBuild/templates_templ.go:1208.32,1210.4 1 0
github.com/KyleKing/recipes/goBuild/templates_templ.go:1211.3,1212.32 2 1
github.com/KyleKing/recipes/goBuild/templates_templ.go:1212.32,1214.4 1 0
github.com/KyleKing/recipes/goBuild/templates_templ.go:1215.3,1216.32 2 1
github.com/KyleKing/recipes/goBuild/templates_templ.go:1216.32,1218.4 1 0
github.com/KyleKing/recipes/goBuild/templates_templ.go:1219.3,1220.32 2 1
github.com/KyleKing/recipes/goBuild/templates_templ.go:1220.32,1222.4 1 0
github.com/KyleKing/recipes/goBuild/templates_templ.go:1223.3,1225.32 3 1
github.com/KyleKing/recipes/goBuild/templates_templ.go:1225.32,1227.4 1 0
github.com/KyleKing/recipes/goBuild/templates_templ.go:1228.3,1229.32 2 1
github.com/KyleKing/recipes/goBuild/templates_templ.go:1229.32,1231.4 1 0
github.com/KyleKing/recipes/goBuild/templates_templ.go:1232.3,1233.32 2 1
github.com/KyleKing/recipes/goBuild/templates_templ.go:1233.32,1235.4 1 0
github.com/KyleKing/recipes/goBuild/templates_templ.go:1236.3,1237.32 2 1
github.com/KyleKing/recipes/goBuild/templates_templ.go:1237.32,1239.4 1 0
github.com/KyleKing/recipes/goBuild/templates_templ.go:1240.3,1241.32 2 1
github.com/KyleKing/recipes/goBuild/templates_templ.go:1241.32,1243.4 1 0
github.com/KyleKing/recipes/goBuild/templates_templ.go:1244.3,1244.13 1 1
github.com/KyleKing/recipes/goBuild/templates_templ.go:1248.51,1249.131 1 1
github.com/KyleKing/recipes/goBuild/templates_templ.go:1249.131,1251.71 2 1
github.com/KyleKing/recipes/goBuild/templates_templ.go:1251.71,1253.4 1 0
github.com/KyleKing/recipes/goBuild/templates_templ.go:1254.3,1255.31 2 1
github.com/KyleKing/recipes/goBuild/templates_templ.go:1255.31,1256.17 1 1
github.com/KyleKing/recipes/goBuild/templates_templ.go:1256.17,1258.34 2 1
github.com/KyleKing/recipes/goBuild/templates_templ.go:1258.34,1260.6 1 1
github.com/KyleKing/recipes/goBuild/templates_templ.go:1263.3,1265.34 3 1
github.com/KyleKing/recipes/goBuild/templates_templ.go:1265.34,1267.4 1 0
github.com/KyleKing/recipes/goBuild/templates_templ.go:1268.3,1270.32 3 1
github.com/KyleKing/recipes/goBuild/templates_templ.go:1270.32,1272.4 1 0
github.com/KyleKing/recipes/goBuild/templates_templ.go:1273.3,1273.13 1 1
github.com/KyleKing/recipes/goServe/main.go:16.13,27.16 9 0
github.com/KyleKing/recipes/goServe/main.go:27.16,29.3 1 0
